@0.0ms (0 clock ticks): SPW_Acquisition1 STARTS RUNNING!
@0.0ms (0 clock ticks): SPW_payload_driver STARTS RUNNING!
@1.2000000000000002ms (384 clock ticks): SPW_payload_driver STOPS RUNNING!

@100.0ms (32000 clock ticks): Satellite Control MON STARTS RUNNING!
@100.0ms (32000 clock ticks): Satellite Control COM STARTS RUNNING!
@105.0ms (33600 clock ticks): SPW_Acquisition1 STOPS RUNNING!

@110.34375ms (35310 clock ticks): Satellite Control COM STOPS RUNNING!

@110.38125000000001ms (35322 clock ticks): Satellite Control MON STOPS RUNNING!

@120.0ms (38400 clock ticks): SPW_Acquisition2 STARTS RUNNING!
@150.0ms (48000 clock ticks): Comparator STARTS RUNNING!
@151.20000000000002ms (48384 clock ticks): Comparator STOPS RUNNING!

@200.0ms (64000 clock ticks): Supervisor STARTS RUNNING!
@200.0ms (64000 clock ticks): FFT1 STARTS RUNNING!
@200.0625ms (64020 clock ticks): Satellite Control COM STARTS RUNNING!
@200.07500000000002ms (64024 clock ticks): Satellite Control MON STARTS RUNNING!
@202.4625ms (64788 clock ticks): Supervisor STOPS RUNNING!

@210.6125ms (67396 clock ticks): Satellite Control COM STOPS RUNNING!

@210.62187500000002ms (67399 clock ticks): Satellite Control MON STOPS RUNNING!

@225.0ms (72000 clock ticks): SPW_Acquisition2 STOPS RUNNING!

@250.0ms (80000 clock ticks): Comparator STARTS RUNNING!
@251.20000000000002ms (80384 clock ticks): Comparator STOPS RUNNING!

@300.0ms (96000 clock ticks): Supervisor STARTS RUNNING!
@300.153125ms (96049 clock ticks): Satellite Control COM STARTS RUNNING!
@300.16562500000003ms (96053 clock ticks): Satellite Control MON STARTS RUNNING!
@302.2ms (96704 clock ticks): Supervisor STOPS RUNNING!

@310.484375ms (99355 clock ticks): Satellite Control COM STOPS RUNNING!

@310.53125ms (99370 clock ticks): Satellite Control MON STOPS RUNNING!

@350.0ms (112000 clock ticks): Comparator STARTS RUNNING!
@351.20000000000005ms (112384 clock ticks): Comparator STOPS RUNNING!

@360.0ms (115200 clock ticks): FFT2 STARTS RUNNING!
@400.0ms (128000 clock ticks): Supervisor STARTS RUNNING!
@400.20625ms (128066 clock ticks): Satellite Control COM STARTS RUNNING!
@400.23125000000005ms (128074 clock ticks): Satellite Control MON STARTS RUNNING!
@402.20000000000005ms (128704 clock ticks): Supervisor STOPS RUNNING!

@410.546875ms (131375 clock ticks): Satellite Control COM STOPS RUNNING!

@410.56875ms (131382 clock ticks): Satellite Control MON STOPS RUNNING!

@450.0ms (144000 clock ticks): Comparator STARTS RUNNING!
@451.20000000000005ms (144384 clock ticks): Comparator STOPS RUNNING!

@500.0ms (160000 clock ticks): Supervisor STARTS RUNNING!
@500.284375ms (160091 clock ticks): Satellite Control COM STARTS RUNNING!
@500.29062500000003ms (160093 clock ticks): Satellite Control MON STARTS RUNNING!
@502.20000000000005ms (160704 clock ticks): Supervisor STOPS RUNNING!

@510.646875ms (163407 clock ticks): Satellite Control COM STOPS RUNNING!

@510.66562500000003ms (163413 clock ticks): Satellite Control MON STOPS RUNNING!

@550.0ms (176000 clock ticks): Comparator STARTS RUNNING!
@551.2ms (176384 clock ticks): Comparator STOPS RUNNING!

@565.6ms (180992 clock ticks): FFT1 STOPS RUNNING!

@600.0ms (192000 clock ticks): Supervisor STARTS RUNNING!
@600.365625ms (192117 clock ticks): Satellite Control COM STARTS RUNNING!
@600.371875ms (192119 clock ticks): Satellite Control MON STARTS RUNNING!
@602.2ms (192704 clock ticks): Supervisor STOPS RUNNING!

@610.734375ms (195435 clock ticks): Satellite Control COM STOPS RUNNING!

@610.75625ms (195442 clock ticks): Satellite Control MON STOPS RUNNING!

@650.0ms (208000 clock ticks): Comparator STARTS RUNNING!
@651.2ms (208384 clock ticks): Comparator STOPS RUNNING!

@700.0ms (224000 clock ticks): Supervisor STARTS RUNNING!
@700.44375ms (224142 clock ticks): Satellite Control COM STARTS RUNNING!
@700.4625000000001ms (224148 clock ticks): Satellite Control MON STARTS RUNNING!
@702.2ms (224704 clock ticks): Supervisor STOPS RUNNING!

@710.8312500000001ms (227466 clock ticks): Satellite Control COM STOPS RUNNING!

@710.834375ms (227467 clock ticks): Satellite Control MON STOPS RUNNING!

@725.3000000000001ms (232096 clock ticks): FFT2 STOPS RUNNING!

@750.0ms (240000 clock ticks): Comparator STARTS RUNNING!
@751.2ms (240384 clock ticks): Comparator STOPS RUNNING!

@800.0ms (256000 clock ticks): Supervisor STARTS RUNNING!
@800.5406250000001ms (256173 clock ticks): Satellite Control COM STARTS RUNNING!
@800.553125ms (256177 clock ticks): Satellite Control MON STARTS RUNNING!
@802.2ms (256704 clock ticks): Supervisor STOPS RUNNING!

@810.875ms (259480 clock ticks): Satellite Control COM STOPS RUNNING!

@810.9093750000001ms (259491 clock ticks): Satellite Control MON STOPS RUNNING!

@850.0ms (272000 clock ticks): Comparator STARTS RUNNING!
@851.2ms (272384 clock ticks): Comparator STOPS RUNNING!

@900.0ms (288000 clock ticks): I2C_Storage1 STARTS RUNNING!
@900.0ms (288000 clock ticks): Supervisor STARTS RUNNING!
@900.60625ms (288194 clock ticks): Satellite Control COM STARTS RUNNING!
@900.621875ms (288199 clock ticks): Satellite Control MON STARTS RUNNING!
@902.2ms (288704 clock ticks): Supervisor STOPS RUNNING!

@910.96875ms (291510 clock ticks): Satellite Control MON STOPS RUNNING!

@910.975ms (291512 clock ticks): Satellite Control COM STOPS RUNNING!

@950.0ms (304000 clock ticks): Comparator STARTS RUNNING!
@951.2ms (304384 clock ticks): Comparator STOPS RUNNING!

@990.3000000000001ms (316896 clock ticks): I2C_Storage1 STOPS RUNNING!

@1000.0ms (320000 clock ticks): SPW_Acquisition1 STARTS RUNNING!
@1000.0ms (320000 clock ticks): Supervisor STARTS RUNNING!
@1000.0ms (320000 clock ticks): SPW_payload_driver STARTS RUNNING!
@1000.678125ms (320217 clock ticks): Satellite Control MON STARTS RUNNING!
@1000.7062500000001ms (320226 clock ticks): Satellite Control COM STARTS RUNNING!
@1001.3000000000001ms (320416 clock ticks): SPW_payload_driver STOPS RUNNING!

@1002.2750000000001ms (320728 clock ticks): Supervisor STOPS RUNNING!

@1011.0343750000001ms (323531 clock ticks): Satellite Control MON STOPS RUNNING!

@1011.0562500000001ms (323538 clock ticks): Satellite Control COM STOPS RUNNING!

@1050.0ms (336000 clock ticks): Comparator STARTS RUNNING!
@1051.2ms (336384 clock ticks): Comparator STOPS RUNNING!

@1100.0ms (352000 clock ticks): Supervisor STARTS RUNNING!
@1100.0ms (352000 clock ticks): I2C_Storage2 STARTS RUNNING!
@1100.7562500000001ms (352242 clock ticks): Satellite Control MON STARTS RUNNING!
@1100.7718750000001ms (352247 clock ticks): Satellite Control COM STARTS RUNNING!
@1102.2ms (352704 clock ticks): Supervisor STOPS RUNNING!

@1105.0ms (353600 clock ticks): SPW_Acquisition1 STOPS RUNNING!

@1111.1312500000001ms (355562 clock ticks): Satellite Control MON STOPS RUNNING!

@1111.140625ms (355565 clock ticks): Satellite Control COM STOPS RUNNING!

@1120.0ms (358400 clock ticks): SPW_Acquisition2 STARTS RUNNING!
@1150.0ms (368000 clock ticks): Comparator STARTS RUNNING!
@1151.2ms (368384 clock ticks): Comparator STOPS RUNNING!

@1190.3ms (380896 clock ticks): I2C_Storage2 STOPS RUNNING!

@1200.0ms (384000 clock ticks): Supervisor STARTS RUNNING!
@1200.0ms (384000 clock ticks): FFT1 STARTS RUNNING!
@1200.846875ms (384271 clock ticks): Satellite Control MON STARTS RUNNING!
@1200.85625ms (384274 clock ticks): Satellite Control COM STARTS RUNNING!
@1202.30625ms (384738 clock ticks): Supervisor STOPS RUNNING!

@1211.3125ms (387620 clock ticks): Satellite Control COM STOPS RUNNING!

@1211.340625ms (387629 clock ticks): Satellite Control MON STOPS RUNNING!

@1225.0ms (392000 clock ticks): SPW_Acquisition2 STOPS RUNNING!


/**********************

*     simulation ends      *

**********************/

