@0.0ms (0 clock ticks): SPW_Acquisition2 STARTS RUNNING!
@0.0ms (0 clock ticks): SPW_payload_driver STARTS RUNNING!
@0.0ms (0 clock ticks): SPW_Acquisition1 STARTS RUNNING!
@1.2000000000000002ms (384 clock ticks): SPW_payload_driver STOPS RUNNING!

@100.0ms (32000 clock ticks): Satellite Control MON STARTS RUNNING!
@100.0ms (32000 clock ticks): Satellite Control COM STARTS RUNNING!
@110.2625ms (35284 clock ticks): Satellite Control COM STOPS RUNNING!

@110.33125000000001ms (35306 clock ticks): Satellite Control MON STOPS RUNNING!

@119.91875ms (38374 clock ticks): SPW_Acquisition2 STOPS RUNNING!

@120.0ms (38400 clock ticks): SPW_Acquisition1 STOPS RUNNING!

@150.0ms (48000 clock ticks): Comparator STARTS RUNNING!
@151.20000000000002ms (48384 clock ticks): Comparator STOPS RUNNING!

@200.0ms (64000 clock ticks): Supervisor STARTS RUNNING!
@200.0ms (64000 clock ticks): FFT1 STARTS RUNNING!
@200.02812500000002ms (64009 clock ticks): Satellite Control MON STARTS RUNNING!
@200.03125ms (64010 clock ticks): Satellite Control COM STARTS RUNNING!
@202.471875ms (64791 clock ticks): Supervisor STOPS RUNNING!

@210.0ms (67200 clock ticks): FFT2 STARTS RUNNING!
@210.55ms (67376 clock ticks): Satellite Control MON STOPS RUNNING!

@210.6125ms (67396 clock ticks): Satellite Control COM STOPS RUNNING!

@250.0ms (80000 clock ticks): Comparator STARTS RUNNING!
@251.20000000000002ms (80384 clock ticks): Comparator STOPS RUNNING!

@300.0ms (96000 clock ticks): Supervisor STARTS RUNNING!
@300.028125ms (96009 clock ticks): Satellite Control MON STARTS RUNNING!
@300.03125ms (96010 clock ticks): Satellite Control COM STARTS RUNNING!
@302.346875ms (96751 clock ticks): Supervisor STOPS RUNNING!

@310.49375000000003ms (99358 clock ticks): Satellite Control MON STOPS RUNNING!

@310.49687500000005ms (99359 clock ticks): Satellite Control COM STOPS RUNNING!

@350.0ms (112000 clock ticks): Comparator STARTS RUNNING!
@351.20000000000005ms (112384 clock ticks): Comparator STOPS RUNNING!

@400.0ms (128000 clock ticks): Supervisor STARTS RUNNING!
@400.125ms (128040 clock ticks): Satellite Control MON STARTS RUNNING!
@400.128125ms (128041 clock ticks): Satellite Control COM STARTS RUNNING!
@402.20000000000005ms (128704 clock ticks): Supervisor STOPS RUNNING!

@410.51875ms (131366 clock ticks): Satellite Control MON STOPS RUNNING!

@410.521875ms (131367 clock ticks): Satellite Control COM STOPS RUNNING!

@450.0ms (144000 clock ticks): Comparator STARTS RUNNING!
@451.20000000000005ms (144384 clock ticks): Comparator STOPS RUNNING!

@500.0ms (160000 clock ticks): Supervisor STARTS RUNNING!
@500.221875ms (160071 clock ticks): Satellite Control MON STARTS RUNNING!
@500.225ms (160072 clock ticks): Satellite Control COM STARTS RUNNING!
@502.20000000000005ms (160704 clock ticks): Supervisor STOPS RUNNING!

@510.615625ms (163397 clock ticks): Satellite Control MON STOPS RUNNING!

@510.61875000000003ms (163398 clock ticks): Satellite Control COM STOPS RUNNING!

@550.0ms (176000 clock ticks): Comparator STARTS RUNNING!
@551.2ms (176384 clock ticks): Comparator STOPS RUNNING!

@570.81875ms (182662 clock ticks): FFT1 STOPS RUNNING!

@580.6ms (185792 clock ticks): FFT2 STOPS RUNNING!

@600.0ms (192000 clock ticks): Supervisor STARTS RUNNING!
@600.31875ms (192102 clock ticks): Satellite Control MON STARTS RUNNING!
@600.321875ms (192103 clock ticks): Satellite Control COM STARTS RUNNING!
@602.2ms (192704 clock ticks): Supervisor STOPS RUNNING!

@610.7125ms (195428 clock ticks): Satellite Control MON STOPS RUNNING!

@610.715625ms (195429 clock ticks): Satellite Control COM STOPS RUNNING!

@650.0ms (208000 clock ticks): Comparator STARTS RUNNING!
@651.2ms (208384 clock ticks): Comparator STOPS RUNNING!

@700.0ms (224000 clock ticks): Supervisor STARTS RUNNING!
@700.4156250000001ms (224133 clock ticks): Satellite Control MON STARTS RUNNING!
@700.41875ms (224134 clock ticks): Satellite Control COM STARTS RUNNING!
@702.2ms (224704 clock ticks): Supervisor STOPS RUNNING!

@710.809375ms (227459 clock ticks): Satellite Control MON STOPS RUNNING!

@710.8125ms (227460 clock ticks): Satellite Control COM STOPS RUNNING!

@750.0ms (240000 clock ticks): Comparator STARTS RUNNING!
@751.2ms (240384 clock ticks): Comparator STOPS RUNNING!

@800.0ms (256000 clock ticks): Supervisor STARTS RUNNING!
@800.5125ms (256164 clock ticks): Satellite Control MON STARTS RUNNING!
@800.515625ms (256165 clock ticks): Satellite Control COM STARTS RUNNING!
@802.2ms (256704 clock ticks): Supervisor STOPS RUNNING!

@810.90625ms (259490 clock ticks): Satellite Control MON STOPS RUNNING!

@810.9093750000001ms (259491 clock ticks): Satellite Control COM STOPS RUNNING!

@850.0ms (272000 clock ticks): Comparator STARTS RUNNING!
@851.2ms (272384 clock ticks): Comparator STOPS RUNNING!

@900.0ms (288000 clock ticks): Supervisor STARTS RUNNING!
@900.0ms (288000 clock ticks): I2C_Storage1 STARTS RUNNING!
@900.609375ms (288195 clock ticks): Satellite Control MON STARTS RUNNING!
@900.6125000000001ms (288196 clock ticks): Satellite Control COM STARTS RUNNING!
@902.2ms (288704 clock ticks): Supervisor STOPS RUNNING!

@911.0031250000001ms (291521 clock ticks): Satellite Control MON STOPS RUNNING!

@911.00625ms (291522 clock ticks): Satellite Control COM STOPS RUNNING!

@950.0ms (304000 clock ticks): Comparator STARTS RUNNING!
@951.2ms (304384 clock ticks): Comparator STOPS RUNNING!

@990.3000000000001ms (316896 clock ticks): I2C_Storage1 STOPS RUNNING!

@1000.0ms (320000 clock ticks): Supervisor STARTS RUNNING!
@1000.0ms (320000 clock ticks): SPW_Acquisition2 STARTS RUNNING!
@1000.0ms (320000 clock ticks): SPW_payload_driver STARTS RUNNING!
@1000.0ms (320000 clock ticks): SPW_Acquisition1 STARTS RUNNING!
@1000.7062500000001ms (320226 clock ticks): Satellite Control MON STARTS RUNNING!
@1000.709375ms (320227 clock ticks): Satellite Control COM STARTS RUNNING!
@1001.296875ms (320415 clock ticks): SPW_payload_driver STOPS RUNNING!

@1002.3000000000001ms (320736 clock ticks): Supervisor STOPS RUNNING!

@1011.1ms (323552 clock ticks): Satellite Control MON STOPS RUNNING!

@1011.1031250000001ms (323553 clock ticks): Satellite Control COM STOPS RUNNING!

@1050.0ms (336000 clock ticks): Comparator STARTS RUNNING!
@1051.2ms (336384 clock ticks): Comparator STOPS RUNNING!

@1100.0ms (352000 clock ticks): Supervisor STARTS RUNNING!
@1100.0ms (352000 clock ticks): I2C_Storage2 STARTS RUNNING!
@1100.8031250000001ms (352257 clock ticks): Satellite Control MON STARTS RUNNING!
@1100.80625ms (352258 clock ticks): Satellite Control COM STARTS RUNNING!
@1102.2ms (352704 clock ticks): Supervisor STOPS RUNNING!

@1111.046875ms (355535 clock ticks): Satellite Control COM STOPS RUNNING!

@1111.1375ms (355564 clock ticks): Satellite Control MON STOPS RUNNING!

@1119.9281250000001ms (358377 clock ticks): SPW_Acquisition2 STOPS RUNNING!

@1120.0ms (358400 clock ticks): SPW_Acquisition1 STOPS RUNNING!

@1150.0ms (368000 clock ticks): Comparator STARTS RUNNING!
@1151.2ms (368384 clock ticks): Comparator STOPS RUNNING!

@1190.3ms (380896 clock ticks): I2C_Storage2 STOPS RUNNING!

@1200.0ms (384000 clock ticks): Supervisor STARTS RUNNING!
@1200.0ms (384000 clock ticks): FFT1 STARTS RUNNING!
@1200.815625ms (384261 clock ticks): Satellite Control COM STARTS RUNNING!
@1200.83125ms (384266 clock ticks): Satellite Control MON STARTS RUNNING!
@1202.3ms (384736 clock ticks): Supervisor STOPS RUNNING!

@1210.0ms (387200 clock ticks): FFT2 STARTS RUNNING!
@1211.253125ms (387601 clock ticks): Satellite Control MON STOPS RUNNING!

@1211.296875ms (387615 clock ticks): Satellite Control COM STOPS RUNNING!


/**********************

*     simulation ends      *

**********************/

