@0.0ms (0 clock ticks): SPW_payload_driver STARTS RUNNING!
@0.0ms (0 clock ticks): SPW_Acquisition1 STARTS RUNNING!
@1.2000000000000002ms (384 clock ticks): SPW_payload_driver STOPS RUNNING!

@20.0ms (6400 clock ticks): SPW_Acquisition2 STARTS RUNNING!
@100.0ms (32000 clock ticks): Satellite Control COM STARTS RUNNING!
@100.0ms (32000 clock ticks): Satellite Control MON STARTS RUNNING!
@105.0ms (33600 clock ticks): SPW_Acquisition1 STOPS RUNNING!

@110.33125000000001ms (35306 clock ticks): Satellite Control COM STOPS RUNNING!

@110.390625ms (35325 clock ticks): Satellite Control MON STOPS RUNNING!

@125.0ms (40000 clock ticks): SPW_Acquisition2 STOPS RUNNING!

@150.0ms (48000 clock ticks): Comparator STARTS RUNNING!
@151.20000000000002ms (48384 clock ticks): Comparator STOPS RUNNING!

@200.0ms (64000 clock ticks): FFT1 STARTS RUNNING!
@200.0ms (64000 clock ticks): Supervisor STARTS RUNNING!
@200.040625ms (64013 clock ticks): Satellite Control COM STARTS RUNNING!
@200.08125ms (64026 clock ticks): Satellite Control MON STARTS RUNNING!
@202.54375000000002ms (64814 clock ticks): Supervisor STOPS RUNNING!

@210.57500000000002ms (67384 clock ticks): Satellite Control COM STOPS RUNNING!

@210.603125ms (67393 clock ticks): Satellite Control MON STOPS RUNNING!

@240.0ms (76800 clock ticks): FFT2 STARTS RUNNING!
@250.0ms (80000 clock ticks): Comparator STARTS RUNNING!
@251.328125ms (80425 clock ticks): Comparator STOPS RUNNING!

@300.0ms (96000 clock ticks): Supervisor STARTS RUNNING!
@300.1125ms (96036 clock ticks): Satellite Control COM STARTS RUNNING!
@300.146875ms (96047 clock ticks): Satellite Control MON STARTS RUNNING!
@302.2ms (96704 clock ticks): Supervisor STOPS RUNNING!

@310.4875ms (99356 clock ticks): Satellite Control COM STOPS RUNNING!

@310.503125ms (99361 clock ticks): Satellite Control MON STOPS RUNNING!

@350.0ms (112000 clock ticks): Comparator STARTS RUNNING!
@351.20000000000005ms (112384 clock ticks): Comparator STOPS RUNNING!

@400.0ms (128000 clock ticks): Supervisor STARTS RUNNING!
@400.19687500000003ms (128063 clock ticks): Satellite Control COM STARTS RUNNING!
@400.2375ms (128076 clock ticks): Satellite Control MON STARTS RUNNING!
@402.20000000000005ms (128704 clock ticks): Supervisor STOPS RUNNING!

@410.47812500000003ms (131353 clock ticks): Satellite Control COM STOPS RUNNING!

@410.54375000000005ms (131374 clock ticks): Satellite Control MON STOPS RUNNING!

@450.0ms (144000 clock ticks): Comparator STARTS RUNNING!
@451.20000000000005ms (144384 clock ticks): Comparator STOPS RUNNING!

@500.0ms (160000 clock ticks): Supervisor STARTS RUNNING!
@500.23125000000005ms (160074 clock ticks): Satellite Control COM STARTS RUNNING!
@500.27500000000003ms (160088 clock ticks): Satellite Control MON STARTS RUNNING!
@502.20000000000005ms (160704 clock ticks): Supervisor STOPS RUNNING!

@510.56875ms (163382 clock ticks): Satellite Control COM STOPS RUNNING!

@510.609375ms (163395 clock ticks): Satellite Control MON STOPS RUNNING!

@550.0ms (176000 clock ticks): Comparator STARTS RUNNING!
@551.2ms (176384 clock ticks): Comparator STOPS RUNNING!

@565.6ms (180992 clock ticks): FFT1 STOPS RUNNING!

@600.0ms (192000 clock ticks): Supervisor STARTS RUNNING!
@600.290625ms (192093 clock ticks): Satellite Control COM STARTS RUNNING!
@600.353125ms (192113 clock ticks): Satellite Control MON STARTS RUNNING!
@602.2ms (192704 clock ticks): Supervisor STOPS RUNNING!

@605.4ms (193728 clock ticks): FFT2 STOPS RUNNING!

@610.53125ms (195370 clock ticks): Satellite Control COM STOPS RUNNING!

@610.60625ms (195394 clock ticks): Satellite Control MON STOPS RUNNING!

@650.0ms (208000 clock ticks): Comparator STARTS RUNNING!
@651.2ms (208384 clock ticks): Comparator STOPS RUNNING!

@700.0ms (224000 clock ticks): Supervisor STARTS RUNNING!
@700.3156250000001ms (224101 clock ticks): Satellite Control COM STARTS RUNNING!
@700.3687500000001ms (224118 clock ticks): Satellite Control MON STARTS RUNNING!
@702.2ms (224704 clock ticks): Supervisor STOPS RUNNING!

@710.6031250000001ms (227393 clock ticks): Satellite Control COM STOPS RUNNING!

@710.6593750000001ms (227411 clock ticks): Satellite Control MON STOPS RUNNING!

@750.0ms (240000 clock ticks): Comparator STARTS RUNNING!
@751.2ms (240384 clock ticks): Comparator STOPS RUNNING!

@800.0ms (256000 clock ticks): Supervisor STARTS RUNNING!
@800.359375ms (256115 clock ticks): Satellite Control COM STARTS RUNNING!
@800.4000000000001ms (256128 clock ticks): Satellite Control MON STARTS RUNNING!
@802.2ms (256704 clock ticks): Supervisor STOPS RUNNING!

@810.621875ms (259399 clock ticks): Satellite Control COM STOPS RUNNING!

@810.7ms (259424 clock ticks): Satellite Control MON STOPS RUNNING!

@850.0ms (272000 clock ticks): Comparator STARTS RUNNING!
@851.2ms (272384 clock ticks): Comparator STOPS RUNNING!

@900.0ms (288000 clock ticks): Supervisor STARTS RUNNING!
@900.0ms (288000 clock ticks): I2C_Storage1 STARTS RUNNING!
@900.38125ms (288122 clock ticks): Satellite Control COM STARTS RUNNING!
@900.4406250000001ms (288141 clock ticks): Satellite Control MON STARTS RUNNING!
@902.2ms (288704 clock ticks): Supervisor STOPS RUNNING!

@910.6968750000001ms (291423 clock ticks): Satellite Control COM STOPS RUNNING!

@910.746875ms (291439 clock ticks): Satellite Control MON STOPS RUNNING!

@950.0ms (304000 clock ticks): Comparator STARTS RUNNING!
@951.2ms (304384 clock ticks): Comparator STOPS RUNNING!

@990.3000000000001ms (316896 clock ticks): I2C_Storage1 STOPS RUNNING!

@1000.0ms (320000 clock ticks): SPW_payload_driver STARTS RUNNING!
@1000.0ms (320000 clock ticks): Supervisor STARTS RUNNING!
@1000.0ms (320000 clock ticks): SPW_Acquisition1 STARTS RUNNING!
@1000.4312500000001ms (320138 clock ticks): Satellite Control COM STARTS RUNNING!
@1000.5031250000001ms (320161 clock ticks): Satellite Control MON STARTS RUNNING!
@1001.2531250000001ms (320401 clock ticks): SPW_payload_driver STOPS RUNNING!

@1002.3000000000001ms (320736 clock ticks): Supervisor STOPS RUNNING!

@1010.684375ms (323419 clock ticks): Satellite Control COM STOPS RUNNING!

@1010.7593750000001ms (323443 clock ticks): Satellite Control MON STOPS RUNNING!

@1020.0ms (326400 clock ticks): SPW_Acquisition2 STARTS RUNNING!
@1050.0ms (336000 clock ticks): Comparator STARTS RUNNING!
@1051.2ms (336384 clock ticks): Comparator STOPS RUNNING!

@1100.0ms (352000 clock ticks): I2C_Storage2 STARTS RUNNING!
@1100.0ms (352000 clock ticks): Supervisor STARTS RUNNING!
@1100.45625ms (352146 clock ticks): Satellite Control COM STARTS RUNNING!
@1100.53125ms (352170 clock ticks): Satellite Control MON STARTS RUNNING!
@1102.2ms (352704 clock ticks): Supervisor STOPS RUNNING!

@1105.0ms (353600 clock ticks): SPW_Acquisition1 STOPS RUNNING!

@1110.671875ms (355415 clock ticks): Satellite Control COM STOPS RUNNING!

@1110.7718750000001ms (355447 clock ticks): Satellite Control MON STOPS RUNNING!

@1125.0ms (360000 clock ticks): SPW_Acquisition2 STOPS RUNNING!

@1150.0ms (368000 clock ticks): Comparator STARTS RUNNING!
@1151.2ms (368384 clock ticks): Comparator STOPS RUNNING!

@1190.3ms (380896 clock ticks): I2C_Storage2 STOPS RUNNING!

@1200.0ms (384000 clock ticks): FFT1 STARTS RUNNING!
@1200.0ms (384000 clock ticks): Supervisor STARTS RUNNING!
@1200.45625ms (384146 clock ticks): Satellite Control COM STARTS RUNNING!
@1200.53125ms (384170 clock ticks): Satellite Control MON STARTS RUNNING!
@1202.3ms (384736 clock ticks): Supervisor STOPS RUNNING!

@1210.840625ms (387469 clock ticks): Satellite Control COM STOPS RUNNING!

@1210.934375ms (387499 clock ticks): Satellite Control MON STOPS RUNNING!

@1240.0ms (396800 clock ticks): FFT2 STARTS RUNNING!

/**********************

*     simulation ends      *

**********************/

