@0.0ms (0 clock ticks): SPW_payload_driver STARTS RUNNING!
@0.0ms (0 clock ticks): SPW_Acquisition1 STARTS RUNNING!
@1.2000000000000002ms (384 clock ticks): SPW_payload_driver STOPS RUNNING!

@80.0ms (25600 clock ticks): SPW_Acquisition2 STARTS RUNNING!
@100.0ms (32000 clock ticks): Satellite Control COM STARTS RUNNING!
@100.0ms (32000 clock ticks): Satellite Control MON STARTS RUNNING!
@105.0ms (33600 clock ticks): SPW_Acquisition1 STOPS RUNNING!

@110.37812500000001ms (35321 clock ticks): Satellite Control MON STOPS RUNNING!

@110.3875ms (35324 clock ticks): Satellite Control COM STOPS RUNNING!

@150.0ms (48000 clock ticks): Comparator STARTS RUNNING!
@151.20000000000002ms (48384 clock ticks): Comparator STOPS RUNNING!

@185.0ms (59200 clock ticks): SPW_Acquisition2 STOPS RUNNING!

@200.0ms (64000 clock ticks): FFT1 STARTS RUNNING!
@200.0ms (64000 clock ticks): FFT2 STARTS RUNNING!
@200.0ms (64000 clock ticks): Supervisor STARTS RUNNING!
@200.08437500000002ms (64027 clock ticks): Satellite Control COM STARTS RUNNING!
@200.09062500000002ms (64029 clock ticks): Satellite Control MON STARTS RUNNING!
@202.52812500000002ms (64809 clock ticks): Supervisor STOPS RUNNING!

@210.55937500000002ms (67379 clock ticks): Satellite Control MON STOPS RUNNING!

@210.69375000000002ms (67422 clock ticks): Satellite Control COM STOPS RUNNING!

@250.0ms (80000 clock ticks): Comparator STARTS RUNNING!
@251.20000000000002ms (80384 clock ticks): Comparator STOPS RUNNING!

@300.0ms (96000 clock ticks): Supervisor STARTS RUNNING!
@300.084375ms (96027 clock ticks): Satellite Control COM STARTS RUNNING!
@300.090625ms (96029 clock ticks): Satellite Control MON STARTS RUNNING!
@302.24375000000003ms (96718 clock ticks): Supervisor STOPS RUNNING!

@310.484375ms (99355 clock ticks): Satellite Control COM STOPS RUNNING!

@310.49687500000005ms (99359 clock ticks): Satellite Control MON STOPS RUNNING!

@350.0ms (112000 clock ticks): Comparator STARTS RUNNING!
@351.20000000000005ms (112384 clock ticks): Comparator STOPS RUNNING!

@400.0ms (128000 clock ticks): Supervisor STARTS RUNNING!
@400.171875ms (128055 clock ticks): Satellite Control COM STARTS RUNNING!
@400.18437500000005ms (128059 clock ticks): Satellite Control MON STARTS RUNNING!
@402.20000000000005ms (128704 clock ticks): Supervisor STOPS RUNNING!

@410.50625ms (131362 clock ticks): Satellite Control COM STOPS RUNNING!

@410.54062500000003ms (131373 clock ticks): Satellite Control MON STOPS RUNNING!

@450.0ms (144000 clock ticks): Comparator STARTS RUNNING!
@451.20000000000005ms (144384 clock ticks): Comparator STOPS RUNNING!

@500.0ms (160000 clock ticks): Supervisor STARTS RUNNING!
@500.2375ms (160076 clock ticks): Satellite Control COM STARTS RUNNING!
@500.253125ms (160081 clock ticks): Satellite Control MON STARTS RUNNING!
@502.20000000000005ms (160704 clock ticks): Supervisor STOPS RUNNING!

@510.6125ms (163396 clock ticks): Satellite Control MON STOPS RUNNING!

@510.615625ms (163397 clock ticks): Satellite Control COM STOPS RUNNING!

@550.0ms (176000 clock ticks): Comparator STARTS RUNNING!
@551.2ms (176384 clock ticks): Comparator STOPS RUNNING!

@580.434375ms (185739 clock ticks): FFT2 STOPS RUNNING!

@580.66875ms (185814 clock ticks): FFT1 STOPS RUNNING!

@600.0ms (192000 clock ticks): Supervisor STARTS RUNNING!
@600.328125ms (192105 clock ticks): Satellite Control MON STARTS RUNNING!
@600.3375ms (192108 clock ticks): Satellite Control COM STARTS RUNNING!
@602.2ms (192704 clock ticks): Supervisor STOPS RUNNING!

@610.678125ms (195417 clock ticks): Satellite Control COM STOPS RUNNING!

@610.71875ms (195430 clock ticks): Satellite Control MON STOPS RUNNING!

@650.0ms (208000 clock ticks): Comparator STARTS RUNNING!
@651.2ms (208384 clock ticks): Comparator STOPS RUNNING!

@700.0ms (224000 clock ticks): Supervisor STARTS RUNNING!
@700.396875ms (224127 clock ticks): Satellite Control COM STARTS RUNNING!
@700.4125ms (224132 clock ticks): Satellite Control MON STARTS RUNNING!
@702.2ms (224704 clock ticks): Supervisor STOPS RUNNING!

@710.6906250000001ms (227421 clock ticks): Satellite Control COM STOPS RUNNING!

@710.7531250000001ms (227441 clock ticks): Satellite Control MON STOPS RUNNING!

@750.0ms (240000 clock ticks): Comparator STARTS RUNNING!
@751.2ms (240384 clock ticks): Comparator STOPS RUNNING!

@800.0ms (256000 clock ticks): Supervisor STARTS RUNNING!
@800.434375ms (256139 clock ticks): Satellite Control COM STARTS RUNNING!
@800.46875ms (256150 clock ticks): Satellite Control MON STARTS RUNNING!
@802.2ms (256704 clock ticks): Supervisor STOPS RUNNING!

@810.734375ms (259435 clock ticks): Satellite Control COM STOPS RUNNING!

@810.78125ms (259450 clock ticks): Satellite Control MON STOPS RUNNING!

@850.0ms (272000 clock ticks): Comparator STARTS RUNNING!
@851.2ms (272384 clock ticks): Comparator STOPS RUNNING!

@900.0ms (288000 clock ticks): Supervisor STARTS RUNNING!
@900.0ms (288000 clock ticks): I2C_Storage1 STARTS RUNNING!
@900.4875000000001ms (288156 clock ticks): Satellite Control COM STARTS RUNNING!
@900.515625ms (288165 clock ticks): Satellite Control MON STARTS RUNNING!
@902.2ms (288704 clock ticks): Supervisor STOPS RUNNING!

@910.8531250000001ms (291473 clock ticks): Satellite Control MON STOPS RUNNING!

@910.8625000000001ms (291476 clock ticks): Satellite Control COM STOPS RUNNING!

@950.0ms (304000 clock ticks): Comparator STARTS RUNNING!
@951.2ms (304384 clock ticks): Comparator STOPS RUNNING!

@990.3000000000001ms (316896 clock ticks): I2C_Storage1 STOPS RUNNING!

@1000.0ms (320000 clock ticks): Supervisor STARTS RUNNING!
@1000.0ms (320000 clock ticks): SPW_payload_driver STARTS RUNNING!
@1000.0ms (320000 clock ticks): SPW_Acquisition1 STARTS RUNNING!
@1000.5812500000001ms (320186 clock ticks): Satellite Control MON STARTS RUNNING!
@1000.5875000000001ms (320188 clock ticks): Satellite Control COM STARTS RUNNING!
@1001.2625ms (320404 clock ticks): SPW_payload_driver STOPS RUNNING!

@1002.3000000000001ms (320736 clock ticks): Supervisor STOPS RUNNING!

@1010.953125ms (323505 clock ticks): Satellite Control MON STOPS RUNNING!

@1010.9781250000001ms (323513 clock ticks): Satellite Control COM STOPS RUNNING!

@1050.0ms (336000 clock ticks): Comparator STARTS RUNNING!
@1051.2ms (336384 clock ticks): Comparator STOPS RUNNING!

@1080.0ms (345600 clock ticks): SPW_Acquisition2 STARTS RUNNING!
@1100.0ms (352000 clock ticks): I2C_Storage2 STARTS RUNNING!
@1100.0ms (352000 clock ticks): Supervisor STARTS RUNNING!
@1100.65625ms (352210 clock ticks): Satellite Control MON STARTS RUNNING!
@1100.671875ms (352215 clock ticks): Satellite Control COM STARTS RUNNING!
@1102.2ms (352704 clock ticks): Supervisor STOPS RUNNING!

@1105.0ms (353600 clock ticks): SPW_Acquisition1 STOPS RUNNING!

@1111.034375ms (355531 clock ticks): Satellite Control COM STOPS RUNNING!

@1111.0531250000001ms (355537 clock ticks): Satellite Control MON STOPS RUNNING!

@1150.0ms (368000 clock ticks): Comparator STARTS RUNNING!
@1151.2ms (368384 clock ticks): Comparator STOPS RUNNING!

@1185.0ms (379200 clock ticks): SPW_Acquisition2 STOPS RUNNING!

@1190.3ms (380896 clock ticks): I2C_Storage2 STOPS RUNNING!

@1200.0ms (384000 clock ticks): Supervisor STARTS RUNNING!
@1200.065625ms (384021 clock ticks): FFT1 STARTS RUNNING!
@1200.065625ms (384021 clock ticks): FFT2 STARTS RUNNING!
@1200.746875ms (384239 clock ticks): Satellite Control COM STARTS RUNNING!
@1200.7562500000001ms (384242 clock ticks): Satellite Control MON STARTS RUNNING!
@1202.296875ms (384735 clock ticks): Supervisor STOPS RUNNING!

@1211.353125ms (387633 clock ticks): Satellite Control MON STOPS RUNNING!

@1211.3656250000001ms (387637 clock ticks): Satellite Control COM STOPS RUNNING!


/**********************

*     simulation ends      *

**********************/

