@0.0ms (0 clock ticks): SPW_payload_driver STARTS RUNNING!
@0.0ms (0 clock ticks): SPW_Acquisition1 STARTS RUNNING!
@1.2000000000000002ms (384 clock ticks): SPW_payload_driver STOPS RUNNING!

@100.0ms (32000 clock ticks): SPW_Acquisition2 STARTS RUNNING!
@100.0ms (32000 clock ticks): Satellite Control MON STARTS RUNNING!
@100.0ms (32000 clock ticks): Satellite Control COM STARTS RUNNING!
@105.0ms (33600 clock ticks): SPW_Acquisition1 STOPS RUNNING!

@110.30000000000001ms (35296 clock ticks): Satellite Control COM STOPS RUNNING!

@110.35000000000001ms (35312 clock ticks): Satellite Control MON STOPS RUNNING!

@150.0ms (48000 clock ticks): Comparator STARTS RUNNING!
@151.20000000000002ms (48384 clock ticks): Comparator STOPS RUNNING!

@200.0ms (64000 clock ticks): Supervisor STARTS RUNNING!
@200.0ms (64000 clock ticks): FFT2 STARTS RUNNING!
@200.0ms (64000 clock ticks): FFT1 STARTS RUNNING!
@200.05ms (64016 clock ticks): Satellite Control MON STARTS RUNNING!
@200.05ms (64016 clock ticks): Satellite Control COM STARTS RUNNING!
@202.571875ms (64823 clock ticks): Supervisor STOPS RUNNING!

@205.0ms (65600 clock ticks): SPW_Acquisition2 STOPS RUNNING!

@210.44375000000002ms (67342 clock ticks): Satellite Control COM STOPS RUNNING!

@210.578125ms (67385 clock ticks): Satellite Control MON STOPS RUNNING!

@250.0ms (80000 clock ticks): Comparator STARTS RUNNING!
@251.20000000000002ms (80384 clock ticks): Comparator STOPS RUNNING!

@300.0ms (96000 clock ticks): Supervisor STARTS RUNNING!
@300.05ms (96016 clock ticks): Satellite Control MON STARTS RUNNING!
@300.05ms (96016 clock ticks): Satellite Control COM STARTS RUNNING!
@302.3ms (96736 clock ticks): Supervisor STOPS RUNNING!

@310.49375000000003ms (99358 clock ticks): Satellite Control MON STOPS RUNNING!

@310.49687500000005ms (99359 clock ticks): Satellite Control COM STOPS RUNNING!

@350.0ms (112000 clock ticks): Comparator STARTS RUNNING!
@351.20000000000005ms (112384 clock ticks): Comparator STOPS RUNNING!

@400.0ms (128000 clock ticks): Supervisor STARTS RUNNING!
@400.146875ms (128047 clock ticks): Satellite Control MON STARTS RUNNING!
@400.146875ms (128047 clock ticks): Satellite Control COM STARTS RUNNING!
@402.20000000000005ms (128704 clock ticks): Supervisor STOPS RUNNING!

@410.54062500000003ms (131373 clock ticks): Satellite Control MON STOPS RUNNING!

@410.54375000000005ms (131374 clock ticks): Satellite Control COM STOPS RUNNING!

@450.0ms (144000 clock ticks): Comparator STARTS RUNNING!
@451.20000000000005ms (144384 clock ticks): Comparator STOPS RUNNING!

@500.0ms (160000 clock ticks): Supervisor STARTS RUNNING!
@500.24375000000003ms (160078 clock ticks): Satellite Control MON STARTS RUNNING!
@500.24375000000003ms (160078 clock ticks): Satellite Control COM STARTS RUNNING!
@502.20000000000005ms (160704 clock ticks): Supervisor STOPS RUNNING!

@510.63750000000005ms (163404 clock ticks): Satellite Control MON STOPS RUNNING!

@510.640625ms (163405 clock ticks): Satellite Control COM STOPS RUNNING!

@550.0ms (176000 clock ticks): Comparator STARTS RUNNING!
@551.2ms (176384 clock ticks): Comparator STOPS RUNNING!

@579.196875ms (185343 clock ticks): FFT1 STOPS RUNNING!

@580.6ms (185792 clock ticks): FFT2 STOPS RUNNING!

@600.0ms (192000 clock ticks): Supervisor STARTS RUNNING!
@600.340625ms (192109 clock ticks): Satellite Control MON STARTS RUNNING!
@600.340625ms (192109 clock ticks): Satellite Control COM STARTS RUNNING!
@602.2ms (192704 clock ticks): Supervisor STOPS RUNNING!

@610.734375ms (195435 clock ticks): Satellite Control MON STOPS RUNNING!

@610.7375000000001ms (195436 clock ticks): Satellite Control COM STOPS RUNNING!

@650.0ms (208000 clock ticks): Comparator STARTS RUNNING!
@651.2ms (208384 clock ticks): Comparator STOPS RUNNING!

@700.0ms (224000 clock ticks): Supervisor STARTS RUNNING!
@700.4375ms (224140 clock ticks): Satellite Control MON STARTS RUNNING!
@700.4375ms (224140 clock ticks): Satellite Control COM STARTS RUNNING!
@702.2ms (224704 clock ticks): Supervisor STOPS RUNNING!

@710.8312500000001ms (227466 clock ticks): Satellite Control MON STOPS RUNNING!

@710.834375ms (227467 clock ticks): Satellite Control COM STOPS RUNNING!

@750.0ms (240000 clock ticks): Comparator STARTS RUNNING!
@751.2ms (240384 clock ticks): Comparator STOPS RUNNING!

@800.0ms (256000 clock ticks): Supervisor STARTS RUNNING!
@800.5343750000001ms (256171 clock ticks): Satellite Control MON STARTS RUNNING!
@800.5343750000001ms (256171 clock ticks): Satellite Control COM STARTS RUNNING!
@802.2ms (256704 clock ticks): Supervisor STOPS RUNNING!

@810.928125ms (259497 clock ticks): Satellite Control MON STOPS RUNNING!

@810.9312500000001ms (259498 clock ticks): Satellite Control COM STOPS RUNNING!

@850.0ms (272000 clock ticks): Comparator STARTS RUNNING!
@851.2ms (272384 clock ticks): Comparator STOPS RUNNING!

@900.0ms (288000 clock ticks): Supervisor STARTS RUNNING!
@900.0ms (288000 clock ticks): I2C_Storage1 STARTS RUNNING!
@900.63125ms (288202 clock ticks): Satellite Control MON STARTS RUNNING!
@900.63125ms (288202 clock ticks): Satellite Control COM STARTS RUNNING!
@902.2ms (288704 clock ticks): Supervisor STOPS RUNNING!

@911.0250000000001ms (291528 clock ticks): Satellite Control MON STOPS RUNNING!

@911.028125ms (291529 clock ticks): Satellite Control COM STOPS RUNNING!

@950.0ms (304000 clock ticks): Comparator STARTS RUNNING!
@951.2ms (304384 clock ticks): Comparator STOPS RUNNING!

@990.3000000000001ms (316896 clock ticks): I2C_Storage1 STOPS RUNNING!

@1000.0ms (320000 clock ticks): Supervisor STARTS RUNNING!
@1000.0ms (320000 clock ticks): SPW_payload_driver STARTS RUNNING!
@1000.0ms (320000 clock ticks): SPW_Acquisition1 STARTS RUNNING!
@1000.7281250000001ms (320233 clock ticks): Satellite Control MON STARTS RUNNING!
@1000.7281250000001ms (320233 clock ticks): Satellite Control COM STARTS RUNNING!
@1001.296875ms (320415 clock ticks): SPW_payload_driver STOPS RUNNING!

@1002.3000000000001ms (320736 clock ticks): Supervisor STOPS RUNNING!

@1011.121875ms (323559 clock ticks): Satellite Control MON STOPS RUNNING!

@1011.125ms (323560 clock ticks): Satellite Control COM STOPS RUNNING!

@1050.0ms (336000 clock ticks): Comparator STARTS RUNNING!
@1051.2ms (336384 clock ticks): Comparator STOPS RUNNING!

@1100.0ms (352000 clock ticks): Supervisor STARTS RUNNING!
@1100.0ms (352000 clock ticks): SPW_Acquisition2 STARTS RUNNING!
@1100.0ms (352000 clock ticks): I2C_Storage2 STARTS RUNNING!
@1100.825ms (352264 clock ticks): Satellite Control MON STARTS RUNNING!
@1100.825ms (352264 clock ticks): Satellite Control COM STARTS RUNNING!
@1102.2ms (352704 clock ticks): Supervisor STOPS RUNNING!

@1105.0ms (353600 clock ticks): SPW_Acquisition1 STOPS RUNNING!

@1111.125ms (355560 clock ticks): Satellite Control COM STOPS RUNNING!

@1111.175ms (355576 clock ticks): Satellite Control MON STOPS RUNNING!

