@0.0ms (0 clock ticks): SPW_payload_driver STARTS RUNNING!
@0.0ms (0 clock ticks): SPW_Acquisition1 STARTS RUNNING!
@1.2000000000000002ms (384 clock ticks): SPW_payload_driver STOPS RUNNING!

@80.0ms (25600 clock ticks): SPW_Acquisition2 STARTS RUNNING!
@100.0ms (32000 clock ticks): Satellite Control MON STARTS RUNNING!
@100.0ms (32000 clock ticks): Satellite Control COM STARTS RUNNING!
@105.0ms (33600 clock ticks): SPW_Acquisition1 STOPS RUNNING!

@110.38125000000001ms (35322 clock ticks): Satellite Control COM STOPS RUNNING!

@110.3875ms (35324 clock ticks): Satellite Control MON STOPS RUNNING!

@150.0ms (48000 clock ticks): Comparator STARTS RUNNING!
@151.20000000000002ms (48384 clock ticks): Comparator STOPS RUNNING!

@185.0ms (59200 clock ticks): SPW_Acquisition2 STOPS RUNNING!

@200.0ms (64000 clock ticks): FFT1 STARTS RUNNING!
@200.0ms (64000 clock ticks): Supervisor STARTS RUNNING!
@200.08437500000002ms (64027 clock ticks): Satellite Control MON STARTS RUNNING!
@200.09375ms (64030 clock ticks): Satellite Control COM STARTS RUNNING!
@202.49687500000002ms (64799 clock ticks): Supervisor STOPS RUNNING!

@210.64687500000002ms (67407 clock ticks): Satellite Control MON STOPS RUNNING!

@210.68125ms (67418 clock ticks): Satellite Control COM STOPS RUNNING!

@250.0ms (80000 clock ticks): Comparator STARTS RUNNING!
@251.20000000000002ms (80384 clock ticks): Comparator STOPS RUNNING!

@300.0ms (96000 clock ticks): FFT2 STARTS RUNNING!
@300.0ms (96000 clock ticks): Supervisor STARTS RUNNING!
@300.15000000000003ms (96048 clock ticks): Satellite Control MON STARTS RUNNING!
@300.1875ms (96060 clock ticks): Satellite Control COM STARTS RUNNING!
@302.40000000000003ms (96768 clock ticks): Supervisor STOPS RUNNING!

@310.63437500000003ms (99403 clock ticks): Satellite Control MON STOPS RUNNING!

@310.64375ms (99406 clock ticks): Satellite Control COM STOPS RUNNING!

@350.0ms (112000 clock ticks): Comparator STARTS RUNNING!
@351.20000000000005ms (112384 clock ticks): Comparator STOPS RUNNING!

@400.0ms (128000 clock ticks): Supervisor STARTS RUNNING!
@400.2375ms (128076 clock ticks): Satellite Control COM STARTS RUNNING!
@400.240625ms (128077 clock ticks): Satellite Control MON STARTS RUNNING!
@402.20000000000005ms (128704 clock ticks): Supervisor STOPS RUNNING!

@410.55937500000005ms (131379 clock ticks): Satellite Control COM STOPS RUNNING!

@410.60625000000005ms (131394 clock ticks): Satellite Control MON STOPS RUNNING!

@450.0ms (144000 clock ticks): Comparator STARTS RUNNING!
@451.20000000000005ms (144384 clock ticks): Comparator STOPS RUNNING!

@500.0ms (160000 clock ticks): Supervisor STARTS RUNNING!
@500.29062500000003ms (160093 clock ticks): Satellite Control COM STARTS RUNNING!
@500.303125ms (160097 clock ticks): Satellite Control MON STARTS RUNNING!
@502.20000000000005ms (160704 clock ticks): Supervisor STOPS RUNNING!

@510.65000000000003ms (163408 clock ticks): Satellite Control COM STOPS RUNNING!

@510.68437500000005ms (163419 clock ticks): Satellite Control MON STOPS RUNNING!

@550.0ms (176000 clock ticks): Comparator STARTS RUNNING!
@551.2ms (176384 clock ticks): Comparator STOPS RUNNING!

@565.6ms (180992 clock ticks): FFT1 STOPS RUNNING!

@600.0ms (192000 clock ticks): Supervisor STARTS RUNNING!
@600.35ms (192112 clock ticks): Satellite Control COM STARTS RUNNING!
@600.403125ms (192129 clock ticks): Satellite Control MON STARTS RUNNING!
@602.2ms (192704 clock ticks): Supervisor STOPS RUNNING!

@610.665625ms (195413 clock ticks): Satellite Control COM STOPS RUNNING!

@610.703125ms (195425 clock ticks): Satellite Control MON STOPS RUNNING!

@650.0ms (208000 clock ticks): Comparator STARTS RUNNING!
@651.2ms (208384 clock ticks): Comparator STOPS RUNNING!

@665.6ms (212992 clock ticks): FFT2 STOPS RUNNING!

@700.0ms (224000 clock ticks): Supervisor STARTS RUNNING!
@700.4125ms (224132 clock ticks): Satellite Control COM STARTS RUNNING!
@700.4562500000001ms (224146 clock ticks): Satellite Control MON STARTS RUNNING!
@702.2ms (224704 clock ticks): Supervisor STOPS RUNNING!

@710.69375ms (227422 clock ticks): Satellite Control COM STOPS RUNNING!

@710.7593750000001ms (227443 clock ticks): Satellite Control MON STOPS RUNNING!

@750.0ms (240000 clock ticks): Comparator STARTS RUNNING!
@751.2ms (240384 clock ticks): Comparator STOPS RUNNING!

@800.0ms (256000 clock ticks): Supervisor STARTS RUNNING!
@800.4468750000001ms (256143 clock ticks): Satellite Control COM STARTS RUNNING!
@800.5ms (256160 clock ticks): Satellite Control MON STARTS RUNNING!
@802.2ms (256704 clock ticks): Supervisor STOPS RUNNING!

@810.7437500000001ms (259438 clock ticks): Satellite Control COM STOPS RUNNING!

@810.79375ms (259454 clock ticks): Satellite Control MON STOPS RUNNING!

@850.0ms (272000 clock ticks): Comparator STARTS RUNNING!
@851.2ms (272384 clock ticks): Comparator STOPS RUNNING!

@900.0ms (288000 clock ticks): I2C_Storage1 STARTS RUNNING!
@900.0ms (288000 clock ticks): Supervisor STARTS RUNNING!
@900.496875ms (288159 clock ticks): Satellite Control COM STARTS RUNNING!
@900.546875ms (288175 clock ticks): Satellite Control MON STARTS RUNNING!
@902.2ms (288704 clock ticks): Supervisor STOPS RUNNING!

@910.78125ms (291450 clock ticks): Satellite Control COM STOPS RUNNING!

@910.840625ms (291469 clock ticks): Satellite Control MON STOPS RUNNING!

@950.0ms (304000 clock ticks): Comparator STARTS RUNNING!
@951.2ms (304384 clock ticks): Comparator STOPS RUNNING!

@990.3000000000001ms (316896 clock ticks): I2C_Storage1 STOPS RUNNING!

@1000.0ms (320000 clock ticks): SPW_payload_driver STARTS RUNNING!
@1000.0ms (320000 clock ticks): SPW_Acquisition1 STARTS RUNNING!
@1000.0ms (320000 clock ticks): Supervisor STARTS RUNNING!
@1000.5375ms (320172 clock ticks): Satellite Control COM STARTS RUNNING!
@1000.5875000000001ms (320188 clock ticks): Satellite Control MON STARTS RUNNING!
@1001.3000000000001ms (320416 clock ticks): SPW_payload_driver STOPS RUNNING!

@1002.29375ms (320734 clock ticks): Supervisor STOPS RUNNING!

@1010.8000000000001ms (323456 clock ticks): Satellite Control COM STOPS RUNNING!

@1010.875ms (323480 clock ticks): Satellite Control MON STOPS RUNNING!

@1050.0ms (336000 clock ticks): Comparator STARTS RUNNING!
@1051.2ms (336384 clock ticks): Comparator STOPS RUNNING!

@1080.0ms (345600 clock ticks): SPW_Acquisition2 STARTS RUNNING!
@1100.0ms (352000 clock ticks): I2C_Storage2 STARTS RUNNING!
@1100.0ms (352000 clock ticks): Supervisor STARTS RUNNING!
@1100.5625ms (352180 clock ticks): Satellite Control COM STARTS RUNNING!
@1100.625ms (352200 clock ticks): Satellite Control MON STARTS RUNNING!
@1102.2ms (352704 clock ticks): Supervisor STOPS RUNNING!

@1105.0ms (353600 clock ticks): SPW_Acquisition1 STOPS RUNNING!

@1110.815625ms (355461 clock ticks): Satellite Control COM STOPS RUNNING!

@1110.9ms (355488 clock ticks): Satellite Control MON STOPS RUNNING!

@1150.0ms (368000 clock ticks): Comparator STARTS RUNNING!
@1151.2ms (368384 clock ticks): Comparator STOPS RUNNING!

@1185.0ms (379200 clock ticks): SPW_Acquisition2 STOPS RUNNING!

@1190.3ms (380896 clock ticks): I2C_Storage2 STOPS RUNNING!

@1200.0ms (384000 clock ticks): FFT1 STARTS RUNNING!
@1200.0ms (384000 clock ticks): Supervisor STARTS RUNNING!
@1200.578125ms (384185 clock ticks): Satellite Control COM STARTS RUNNING!
@1200.65ms (384208 clock ticks): Satellite Control MON STARTS RUNNING!
@1202.325ms (384744 clock ticks): Supervisor STOPS RUNNING!

@1210.9750000000001ms (387512 clock ticks): Satellite Control COM STOPS RUNNING!

@1211.065625ms (387541 clock ticks): Satellite Control MON STOPS RUNNING!


/**********************

*     simulation ends      *

**********************/

