@0.0ms (0 clock ticks): SPW_Acquisition1 STARTS RUNNING!
@0.0ms (0 clock ticks): SPW_payload_driver STARTS RUNNING!
@1.2000000000000002ms (384 clock ticks): SPW_payload_driver STOPS RUNNING!

@20.0ms (6400 clock ticks): SPW_Acquisition2 STARTS RUNNING!
@100.0ms (32000 clock ticks): Satellite Control COM STARTS RUNNING!
@100.0ms (32000 clock ticks): Satellite Control MON STARTS RUNNING!
@105.0ms (33600 clock ticks): SPW_Acquisition1 STOPS RUNNING!

@110.20625000000001ms (35266 clock ticks): Satellite Control COM STOPS RUNNING!

@110.30312500000001ms (35297 clock ticks): Satellite Control MON STOPS RUNNING!

@125.0ms (40000 clock ticks): SPW_Acquisition2 STOPS RUNNING!

@150.0ms (48000 clock ticks): Comparator STARTS RUNNING!
@151.20000000000002ms (48384 clock ticks): Comparator STOPS RUNNING!

@200.0ms (64000 clock ticks): FFT1 STARTS RUNNING!
@200.0ms (64000 clock ticks): Supervisor STARTS RUNNING!
@200.003125ms (64001 clock ticks): Satellite Control COM STARTS RUNNING!
@200.003125ms (64001 clock ticks): Satellite Control MON STARTS RUNNING!
@217.3ms (69536 clock ticks): Supervisor STOPS RUNNING!

@225.20000000000002ms (72064 clock ticks): Satellite Control COM STOPS RUNNING!

@225.4ms (72128 clock ticks): Satellite Control MON STOPS RUNNING!

@250.0ms (80000 clock ticks): Comparator STARTS RUNNING!
@251.20000000000002ms (80384 clock ticks): Comparator STOPS RUNNING!

@260.0ms (83200 clock ticks): FFT2 STARTS RUNNING!
@300.0ms (96000 clock ticks): Supervisor STARTS RUNNING!
@300.003125ms (96001 clock ticks): Satellite Control COM STARTS RUNNING!
@300.003125ms (96001 clock ticks): Satellite Control MON STARTS RUNNING!
@302.3ms (96736 clock ticks): Supervisor STOPS RUNNING!

@310.203125ms (99265 clock ticks): Satellite Control COM STOPS RUNNING!

@310.40000000000003ms (99328 clock ticks): Satellite Control MON STOPS RUNNING!

@350.0ms (112000 clock ticks): Comparator STARTS RUNNING!
@351.20000000000005ms (112384 clock ticks): Comparator STOPS RUNNING!

@400.0ms (128000 clock ticks): Supervisor STARTS RUNNING!
@400.003125ms (128001 clock ticks): Satellite Control COM STARTS RUNNING!
@400.003125ms (128001 clock ticks): Satellite Control MON STARTS RUNNING!
@402.3ms (128736 clock ticks): Supervisor STOPS RUNNING!

@410.203125ms (131265 clock ticks): Satellite Control COM STOPS RUNNING!

@410.40000000000003ms (131328 clock ticks): Satellite Control MON STOPS RUNNING!

@450.0ms (144000 clock ticks): Comparator STARTS RUNNING!
@451.20000000000005ms (144384 clock ticks): Comparator STOPS RUNNING!

@500.0ms (160000 clock ticks): Supervisor STARTS RUNNING!
@500.003125ms (160001 clock ticks): Satellite Control COM STARTS RUNNING!
@500.003125ms (160001 clock ticks): Satellite Control MON STARTS RUNNING!
@502.3ms (160736 clock ticks): Supervisor STOPS RUNNING!

@510.20625ms (163266 clock ticks): Satellite Control COM STOPS RUNNING!

@510.40000000000003ms (163328 clock ticks): Satellite Control MON STOPS RUNNING!

@550.0ms (176000 clock ticks): Comparator STARTS RUNNING!
@551.2ms (176384 clock ticks): Comparator STOPS RUNNING!

@565.3000000000001ms (180896 clock ticks): FFT1 STOPS RUNNING!

@600.0ms (192000 clock ticks): Supervisor STARTS RUNNING!
@600.0031250000001ms (192001 clock ticks): Satellite Control COM STARTS RUNNING!
@600.0031250000001ms (192001 clock ticks): Satellite Control MON STARTS RUNNING!
@602.3000000000001ms (192736 clock ticks): Supervisor STOPS RUNNING!

@610.2062500000001ms (195266 clock ticks): Satellite Control COM STOPS RUNNING!

@610.4ms (195328 clock ticks): Satellite Control MON STOPS RUNNING!

@625.3000000000001ms (200096 clock ticks): FFT2 STOPS RUNNING!

@650.0ms (208000 clock ticks): Comparator STARTS RUNNING!
@651.2ms (208384 clock ticks): Comparator STOPS RUNNING!

@700.0ms (224000 clock ticks): Supervisor STARTS RUNNING!
@700.0031250000001ms (224001 clock ticks): Satellite Control COM STARTS RUNNING!
@700.0031250000001ms (224001 clock ticks): Satellite Control MON STARTS RUNNING!
@702.3000000000001ms (224736 clock ticks): Supervisor STOPS RUNNING!

@710.203125ms (227265 clock ticks): Satellite Control COM STOPS RUNNING!

@710.4000000000001ms (227328 clock ticks): Satellite Control MON STOPS RUNNING!

@750.0ms (240000 clock ticks): Comparator STARTS RUNNING!
@751.2ms (240384 clock ticks): Comparator STOPS RUNNING!

@800.0ms (256000 clock ticks): Supervisor STARTS RUNNING!
@800.0031250000001ms (256001 clock ticks): Satellite Control COM STARTS RUNNING!
@800.0031250000001ms (256001 clock ticks): Satellite Control MON STARTS RUNNING!
@802.3000000000001ms (256736 clock ticks): Supervisor STOPS RUNNING!

@810.203125ms (259265 clock ticks): Satellite Control COM STOPS RUNNING!

@810.4000000000001ms (259328 clock ticks): Satellite Control MON STOPS RUNNING!

@850.0ms (272000 clock ticks): Comparator STARTS RUNNING!
@851.2ms (272384 clock ticks): Comparator STOPS RUNNING!

@900.0ms (288000 clock ticks): I2C_Storage1 STARTS RUNNING!
@900.0ms (288000 clock ticks): Supervisor STARTS RUNNING!
@900.0031250000001ms (288001 clock ticks): Satellite Control COM STARTS RUNNING!
@900.0031250000001ms (288001 clock ticks): Satellite Control MON STARTS RUNNING!
@902.3000000000001ms (288736 clock ticks): Supervisor STOPS RUNNING!

@910.203125ms (291265 clock ticks): Satellite Control COM STOPS RUNNING!

@910.4000000000001ms (291328 clock ticks): Satellite Control MON STOPS RUNNING!

@950.0ms (304000 clock ticks): Comparator STARTS RUNNING!
@951.2ms (304384 clock ticks): Comparator STOPS RUNNING!

@990.3000000000001ms (316896 clock ticks): I2C_Storage1 STOPS RUNNING!

@1000.0ms (320000 clock ticks): SPW_Acquisition1 STARTS RUNNING!
@1000.0ms (320000 clock ticks): Supervisor STARTS RUNNING!
@1000.0ms (320000 clock ticks): SPW_payload_driver STARTS RUNNING!
@1000.0031250000001ms (320001 clock ticks): Satellite Control COM STARTS RUNNING!
@1000.0031250000001ms (320001 clock ticks): Satellite Control MON STARTS RUNNING!
@1001.4000000000001ms (320448 clock ticks): SPW_payload_driver STOPS RUNNING!

@1002.3000000000001ms (320736 clock ticks): Supervisor STOPS RUNNING!

@1010.203125ms (323265 clock ticks): Satellite Control COM STOPS RUNNING!

@1010.5ms (323360 clock ticks): Satellite Control MON STOPS RUNNING!

@1020.0ms (326400 clock ticks): SPW_Acquisition2 STARTS RUNNING!
@1050.0ms (336000 clock ticks): Comparator STARTS RUNNING!
@1051.2ms (336384 clock ticks): Comparator STOPS RUNNING!

@1100.0ms (352000 clock ticks): Supervisor STARTS RUNNING!
@1100.0ms (352000 clock ticks): I2C_Storage2 STARTS RUNNING!
@1100.003125ms (352001 clock ticks): Satellite Control COM STARTS RUNNING!
@1100.003125ms (352001 clock ticks): Satellite Control MON STARTS RUNNING!
@1102.3ms (352736 clock ticks): Supervisor STOPS RUNNING!

@1105.0ms (353600 clock ticks): SPW_Acquisition1 STOPS RUNNING!

@1110.203125ms (355265 clock ticks): Satellite Control COM STOPS RUNNING!

@1110.4ms (355328 clock ticks): Satellite Control MON STOPS RUNNING!

@1125.0ms (360000 clock ticks): SPW_Acquisition2 STOPS RUNNING!

@1150.0ms (368000 clock ticks): Comparator STARTS RUNNING!
@1151.2ms (368384 clock ticks): Comparator STOPS RUNNING!

@1190.3ms (380896 clock ticks): I2C_Storage2 STOPS RUNNING!

@1200.0ms (384000 clock ticks): FFT1 STARTS RUNNING!
@1200.0ms (384000 clock ticks): Supervisor STARTS RUNNING!
@1200.003125ms (384001 clock ticks): Satellite Control COM STARTS RUNNING!
@1200.003125ms (384001 clock ticks): Satellite Control MON STARTS RUNNING!
@1217.3ms (389536 clock ticks): Supervisor STOPS RUNNING!

@1225.2ms (392064 clock ticks): Satellite Control COM STOPS RUNNING!

@1225.4ms (392128 clock ticks): Satellite Control MON STOPS RUNNING!


/**********************

*     simulation ends      *

**********************/

