@0.0ms (0 clock ticks): SPW_Acquisition1 STARTS RUNNING!
@0.0ms (0 clock ticks): SPW_payload_driver STARTS RUNNING!
@1.2000000000000002ms (384 clock ticks): SPW_payload_driver STOPS RUNNING!

@60.0ms (19200 clock ticks): SPW_Acquisition2 STARTS RUNNING!
@95.0ms (30400 clock ticks): SPW_Acquisition1 STOPS RUNNING!

@100.0ms (32000 clock ticks): Satellite Control COM STARTS RUNNING!
@100.0ms (32000 clock ticks): SPW_payload_driver STARTS RUNNING!
@101.30000000000001ms (32416 clock ticks): SPW_payload_driver STOPS RUNNING!

@110.203125ms (35265 clock ticks): Satellite Control COM STOPS RUNNING!

@155.0ms (49600 clock ticks): SPW_Acquisition2 STOPS RUNNING!

@200.0ms (64000 clock ticks): FFT1 STARTS RUNNING!
@200.0ms (64000 clock ticks): Satellite Control COM STARTS RUNNING!
@200.0ms (64000 clock ticks): SPW_payload_driver STARTS RUNNING!
@216.3ms (69216 clock ticks): SPW_payload_driver STOPS RUNNING!

@225.20000000000002ms (72064 clock ticks): Satellite Control COM STOPS RUNNING!

@300.0ms (96000 clock ticks): FFT2 STARTS RUNNING!
@300.0ms (96000 clock ticks): Satellite Control COM STARTS RUNNING!
@300.0ms (96000 clock ticks): SPW_payload_driver STARTS RUNNING!
@310.20000000000005ms (99264 clock ticks): Satellite Control COM STOPS RUNNING!

@316.3ms (101216 clock ticks): SPW_payload_driver STOPS RUNNING!

@400.0ms (128000 clock ticks): Satellite Control COM STARTS RUNNING!
@400.0ms (128000 clock ticks): SPW_payload_driver STARTS RUNNING!
@401.3ms (128416 clock ticks): SPW_payload_driver STOPS RUNNING!

@410.203125ms (131265 clock ticks): Satellite Control COM STOPS RUNNING!

@500.0ms (160000 clock ticks): Satellite Control COM STARTS RUNNING!
@500.0ms (160000 clock ticks): SPW_payload_driver STARTS RUNNING!
@501.3ms (160416 clock ticks): SPW_payload_driver STOPS RUNNING!

@510.20000000000005ms (163264 clock ticks): Satellite Control COM STOPS RUNNING!

@565.3000000000001ms (180896 clock ticks): FFT1 STOPS RUNNING!

@600.0ms (192000 clock ticks): Satellite Control COM STARTS RUNNING!
@600.0ms (192000 clock ticks): SPW_payload_driver STARTS RUNNING!
@601.3000000000001ms (192416 clock ticks): SPW_payload_driver STOPS RUNNING!

@610.2ms (195264 clock ticks): Satellite Control COM STOPS RUNNING!

@665.4000000000001ms (212928 clock ticks): FFT2 STOPS RUNNING!

@700.0ms (224000 clock ticks): Satellite Control COM STARTS RUNNING!
@700.0ms (224000 clock ticks): SPW_payload_driver STARTS RUNNING!
@701.3000000000001ms (224416 clock ticks): SPW_payload_driver STOPS RUNNING!

@710.2ms (227264 clock ticks): Satellite Control COM STOPS RUNNING!

@800.0ms (256000 clock ticks): Satellite Control COM STARTS RUNNING!
@800.0ms (256000 clock ticks): SPW_payload_driver STARTS RUNNING!
@801.3000000000001ms (256416 clock ticks): SPW_payload_driver STOPS RUNNING!

@810.2ms (259264 clock ticks): Satellite Control COM STOPS RUNNING!

@900.0ms (288000 clock ticks): I2C_Storage1 STARTS RUNNING!
@900.0ms (288000 clock ticks): Satellite Control COM STARTS RUNNING!
@900.0ms (288000 clock ticks): SPW_payload_driver STARTS RUNNING!
@901.3000000000001ms (288416 clock ticks): SPW_payload_driver STOPS RUNNING!

@910.2ms (291264 clock ticks): Satellite Control COM STOPS RUNNING!

@990.3000000000001ms (316896 clock ticks): I2C_Storage1 STOPS RUNNING!

@1000.0ms (320000 clock ticks): SPW_Acquisition1 STARTS RUNNING!
@1000.0ms (320000 clock ticks): Satellite Control COM STARTS RUNNING!
@1000.0ms (320000 clock ticks): SPW_payload_driver STARTS RUNNING!
@1001.3000000000001ms (320416 clock ticks): SPW_payload_driver STOPS RUNNING!

@1010.2ms (323264 clock ticks): Satellite Control COM STOPS RUNNING!

@1060.0ms (339200 clock ticks): SPW_Acquisition2 STARTS RUNNING!
@1095.0ms (350400 clock ticks): SPW_Acquisition1 STOPS RUNNING!

@1100.0ms (352000 clock ticks): Satellite Control COM STARTS RUNNING!
@1100.0ms (352000 clock ticks): I2C_Storage2 STARTS RUNNING!
@1100.0ms (352000 clock ticks): SPW_payload_driver STARTS RUNNING!
@1101.3ms (352416 clock ticks): SPW_payload_driver STOPS RUNNING!

@1110.2ms (355264 clock ticks): Satellite Control COM STOPS RUNNING!

@1155.0ms (369600 clock ticks): SPW_Acquisition2 STOPS RUNNING!

@1190.3ms (380896 clock ticks): I2C_Storage2 STOPS RUNNING!

@1200.0ms (384000 clock ticks): FFT1 STARTS RUNNING!
@1200.0ms (384000 clock ticks): Satellite Control COM STARTS RUNNING!
@1200.0ms (384000 clock ticks): SPW_payload_driver STARTS RUNNING!
@1216.3ms (389216 clock ticks): SPW_payload_driver STOPS RUNNING!

@1225.203125ms (392065 clock ticks): Satellite Control COM STOPS RUNNING!


/**********************

*     simulation ends      *

**********************/

