@0.0ms (0 clock ticks): SPW_payload_driver STARTS RUNNING!
@0.0ms (0 clock ticks): SPW_Acquisition1 STARTS RUNNING!
@1.2000000000000002ms (384 clock ticks): SPW_payload_driver STOPS RUNNING!

@20.0ms (6400 clock ticks): SPW_Acquisition2 STARTS RUNNING!
@100.0ms (32000 clock ticks): Satellite Control COM STARTS RUNNING!
@100.0ms (32000 clock ticks): Satellite Control MON STARTS RUNNING!
@105.0ms (33600 clock ticks): SPW_Acquisition1 STOPS RUNNING!

@110.36562500000001ms (35317 clock ticks): Satellite Control MON STOPS RUNNING!

@110.3875ms (35324 clock ticks): Satellite Control COM STOPS RUNNING!

@125.0ms (40000 clock ticks): SPW_Acquisition2 STOPS RUNNING!

@150.0ms (48000 clock ticks): Comparator STARTS RUNNING!
@151.20000000000002ms (48384 clock ticks): Comparator STOPS RUNNING!

@200.0ms (64000 clock ticks): Supervisor STARTS RUNNING!
@200.0ms (64000 clock ticks): FFT1 STARTS RUNNING!
@200.071875ms (64023 clock ticks): Satellite Control COM STARTS RUNNING!
@200.078125ms (64025 clock ticks): Satellite Control MON STARTS RUNNING!
@202.540625ms (64813 clock ticks): Supervisor STOPS RUNNING!

@210.634375ms (67403 clock ticks): Satellite Control COM STOPS RUNNING!

@210.63750000000002ms (67404 clock ticks): Satellite Control MON STOPS RUNNING!

@250.0ms (80000 clock ticks): Comparator STARTS RUNNING!
@251.20000000000002ms (80384 clock ticks): Comparator STOPS RUNNING!

@300.0ms (96000 clock ticks): Supervisor STARTS RUNNING!
@300.1625ms (96052 clock ticks): Satellite Control MON STARTS RUNNING!
@300.16875ms (96054 clock ticks): Satellite Control COM STARTS RUNNING!
@302.2ms (96704 clock ticks): Supervisor STOPS RUNNING!

@310.52500000000003ms (99368 clock ticks): Satellite Control COM STOPS RUNNING!

@310.55625000000003ms (99378 clock ticks): Satellite Control MON STOPS RUNNING!

@340.0ms (108800 clock ticks): FFT2 STARTS RUNNING!
@350.0ms (112000 clock ticks): Comparator STARTS RUNNING!
@351.31875ms (112422 clock ticks): Comparator STOPS RUNNING!

@400.0ms (128000 clock ticks): Supervisor STARTS RUNNING!
@400.2375ms (128076 clock ticks): Satellite Control COM STARTS RUNNING!
@400.25625ms (128082 clock ticks): Satellite Control MON STARTS RUNNING!
@402.20000000000005ms (128704 clock ticks): Supervisor STOPS RUNNING!

@410.54062500000003ms (131373 clock ticks): Satellite Control COM STOPS RUNNING!

@410.584375ms (131387 clock ticks): Satellite Control MON STOPS RUNNING!

@450.0ms (144000 clock ticks): Comparator STARTS RUNNING!
@451.20000000000005ms (144384 clock ticks): Comparator STOPS RUNNING!

@500.0ms (160000 clock ticks): Supervisor STARTS RUNNING!
@500.29375000000005ms (160094 clock ticks): Satellite Control COM STARTS RUNNING!
@500.3ms (160096 clock ticks): Satellite Control MON STARTS RUNNING!
@502.20000000000005ms (160704 clock ticks): Supervisor STOPS RUNNING!

@510.675ms (163416 clock ticks): Satellite Control COM STOPS RUNNING!

@510.68125000000003ms (163418 clock ticks): Satellite Control MON STOPS RUNNING!

@550.0ms (176000 clock ticks): Comparator STARTS RUNNING!
@551.2ms (176384 clock ticks): Comparator STOPS RUNNING!

@565.6ms (180992 clock ticks): FFT1 STOPS RUNNING!

@600.0ms (192000 clock ticks): Supervisor STARTS RUNNING!
@600.3781250000001ms (192121 clock ticks): Satellite Control MON STARTS RUNNING!
@600.3875ms (192124 clock ticks): Satellite Control COM STARTS RUNNING!
@602.2ms (192704 clock ticks): Supervisor STOPS RUNNING!

@610.715625ms (195429 clock ticks): Satellite Control MON STOPS RUNNING!

@610.7531250000001ms (195441 clock ticks): Satellite Control COM STOPS RUNNING!

@650.0ms (208000 clock ticks): Comparator STARTS RUNNING!
@651.2ms (208384 clock ticks): Comparator STOPS RUNNING!

@700.0ms (224000 clock ticks): Supervisor STARTS RUNNING!
@700.4406250000001ms (224141 clock ticks): Satellite Control MON STARTS RUNNING!
@700.45ms (224144 clock ticks): Satellite Control COM STARTS RUNNING!
@702.2ms (224704 clock ticks): Supervisor STOPS RUNNING!

@705.4000000000001ms (225728 clock ticks): FFT2 STOPS RUNNING!

@710.8156250000001ms (227461 clock ticks): Satellite Control MON STOPS RUNNING!

@710.828125ms (227465 clock ticks): Satellite Control COM STOPS RUNNING!

@750.0ms (240000 clock ticks): Comparator STARTS RUNNING!
@751.2ms (240384 clock ticks): Comparator STOPS RUNNING!

@800.0ms (256000 clock ticks): Supervisor STARTS RUNNING!
@800.528125ms (256169 clock ticks): Satellite Control MON STARTS RUNNING!
@800.5375ms (256172 clock ticks): Satellite Control COM STARTS RUNNING!
@802.2ms (256704 clock ticks): Supervisor STOPS RUNNING!

@810.90625ms (259490 clock ticks): Satellite Control MON STOPS RUNNING!

@810.9250000000001ms (259496 clock ticks): Satellite Control COM STOPS RUNNING!

@850.0ms (272000 clock ticks): Comparator STARTS RUNNING!
@851.2ms (272384 clock ticks): Comparator STOPS RUNNING!

@900.0ms (288000 clock ticks): I2C_Storage1 STARTS RUNNING!
@900.0ms (288000 clock ticks): Supervisor STARTS RUNNING!
@900.609375ms (288195 clock ticks): Satellite Control MON STARTS RUNNING!
@900.6343750000001ms (288203 clock ticks): Satellite Control COM STARTS RUNNING!
@902.2ms (288704 clock ticks): Supervisor STOPS RUNNING!

@910.96875ms (291510 clock ticks): Satellite Control MON STOPS RUNNING!

@910.984375ms (291515 clock ticks): Satellite Control COM STOPS RUNNING!

@950.0ms (304000 clock ticks): Comparator STARTS RUNNING!
@951.2ms (304384 clock ticks): Comparator STOPS RUNNING!

@990.3000000000001ms (316896 clock ticks): I2C_Storage1 STOPS RUNNING!

@1000.0ms (320000 clock ticks): SPW_payload_driver STARTS RUNNING!
@1000.0ms (320000 clock ticks): SPW_Acquisition1 STARTS RUNNING!
@1000.0ms (320000 clock ticks): Supervisor STARTS RUNNING!
@1000.69375ms (320222 clock ticks): Satellite Control MON STARTS RUNNING!
@1000.709375ms (320227 clock ticks): Satellite Control COM STARTS RUNNING!
@1001.2437500000001ms (320398 clock ticks): SPW_payload_driver STOPS RUNNING!

@1002.3000000000001ms (320736 clock ticks): Supervisor STOPS RUNNING!

@1011.0250000000001ms (323528 clock ticks): Satellite Control MON STOPS RUNNING!

@1011.0718750000001ms (323543 clock ticks): Satellite Control COM STOPS RUNNING!

@1020.0ms (326400 clock ticks): SPW_Acquisition2 STARTS RUNNING!
@1050.0ms (336000 clock ticks): Comparator STARTS RUNNING!
@1051.2ms (336384 clock ticks): Comparator STOPS RUNNING!

@1100.0ms (352000 clock ticks): I2C_Storage2 STARTS RUNNING!
@1100.0ms (352000 clock ticks): Supervisor STARTS RUNNING!
@1100.746875ms (352239 clock ticks): Satellite Control MON STARTS RUNNING!
@1100.7875000000001ms (352252 clock ticks): Satellite Control COM STARTS RUNNING!
@1102.2ms (352704 clock ticks): Supervisor STOPS RUNNING!

@1105.0ms (353600 clock ticks): SPW_Acquisition1 STOPS RUNNING!

@1111.0125ms (355524 clock ticks): Satellite Control MON STOPS RUNNING!

@1111.078125ms (355545 clock ticks): Satellite Control COM STOPS RUNNING!

@1125.0ms (360000 clock ticks): SPW_Acquisition2 STOPS RUNNING!

@1150.0ms (368000 clock ticks): Comparator STARTS RUNNING!
@1151.2ms (368384 clock ticks): Comparator STOPS RUNNING!

@1190.3ms (380896 clock ticks): I2C_Storage2 STOPS RUNNING!

@1200.0ms (384000 clock ticks): Supervisor STARTS RUNNING!
@1200.0ms (384000 clock ticks): FFT1 STARTS RUNNING!
@1200.78125ms (384250 clock ticks): Satellite Control MON STARTS RUNNING!
@1200.8187500000001ms (384262 clock ticks): Satellite Control COM STARTS RUNNING!
@1202.3187500000001ms (384742 clock ticks): Supervisor STOPS RUNNING!

@1211.128125ms (387561 clock ticks): Satellite Control MON STOPS RUNNING!

@1211.20625ms (387586 clock ticks): Satellite Control COM STOPS RUNNING!


/**********************

*     simulation ends      *

**********************/

