@0.0ms (0 clock ticks): SPW_Acquisition1 STARTS RUNNING!
@0.0ms (0 clock ticks): SPW_payload_driver STARTS RUNNING!
@1.2000000000000002ms (384 clock ticks): SPW_payload_driver STOPS RUNNING!

@20.0ms (6400 clock ticks): SPW_Acquisition2 STARTS RUNNING!
@95.0ms (30400 clock ticks): SPW_Acquisition1 STOPS RUNNING!

@100.0ms (32000 clock ticks): Satellite Control COM STARTS RUNNING!
@100.0ms (32000 clock ticks): SPW_payload_driver STARTS RUNNING!
@101.30000000000001ms (32416 clock ticks): SPW_payload_driver STOPS RUNNING!

@110.25ms (35280 clock ticks): Satellite Control COM STOPS RUNNING!

@115.0ms (36800 clock ticks): SPW_Acquisition2 STOPS RUNNING!

@130.0ms (41600 clock ticks): FFT2 STARTS RUNNING!
@200.0ms (64000 clock ticks): FFT1 STARTS RUNNING!
@200.0ms (64000 clock ticks): Satellite Control COM STARTS RUNNING!
@200.0ms (64000 clock ticks): SPW_payload_driver STARTS RUNNING!
@201.39687500000002ms (64447 clock ticks): SPW_payload_driver STOPS RUNNING!

@210.40312500000002ms (67329 clock ticks): Satellite Control COM STOPS RUNNING!

@300.0ms (96000 clock ticks): Satellite Control COM STARTS RUNNING!
@300.0ms (96000 clock ticks): SPW_payload_driver STARTS RUNNING!
@301.296875ms (96415 clock ticks): SPW_payload_driver STOPS RUNNING!

@310.3ms (99296 clock ticks): Satellite Control COM STOPS RUNNING!

@400.0ms (128000 clock ticks): Satellite Control COM STARTS RUNNING!
@400.0ms (128000 clock ticks): SPW_payload_driver STARTS RUNNING!
@401.296875ms (128415 clock ticks): SPW_payload_driver STOPS RUNNING!

@410.3ms (131296 clock ticks): Satellite Control COM STOPS RUNNING!

@495.3ms (158496 clock ticks): FFT2 STOPS RUNNING!

@500.0ms (160000 clock ticks): Satellite Control COM STARTS RUNNING!
@500.0ms (160000 clock ticks): SPW_payload_driver STARTS RUNNING!
@501.296875ms (160415 clock ticks): SPW_payload_driver STOPS RUNNING!

@510.3ms (163296 clock ticks): Satellite Control COM STOPS RUNNING!

@565.5ms (180960 clock ticks): FFT1 STOPS RUNNING!

@600.0ms (192000 clock ticks): Satellite Control COM STARTS RUNNING!
@600.0ms (192000 clock ticks): SPW_payload_driver STARTS RUNNING!
@601.296875ms (192415 clock ticks): SPW_payload_driver STOPS RUNNING!

@610.3000000000001ms (195296 clock ticks): Satellite Control COM STOPS RUNNING!

@700.0ms (224000 clock ticks): Satellite Control COM STARTS RUNNING!
@700.0ms (224000 clock ticks): SPW_payload_driver STARTS RUNNING!
@701.296875ms (224415 clock ticks): SPW_payload_driver STOPS RUNNING!

@710.3000000000001ms (227296 clock ticks): Satellite Control COM STOPS RUNNING!

@800.0ms (256000 clock ticks): Satellite Control COM STARTS RUNNING!
@800.0ms (256000 clock ticks): SPW_payload_driver STARTS RUNNING!
@801.296875ms (256415 clock ticks): SPW_payload_driver STOPS RUNNING!

@810.3000000000001ms (259296 clock ticks): Satellite Control COM STOPS RUNNING!

@900.0ms (288000 clock ticks): Satellite Control COM STARTS RUNNING!
@900.0ms (288000 clock ticks): I2C_Storage1 STARTS RUNNING!
@900.0ms (288000 clock ticks): SPW_payload_driver STARTS RUNNING!
@901.246875ms (288399 clock ticks): SPW_payload_driver STOPS RUNNING!

@910.3000000000001ms (291296 clock ticks): Satellite Control COM STOPS RUNNING!

@990.3000000000001ms (316896 clock ticks): I2C_Storage1 STOPS RUNNING!

@1000.0ms (320000 clock ticks): SPW_Acquisition1 STARTS RUNNING!
@1000.0ms (320000 clock ticks): Satellite Control COM STARTS RUNNING!
@1000.0ms (320000 clock ticks): SPW_payload_driver STARTS RUNNING!
@1001.296875ms (320415 clock ticks): SPW_payload_driver STOPS RUNNING!

@1010.3000000000001ms (323296 clock ticks): Satellite Control COM STOPS RUNNING!

@1020.0ms (326400 clock ticks): SPW_Acquisition2 STARTS RUNNING!
@1095.0ms (350400 clock ticks): SPW_Acquisition1 STOPS RUNNING!

@1100.0ms (352000 clock ticks): I2C_Storage2 STARTS RUNNING!
@1100.0ms (352000 clock ticks): Satellite Control COM STARTS RUNNING!
@1100.0ms (352000 clock ticks): SPW_payload_driver STARTS RUNNING!
@1101.3ms (352416 clock ticks): SPW_payload_driver STOPS RUNNING!

@1110.234375ms (355275 clock ticks): Satellite Control COM STOPS RUNNING!

@1115.0ms (356800 clock ticks): SPW_Acquisition2 STOPS RUNNING!

@1130.0ms (361600 clock ticks): FFT2 STARTS RUNNING!
@1190.3ms (380896 clock ticks): I2C_Storage2 STOPS RUNNING!

@1200.0ms (384000 clock ticks): FFT1 STARTS RUNNING!
@1200.0ms (384000 clock ticks): Satellite Control COM STARTS RUNNING!
@1200.0ms (384000 clock ticks): SPW_payload_driver STARTS RUNNING!
@1201.3968750000001ms (384447 clock ticks): SPW_payload_driver STOPS RUNNING!

@1210.403125ms (387329 clock ticks): Satellite Control COM STOPS RUNNING!


/**********************

*     simulation ends      *

**********************/

