@0.0ms (0 clock ticks): SPW_Acquisition1 STARTS RUNNING!
@0.0ms (0 clock ticks): SPW_payload_driver STARTS RUNNING!
@1.2000000000000002ms (384 clock ticks): SPW_payload_driver STOPS RUNNING!

@100.0ms (32000 clock ticks): SPW_Acquisition2 STARTS RUNNING!
@100.0ms (32000 clock ticks): Satellite Control MON STARTS RUNNING!
@100.0ms (32000 clock ticks): Satellite Control COM STARTS RUNNING!
@105.0ms (33600 clock ticks): SPW_Acquisition1 STOPS RUNNING!

@110.33437500000001ms (35307 clock ticks): Satellite Control COM STOPS RUNNING!

@110.37812500000001ms (35321 clock ticks): Satellite Control MON STOPS RUNNING!

@150.0ms (48000 clock ticks): Comparator STARTS RUNNING!
@151.20000000000002ms (48384 clock ticks): Comparator STOPS RUNNING!

@200.0ms (64000 clock ticks): FFT2 STARTS RUNNING!
@200.0ms (64000 clock ticks): Supervisor STARTS RUNNING!
@200.0ms (64000 clock ticks): FFT1 STARTS RUNNING!
@200.05625ms (64018 clock ticks): Satellite Control COM STARTS RUNNING!
@200.07500000000002ms (64024 clock ticks): Satellite Control MON STARTS RUNNING!
@202.484375ms (64795 clock ticks): Supervisor STOPS RUNNING!

@205.0ms (65600 clock ticks): SPW_Acquisition2 STOPS RUNNING!

@210.58437500000002ms (67387 clock ticks): Satellite Control MON STOPS RUNNING!

@210.659375ms (67411 clock ticks): Satellite Control COM STOPS RUNNING!

@250.0ms (80000 clock ticks): Comparator STARTS RUNNING!
@251.20000000000002ms (80384 clock ticks): Comparator STOPS RUNNING!

@300.0ms (96000 clock ticks): Supervisor STARTS RUNNING!
@300.05625000000003ms (96018 clock ticks): Satellite Control COM STARTS RUNNING!
@300.075ms (96024 clock ticks): Satellite Control MON STARTS RUNNING!
@302.27500000000003ms (96728 clock ticks): Supervisor STOPS RUNNING!

@310.40312500000005ms (99329 clock ticks): Satellite Control COM STOPS RUNNING!

@310.46562500000005ms (99349 clock ticks): Satellite Control MON STOPS RUNNING!

@350.0ms (112000 clock ticks): Comparator STARTS RUNNING!
@351.20000000000005ms (112384 clock ticks): Comparator STOPS RUNNING!

@400.0ms (128000 clock ticks): Supervisor STARTS RUNNING!
@400.09375ms (128030 clock ticks): Satellite Control COM STARTS RUNNING!
@400.11875000000003ms (128038 clock ticks): Satellite Control MON STARTS RUNNING!
@402.209375ms (128707 clock ticks): Supervisor STOPS RUNNING!

@410.484375ms (131355 clock ticks): Satellite Control COM STOPS RUNNING!

@410.49687500000005ms (131359 clock ticks): Satellite Control MON STOPS RUNNING!

@450.0ms (144000 clock ticks): Comparator STARTS RUNNING!
@451.20000000000005ms (144384 clock ticks): Comparator STOPS RUNNING!

@500.0ms (160000 clock ticks): Supervisor STARTS RUNNING!
@500.18125000000003ms (160058 clock ticks): Satellite Control COM STARTS RUNNING!
@500.21250000000003ms (160068 clock ticks): Satellite Control MON STARTS RUNNING!
@502.20000000000005ms (160704 clock ticks): Supervisor STOPS RUNNING!

@510.565625ms (163381 clock ticks): Satellite Control MON STOPS RUNNING!

@510.578125ms (163385 clock ticks): Satellite Control COM STOPS RUNNING!

@550.0ms (176000 clock ticks): Comparator STARTS RUNNING!
@551.2ms (176384 clock ticks): Comparator STOPS RUNNING!

@580.703125ms (185825 clock ticks): FFT1 STOPS RUNNING!

@580.8125ms (185860 clock ticks): FFT2 STOPS RUNNING!

@600.0ms (192000 clock ticks): Supervisor STARTS RUNNING!
@600.28125ms (192090 clock ticks): Satellite Control COM STARTS RUNNING!
@600.296875ms (192095 clock ticks): Satellite Control MON STARTS RUNNING!
@602.2ms (192704 clock ticks): Supervisor STOPS RUNNING!

@610.590625ms (195389 clock ticks): Satellite Control COM STOPS RUNNING!

@610.6375ms (195404 clock ticks): Satellite Control MON STOPS RUNNING!

@650.0ms (208000 clock ticks): Comparator STARTS RUNNING!
@651.2ms (208384 clock ticks): Comparator STOPS RUNNING!

@700.0ms (224000 clock ticks): Supervisor STARTS RUNNING!
@700.334375ms (224107 clock ticks): Satellite Control COM STARTS RUNNING!
@700.35ms (224112 clock ticks): Satellite Control MON STARTS RUNNING!
@702.2ms (224704 clock ticks): Supervisor STOPS RUNNING!

@710.6906250000001ms (227421 clock ticks): Satellite Control COM STOPS RUNNING!

@710.71875ms (227430 clock ticks): Satellite Control MON STOPS RUNNING!

@750.0ms (240000 clock ticks): Comparator STARTS RUNNING!
@751.2ms (240384 clock ticks): Comparator STOPS RUNNING!

@800.0ms (256000 clock ticks): Supervisor STARTS RUNNING!
@800.40625ms (256130 clock ticks): Satellite Control COM STARTS RUNNING!
@800.434375ms (256139 clock ticks): Satellite Control MON STARTS RUNNING!
@802.2ms (256704 clock ticks): Supervisor STOPS RUNNING!

@810.75ms (259440 clock ticks): Satellite Control COM STOPS RUNNING!

@810.7750000000001ms (259448 clock ticks): Satellite Control MON STOPS RUNNING!

@850.0ms (272000 clock ticks): Comparator STARTS RUNNING!
@851.2ms (272384 clock ticks): Comparator STOPS RUNNING!

@900.0ms (288000 clock ticks): I2C_Storage1 STARTS RUNNING!
@900.0ms (288000 clock ticks): Supervisor STARTS RUNNING!
@900.48125ms (288154 clock ticks): Satellite Control COM STARTS RUNNING!
@900.5ms (288160 clock ticks): Satellite Control MON STARTS RUNNING!
@902.2ms (288704 clock ticks): Supervisor STOPS RUNNING!

@910.8218750000001ms (291463 clock ticks): Satellite Control COM STOPS RUNNING!

@910.8468750000001ms (291471 clock ticks): Satellite Control MON STOPS RUNNING!

@950.0ms (304000 clock ticks): Comparator STARTS RUNNING!
@951.2ms (304384 clock ticks): Comparator STOPS RUNNING!

@990.3000000000001ms (316896 clock ticks): I2C_Storage1 STOPS RUNNING!

@1000.0ms (320000 clock ticks): SPW_Acquisition1 STARTS RUNNING!
@1000.0ms (320000 clock ticks): Supervisor STARTS RUNNING!
@1000.0ms (320000 clock ticks): SPW_payload_driver STARTS RUNNING!
@1000.5562500000001ms (320178 clock ticks): Satellite Control COM STARTS RUNNING!
@1000.5656250000001ms (320181 clock ticks): Satellite Control MON STARTS RUNNING!
@1001.2875ms (320412 clock ticks): SPW_payload_driver STOPS RUNNING!

@1002.3000000000001ms (320736 clock ticks): Supervisor STOPS RUNNING!

@1010.921875ms (323495 clock ticks): Satellite Control COM STOPS RUNNING!

@1010.928125ms (323497 clock ticks): Satellite Control MON STOPS RUNNING!

@1050.0ms (336000 clock ticks): Comparator STARTS RUNNING!
@1051.2ms (336384 clock ticks): Comparator STOPS RUNNING!

@1100.0ms (352000 clock ticks): SPW_Acquisition2 STARTS RUNNING!
@1100.0ms (352000 clock ticks): I2C_Storage2 STARTS RUNNING!
@1100.0ms (352000 clock ticks): Supervisor STARTS RUNNING!
@1100.634375ms (352203 clock ticks): Satellite Control MON STARTS RUNNING!
@1100.65ms (352208 clock ticks): Satellite Control COM STARTS RUNNING!
@1102.2ms (352704 clock ticks): Supervisor STOPS RUNNING!

@1105.0ms (353600 clock ticks): SPW_Acquisition1 STOPS RUNNING!

@1111.003125ms (355521 clock ticks): Satellite Control MON STOPS RUNNING!

@1111.015625ms (355525 clock ticks): Satellite Control COM STOPS RUNNING!

@1150.0ms (368000 clock ticks): Comparator STARTS RUNNING!
@1151.2ms (368384 clock ticks): Comparator STOPS RUNNING!

@1190.3ms (380896 clock ticks): I2C_Storage2 STOPS RUNNING!

@1200.0ms (384000 clock ticks): Supervisor STARTS RUNNING!
@1200.190625ms (384061 clock ticks): FFT1 STARTS RUNNING!
@1200.2125ms (384068 clock ticks): FFT2 STARTS RUNNING!
@1200.721875ms (384231 clock ticks): Satellite Control MON STARTS RUNNING!
@1200.728125ms (384233 clock ticks): Satellite Control COM STARTS RUNNING!
@1202.2ms (384704 clock ticks): Supervisor STOPS RUNNING!

@1205.0ms (385600 clock ticks): SPW_Acquisition2 STOPS RUNNING!

@1211.278125ms (387609 clock ticks): Satellite Control COM STOPS RUNNING!

@1211.3187500000001ms (387622 clock ticks): Satellite Control MON STOPS RUNNING!


/**********************

*     simulation ends      *

**********************/

