@0.0ms (0 clock ticks): SPW_payload_driver STARTS RUNNING!
@0.0ms (0 clock ticks): SPW_Acquisition1 STARTS RUNNING!
@1.2000000000000002ms (384 clock ticks): SPW_payload_driver STOPS RUNNING!

@100.0ms (32000 clock ticks): SPW_Acquisition2 STARTS RUNNING!
@100.0ms (32000 clock ticks): Satellite Control MON STARTS RUNNING!
@100.0ms (32000 clock ticks): Satellite Control COM STARTS RUNNING!
@105.0ms (33600 clock ticks): SPW_Acquisition1 STOPS RUNNING!

@110.30000000000001ms (35296 clock ticks): Satellite Control COM STOPS RUNNING!

@110.35000000000001ms (35312 clock ticks): Satellite Control MON STOPS RUNNING!

@150.0ms (48000 clock ticks): Comparator STARTS RUNNING!
@151.20000000000002ms (48384 clock ticks): Comparator STOPS RUNNING!

@200.0ms (64000 clock ticks): Supervisor STARTS RUNNING!
@200.0ms (64000 clock ticks): FFT1 STARTS RUNNING!
@200.05ms (64016 clock ticks): Satellite Control MON STARTS RUNNING!
@200.05ms (64016 clock ticks): Satellite Control COM STARTS RUNNING!
@202.30937500000002ms (64739 clock ticks): Supervisor STOPS RUNNING!

@205.0ms (65600 clock ticks): SPW_Acquisition2 STOPS RUNNING!

@210.471875ms (67351 clock ticks): Satellite Control COM STOPS RUNNING!

@210.546875ms (67375 clock ticks): Satellite Control MON STOPS RUNNING!

@250.0ms (80000 clock ticks): Comparator STARTS RUNNING!
@251.20000000000002ms (80384 clock ticks): Comparator STOPS RUNNING!

@290.0ms (92800 clock ticks): FFT2 STARTS RUNNING!
@300.0ms (96000 clock ticks): Supervisor STARTS RUNNING!
@300.075ms (96024 clock ticks): Satellite Control COM STARTS RUNNING!
@300.096875ms (96031 clock ticks): Satellite Control MON STARTS RUNNING!
@302.4125ms (96772 clock ticks): Supervisor STOPS RUNNING!

@310.62187500000005ms (99399 clock ticks): Satellite Control COM STOPS RUNNING!

@310.63125ms (99402 clock ticks): Satellite Control MON STOPS RUNNING!

@350.0ms (112000 clock ticks): Comparator STARTS RUNNING!
@351.20000000000005ms (112384 clock ticks): Comparator STOPS RUNNING!

@400.0ms (128000 clock ticks): Supervisor STARTS RUNNING!
@400.16562500000003ms (128053 clock ticks): Satellite Control COM STARTS RUNNING!
@400.1875ms (128060 clock ticks): Satellite Control MON STARTS RUNNING!
@402.20000000000005ms (128704 clock ticks): Supervisor STOPS RUNNING!

@410.521875ms (131367 clock ticks): Satellite Control COM STOPS RUNNING!

@410.54375000000005ms (131374 clock ticks): Satellite Control MON STOPS RUNNING!

@450.0ms (144000 clock ticks): Comparator STARTS RUNNING!
@451.20000000000005ms (144384 clock ticks): Comparator STOPS RUNNING!

@500.0ms (160000 clock ticks): Supervisor STARTS RUNNING!
@500.24375000000003ms (160078 clock ticks): Satellite Control COM STARTS RUNNING!
@500.265625ms (160085 clock ticks): Satellite Control MON STARTS RUNNING!
@502.20000000000005ms (160704 clock ticks): Supervisor STOPS RUNNING!

@510.6ms (163392 clock ticks): Satellite Control COM STOPS RUNNING!

@510.62187500000005ms (163399 clock ticks): Satellite Control MON STOPS RUNNING!

@550.0ms (176000 clock ticks): Comparator STARTS RUNNING!
@551.2ms (176384 clock ticks): Comparator STOPS RUNNING!

@565.6ms (180992 clock ticks): FFT1 STOPS RUNNING!

@600.0ms (192000 clock ticks): Supervisor STARTS RUNNING!
@600.321875ms (192103 clock ticks): Satellite Control COM STARTS RUNNING!
@600.34375ms (192110 clock ticks): Satellite Control MON STARTS RUNNING!
@602.2ms (192704 clock ticks): Supervisor STOPS RUNNING!

@610.678125ms (195417 clock ticks): Satellite Control COM STOPS RUNNING!

@610.7ms (195424 clock ticks): Satellite Control MON STOPS RUNNING!

@650.0ms (208000 clock ticks): Comparator STARTS RUNNING!
@651.2ms (208384 clock ticks): Comparator STOPS RUNNING!

@655.6ms (209792 clock ticks): FFT2 STOPS RUNNING!

@700.0ms (224000 clock ticks): Supervisor STARTS RUNNING!
@700.4000000000001ms (224128 clock ticks): Satellite Control COM STARTS RUNNING!
@700.421875ms (224135 clock ticks): Satellite Control MON STARTS RUNNING!
@702.2ms (224704 clock ticks): Supervisor STOPS RUNNING!

@710.75625ms (227442 clock ticks): Satellite Control COM STOPS RUNNING!

@710.778125ms (227449 clock ticks): Satellite Control MON STOPS RUNNING!

@750.0ms (240000 clock ticks): Comparator STARTS RUNNING!
@751.2ms (240384 clock ticks): Comparator STOPS RUNNING!

@800.0ms (256000 clock ticks): Supervisor STARTS RUNNING!
@800.4781250000001ms (256153 clock ticks): Satellite Control COM STARTS RUNNING!
@800.5ms (256160 clock ticks): Satellite Control MON STARTS RUNNING!
@802.2ms (256704 clock ticks): Supervisor STOPS RUNNING!

@810.834375ms (259467 clock ticks): Satellite Control COM STOPS RUNNING!

@810.85625ms (259474 clock ticks): Satellite Control MON STOPS RUNNING!

@850.0ms (272000 clock ticks): Comparator STARTS RUNNING!
@851.2ms (272384 clock ticks): Comparator STOPS RUNNING!

@900.0ms (288000 clock ticks): Supervisor STARTS RUNNING!
@900.0ms (288000 clock ticks): I2C_Storage1 STARTS RUNNING!
@900.5562500000001ms (288178 clock ticks): Satellite Control COM STARTS RUNNING!
@900.578125ms (288185 clock ticks): Satellite Control MON STARTS RUNNING!
@902.2ms (288704 clock ticks): Supervisor STOPS RUNNING!

@910.9125ms (291492 clock ticks): Satellite Control COM STOPS RUNNING!

@910.934375ms (291499 clock ticks): Satellite Control MON STOPS RUNNING!

@950.0ms (304000 clock ticks): Comparator STARTS RUNNING!
@951.2ms (304384 clock ticks): Comparator STOPS RUNNING!

@990.3000000000001ms (316896 clock ticks): I2C_Storage1 STOPS RUNNING!

@1000.0ms (320000 clock ticks): Supervisor STARTS RUNNING!
@1000.0ms (320000 clock ticks): SPW_payload_driver STARTS RUNNING!
@1000.0ms (320000 clock ticks): SPW_Acquisition1 STARTS RUNNING!
@1000.6343750000001ms (320203 clock ticks): Satellite Control COM STARTS RUNNING!
@1000.65625ms (320210 clock ticks): Satellite Control MON STARTS RUNNING!
@1001.296875ms (320415 clock ticks): SPW_payload_driver STOPS RUNNING!

@1002.3000000000001ms (320736 clock ticks): Supervisor STOPS RUNNING!

@1010.990625ms (323517 clock ticks): Satellite Control COM STOPS RUNNING!

@1011.0125ms (323524 clock ticks): Satellite Control MON STOPS RUNNING!

@1050.0ms (336000 clock ticks): Comparator STARTS RUNNING!
@1051.2ms (336384 clock ticks): Comparator STOPS RUNNING!

@1100.0ms (352000 clock ticks): Supervisor STARTS RUNNING!
@1100.0ms (352000 clock ticks): SPW_Acquisition2 STARTS RUNNING!
@1100.0ms (352000 clock ticks): I2C_Storage2 STARTS RUNNING!
@1100.7125ms (352228 clock ticks): Satellite Control COM STARTS RUNNING!
@1100.734375ms (352235 clock ticks): Satellite Control MON STARTS RUNNING!
@1102.2ms (352704 clock ticks): Supervisor STOPS RUNNING!

@1105.0ms (353600 clock ticks): SPW_Acquisition1 STOPS RUNNING!

@1110.9875ms (355516 clock ticks): Satellite Control COM STOPS RUNNING!

@1111.05ms (355536 clock ticks): Satellite Control MON STOPS RUNNING!

