@0.0ms (0 clock ticks): SPW_Acquisition1 STARTS RUNNING!
@0.0ms (0 clock ticks): SPW_payload_driver STARTS RUNNING!
@1.2000000000000002ms (384 clock ticks): SPW_payload_driver STOPS RUNNING!

@100.0ms (32000 clock ticks): Satellite Control COM STARTS RUNNING!
@100.0ms (32000 clock ticks): Satellite Control MON STARTS RUNNING!
@105.0ms (33600 clock ticks): SPW_Acquisition1 STOPS RUNNING!

@110.35625ms (35314 clock ticks): Satellite Control MON STOPS RUNNING!

@110.39375000000001ms (35326 clock ticks): Satellite Control COM STOPS RUNNING!

@120.0ms (38400 clock ticks): SPW_Acquisition2 STARTS RUNNING!
@150.0ms (48000 clock ticks): Comparator STARTS RUNNING!
@151.20000000000002ms (48384 clock ticks): Comparator STOPS RUNNING!

@200.0ms (64000 clock ticks): FFT2 STARTS RUNNING!
@200.0ms (64000 clock ticks): Supervisor STARTS RUNNING!
@200.0ms (64000 clock ticks): FFT1 STARTS RUNNING!
@200.0625ms (64020 clock ticks): Satellite Control MON STARTS RUNNING!
@200.09375ms (64030 clock ticks): Satellite Control COM STARTS RUNNING!
@202.51250000000002ms (64804 clock ticks): Supervisor STOPS RUNNING!

@210.74687500000002ms (67439 clock ticks): Satellite Control MON STOPS RUNNING!

@210.77812500000002ms (67449 clock ticks): Satellite Control COM STOPS RUNNING!

@225.0ms (72000 clock ticks): SPW_Acquisition2 STOPS RUNNING!

@250.0ms (80000 clock ticks): Comparator STARTS RUNNING!
@251.20000000000002ms (80384 clock ticks): Comparator STOPS RUNNING!

@300.0ms (96000 clock ticks): Supervisor STARTS RUNNING!
@300.0625ms (96020 clock ticks): Satellite Control MON STARTS RUNNING!
@300.09375ms (96030 clock ticks): Satellite Control COM STARTS RUNNING!
@302.2875ms (96732 clock ticks): Supervisor STOPS RUNNING!

@310.425ms (99336 clock ticks): Satellite Control MON STOPS RUNNING!

@310.471875ms (99351 clock ticks): Satellite Control COM STOPS RUNNING!

@350.0ms (112000 clock ticks): Comparator STARTS RUNNING!
@351.20000000000005ms (112384 clock ticks): Comparator STOPS RUNNING!

@400.0ms (128000 clock ticks): Supervisor STARTS RUNNING!
@400.115625ms (128037 clock ticks): Satellite Control MON STARTS RUNNING!
@400.1625ms (128052 clock ticks): Satellite Control COM STARTS RUNNING!
@402.20000000000005ms (128704 clock ticks): Supervisor STOPS RUNNING!

@410.43125000000003ms (131338 clock ticks): Satellite Control MON STOPS RUNNING!

@410.48125000000005ms (131354 clock ticks): Satellite Control COM STOPS RUNNING!

@450.0ms (144000 clock ticks): Comparator STARTS RUNNING!
@451.20000000000005ms (144384 clock ticks): Comparator STOPS RUNNING!

@500.0ms (160000 clock ticks): Supervisor STARTS RUNNING!
@500.16562500000003ms (160053 clock ticks): Satellite Control MON STARTS RUNNING!
@500.22812500000003ms (160073 clock ticks): Satellite Control COM STARTS RUNNING!
@502.20000000000005ms (160704 clock ticks): Supervisor STOPS RUNNING!

@510.428125ms (163337 clock ticks): Satellite Control MON STOPS RUNNING!

@510.49687500000005ms (163359 clock ticks): Satellite Control COM STOPS RUNNING!

@550.0ms (176000 clock ticks): Comparator STARTS RUNNING!
@551.2ms (176384 clock ticks): Comparator STOPS RUNNING!

@580.29375ms (185694 clock ticks): FFT1 STOPS RUNNING!

@580.6ms (185792 clock ticks): FFT2 STOPS RUNNING!

@600.0ms (192000 clock ticks): Supervisor STARTS RUNNING!
@600.196875ms (192063 clock ticks): Satellite Control MON STARTS RUNNING!
@600.259375ms (192083 clock ticks): Satellite Control COM STARTS RUNNING!
@602.2ms (192704 clock ticks): Supervisor STOPS RUNNING!

@610.446875ms (195343 clock ticks): Satellite Control MON STOPS RUNNING!

@610.5375ms (195372 clock ticks): Satellite Control COM STOPS RUNNING!

@650.0ms (208000 clock ticks): Comparator STARTS RUNNING!
@651.2ms (208384 clock ticks): Comparator STOPS RUNNING!

@700.0ms (224000 clock ticks): Supervisor STARTS RUNNING!
@700.2062500000001ms (224066 clock ticks): Satellite Control MON STARTS RUNNING!
@700.29375ms (224094 clock ticks): Satellite Control COM STARTS RUNNING!
@702.2ms (224704 clock ticks): Supervisor STOPS RUNNING!

@710.4625000000001ms (227348 clock ticks): Satellite Control MON STOPS RUNNING!

@710.5406250000001ms (227373 clock ticks): Satellite Control COM STOPS RUNNING!

@750.0ms (240000 clock ticks): Comparator STARTS RUNNING!
@751.2ms (240384 clock ticks): Comparator STOPS RUNNING!

@800.0ms (256000 clock ticks): Supervisor STARTS RUNNING!
@800.2281250000001ms (256073 clock ticks): Satellite Control MON STARTS RUNNING!
@800.31875ms (256102 clock ticks): Satellite Control COM STARTS RUNNING!
@802.2ms (256704 clock ticks): Supervisor STOPS RUNNING!

@810.434375ms (259339 clock ticks): Satellite Control MON STOPS RUNNING!

@810.5343750000001ms (259371 clock ticks): Satellite Control COM STOPS RUNNING!

@850.0ms (272000 clock ticks): Comparator STARTS RUNNING!
@851.2ms (272384 clock ticks): Comparator STOPS RUNNING!

@900.0ms (288000 clock ticks): I2C_Storage1 STARTS RUNNING!
@900.0ms (288000 clock ticks): Supervisor STARTS RUNNING!
@900.2281250000001ms (288073 clock ticks): Satellite Control MON STARTS RUNNING!
@900.31875ms (288102 clock ticks): Satellite Control COM STARTS RUNNING!
@902.2ms (288704 clock ticks): Supervisor STOPS RUNNING!

@910.44375ms (291342 clock ticks): Satellite Control MON STOPS RUNNING!

@910.5343750000001ms (291371 clock ticks): Satellite Control COM STOPS RUNNING!

@950.0ms (304000 clock ticks): Comparator STARTS RUNNING!
@951.2ms (304384 clock ticks): Comparator STOPS RUNNING!

@990.3000000000001ms (316896 clock ticks): I2C_Storage1 STOPS RUNNING!

@1000.0ms (320000 clock ticks): SPW_Acquisition1 STARTS RUNNING!
@1000.0ms (320000 clock ticks): Supervisor STARTS RUNNING!
@1000.0ms (320000 clock ticks): SPW_payload_driver STARTS RUNNING!
@1000.2375000000001ms (320076 clock ticks): Satellite Control MON STARTS RUNNING!
@1000.3218750000001ms (320103 clock ticks): Satellite Control COM STARTS RUNNING!
@1001.3000000000001ms (320416 clock ticks): SPW_payload_driver STOPS RUNNING!

@1002.2625ms (320724 clock ticks): Supervisor STOPS RUNNING!

@1010.5ms (323360 clock ticks): Satellite Control MON STOPS RUNNING!

@1010.5656250000001ms (323381 clock ticks): Satellite Control COM STOPS RUNNING!

@1050.0ms (336000 clock ticks): Comparator STARTS RUNNING!
@1051.2ms (336384 clock ticks): Comparator STOPS RUNNING!

@1100.0ms (352000 clock ticks): I2C_Storage2 STARTS RUNNING!
@1100.0ms (352000 clock ticks): Supervisor STARTS RUNNING!
@1100.2718750000001ms (352087 clock ticks): Satellite Control MON STARTS RUNNING!
@1100.346875ms (352111 clock ticks): Satellite Control COM STARTS RUNNING!
@1102.2ms (352704 clock ticks): Supervisor STOPS RUNNING!

@1105.0ms (353600 clock ticks): SPW_Acquisition1 STOPS RUNNING!

@1110.4906250000001ms (355357 clock ticks): Satellite Control MON STOPS RUNNING!

@1110.58125ms (355386 clock ticks): Satellite Control COM STOPS RUNNING!

@1120.0ms (358400 clock ticks): SPW_Acquisition2 STARTS RUNNING!
@1150.0ms (368000 clock ticks): Comparator STARTS RUNNING!
@1151.2ms (368384 clock ticks): Comparator STOPS RUNNING!

@1190.3ms (380896 clock ticks): I2C_Storage2 STOPS RUNNING!

@1200.0ms (384000 clock ticks): FFT2 STARTS RUNNING!
@1200.0ms (384000 clock ticks): Supervisor STARTS RUNNING!
@1200.0ms (384000 clock ticks): FFT1 STARTS RUNNING!
@1200.28125ms (384090 clock ticks): Satellite Control MON STARTS RUNNING!
@1200.3500000000001ms (384112 clock ticks): Satellite Control COM STARTS RUNNING!
@1202.384375ms (384763 clock ticks): Supervisor STOPS RUNNING!

@1210.83125ms (387466 clock ticks): Satellite Control MON STOPS RUNNING!

@1210.871875ms (387479 clock ticks): Satellite Control COM STOPS RUNNING!

@1225.0ms (392000 clock ticks): SPW_Acquisition2 STOPS RUNNING!


/**********************

*     simulation ends      *

**********************/

