@0.0ms (0 clock ticks): SPW_Acquisition2 STARTS RUNNING!
@0.0ms (0 clock ticks): SPW_Acquisition1 STARTS RUNNING!
@0.0ms (0 clock ticks): SPW_payload_driver STARTS RUNNING!
@1.2000000000000002ms (384 clock ticks): SPW_payload_driver STOPS RUNNING!

@100.0ms (32000 clock ticks): Satellite Control COM STARTS RUNNING!
@100.0ms (32000 clock ticks): Satellite Control MON STARTS RUNNING!
@110.321875ms (35303 clock ticks): Satellite Control MON STOPS RUNNING!

@110.353125ms (35313 clock ticks): Satellite Control COM STOPS RUNNING!

@119.45625000000001ms (38226 clock ticks): SPW_Acquisition1 STOPS RUNNING!

@120.0ms (38400 clock ticks): SPW_Acquisition2 STOPS RUNNING!

@150.0ms (48000 clock ticks): Comparator STARTS RUNNING!
@151.20000000000002ms (48384 clock ticks): Comparator STOPS RUNNING!

@200.0ms (64000 clock ticks): FFT1 STARTS RUNNING!
@200.0ms (64000 clock ticks): Supervisor STARTS RUNNING!
@200.05312500000002ms (64017 clock ticks): Satellite Control COM STARTS RUNNING!
@200.06875000000002ms (64022 clock ticks): Satellite Control MON STARTS RUNNING!
@202.378125ms (64761 clock ticks): Supervisor STOPS RUNNING!

@210.48125000000002ms (67354 clock ticks): Satellite Control COM STOPS RUNNING!

@210.58125ms (67386 clock ticks): Satellite Control MON STOPS RUNNING!

@250.0ms (80000 clock ticks): Comparator STARTS RUNNING!
@251.20000000000002ms (80384 clock ticks): Comparator STOPS RUNNING!

@260.0ms (83200 clock ticks): FFT2 STARTS RUNNING!
@300.0ms (96000 clock ticks): Supervisor STARTS RUNNING!
@300.053125ms (96017 clock ticks): Satellite Control COM STARTS RUNNING!
@300.06875ms (96022 clock ticks): Satellite Control MON STARTS RUNNING!
@302.27500000000003ms (96728 clock ticks): Supervisor STOPS RUNNING!

@310.459375ms (99347 clock ticks): Satellite Control MON STOPS RUNNING!

@310.484375ms (99355 clock ticks): Satellite Control COM STOPS RUNNING!

@350.0ms (112000 clock ticks): Comparator STARTS RUNNING!
@351.20000000000005ms (112384 clock ticks): Comparator STOPS RUNNING!

@400.0ms (128000 clock ticks): Supervisor STARTS RUNNING!
@400.128125ms (128041 clock ticks): Satellite Control MON STARTS RUNNING!
@400.15312500000005ms (128049 clock ticks): Satellite Control COM STARTS RUNNING!
@402.20000000000005ms (128704 clock ticks): Supervisor STOPS RUNNING!

@410.46250000000003ms (131348 clock ticks): Satellite Control MON STOPS RUNNING!

@410.49375000000003ms (131358 clock ticks): Satellite Control COM STOPS RUNNING!

@450.0ms (144000 clock ticks): Comparator STARTS RUNNING!
@451.20000000000005ms (144384 clock ticks): Comparator STOPS RUNNING!

@500.0ms (160000 clock ticks): Supervisor STARTS RUNNING!
@500.19687500000003ms (160063 clock ticks): Satellite Control MON STARTS RUNNING!
@500.209375ms (160067 clock ticks): Satellite Control COM STARTS RUNNING!
@502.20000000000005ms (160704 clock ticks): Supervisor STOPS RUNNING!

@510.5625ms (163380 clock ticks): Satellite Control MON STOPS RUNNING!

@510.59375ms (163390 clock ticks): Satellite Control COM STOPS RUNNING!

@550.0ms (176000 clock ticks): Comparator STARTS RUNNING!
@551.2ms (176384 clock ticks): Comparator STOPS RUNNING!

@565.6ms (180992 clock ticks): FFT1 STOPS RUNNING!

@600.0ms (192000 clock ticks): Supervisor STARTS RUNNING!
@600.2625ms (192084 clock ticks): Satellite Control MON STARTS RUNNING!
@600.309375ms (192099 clock ticks): Satellite Control COM STARTS RUNNING!
@602.2ms (192704 clock ticks): Supervisor STOPS RUNNING!

@610.584375ms (195387 clock ticks): Satellite Control MON STOPS RUNNING!

@610.63125ms (195402 clock ticks): Satellite Control COM STOPS RUNNING!

@625.3000000000001ms (200096 clock ticks): FFT2 STOPS RUNNING!

@650.0ms (208000 clock ticks): Comparator STARTS RUNNING!
@651.2ms (208384 clock ticks): Comparator STOPS RUNNING!

@700.0ms (224000 clock ticks): Supervisor STARTS RUNNING!
@700.3156250000001ms (224101 clock ticks): Satellite Control MON STARTS RUNNING!
@700.375ms (224120 clock ticks): Satellite Control COM STARTS RUNNING!
@702.2ms (224704 clock ticks): Supervisor STOPS RUNNING!

@710.5875000000001ms (227388 clock ticks): Satellite Control MON STOPS RUNNING!

@710.6625ms (227412 clock ticks): Satellite Control COM STOPS RUNNING!

@750.0ms (240000 clock ticks): Comparator STARTS RUNNING!
@751.2ms (240384 clock ticks): Comparator STOPS RUNNING!

@800.0ms (256000 clock ticks): Supervisor STARTS RUNNING!
@800.340625ms (256109 clock ticks): Satellite Control MON STARTS RUNNING!
@800.4093750000001ms (256131 clock ticks): Satellite Control COM STARTS RUNNING!
@802.2ms (256704 clock ticks): Supervisor STOPS RUNNING!

@810.6031250000001ms (259393 clock ticks): Satellite Control MON STOPS RUNNING!

@810.66875ms (259414 clock ticks): Satellite Control COM STOPS RUNNING!

@850.0ms (272000 clock ticks): Comparator STARTS RUNNING!
@851.2ms (272384 clock ticks): Comparator STOPS RUNNING!

@900.0ms (288000 clock ticks): Supervisor STARTS RUNNING!
@900.0ms (288000 clock ticks): I2C_Storage1 STARTS RUNNING!
@900.375ms (288120 clock ticks): Satellite Control MON STARTS RUNNING!
@900.4375ms (288140 clock ticks): Satellite Control COM STARTS RUNNING!
@902.2ms (288704 clock ticks): Supervisor STOPS RUNNING!

@910.63125ms (291402 clock ticks): Satellite Control MON STOPS RUNNING!

@910.709375ms (291427 clock ticks): Satellite Control COM STOPS RUNNING!

@950.0ms (304000 clock ticks): Comparator STARTS RUNNING!
@951.2ms (304384 clock ticks): Comparator STOPS RUNNING!

@990.3000000000001ms (316896 clock ticks): I2C_Storage1 STOPS RUNNING!

@1000.0ms (320000 clock ticks): SPW_Acquisition2 STARTS RUNNING!
@1000.0ms (320000 clock ticks): SPW_Acquisition1 STARTS RUNNING!
@1000.0ms (320000 clock ticks): SPW_payload_driver STARTS RUNNING!
@1000.0ms (320000 clock ticks): Supervisor STARTS RUNNING!
@1000.396875ms (320127 clock ticks): Satellite Control MON STARTS RUNNING!
@1000.46875ms (320150 clock ticks): Satellite Control COM STARTS RUNNING!
@1001.3000000000001ms (320416 clock ticks): SPW_payload_driver STOPS RUNNING!

@1002.2843750000001ms (320731 clock ticks): Supervisor STOPS RUNNING!

@1010.640625ms (323405 clock ticks): Satellite Control MON STOPS RUNNING!

@1010.7281250000001ms (323433 clock ticks): Satellite Control COM STOPS RUNNING!

@1050.0ms (336000 clock ticks): Comparator STARTS RUNNING!
@1051.2ms (336384 clock ticks): Comparator STOPS RUNNING!

@1100.0ms (352000 clock ticks): Supervisor STARTS RUNNING!
@1100.0ms (352000 clock ticks): I2C_Storage2 STARTS RUNNING!
@1100.409375ms (352131 clock ticks): Satellite Control MON STARTS RUNNING!
@1100.49375ms (352158 clock ticks): Satellite Control COM STARTS RUNNING!
@1102.2ms (352704 clock ticks): Supervisor STOPS RUNNING!

@1110.6312500000001ms (355402 clock ticks): Satellite Control MON STOPS RUNNING!

@1110.7250000000001ms (355432 clock ticks): Satellite Control COM STOPS RUNNING!

@1119.346875ms (358191 clock ticks): SPW_Acquisition2 STOPS RUNNING!

@1120.0ms (358400 clock ticks): SPW_Acquisition1 STOPS RUNNING!

@1150.0ms (368000 clock ticks): Comparator STARTS RUNNING!
@1151.2ms (368384 clock ticks): Comparator STOPS RUNNING!

@1190.3ms (380896 clock ticks): I2C_Storage2 STOPS RUNNING!

@1200.0ms (384000 clock ticks): FFT1 STARTS RUNNING!
@1200.0ms (384000 clock ticks): Supervisor STARTS RUNNING!
@1200.415625ms (384133 clock ticks): Satellite Control MON STARTS RUNNING!
@1200.509375ms (384163 clock ticks): Satellite Control COM STARTS RUNNING!
@1202.284375ms (384731 clock ticks): Supervisor STOPS RUNNING!

@1210.7625ms (387444 clock ticks): Satellite Control MON STOPS RUNNING!

@1210.8500000000001ms (387472 clock ticks): Satellite Control COM STOPS RUNNING!


/**********************

*     simulation ends      *

**********************/

