@0.0ms (0 clock ticks): SPW_payload_driver STARTS RUNNING!
@0.0ms (0 clock ticks): SPW_Acquisition1 STARTS RUNNING!
@1.2000000000000002ms (384 clock ticks): SPW_payload_driver STOPS RUNNING!

@50.0ms (16000 clock ticks): SPW_Acquisition2 STARTS RUNNING!
@100.0ms (32000 clock ticks): Satellite Control MON STARTS RUNNING!
@100.0ms (32000 clock ticks): Satellite Control COM STARTS RUNNING!
@105.0ms (33600 clock ticks): SPW_Acquisition1 STOPS RUNNING!

@110.30000000000001ms (35296 clock ticks): Satellite Control COM STOPS RUNNING!

@110.35000000000001ms (35312 clock ticks): Satellite Control MON STOPS RUNNING!

@150.0ms (48000 clock ticks): Comparator STARTS RUNNING!
@150.0ms (48000 clock ticks): FFT2 STARTS RUNNING!
@151.25ms (48400 clock ticks): Comparator STOPS RUNNING!

@155.0ms (49600 clock ticks): SPW_Acquisition2 STOPS RUNNING!

@200.0ms (64000 clock ticks): Supervisor STARTS RUNNING!
@200.0ms (64000 clock ticks): FFT1 STARTS RUNNING!
@200.05ms (64016 clock ticks): Satellite Control MON STARTS RUNNING!
@200.05ms (64016 clock ticks): Satellite Control COM STARTS RUNNING!
@202.440625ms (64781 clock ticks): Supervisor STOPS RUNNING!

@210.56875000000002ms (67382 clock ticks): Satellite Control COM STOPS RUNNING!

@210.61875ms (67398 clock ticks): Satellite Control MON STOPS RUNNING!

@250.0ms (80000 clock ticks): Comparator STARTS RUNNING!
@251.20000000000002ms (80384 clock ticks): Comparator STOPS RUNNING!

@300.0ms (96000 clock ticks): Supervisor STARTS RUNNING!
@300.096875ms (96031 clock ticks): Satellite Control COM STARTS RUNNING!
@300.15000000000003ms (96048 clock ticks): Satellite Control MON STARTS RUNNING!
@302.203125ms (96705 clock ticks): Supervisor STOPS RUNNING!

@310.40000000000003ms (99328 clock ticks): Satellite Control COM STOPS RUNNING!

@310.45000000000005ms (99344 clock ticks): Satellite Control MON STOPS RUNNING!

@350.0ms (112000 clock ticks): Comparator STARTS RUNNING!
@351.20000000000005ms (112384 clock ticks): Comparator STOPS RUNNING!

@400.0ms (128000 clock ticks): Supervisor STARTS RUNNING!
@400.146875ms (128047 clock ticks): Satellite Control COM STARTS RUNNING!
@400.20000000000005ms (128064 clock ticks): Satellite Control MON STARTS RUNNING!
@402.20000000000005ms (128704 clock ticks): Supervisor STOPS RUNNING!

@410.440625ms (131341 clock ticks): Satellite Control COM STOPS RUNNING!

@410.49375000000003ms (131358 clock ticks): Satellite Control MON STOPS RUNNING!

@450.0ms (144000 clock ticks): Comparator STARTS RUNNING!
@451.20000000000005ms (144384 clock ticks): Comparator STOPS RUNNING!

@500.0ms (160000 clock ticks): Supervisor STARTS RUNNING!
@500.19375ms (160062 clock ticks): Satellite Control COM STARTS RUNNING!
@500.24687500000005ms (160079 clock ticks): Satellite Control MON STARTS RUNNING!
@502.20000000000005ms (160704 clock ticks): Supervisor STOPS RUNNING!

@510.4875ms (163356 clock ticks): Satellite Control COM STOPS RUNNING!

@510.54062500000003ms (163373 clock ticks): Satellite Control MON STOPS RUNNING!

@515.4ms (164928 clock ticks): FFT2 STOPS RUNNING!

@550.0ms (176000 clock ticks): Comparator STARTS RUNNING!
@551.2ms (176384 clock ticks): Comparator STOPS RUNNING!

@565.6ms (180992 clock ticks): FFT1 STOPS RUNNING!

@600.0ms (192000 clock ticks): Supervisor STARTS RUNNING!
@600.240625ms (192077 clock ticks): Satellite Control COM STARTS RUNNING!
@600.29375ms (192094 clock ticks): Satellite Control MON STARTS RUNNING!
@602.2ms (192704 clock ticks): Supervisor STOPS RUNNING!

@610.5343750000001ms (195371 clock ticks): Satellite Control COM STOPS RUNNING!

@610.5875ms (195388 clock ticks): Satellite Control MON STOPS RUNNING!

@650.0ms (208000 clock ticks): Comparator STARTS RUNNING!
@651.2ms (208384 clock ticks): Comparator STOPS RUNNING!

@700.0ms (224000 clock ticks): Supervisor STARTS RUNNING!
@700.2875ms (224092 clock ticks): Satellite Control COM STARTS RUNNING!
@700.340625ms (224109 clock ticks): Satellite Control MON STARTS RUNNING!
@702.2ms (224704 clock ticks): Supervisor STOPS RUNNING!

@710.5812500000001ms (227386 clock ticks): Satellite Control COM STOPS RUNNING!

@710.6343750000001ms (227403 clock ticks): Satellite Control MON STOPS RUNNING!

@750.0ms (240000 clock ticks): Comparator STARTS RUNNING!
@751.2ms (240384 clock ticks): Comparator STOPS RUNNING!

@800.0ms (256000 clock ticks): Supervisor STARTS RUNNING!
@800.334375ms (256107 clock ticks): Satellite Control COM STARTS RUNNING!
@800.3875ms (256124 clock ticks): Satellite Control MON STARTS RUNNING!
@802.2ms (256704 clock ticks): Supervisor STOPS RUNNING!

@810.6281250000001ms (259401 clock ticks): Satellite Control COM STOPS RUNNING!

@810.6812500000001ms (259418 clock ticks): Satellite Control MON STOPS RUNNING!

@850.0ms (272000 clock ticks): Comparator STARTS RUNNING!
@851.2ms (272384 clock ticks): Comparator STOPS RUNNING!

@900.0ms (288000 clock ticks): Supervisor STARTS RUNNING!
@900.0ms (288000 clock ticks): I2C_Storage1 STARTS RUNNING!
@900.38125ms (288122 clock ticks): Satellite Control COM STARTS RUNNING!
@900.434375ms (288139 clock ticks): Satellite Control MON STARTS RUNNING!
@902.2ms (288704 clock ticks): Supervisor STOPS RUNNING!

@910.6750000000001ms (291416 clock ticks): Satellite Control COM STOPS RUNNING!

@910.7281250000001ms (291433 clock ticks): Satellite Control MON STOPS RUNNING!

@950.0ms (304000 clock ticks): Comparator STARTS RUNNING!
@951.2ms (304384 clock ticks): Comparator STOPS RUNNING!

@990.3000000000001ms (316896 clock ticks): I2C_Storage1 STOPS RUNNING!

@1000.0ms (320000 clock ticks): Supervisor STARTS RUNNING!
@1000.0ms (320000 clock ticks): SPW_payload_driver STARTS RUNNING!
@1000.0ms (320000 clock ticks): SPW_Acquisition1 STARTS RUNNING!
@1000.428125ms (320137 clock ticks): Satellite Control COM STARTS RUNNING!
@1000.48125ms (320154 clock ticks): Satellite Control MON STARTS RUNNING!
@1001.296875ms (320415 clock ticks): SPW_payload_driver STOPS RUNNING!

@1002.3000000000001ms (320736 clock ticks): Supervisor STOPS RUNNING!

@1010.7218750000001ms (323431 clock ticks): Satellite Control COM STOPS RUNNING!

@1010.7750000000001ms (323448 clock ticks): Satellite Control MON STOPS RUNNING!

@1050.0ms (336000 clock ticks): SPW_Acquisition2 STARTS RUNNING!
@1050.0ms (336000 clock ticks): Comparator STARTS RUNNING!
@1051.2ms (336384 clock ticks): Comparator STOPS RUNNING!

@1100.0ms (352000 clock ticks): Supervisor STARTS RUNNING!
@1100.0ms (352000 clock ticks): I2C_Storage2 STARTS RUNNING!
@1100.4750000000001ms (352152 clock ticks): Satellite Control COM STARTS RUNNING!
@1100.528125ms (352169 clock ticks): Satellite Control MON STARTS RUNNING!
@1102.2ms (352704 clock ticks): Supervisor STOPS RUNNING!

@1105.0ms (353600 clock ticks): SPW_Acquisition1 STOPS RUNNING!

@1110.71875ms (355430 clock ticks): Satellite Control COM STOPS RUNNING!

@1110.796875ms (355455 clock ticks): Satellite Control MON STOPS RUNNING!

@1150.0ms (368000 clock ticks): Comparator STARTS RUNNING!
@1150.0ms (368000 clock ticks): FFT2 STARTS RUNNING!
@1151.25ms (368400 clock ticks): Comparator STOPS RUNNING!

@1155.0ms (369600 clock ticks): SPW_Acquisition2 STOPS RUNNING!

@1190.3ms (380896 clock ticks): I2C_Storage2 STOPS RUNNING!

@1200.0ms (384000 clock ticks): Supervisor STARTS RUNNING!
@1200.0ms (384000 clock ticks): FFT1 STARTS RUNNING!
@1200.496875ms (384159 clock ticks): Satellite Control COM STARTS RUNNING!
@1200.55ms (384176 clock ticks): Satellite Control MON STARTS RUNNING!
@1202.3ms (384736 clock ticks): Supervisor STOPS RUNNING!

@1210.878125ms (387481 clock ticks): Satellite Control COM STOPS RUNNING!

@1210.9593750000001ms (387507 clock ticks): Satellite Control MON STOPS RUNNING!


/**********************

*     simulation ends      *

**********************/

