@0.0ms (0 clock ticks): SPW_payload_driver STARTS RUNNING!
@0.0ms (0 clock ticks): SPW_Acquisition1 STARTS RUNNING!
@1.2000000000000002ms (384 clock ticks): SPW_payload_driver STOPS RUNNING!

@100.0ms (32000 clock ticks): Satellite Control COM STARTS RUNNING!
@100.0ms (32000 clock ticks): Satellite Control MON STARTS RUNNING!
@105.0ms (33600 clock ticks): SPW_Acquisition1 STOPS RUNNING!

@110.228125ms (35273 clock ticks): Satellite Control MON STOPS RUNNING!

@110.30312500000001ms (35297 clock ticks): Satellite Control COM STOPS RUNNING!

@120.0ms (38400 clock ticks): SPW_Acquisition2 STARTS RUNNING!
@150.0ms (48000 clock ticks): Comparator STARTS RUNNING!
@151.20000000000002ms (48384 clock ticks): Comparator STOPS RUNNING!

@200.0ms (64000 clock ticks): Supervisor STARTS RUNNING!
@200.0ms (64000 clock ticks): FFT2 STARTS RUNNING!
@200.0ms (64000 clock ticks): FFT1 STARTS RUNNING!
@200.003125ms (64001 clock ticks): Satellite Control COM STARTS RUNNING!
@200.025ms (64008 clock ticks): Satellite Control MON STARTS RUNNING!
@225.0ms (72000 clock ticks): SPW_Acquisition2 STOPS RUNNING!

@232.4ms (74368 clock ticks): Supervisor STOPS RUNNING!

@240.259375ms (76883 clock ticks): Satellite Control MON STOPS RUNNING!

@240.30312500000002ms (76897 clock ticks): Satellite Control COM STOPS RUNNING!

@250.0ms (80000 clock ticks): Comparator STARTS RUNNING!
@251.20000000000002ms (80384 clock ticks): Comparator STOPS RUNNING!

@300.0ms (96000 clock ticks): Supervisor STARTS RUNNING!
@300.00625ms (96002 clock ticks): Satellite Control COM STARTS RUNNING!
@300.08125ms (96026 clock ticks): Satellite Control MON STARTS RUNNING!
@302.40000000000003ms (96768 clock ticks): Supervisor STOPS RUNNING!

@310.30625000000003ms (99298 clock ticks): Satellite Control COM STOPS RUNNING!

@310.38125ms (99322 clock ticks): Satellite Control MON STOPS RUNNING!

@350.0ms (112000 clock ticks): Comparator STARTS RUNNING!
@351.203125ms (112385 clock ticks): Comparator STOPS RUNNING!

@400.0ms (128000 clock ticks): Supervisor STARTS RUNNING!
@400.00625ms (128002 clock ticks): Satellite Control COM STARTS RUNNING!
@400.18125000000003ms (128058 clock ticks): Satellite Control MON STARTS RUNNING!
@402.40000000000003ms (128768 clock ticks): Supervisor STOPS RUNNING!

@410.20625ms (131266 clock ticks): Satellite Control COM STOPS RUNNING!

@410.38125ms (131322 clock ticks): Satellite Control MON STOPS RUNNING!

@450.0ms (144000 clock ticks): Comparator STARTS RUNNING!
@451.20000000000005ms (144384 clock ticks): Comparator STOPS RUNNING!

@500.0ms (160000 clock ticks): Supervisor STARTS RUNNING!
@500.00625ms (160002 clock ticks): Satellite Control COM STARTS RUNNING!
@500.18125000000003ms (160058 clock ticks): Satellite Control MON STARTS RUNNING!
@502.40000000000003ms (160768 clock ticks): Supervisor STOPS RUNNING!

@510.20625ms (163266 clock ticks): Satellite Control COM STOPS RUNNING!

@510.38125ms (163322 clock ticks): Satellite Control MON STOPS RUNNING!

@550.0ms (176000 clock ticks): Comparator STARTS RUNNING!
@551.2ms (176384 clock ticks): Comparator STOPS RUNNING!

@565.3000000000001ms (180896 clock ticks): FFT1 STOPS RUNNING!

@580.3000000000001ms (185696 clock ticks): FFT2 STOPS RUNNING!

@600.0ms (192000 clock ticks): Supervisor STARTS RUNNING!
@600.00625ms (192002 clock ticks): Satellite Control COM STARTS RUNNING!
@600.18125ms (192058 clock ticks): Satellite Control MON STARTS RUNNING!
@602.4ms (192768 clock ticks): Supervisor STOPS RUNNING!

@610.2062500000001ms (195266 clock ticks): Satellite Control COM STOPS RUNNING!

@610.38125ms (195322 clock ticks): Satellite Control MON STOPS RUNNING!

@650.0ms (208000 clock ticks): Comparator STARTS RUNNING!
@651.2ms (208384 clock ticks): Comparator STOPS RUNNING!

@700.0ms (224000 clock ticks): Supervisor STARTS RUNNING!
@700.00625ms (224002 clock ticks): Satellite Control COM STARTS RUNNING!
@700.1812500000001ms (224058 clock ticks): Satellite Control MON STARTS RUNNING!
@702.4000000000001ms (224768 clock ticks): Supervisor STOPS RUNNING!

@710.2062500000001ms (227266 clock ticks): Satellite Control COM STOPS RUNNING!

@710.38125ms (227322 clock ticks): Satellite Control MON STOPS RUNNING!

@750.0ms (240000 clock ticks): Comparator STARTS RUNNING!
@751.2ms (240384 clock ticks): Comparator STOPS RUNNING!

@800.0ms (256000 clock ticks): Supervisor STARTS RUNNING!
@800.00625ms (256002 clock ticks): Satellite Control COM STARTS RUNNING!
@800.1812500000001ms (256058 clock ticks): Satellite Control MON STARTS RUNNING!
@802.4000000000001ms (256768 clock ticks): Supervisor STOPS RUNNING!

@810.2062500000001ms (259266 clock ticks): Satellite Control COM STOPS RUNNING!

@810.38125ms (259322 clock ticks): Satellite Control MON STOPS RUNNING!

@850.0ms (272000 clock ticks): Comparator STARTS RUNNING!
@851.2ms (272384 clock ticks): Comparator STOPS RUNNING!

@900.0ms (288000 clock ticks): Supervisor STARTS RUNNING!
@900.0ms (288000 clock ticks): I2C_Storage1 STARTS RUNNING!
@900.00625ms (288002 clock ticks): Satellite Control COM STARTS RUNNING!
@900.1812500000001ms (288058 clock ticks): Satellite Control MON STARTS RUNNING!
@902.4000000000001ms (288768 clock ticks): Supervisor STOPS RUNNING!

@910.2062500000001ms (291266 clock ticks): Satellite Control COM STOPS RUNNING!

@910.3843750000001ms (291323 clock ticks): Satellite Control MON STOPS RUNNING!

@950.0ms (304000 clock ticks): Comparator STARTS RUNNING!
@951.203125ms (304385 clock ticks): Comparator STOPS RUNNING!

@990.3000000000001ms (316896 clock ticks): I2C_Storage1 STOPS RUNNING!

@1000.0ms (320000 clock ticks): Supervisor STARTS RUNNING!
@1000.0ms (320000 clock ticks): SPW_payload_driver STARTS RUNNING!
@1000.0ms (320000 clock ticks): SPW_Acquisition1 STARTS RUNNING!
@1000.00625ms (320002 clock ticks): Satellite Control COM STARTS RUNNING!
@1000.1812500000001ms (320058 clock ticks): Satellite Control MON STARTS RUNNING!
@1001.2ms (320384 clock ticks): SPW_payload_driver STOPS RUNNING!

@1002.5ms (320800 clock ticks): Supervisor STOPS RUNNING!

@1010.4093750000001ms (323331 clock ticks): Satellite Control COM STOPS RUNNING!

@1010.48125ms (323354 clock ticks): Satellite Control MON STOPS RUNNING!

@1050.0ms (336000 clock ticks): Comparator STARTS RUNNING!
@1051.2ms (336384 clock ticks): Comparator STOPS RUNNING!

@1100.0ms (352000 clock ticks): Supervisor STARTS RUNNING!
@1100.0ms (352000 clock ticks): I2C_Storage2 STARTS RUNNING!
@1100.015625ms (352005 clock ticks): Satellite Control COM STARTS RUNNING!
@1100.28125ms (352090 clock ticks): Satellite Control MON STARTS RUNNING!
@1102.3ms (352736 clock ticks): Supervisor STOPS RUNNING!

@1105.0ms (353600 clock ticks): SPW_Acquisition1 STOPS RUNNING!

@1110.215625ms (355269 clock ticks): Satellite Control COM STOPS RUNNING!

@1110.48125ms (355354 clock ticks): Satellite Control MON STOPS RUNNING!

@1120.0ms (358400 clock ticks): SPW_Acquisition2 STARTS RUNNING!
@1150.0ms (368000 clock ticks): Comparator STARTS RUNNING!
@1151.2ms (368384 clock ticks): Comparator STOPS RUNNING!

@1190.3ms (380896 clock ticks): I2C_Storage2 STOPS RUNNING!

@1200.0ms (384000 clock ticks): Supervisor STARTS RUNNING!
@1200.0ms (384000 clock ticks): FFT2 STARTS RUNNING!
@1200.0ms (384000 clock ticks): FFT1 STARTS RUNNING!
@1200.015625ms (384005 clock ticks): Satellite Control COM STARTS RUNNING!
@1200.28125ms (384090 clock ticks): Satellite Control MON STARTS RUNNING!
@1225.0ms (392000 clock ticks): SPW_Acquisition2 STOPS RUNNING!

@1232.403125ms (394369 clock ticks): Supervisor STOPS RUNNING!

@1240.2ms (396864 clock ticks): Satellite Control MON STOPS RUNNING!

@1240.3000000000002ms (396896 clock ticks): Satellite Control COM STOPS RUNNING!


/**********************

*     simulation ends      *

**********************/

