@0.0ms (0 clock ticks): SPW_payload_driver STARTS RUNNING!
@0.0ms (0 clock ticks): SPW_Acquisition1 STARTS RUNNING!
@1.2000000000000002ms (384 clock ticks): SPW_payload_driver STOPS RUNNING!

@40.0ms (12800 clock ticks): SPW_Acquisition2 STARTS RUNNING!
@100.0ms (32000 clock ticks): Satellite Control MON STARTS RUNNING!
@100.0ms (32000 clock ticks): Satellite Control COM STARTS RUNNING!
@105.0ms (33600 clock ticks): SPW_Acquisition1 STOPS RUNNING!

@110.30000000000001ms (35296 clock ticks): Satellite Control COM STOPS RUNNING!

@110.35000000000001ms (35312 clock ticks): Satellite Control MON STOPS RUNNING!

@145.0ms (46400 clock ticks): SPW_Acquisition2 STOPS RUNNING!

@150.0ms (48000 clock ticks): Comparator STARTS RUNNING!
@151.20000000000002ms (48384 clock ticks): Comparator STOPS RUNNING!

@200.0ms (64000 clock ticks): Supervisor STARTS RUNNING!
@200.0ms (64000 clock ticks): FFT1 STARTS RUNNING!
@200.05ms (64016 clock ticks): Satellite Control MON STARTS RUNNING!
@200.05ms (64016 clock ticks): Satellite Control COM STARTS RUNNING!
@202.440625ms (64781 clock ticks): Supervisor STOPS RUNNING!

@210.56875000000002ms (67382 clock ticks): Satellite Control COM STOPS RUNNING!

@210.61875ms (67398 clock ticks): Satellite Control MON STOPS RUNNING!

@250.0ms (80000 clock ticks): Comparator STARTS RUNNING!
@251.20000000000002ms (80384 clock ticks): Comparator STOPS RUNNING!

@290.0ms (92800 clock ticks): FFT2 STARTS RUNNING!
@300.0ms (96000 clock ticks): Supervisor STARTS RUNNING!
@300.096875ms (96031 clock ticks): Satellite Control COM STARTS RUNNING!
@300.15000000000003ms (96048 clock ticks): Satellite Control MON STARTS RUNNING!
@302.365625ms (96757 clock ticks): Supervisor STOPS RUNNING!

@310.58750000000003ms (99388 clock ticks): Satellite Control COM STOPS RUNNING!

@310.625ms (99400 clock ticks): Satellite Control MON STOPS RUNNING!

@350.0ms (112000 clock ticks): Comparator STARTS RUNNING!
@351.20000000000005ms (112384 clock ticks): Comparator STOPS RUNNING!

@400.0ms (128000 clock ticks): Supervisor STARTS RUNNING!
@400.159375ms (128051 clock ticks): Satellite Control COM STARTS RUNNING!
@400.21250000000003ms (128068 clock ticks): Satellite Control MON STARTS RUNNING!
@402.20000000000005ms (128704 clock ticks): Supervisor STOPS RUNNING!

@410.453125ms (131345 clock ticks): Satellite Control COM STOPS RUNNING!

@410.50625ms (131362 clock ticks): Satellite Control MON STOPS RUNNING!

@450.0ms (144000 clock ticks): Comparator STARTS RUNNING!
@451.20000000000005ms (144384 clock ticks): Comparator STOPS RUNNING!

@500.0ms (160000 clock ticks): Supervisor STARTS RUNNING!
@500.20625ms (160066 clock ticks): Satellite Control COM STARTS RUNNING!
@500.25937500000003ms (160083 clock ticks): Satellite Control MON STARTS RUNNING!
@502.20000000000005ms (160704 clock ticks): Supervisor STOPS RUNNING!

@510.5ms (163360 clock ticks): Satellite Control COM STOPS RUNNING!

@510.553125ms (163377 clock ticks): Satellite Control MON STOPS RUNNING!

@550.0ms (176000 clock ticks): Comparator STARTS RUNNING!
@551.2ms (176384 clock ticks): Comparator STOPS RUNNING!

@565.6ms (180992 clock ticks): FFT1 STOPS RUNNING!

@600.0ms (192000 clock ticks): Supervisor STARTS RUNNING!
@600.2531250000001ms (192081 clock ticks): Satellite Control COM STARTS RUNNING!
@600.30625ms (192098 clock ticks): Satellite Control MON STARTS RUNNING!
@602.2ms (192704 clock ticks): Supervisor STOPS RUNNING!

@610.546875ms (195375 clock ticks): Satellite Control COM STOPS RUNNING!

@610.6ms (195392 clock ticks): Satellite Control MON STOPS RUNNING!

@650.0ms (208000 clock ticks): Comparator STARTS RUNNING!
@651.2ms (208384 clock ticks): Comparator STOPS RUNNING!

@655.6ms (209792 clock ticks): FFT2 STOPS RUNNING!

@700.0ms (224000 clock ticks): Supervisor STARTS RUNNING!
@700.3000000000001ms (224096 clock ticks): Satellite Control COM STARTS RUNNING!
@700.3531250000001ms (224113 clock ticks): Satellite Control MON STARTS RUNNING!
@702.2ms (224704 clock ticks): Supervisor STOPS RUNNING!

@710.59375ms (227390 clock ticks): Satellite Control COM STOPS RUNNING!

@710.646875ms (227407 clock ticks): Satellite Control MON STOPS RUNNING!

@750.0ms (240000 clock ticks): Comparator STARTS RUNNING!
@751.2ms (240384 clock ticks): Comparator STOPS RUNNING!

@800.0ms (256000 clock ticks): Supervisor STARTS RUNNING!
@800.3468750000001ms (256111 clock ticks): Satellite Control COM STARTS RUNNING!
@800.4000000000001ms (256128 clock ticks): Satellite Control MON STARTS RUNNING!
@802.2ms (256704 clock ticks): Supervisor STOPS RUNNING!

@810.640625ms (259405 clock ticks): Satellite Control COM STOPS RUNNING!

@810.69375ms (259422 clock ticks): Satellite Control MON STOPS RUNNING!

@850.0ms (272000 clock ticks): Comparator STARTS RUNNING!
@851.2ms (272384 clock ticks): Comparator STOPS RUNNING!

@900.0ms (288000 clock ticks): Supervisor STARTS RUNNING!
@900.0ms (288000 clock ticks): I2C_Storage1 STARTS RUNNING!
@900.3937500000001ms (288126 clock ticks): Satellite Control COM STARTS RUNNING!
@900.4468750000001ms (288143 clock ticks): Satellite Control MON STARTS RUNNING!
@902.2ms (288704 clock ticks): Supervisor STOPS RUNNING!

@910.6875ms (291420 clock ticks): Satellite Control COM STOPS RUNNING!

@910.740625ms (291437 clock ticks): Satellite Control MON STOPS RUNNING!

@950.0ms (304000 clock ticks): Comparator STARTS RUNNING!
@951.2ms (304384 clock ticks): Comparator STOPS RUNNING!

@990.3000000000001ms (316896 clock ticks): I2C_Storage1 STOPS RUNNING!

@1000.0ms (320000 clock ticks): Supervisor STARTS RUNNING!
@1000.0ms (320000 clock ticks): SPW_payload_driver STARTS RUNNING!
@1000.0ms (320000 clock ticks): SPW_Acquisition1 STARTS RUNNING!
@1000.4406250000001ms (320141 clock ticks): Satellite Control COM STARTS RUNNING!
@1000.4937500000001ms (320158 clock ticks): Satellite Control MON STARTS RUNNING!
@1001.296875ms (320415 clock ticks): SPW_payload_driver STOPS RUNNING!

@1002.3000000000001ms (320736 clock ticks): Supervisor STOPS RUNNING!

@1010.734375ms (323435 clock ticks): Satellite Control COM STOPS RUNNING!

@1010.7875ms (323452 clock ticks): Satellite Control MON STOPS RUNNING!

@1040.0ms (332800 clock ticks): SPW_Acquisition2 STARTS RUNNING!
@1050.0ms (336000 clock ticks): Comparator STARTS RUNNING!
@1051.2ms (336384 clock ticks): Comparator STOPS RUNNING!

@1100.0ms (352000 clock ticks): Supervisor STARTS RUNNING!
@1100.0ms (352000 clock ticks): I2C_Storage2 STARTS RUNNING!
@1100.4875ms (352156 clock ticks): Satellite Control COM STARTS RUNNING!
@1100.540625ms (352173 clock ticks): Satellite Control MON STARTS RUNNING!
@1102.2ms (352704 clock ticks): Supervisor STOPS RUNNING!

