@0.0ms (0 clock ticks): SPW_payload_driver STARTS RUNNING!
@0.0ms (0 clock ticks): SPW_Acquisition1 STARTS RUNNING!
@1.2000000000000002ms (384 clock ticks): SPW_payload_driver STOPS RUNNING!

@60.0ms (19200 clock ticks): SPW_Acquisition2 STARTS RUNNING!
@100.0ms (32000 clock ticks): Satellite Control MON STARTS RUNNING!
@100.0ms (32000 clock ticks): Satellite Control COM STARTS RUNNING!
@105.0ms (33600 clock ticks): SPW_Acquisition1 STOPS RUNNING!

@110.309375ms (35299 clock ticks): Satellite Control COM STOPS RUNNING!

@110.36875ms (35318 clock ticks): Satellite Control MON STOPS RUNNING!

@150.0ms (48000 clock ticks): Comparator STARTS RUNNING!
@151.20000000000002ms (48384 clock ticks): Comparator STOPS RUNNING!

@165.0ms (52800 clock ticks): SPW_Acquisition2 STOPS RUNNING!

@200.0ms (64000 clock ticks): Supervisor STARTS RUNNING!
@200.0ms (64000 clock ticks): FFT1 STARTS RUNNING!
@200.0ms (64000 clock ticks): FFT2 STARTS RUNNING!
@200.040625ms (64013 clock ticks): Satellite Control COM STARTS RUNNING!
@200.065625ms (64021 clock ticks): Satellite Control MON STARTS RUNNING!
@202.571875ms (64823 clock ticks): Supervisor STOPS RUNNING!

@210.509375ms (67363 clock ticks): Satellite Control COM STOPS RUNNING!

@210.7375ms (67436 clock ticks): Satellite Control MON STOPS RUNNING!

@250.0ms (80000 clock ticks): Comparator STARTS RUNNING!
@251.20000000000002ms (80384 clock ticks): Comparator STOPS RUNNING!

@300.0ms (96000 clock ticks): Supervisor STARTS RUNNING!
@300.04062500000003ms (96013 clock ticks): Satellite Control COM STARTS RUNNING!
@300.065625ms (96021 clock ticks): Satellite Control MON STARTS RUNNING!
@302.29375ms (96734 clock ticks): Supervisor STOPS RUNNING!

@310.484375ms (99355 clock ticks): Satellite Control COM STOPS RUNNING!

@310.49687500000005ms (99359 clock ticks): Satellite Control MON STOPS RUNNING!

@350.0ms (112000 clock ticks): Comparator STARTS RUNNING!
@351.20000000000005ms (112384 clock ticks): Comparator STOPS RUNNING!

@400.0ms (128000 clock ticks): Supervisor STARTS RUNNING!
@400.128125ms (128041 clock ticks): Satellite Control COM STARTS RUNNING!
@400.1625ms (128052 clock ticks): Satellite Control MON STARTS RUNNING!
@402.20000000000005ms (128704 clock ticks): Supervisor STOPS RUNNING!

@410.484375ms (131355 clock ticks): Satellite Control COM STOPS RUNNING!

@410.50625ms (131362 clock ticks): Satellite Control MON STOPS RUNNING!

@450.0ms (144000 clock ticks): Comparator STARTS RUNNING!
@451.20000000000005ms (144384 clock ticks): Comparator STOPS RUNNING!

@500.0ms (160000 clock ticks): Supervisor STARTS RUNNING!
@500.20625ms (160066 clock ticks): Satellite Control COM STARTS RUNNING!
@500.240625ms (160077 clock ticks): Satellite Control MON STARTS RUNNING!
@502.20000000000005ms (160704 clock ticks): Supervisor STOPS RUNNING!

@510.51250000000005ms (163364 clock ticks): Satellite Control COM STOPS RUNNING!

@510.5625ms (163380 clock ticks): Satellite Control MON STOPS RUNNING!

@550.0ms (176000 clock ticks): Comparator STARTS RUNNING!
@551.2ms (176384 clock ticks): Comparator STOPS RUNNING!

@580.56875ms (185782 clock ticks): FFT1 STOPS RUNNING!

@580.734375ms (185835 clock ticks): FFT2 STOPS RUNNING!

@600.0ms (192000 clock ticks): Supervisor STARTS RUNNING!
@600.25625ms (192082 clock ticks): Satellite Control COM STARTS RUNNING!
@600.296875ms (192095 clock ticks): Satellite Control MON STARTS RUNNING!
@602.2ms (192704 clock ticks): Supervisor STOPS RUNNING!

@610.553125ms (195377 clock ticks): Satellite Control COM STOPS RUNNING!

@610.6ms (195392 clock ticks): Satellite Control MON STOPS RUNNING!

@650.0ms (208000 clock ticks): Comparator STARTS RUNNING!
@651.2ms (208384 clock ticks): Comparator STOPS RUNNING!

@700.0ms (224000 clock ticks): Supervisor STARTS RUNNING!
@700.309375ms (224099 clock ticks): Satellite Control COM STARTS RUNNING!
@700.340625ms (224109 clock ticks): Satellite Control MON STARTS RUNNING!
@702.2ms (224704 clock ticks): Supervisor STOPS RUNNING!

@710.59375ms (227390 clock ticks): Satellite Control COM STOPS RUNNING!

@710.6500000000001ms (227408 clock ticks): Satellite Control MON STOPS RUNNING!

@750.0ms (240000 clock ticks): Comparator STARTS RUNNING!
@751.2ms (240384 clock ticks): Comparator STOPS RUNNING!

@800.0ms (256000 clock ticks): Supervisor STARTS RUNNING!
@800.3531250000001ms (256113 clock ticks): Satellite Control COM STARTS RUNNING!
@800.3781250000001ms (256121 clock ticks): Satellite Control MON STARTS RUNNING!
@802.2ms (256704 clock ticks): Supervisor STOPS RUNNING!

@810.6968750000001ms (259423 clock ticks): Satellite Control COM STOPS RUNNING!

@810.71875ms (259430 clock ticks): Satellite Control MON STOPS RUNNING!

@850.0ms (272000 clock ticks): Comparator STARTS RUNNING!
@851.2ms (272384 clock ticks): Comparator STOPS RUNNING!

@900.0ms (288000 clock ticks): Supervisor STARTS RUNNING!
@900.0ms (288000 clock ticks): I2C_Storage1 STARTS RUNNING!
@900.4312500000001ms (288138 clock ticks): Satellite Control COM STARTS RUNNING!
@900.44375ms (288142 clock ticks): Satellite Control MON STARTS RUNNING!
@902.2ms (288704 clock ticks): Supervisor STOPS RUNNING!

@910.8000000000001ms (291456 clock ticks): Satellite Control MON STOPS RUNNING!

@910.8156250000001ms (291461 clock ticks): Satellite Control COM STOPS RUNNING!

@950.0ms (304000 clock ticks): Comparator STARTS RUNNING!
@951.2ms (304384 clock ticks): Comparator STOPS RUNNING!

@990.3000000000001ms (316896 clock ticks): I2C_Storage1 STOPS RUNNING!

@1000.0ms (320000 clock ticks): Supervisor STARTS RUNNING!
@1000.0ms (320000 clock ticks): SPW_payload_driver STARTS RUNNING!
@1000.0ms (320000 clock ticks): SPW_Acquisition1 STARTS RUNNING!
@1000.515625ms (320165 clock ticks): Satellite Control COM STARTS RUNNING!
@1000.528125ms (320169 clock ticks): Satellite Control MON STARTS RUNNING!
@1001.2875ms (320412 clock ticks): SPW_payload_driver STOPS RUNNING!

@1002.3000000000001ms (320736 clock ticks): Supervisor STOPS RUNNING!

@1010.8312500000001ms (323466 clock ticks): Satellite Control COM STOPS RUNNING!

@1010.890625ms (323485 clock ticks): Satellite Control MON STOPS RUNNING!

@1050.0ms (336000 clock ticks): Comparator STARTS RUNNING!
@1051.2ms (336384 clock ticks): Comparator STOPS RUNNING!

@1060.0ms (339200 clock ticks): SPW_Acquisition2 STARTS RUNNING!
@1100.0ms (352000 clock ticks): Supervisor STARTS RUNNING!
@1100.0ms (352000 clock ticks): I2C_Storage2 STARTS RUNNING!
@1100.55625ms (352178 clock ticks): Satellite Control COM STARTS RUNNING!
@1100.6000000000001ms (352192 clock ticks): Satellite Control MON STARTS RUNNING!
@1102.2ms (352704 clock ticks): Supervisor STOPS RUNNING!

@1105.0ms (353600 clock ticks): SPW_Acquisition1 STOPS RUNNING!

@1110.8875ms (355484 clock ticks): Satellite Control COM STOPS RUNNING!

@1110.925ms (355496 clock ticks): Satellite Control MON STOPS RUNNING!

@1150.0ms (368000 clock ticks): Comparator STARTS RUNNING!
@1151.2ms (368384 clock ticks): Comparator STOPS RUNNING!

@1165.0ms (372800 clock ticks): SPW_Acquisition2 STOPS RUNNING!

@1190.3ms (380896 clock ticks): I2C_Storage2 STOPS RUNNING!

@1200.0ms (384000 clock ticks): Supervisor STARTS RUNNING!
@1200.128125ms (384041 clock ticks): FFT2 STARTS RUNNING!
@1200.134375ms (384043 clock ticks): FFT1 STARTS RUNNING!
@1200.61875ms (384198 clock ticks): Satellite Control COM STARTS RUNNING!
@1200.64375ms (384206 clock ticks): Satellite Control MON STARTS RUNNING!
@1202.2ms (384704 clock ticks): Supervisor STOPS RUNNING!

@1211.128125ms (387561 clock ticks): Satellite Control MON STOPS RUNNING!

@1211.184375ms (387579 clock ticks): Satellite Control COM STOPS RUNNING!


/**********************

*     simulation ends      *

**********************/

