@0.0ms (0 clock ticks): SPW_Acquisition1 STARTS RUNNING!
@0.0ms (0 clock ticks): SPW_payload_driver STARTS RUNNING!
@1.2000000000000002ms (384 clock ticks): SPW_payload_driver STOPS RUNNING!

@60.0ms (19200 clock ticks): SPW_Acquisition2 STARTS RUNNING!
@100.0ms (32000 clock ticks): Satellite Control COM STARTS RUNNING!
@100.0ms (32000 clock ticks): Satellite Control MON STARTS RUNNING!
@105.0ms (33600 clock ticks): SPW_Acquisition1 STOPS RUNNING!

@110.353125ms (35313 clock ticks): Satellite Control COM STOPS RUNNING!

@110.37812500000001ms (35321 clock ticks): Satellite Control MON STOPS RUNNING!

@150.0ms (48000 clock ticks): Comparator STARTS RUNNING!
@151.20000000000002ms (48384 clock ticks): Comparator STOPS RUNNING!

@165.0ms (52800 clock ticks): SPW_Acquisition2 STOPS RUNNING!

@200.0ms (64000 clock ticks): FFT1 STARTS RUNNING!
@200.0ms (64000 clock ticks): Supervisor STARTS RUNNING!
@200.07500000000002ms (64024 clock ticks): Satellite Control COM STARTS RUNNING!
@200.078125ms (64025 clock ticks): Satellite Control MON STARTS RUNNING!
@202.52812500000002ms (64809 clock ticks): Supervisor STOPS RUNNING!

@210.59375ms (67390 clock ticks): Satellite Control COM STOPS RUNNING!

@210.62187500000002ms (67399 clock ticks): Satellite Control MON STOPS RUNNING!

@240.0ms (76800 clock ticks): FFT2 STARTS RUNNING!
@250.0ms (80000 clock ticks): Comparator STARTS RUNNING!
@251.32500000000002ms (80424 clock ticks): Comparator STOPS RUNNING!

@300.0ms (96000 clock ticks): Supervisor STARTS RUNNING!
@300.146875ms (96047 clock ticks): Satellite Control COM STARTS RUNNING!
@300.15625ms (96050 clock ticks): Satellite Control MON STARTS RUNNING!
@302.2ms (96704 clock ticks): Supervisor STOPS RUNNING!

@310.50625ms (99362 clock ticks): Satellite Control MON STOPS RUNNING!

@310.54062500000003ms (99373 clock ticks): Satellite Control COM STOPS RUNNING!

@350.0ms (112000 clock ticks): Comparator STARTS RUNNING!
@351.20000000000005ms (112384 clock ticks): Comparator STOPS RUNNING!

@400.0ms (128000 clock ticks): Supervisor STARTS RUNNING!
@400.221875ms (128071 clock ticks): Satellite Control MON STARTS RUNNING!
@400.22812500000003ms (128073 clock ticks): Satellite Control COM STARTS RUNNING!
@402.20000000000005ms (128704 clock ticks): Supervisor STOPS RUNNING!

@410.58750000000003ms (131388 clock ticks): Satellite Control MON STOPS RUNNING!

@410.6125ms (131396 clock ticks): Satellite Control COM STOPS RUNNING!

@450.0ms (144000 clock ticks): Comparator STARTS RUNNING!
@451.20000000000005ms (144384 clock ticks): Comparator STOPS RUNNING!

@500.0ms (160000 clock ticks): Supervisor STARTS RUNNING!
@500.296875ms (160095 clock ticks): Satellite Control MON STARTS RUNNING!
@500.31875ms (160102 clock ticks): Satellite Control COM STARTS RUNNING!
@502.20000000000005ms (160704 clock ticks): Supervisor STOPS RUNNING!

@510.66562500000003ms (163413 clock ticks): Satellite Control COM STOPS RUNNING!

@510.678125ms (163417 clock ticks): Satellite Control MON STOPS RUNNING!

@550.0ms (176000 clock ticks): Comparator STARTS RUNNING!
@551.2ms (176384 clock ticks): Comparator STOPS RUNNING!

@565.6ms (180992 clock ticks): FFT1 STOPS RUNNING!

@600.0ms (192000 clock ticks): Supervisor STARTS RUNNING!
@600.3875ms (192124 clock ticks): Satellite Control COM STARTS RUNNING!
@600.396875ms (192127 clock ticks): Satellite Control MON STARTS RUNNING!
@602.2ms (192704 clock ticks): Supervisor STOPS RUNNING!

@605.4ms (193728 clock ticks): FFT2 STOPS RUNNING!

@610.7375000000001ms (195436 clock ticks): Satellite Control COM STOPS RUNNING!

@610.771875ms (195447 clock ticks): Satellite Control MON STOPS RUNNING!

@650.0ms (208000 clock ticks): Comparator STARTS RUNNING!
@651.2ms (208384 clock ticks): Comparator STOPS RUNNING!

@700.0ms (224000 clock ticks): Supervisor STARTS RUNNING!
@700.453125ms (224145 clock ticks): Satellite Control COM STARTS RUNNING!
@700.4718750000001ms (224151 clock ticks): Satellite Control MON STARTS RUNNING!
@702.2ms (224704 clock ticks): Supervisor STOPS RUNNING!

@710.8125ms (227460 clock ticks): Satellite Control COM STOPS RUNNING!

@710.840625ms (227469 clock ticks): Satellite Control MON STOPS RUNNING!

@750.0ms (240000 clock ticks): Comparator STARTS RUNNING!
@751.2ms (240384 clock ticks): Comparator STOPS RUNNING!

@800.0ms (256000 clock ticks): Supervisor STARTS RUNNING!
@800.5250000000001ms (256168 clock ticks): Satellite Control COM STARTS RUNNING!
@800.5562500000001ms (256178 clock ticks): Satellite Control MON STARTS RUNNING!
@802.2ms (256704 clock ticks): Supervisor STOPS RUNNING!

@810.8937500000001ms (259486 clock ticks): Satellite Control COM STOPS RUNNING!

@810.921875ms (259495 clock ticks): Satellite Control MON STOPS RUNNING!

@850.0ms (272000 clock ticks): Comparator STARTS RUNNING!
@851.2ms (272384 clock ticks): Comparator STOPS RUNNING!

@900.0ms (288000 clock ticks): I2C_Storage1 STARTS RUNNING!
@900.0ms (288000 clock ticks): Supervisor STARTS RUNNING!
@900.5968750000001ms (288191 clock ticks): Satellite Control COM STARTS RUNNING!
@900.653125ms (288209 clock ticks): Satellite Control MON STARTS RUNNING!
@902.2ms (288704 clock ticks): Supervisor STOPS RUNNING!

@910.9156250000001ms (291493 clock ticks): Satellite Control COM STOPS RUNNING!

@910.9468750000001ms (291503 clock ticks): Satellite Control MON STOPS RUNNING!

@950.0ms (304000 clock ticks): Comparator STARTS RUNNING!
@951.2ms (304384 clock ticks): Comparator STOPS RUNNING!

@990.3000000000001ms (316896 clock ticks): I2C_Storage1 STOPS RUNNING!

@1000.0ms (320000 clock ticks): SPW_Acquisition1 STARTS RUNNING!
@1000.0ms (320000 clock ticks): Supervisor STARTS RUNNING!
@1000.0ms (320000 clock ticks): SPW_payload_driver STARTS RUNNING!
@1000.6656250000001ms (320213 clock ticks): Satellite Control COM STARTS RUNNING!
@1000.7ms (320224 clock ticks): Satellite Control MON STARTS RUNNING!
@1001.2843750000001ms (320411 clock ticks): SPW_payload_driver STOPS RUNNING!

@1002.3000000000001ms (320736 clock ticks): Supervisor STOPS RUNNING!

@1011.00625ms (323522 clock ticks): Satellite Control COM STOPS RUNNING!

@1011.03125ms (323530 clock ticks): Satellite Control MON STOPS RUNNING!

@1050.0ms (336000 clock ticks): Comparator STARTS RUNNING!
@1051.2ms (336384 clock ticks): Comparator STOPS RUNNING!

@1060.0ms (339200 clock ticks): SPW_Acquisition2 STARTS RUNNING!
@1100.0ms (352000 clock ticks): I2C_Storage2 STARTS RUNNING!
@1100.0ms (352000 clock ticks): Supervisor STARTS RUNNING!
@1100.7406250000001ms (352237 clock ticks): Satellite Control COM STARTS RUNNING!
@1100.7625ms (352244 clock ticks): Satellite Control MON STARTS RUNNING!
@1102.2ms (352704 clock ticks): Supervisor STOPS RUNNING!

@1105.0ms (353600 clock ticks): SPW_Acquisition1 STOPS RUNNING!

@1111.125ms (355560 clock ticks): Satellite Control MON STOPS RUNNING!

@1111.128125ms (355561 clock ticks): Satellite Control COM STOPS RUNNING!

@1150.0ms (368000 clock ticks): Comparator STARTS RUNNING!
@1151.2ms (368384 clock ticks): Comparator STOPS RUNNING!

@1165.0ms (372800 clock ticks): SPW_Acquisition2 STOPS RUNNING!

@1190.3ms (380896 clock ticks): I2C_Storage2 STOPS RUNNING!

@1200.0ms (384000 clock ticks): FFT1 STARTS RUNNING!
@1200.0ms (384000 clock ticks): Supervisor STARTS RUNNING!
@1200.828125ms (384265 clock ticks): Satellite Control COM STARTS RUNNING!
@1200.859375ms (384275 clock ticks): Satellite Control MON STARTS RUNNING!
@1202.2875000000001ms (384732 clock ticks): Supervisor STOPS RUNNING!

@1211.21875ms (387590 clock ticks): Satellite Control COM STOPS RUNNING!

@1211.290625ms (387613 clock ticks): Satellite Control MON STOPS RUNNING!

@1240.0ms (396800 clock ticks): FFT2 STARTS RUNNING!

/**********************

*     simulation ends      *

**********************/

