@0.0ms (0 clock ticks): SPW_Acquisition1 STARTS RUNNING!
@99.99744ms (4800 clock ticks): SPW_Acquisition2 STARTS RUNNING!
@99.99744ms (4800 clock ticks): FFT1 STARTS RUNNING!
@99.99744ms (4800 clock ticks): I2C_Storage2 STARTS RUNNING!
@99.99744ms (4800 clock ticks): Supervisor STARTS RUNNING!
@104.1223344ms (4998 clock ticks): Supervisor STOPS RUNNING!

@149.99616ms (7200 clock ticks): FFT2 STARTS RUNNING!
@190.0159688ms (9121 clock ticks): SPW_Acquisition1 STOPS RUNNING!

@192.0159176ms (9217 clock ticks): I2C_Storage2 STOPS RUNNING!

@199.99488ms (9600 clock ticks): Supervisor STARTS RUNNING!
@204.41143359999998ms (9812 clock ticks): Supervisor STOPS RUNNING!

@299.99232ms (14400 clock ticks): Supervisor STARTS RUNNING!
@303.8880536ms (14587 clock ticks): Supervisor STOPS RUNNING!

@399.98976ms (19200 clock ticks): Supervisor STARTS RUNNING!
@403.34384079999995ms (19361 clock ticks): Supervisor STOPS RUNNING!

@499.9872ms (24000 clock ticks): Supervisor STARTS RUNNING!
@503.3412808ms (24161 clock ticks): Supervisor STOPS RUNNING!

@550.0067528ms (26401 clock ticks): SPW_Acquisition2 STOPS RUNNING!

@599.98464ms (28800 clock ticks): Supervisor STARTS RUNNING!
@603.9637048ms (28991 clock ticks): Supervisor STOPS RUNNING!

@604.1511999999999ms (29000 clock ticks): FFT1 STOPS RUNNING!

@654.0040904ms (31393 clock ticks): FFT2 STOPS RUNNING!

@700.6070639999999ms (33630 clock ticks): Supervisor STARTS RUNNING!
@703.9611447999999ms (33791 clock ticks): Supervisor STOPS RUNNING!

@800.6045039999999ms (38430 clock ticks): Supervisor STARTS RUNNING!
@803.9585847999999ms (38591 clock ticks): Supervisor STOPS RUNNING!

@899.9977928ms (43201 clock ticks): I2C_Storage1 STARTS RUNNING!
@900.6019439999999ms (43230 clock ticks): Supervisor STARTS RUNNING!
@903.9560247999999ms (43391 clock ticks): Supervisor STOPS RUNNING!

@992.0162703999999ms (47618 clock ticks): I2C_Storage1 STOPS RUNNING!

@999.9952327999999ms (48001 clock ticks): SPW_Acquisition1 STARTS RUNNING!
@1000.599384ms (48030 clock ticks): Supervisor STARTS RUNNING!
@1003.9534647999999ms (48191 clock ticks): Supervisor STOPS RUNNING!

@1099.9926728ms (52801 clock ticks): SPW_Acquisition2 STARTS RUNNING!
@1099.9926728ms (52801 clock ticks): I2C_Storage2 STARTS RUNNING!
@1100.596824ms (52830 clock ticks): Supervisor STARTS RUNNING!
@1100.6593223999998ms (52833 clock ticks): FFT1 STARTS RUNNING!
@1104.5133904ms (53018 clock ticks): Supervisor STOPS RUNNING!

@1149.9913927999999ms (55201 clock ticks): FFT2 STARTS RUNNING!
@1190.0112015999998ms (57122 clock ticks): SPW_Acquisition1 STOPS RUNNING!

@1192.0111504ms (57218 clock ticks): I2C_Storage2 STOPS RUNNING!

@1200.5942639999998ms (57630 clock ticks): Supervisor STARTS RUNNING!
@1205.385808ms (57860 clock ticks): Supervisor STOPS RUNNING!

@1300.591704ms (62430 clock ticks): Supervisor STARTS RUNNING!
@1304.6957656ms (62627 clock ticks): Supervisor STOPS RUNNING!

@1400.5891439999998ms (67230 clock ticks): Supervisor STARTS RUNNING!
@1403.9432247999998ms (67391 clock ticks): Supervisor STOPS RUNNING!

@1500.586584ms (72030 clock ticks): Supervisor STARTS RUNNING!
@1503.9406648ms (72191 clock ticks): Supervisor STOPS RUNNING!

@1550.0019856ms (74402 clock ticks): SPW_Acquisition2 STOPS RUNNING!

@1600.584024ms (76830 clock ticks): Supervisor STARTS RUNNING!
@1602.9589632ms (76944 clock ticks): FFT1 STOPS RUNNING!

@1603.9381047999998ms (76991 clock ticks): Supervisor STOPS RUNNING!

@1654.6034743999999ms (79423 clock ticks): FFT2 STOPS RUNNING!

@1700.5814639999999ms (81630 clock ticks): Supervisor STARTS RUNNING!
@1703.9355448ms (81791 clock ticks): Supervisor STOPS RUNNING!

@1800.578904ms (86430 clock ticks): Supervisor STARTS RUNNING!
@1803.9329848ms (86591 clock ticks): Supervisor STOPS RUNNING!

@1899.9930255999998ms (91202 clock ticks): I2C_Storage1 STARTS RUNNING!
@1900.5763439999998ms (91230 clock ticks): Supervisor STARTS RUNNING!
@1903.9304247999999ms (91391 clock ticks): Supervisor STOPS RUNNING!

@1992.0115031999999ms (95619 clock ticks): I2C_Storage1 STOPS RUNNING!

@1999.9904655999999ms (96002 clock ticks): SPW_Acquisition1 STARTS RUNNING!
@2000.573784ms (96030 clock ticks): Supervisor STARTS RUNNING!
@2003.9278648ms (96191 clock ticks): Supervisor STOPS RUNNING!

@2099.9879056ms (100802 clock ticks): SPW_Acquisition2 STARTS RUNNING!
@2099.9879056ms (100802 clock ticks): I2C_Storage2 STARTS RUNNING!
@2100.571224ms (100830 clock ticks): Supervisor STARTS RUNNING!
@2100.6545552ms (100834 clock ticks): FFT1 STARTS RUNNING!
@2104.4669575999997ms (101017 clock ticks): Supervisor STOPS RUNNING!

@2149.9866256ms (103202 clock ticks): FFT2 STARTS RUNNING!
@2190.0064343999998ms (105123 clock ticks): SPW_Acquisition1 STOPS RUNNING!

@2192.0063832ms (105219 clock ticks): I2C_Storage2 STOPS RUNNING!

@2200.568664ms (105630 clock ticks): Supervisor STARTS RUNNING!
@2205.3185424ms (105858 clock ticks): Supervisor STOPS RUNNING!

@2300.566104ms (110430 clock ticks): Supervisor STARTS RUNNING!
@2304.2951752ms (110609 clock ticks): Supervisor STOPS RUNNING!

@2400.5635439999996ms (115230 clock ticks): Supervisor STARTS RUNNING!
@2403.9176248ms (115391 clock ticks): Supervisor STOPS RUNNING!

@2500.5609839999997ms (120030 clock ticks): Supervisor STARTS RUNNING!
@2503.9150648ms (120191 clock ticks): Supervisor STOPS RUNNING!

@2549.9972184ms (122403 clock ticks): SPW_Acquisition2 STOPS RUNNING!

@2600.558424ms (124830 clock ticks): Supervisor STARTS RUNNING!
@2603.9125047999996ms (124991 clock ticks): Supervisor STOPS RUNNING!

@2606.2666111999997ms (125104 clock ticks): FFT1 STOPS RUNNING!

@2654.5778744ms (127423 clock ticks): FFT2 STOPS RUNNING!

@2700.555864ms (129630 clock ticks): Supervisor STARTS RUNNING!
@2703.9099447999997ms (129791 clock ticks): Supervisor STOPS RUNNING!

@2800.553304ms (134430 clock ticks): Supervisor STARTS RUNNING!
@2803.9073848ms (134591 clock ticks): Supervisor STOPS RUNNING!

@2899.9882583999997ms (139203 clock ticks): I2C_Storage1 STARTS RUNNING!
@2900.5507439999997ms (139230 clock ticks): Supervisor STARTS RUNNING!
@2903.9048248ms (139391 clock ticks): Supervisor STOPS RUNNING!

@2992.006736ms (143620 clock ticks): I2C_Storage1 STOPS RUNNING!

@2999.9856984ms (144003 clock ticks): SPW_Acquisition1 STARTS RUNNING!
@3000.5481839999998ms (144030 clock ticks): Supervisor STARTS RUNNING!
@3003.9022648ms (144191 clock ticks): Supervisor STOPS RUNNING!

@3099.9831384ms (148803 clock ticks): SPW_Acquisition2 STARTS RUNNING!
@3099.9831384ms (148803 clock ticks): I2C_Storage2 STARTS RUNNING!
@3100.545624ms (148830 clock ticks): Supervisor STARTS RUNNING!
@3100.6497879999997ms (148835 clock ticks): FFT1 STARTS RUNNING!
@3104.4621903999996ms (149018 clock ticks): Supervisor STOPS RUNNING!


/**********************

*     simulation ends      *

**********************/

