@0.0ms (0 clock ticks): SPW_Acquisition1 STARTS RUNNING!
@0.0ms (0 clock ticks): SPW_payload_driver STARTS RUNNING!
@1.2000000000000002ms (384 clock ticks): SPW_payload_driver STOPS RUNNING!

@60.0ms (19200 clock ticks): SPW_Acquisition2 STARTS RUNNING!
@100.0ms (32000 clock ticks): Satellite Control COM STARTS RUNNING!
@100.0ms (32000 clock ticks): Satellite Control MON STARTS RUNNING!
@105.0ms (33600 clock ticks): SPW_Acquisition1 STOPS RUNNING!

@110.2ms (35264 clock ticks): Satellite Control MON STOPS RUNNING!

@110.30000000000001ms (35296 clock ticks): Satellite Control COM STOPS RUNNING!

@150.0ms (48000 clock ticks): Comparator STARTS RUNNING!
@151.20000000000002ms (48384 clock ticks): Comparator STOPS RUNNING!

@165.0ms (52800 clock ticks): SPW_Acquisition2 STOPS RUNNING!

@200.0ms (64000 clock ticks): Satellite Control COM STARTS RUNNING!
@200.0ms (64000 clock ticks): Supervisor STARTS RUNNING!
@200.0ms (64000 clock ticks): FFT1 STARTS RUNNING!
@200.0ms (64000 clock ticks): Satellite Control MON STARTS RUNNING!
@210.20000000000002ms (67264 clock ticks): Satellite Control MON STOPS RUNNING!

@210.3ms (67296 clock ticks): Satellite Control COM STOPS RUNNING!

@217.4ms (69568 clock ticks): Supervisor STOPS RUNNING!

@250.0ms (80000 clock ticks): Comparator STARTS RUNNING!
@251.20000000000002ms (80384 clock ticks): Comparator STOPS RUNNING!

@280.0ms (89600 clock ticks): FFT2 STARTS RUNNING!
@300.0ms (96000 clock ticks): Satellite Control COM STARTS RUNNING!
@300.0ms (96000 clock ticks): Supervisor STARTS RUNNING!
@300.0ms (96000 clock ticks): Satellite Control MON STARTS RUNNING!
@302.40000000000003ms (96768 clock ticks): Supervisor STOPS RUNNING!

@310.21562500000005ms (99269 clock ticks): Satellite Control MON STOPS RUNNING!

@310.303125ms (99297 clock ticks): Satellite Control COM STOPS RUNNING!

@350.0ms (112000 clock ticks): Comparator STARTS RUNNING!
@351.20000000000005ms (112384 clock ticks): Comparator STOPS RUNNING!

@400.0ms (128000 clock ticks): Supervisor STARTS RUNNING!
@400.003125ms (128001 clock ticks): Satellite Control COM STARTS RUNNING!
@400.01250000000005ms (128004 clock ticks): Satellite Control MON STARTS RUNNING!
@402.40000000000003ms (128768 clock ticks): Supervisor STOPS RUNNING!

@410.30625000000003ms (131298 clock ticks): Satellite Control COM STOPS RUNNING!

@410.3125ms (131300 clock ticks): Satellite Control MON STOPS RUNNING!

@450.0ms (144000 clock ticks): Comparator STARTS RUNNING!
@451.20000000000005ms (144384 clock ticks): Comparator STOPS RUNNING!

@500.0ms (160000 clock ticks): Supervisor STARTS RUNNING!
@500.00625ms (160002 clock ticks): Satellite Control COM STARTS RUNNING!
@500.1125ms (160036 clock ticks): Satellite Control MON STARTS RUNNING!
@502.40000000000003ms (160768 clock ticks): Supervisor STOPS RUNNING!

@510.20625ms (163266 clock ticks): Satellite Control COM STOPS RUNNING!

@510.3125ms (163300 clock ticks): Satellite Control MON STOPS RUNNING!

@550.0ms (176000 clock ticks): Comparator STARTS RUNNING!
@551.2ms (176384 clock ticks): Comparator STOPS RUNNING!

@565.5ms (180960 clock ticks): FFT1 STOPS RUNNING!

@600.0ms (192000 clock ticks): Supervisor STARTS RUNNING!
@600.00625ms (192002 clock ticks): Satellite Control COM STARTS RUNNING!
@600.1125000000001ms (192036 clock ticks): Satellite Control MON STARTS RUNNING!
@602.4ms (192768 clock ticks): Supervisor STOPS RUNNING!

@610.2062500000001ms (195266 clock ticks): Satellite Control COM STOPS RUNNING!

@610.3125ms (195300 clock ticks): Satellite Control MON STOPS RUNNING!

@645.3000000000001ms (206496 clock ticks): FFT2 STOPS RUNNING!

@650.0ms (208000 clock ticks): Comparator STARTS RUNNING!
@651.2ms (208384 clock ticks): Comparator STOPS RUNNING!

@700.0ms (224000 clock ticks): Supervisor STARTS RUNNING!
@700.00625ms (224002 clock ticks): Satellite Control COM STARTS RUNNING!
@700.1125000000001ms (224036 clock ticks): Satellite Control MON STARTS RUNNING!
@702.4000000000001ms (224768 clock ticks): Supervisor STOPS RUNNING!

@710.2062500000001ms (227266 clock ticks): Satellite Control COM STOPS RUNNING!

@710.3125ms (227300 clock ticks): Satellite Control MON STOPS RUNNING!

@750.0ms (240000 clock ticks): Comparator STARTS RUNNING!
@751.2ms (240384 clock ticks): Comparator STOPS RUNNING!

@800.0ms (256000 clock ticks): Supervisor STARTS RUNNING!
@800.00625ms (256002 clock ticks): Satellite Control COM STARTS RUNNING!
@800.1125000000001ms (256036 clock ticks): Satellite Control MON STARTS RUNNING!
@802.4000000000001ms (256768 clock ticks): Supervisor STOPS RUNNING!

@810.2062500000001ms (259266 clock ticks): Satellite Control COM STOPS RUNNING!

@810.3125ms (259300 clock ticks): Satellite Control MON STOPS RUNNING!

@850.0ms (272000 clock ticks): Comparator STARTS RUNNING!
@851.2ms (272384 clock ticks): Comparator STOPS RUNNING!

@900.0ms (288000 clock ticks): Supervisor STARTS RUNNING!
@900.0ms (288000 clock ticks): I2C_Storage1 STARTS RUNNING!
@900.00625ms (288002 clock ticks): Satellite Control COM STARTS RUNNING!
@900.1125000000001ms (288036 clock ticks): Satellite Control MON STARTS RUNNING!
@902.4000000000001ms (288768 clock ticks): Supervisor STOPS RUNNING!

@910.2062500000001ms (291266 clock ticks): Satellite Control COM STOPS RUNNING!

@910.3125ms (291300 clock ticks): Satellite Control MON STOPS RUNNING!

@950.0ms (304000 clock ticks): Comparator STARTS RUNNING!
@951.2ms (304384 clock ticks): Comparator STOPS RUNNING!

@990.3000000000001ms (316896 clock ticks): I2C_Storage1 STOPS RUNNING!

@1000.0ms (320000 clock ticks): Supervisor STARTS RUNNING!
@1000.0ms (320000 clock ticks): SPW_Acquisition1 STARTS RUNNING!
@1000.0ms (320000 clock ticks): SPW_payload_driver STARTS RUNNING!
@1000.00625ms (320002 clock ticks): Satellite Control COM STARTS RUNNING!
@1000.1125000000001ms (320036 clock ticks): Satellite Control MON STARTS RUNNING!
@1001.4000000000001ms (320448 clock ticks): SPW_payload_driver STOPS RUNNING!

@1002.5ms (320800 clock ticks): Supervisor STOPS RUNNING!

@1010.2062500000001ms (323266 clock ticks): Satellite Control COM STOPS RUNNING!

@1010.3125ms (323300 clock ticks): Satellite Control MON STOPS RUNNING!

@1050.0ms (336000 clock ticks): Comparator STARTS RUNNING!
@1051.2ms (336384 clock ticks): Comparator STOPS RUNNING!

@1060.0ms (339200 clock ticks): SPW_Acquisition2 STARTS RUNNING!
@1100.0ms (352000 clock ticks): Supervisor STARTS RUNNING!
@1100.0ms (352000 clock ticks): I2C_Storage2 STARTS RUNNING!
@1100.0062500000001ms (352002 clock ticks): Satellite Control COM STARTS RUNNING!
@1100.1125ms (352036 clock ticks): Satellite Control MON STARTS RUNNING!
@1102.4ms (352768 clock ticks): Supervisor STOPS RUNNING!

@1105.0ms (353600 clock ticks): SPW_Acquisition1 STOPS RUNNING!

@1110.20625ms (355266 clock ticks): Satellite Control COM STOPS RUNNING!

@1110.315625ms (355301 clock ticks): Satellite Control MON STOPS RUNNING!

@1150.0ms (368000 clock ticks): Comparator STARTS RUNNING!
@1151.2ms (368384 clock ticks): Comparator STOPS RUNNING!

@1165.0ms (372800 clock ticks): SPW_Acquisition2 STOPS RUNNING!

@1190.3ms (380896 clock ticks): I2C_Storage2 STOPS RUNNING!

@1200.0ms (384000 clock ticks): Supervisor STARTS RUNNING!
@1200.0ms (384000 clock ticks): FFT1 STARTS RUNNING!
@1200.0062500000001ms (384002 clock ticks): Satellite Control COM STARTS RUNNING!
@1200.1125ms (384036 clock ticks): Satellite Control MON STARTS RUNNING!
@1210.20625ms (387266 clock ticks): Satellite Control COM STOPS RUNNING!

@1210.3125ms (387300 clock ticks): Satellite Control MON STOPS RUNNING!

@1217.4ms (389568 clock ticks): Supervisor STOPS RUNNING!


/**********************

*     simulation ends      *

**********************/

