@0.0ms (0 clock ticks): SPW_Acquisition1 STARTS RUNNING!
@0.0ms (0 clock ticks): SPW_payload_driver STARTS RUNNING!
@1.2000000000000002ms (384 clock ticks): SPW_payload_driver STOPS RUNNING!

@20.0ms (6400 clock ticks): SPW_Acquisition2 STARTS RUNNING!
@100.0ms (32000 clock ticks): Satellite Control MON STARTS RUNNING!
@100.0ms (32000 clock ticks): Satellite Control COM STARTS RUNNING!
@105.0ms (33600 clock ticks): SPW_Acquisition1 STOPS RUNNING!

@110.37812500000001ms (35321 clock ticks): Satellite Control MON STOPS RUNNING!

@110.390625ms (35325 clock ticks): Satellite Control COM STOPS RUNNING!

@125.0ms (40000 clock ticks): SPW_Acquisition2 STOPS RUNNING!

@150.0ms (48000 clock ticks): Comparator STARTS RUNNING!
@151.20000000000002ms (48384 clock ticks): Comparator STOPS RUNNING!

@200.0ms (64000 clock ticks): Supervisor STARTS RUNNING!
@200.0ms (64000 clock ticks): FFT1 STARTS RUNNING!
@200.0875ms (64028 clock ticks): Satellite Control MON STARTS RUNNING!
@200.09062500000002ms (64029 clock ticks): Satellite Control COM STARTS RUNNING!
@202.36562500000002ms (64757 clock ticks): Supervisor STOPS RUNNING!

@210.484375ms (67355 clock ticks): Satellite Control COM STOPS RUNNING!

@210.55937500000002ms (67379 clock ticks): Satellite Control MON STOPS RUNNING!

@250.0ms (80000 clock ticks): Comparator STARTS RUNNING!
@251.20000000000002ms (80384 clock ticks): Comparator STOPS RUNNING!

@300.0ms (96000 clock ticks): Supervisor STARTS RUNNING!
@300.109375ms (96035 clock ticks): Satellite Control MON STARTS RUNNING!
@300.115625ms (96037 clock ticks): Satellite Control COM STARTS RUNNING!
@302.2ms (96704 clock ticks): Supervisor STOPS RUNNING!

@310.46875ms (99350 clock ticks): Satellite Control COM STOPS RUNNING!

@310.49687500000005ms (99359 clock ticks): Satellite Control MON STOPS RUNNING!

@320.0ms (102400 clock ticks): FFT2 STARTS RUNNING!
@350.0ms (112000 clock ticks): Comparator STARTS RUNNING!
@351.20000000000005ms (112384 clock ticks): Comparator STOPS RUNNING!

@400.0ms (128000 clock ticks): Supervisor STARTS RUNNING!
@400.175ms (128056 clock ticks): Satellite Control COM STARTS RUNNING!
@400.209375ms (128067 clock ticks): Satellite Control MON STARTS RUNNING!
@402.20000000000005ms (128704 clock ticks): Supervisor STOPS RUNNING!

@410.44375ms (131342 clock ticks): Satellite Control COM STOPS RUNNING!

@410.53125ms (131370 clock ticks): Satellite Control MON STOPS RUNNING!

@450.0ms (144000 clock ticks): Comparator STARTS RUNNING!
@451.20000000000005ms (144384 clock ticks): Comparator STOPS RUNNING!

@500.0ms (160000 clock ticks): Supervisor STARTS RUNNING!
@500.1875ms (160060 clock ticks): Satellite Control COM STARTS RUNNING!
@500.25937500000003ms (160083 clock ticks): Satellite Control MON STARTS RUNNING!
@502.20000000000005ms (160704 clock ticks): Supervisor STOPS RUNNING!

@510.421875ms (163335 clock ticks): Satellite Control COM STOPS RUNNING!

@510.5ms (163360 clock ticks): Satellite Control MON STOPS RUNNING!

@550.0ms (176000 clock ticks): Comparator STARTS RUNNING!
@551.2ms (176384 clock ticks): Comparator STOPS RUNNING!

@565.6ms (180992 clock ticks): FFT1 STOPS RUNNING!

@600.0ms (192000 clock ticks): Supervisor STARTS RUNNING!
@600.209375ms (192067 clock ticks): Satellite Control COM STARTS RUNNING!
@600.2687500000001ms (192086 clock ticks): Satellite Control MON STARTS RUNNING!
@602.2ms (192704 clock ticks): Supervisor STOPS RUNNING!

@610.46875ms (195350 clock ticks): Satellite Control COM STOPS RUNNING!

@610.546875ms (195375 clock ticks): Satellite Control MON STOPS RUNNING!

@650.0ms (208000 clock ticks): Comparator STARTS RUNNING!
@651.2ms (208384 clock ticks): Comparator STOPS RUNNING!

@685.3000000000001ms (219296 clock ticks): FFT2 STOPS RUNNING!

@700.0ms (224000 clock ticks): Supervisor STARTS RUNNING!
@700.23125ms (224074 clock ticks): Satellite Control COM STARTS RUNNING!
@700.303125ms (224097 clock ticks): Satellite Control MON STARTS RUNNING!
@702.2ms (224704 clock ticks): Supervisor STOPS RUNNING!

@710.475ms (227352 clock ticks): Satellite Control COM STOPS RUNNING!

@710.5656250000001ms (227381 clock ticks): Satellite Control MON STOPS RUNNING!

@750.0ms (240000 clock ticks): Comparator STARTS RUNNING!
@751.2ms (240384 clock ticks): Comparator STOPS RUNNING!

@800.0ms (256000 clock ticks): Supervisor STARTS RUNNING!
@800.240625ms (256077 clock ticks): Satellite Control COM STARTS RUNNING!
@800.328125ms (256105 clock ticks): Satellite Control MON STARTS RUNNING!
@802.2ms (256704 clock ticks): Supervisor STOPS RUNNING!

@810.4468750000001ms (259343 clock ticks): Satellite Control COM STOPS RUNNING!

@810.54375ms (259374 clock ticks): Satellite Control MON STOPS RUNNING!

@850.0ms (272000 clock ticks): Comparator STARTS RUNNING!
@851.2ms (272384 clock ticks): Comparator STOPS RUNNING!

@900.0ms (288000 clock ticks): I2C_Storage1 STARTS RUNNING!
@900.0ms (288000 clock ticks): Supervisor STARTS RUNNING!
@900.2437500000001ms (288078 clock ticks): Satellite Control COM STARTS RUNNING!
@900.3312500000001ms (288106 clock ticks): Satellite Control MON STARTS RUNNING!
@902.2ms (288704 clock ticks): Supervisor STOPS RUNNING!

@910.4625000000001ms (291348 clock ticks): Satellite Control COM STOPS RUNNING!

@910.553125ms (291377 clock ticks): Satellite Control MON STOPS RUNNING!

@950.0ms (304000 clock ticks): Comparator STARTS RUNNING!
@951.2ms (304384 clock ticks): Comparator STOPS RUNNING!

@990.3000000000001ms (316896 clock ticks): I2C_Storage1 STOPS RUNNING!

@1000.0ms (320000 clock ticks): SPW_Acquisition1 STARTS RUNNING!
@1000.0ms (320000 clock ticks): Supervisor STARTS RUNNING!
@1000.0ms (320000 clock ticks): SPW_payload_driver STARTS RUNNING!
@1000.2531250000001ms (320081 clock ticks): Satellite Control COM STARTS RUNNING!
@1000.3375000000001ms (320108 clock ticks): Satellite Control MON STARTS RUNNING!
@1001.2625ms (320404 clock ticks): SPW_payload_driver STOPS RUNNING!

@1002.3000000000001ms (320736 clock ticks): Supervisor STOPS RUNNING!

@1010.4781250000001ms (323353 clock ticks): Satellite Control COM STOPS RUNNING!

@1010.5656250000001ms (323381 clock ticks): Satellite Control MON STOPS RUNNING!

@1020.0ms (326400 clock ticks): SPW_Acquisition2 STARTS RUNNING!
@1050.0ms (336000 clock ticks): Comparator STARTS RUNNING!
@1051.2ms (336384 clock ticks): Comparator STOPS RUNNING!

@1100.0ms (352000 clock ticks): Supervisor STARTS RUNNING!
@1100.0ms (352000 clock ticks): I2C_Storage2 STARTS RUNNING!
@1100.265625ms (352085 clock ticks): Satellite Control COM STARTS RUNNING!
@1100.346875ms (352111 clock ticks): Satellite Control MON STARTS RUNNING!
@1102.2ms (352704 clock ticks): Supervisor STOPS RUNNING!

@1105.0ms (353600 clock ticks): SPW_Acquisition1 STOPS RUNNING!

@1110.4906250000001ms (355357 clock ticks): Satellite Control COM STOPS RUNNING!

@1110.5875ms (355388 clock ticks): Satellite Control MON STOPS RUNNING!

@1125.0ms (360000 clock ticks): SPW_Acquisition2 STOPS RUNNING!

@1150.0ms (368000 clock ticks): Comparator STARTS RUNNING!
@1151.2ms (368384 clock ticks): Comparator STOPS RUNNING!

@1190.3ms (380896 clock ticks): I2C_Storage2 STOPS RUNNING!

@1200.0ms (384000 clock ticks): Supervisor STARTS RUNNING!
@1200.0ms (384000 clock ticks): FFT1 STARTS RUNNING!
@1200.26875ms (384086 clock ticks): Satellite Control COM STARTS RUNNING!
@1200.359375ms (384115 clock ticks): Satellite Control MON STARTS RUNNING!
@1202.296875ms (384735 clock ticks): Supervisor STOPS RUNNING!

@1210.734375ms (387435 clock ticks): Satellite Control MON STOPS RUNNING!

@1210.778125ms (387449 clock ticks): Satellite Control COM STOPS RUNNING!


/**********************

*     simulation ends      *

**********************/

