@0.0ms (0 clock ticks): SPW_payload_driver STARTS RUNNING!
@0.0ms (0 clock ticks): SPW_Acquisition1 STARTS RUNNING!
@1.2000000000000002ms (384 clock ticks): SPW_payload_driver STOPS RUNNING!

@40.0ms (12800 clock ticks): SPW_Acquisition2 STARTS RUNNING!
@100.0ms (32000 clock ticks): Satellite Control COM STARTS RUNNING!
@100.0ms (32000 clock ticks): Satellite Control MON STARTS RUNNING!
@105.0ms (33600 clock ticks): SPW_Acquisition1 STOPS RUNNING!

@110.28750000000001ms (35292 clock ticks): Satellite Control COM STOPS RUNNING!

@110.36562500000001ms (35317 clock ticks): Satellite Control MON STOPS RUNNING!

@145.0ms (46400 clock ticks): SPW_Acquisition2 STOPS RUNNING!

@150.0ms (48000 clock ticks): Comparator STARTS RUNNING!
@151.20000000000002ms (48384 clock ticks): Comparator STOPS RUNNING!

@200.0ms (64000 clock ticks): Supervisor STARTS RUNNING!
@200.0ms (64000 clock ticks): FFT1 STARTS RUNNING!
@200.02187500000002ms (64007 clock ticks): Satellite Control COM STARTS RUNNING!
@200.065625ms (64021 clock ticks): Satellite Control MON STARTS RUNNING!
@202.50625000000002ms (64802 clock ticks): Supervisor STOPS RUNNING!

@210.415625ms (67333 clock ticks): Satellite Control MON STOPS RUNNING!

@210.534375ms (67371 clock ticks): Satellite Control COM STOPS RUNNING!

@250.0ms (80000 clock ticks): Comparator STARTS RUNNING!
@251.20000000000002ms (80384 clock ticks): Comparator STOPS RUNNING!

@280.0ms (89600 clock ticks): FFT2 STARTS RUNNING!
@300.0ms (96000 clock ticks): Supervisor STARTS RUNNING!
@300.021875ms (96007 clock ticks): Satellite Control COM STARTS RUNNING!
@300.065625ms (96021 clock ticks): Satellite Control MON STARTS RUNNING!
@302.396875ms (96767 clock ticks): Supervisor STOPS RUNNING!

@310.459375ms (99347 clock ticks): Satellite Control COM STOPS RUNNING!

@310.484375ms (99355 clock ticks): Satellite Control MON STOPS RUNNING!

@350.0ms (112000 clock ticks): Comparator STARTS RUNNING!
@351.20000000000005ms (112384 clock ticks): Comparator STOPS RUNNING!

@400.0ms (128000 clock ticks): Supervisor STARTS RUNNING!
@400.096875ms (128031 clock ticks): Satellite Control COM STARTS RUNNING!
@400.13125ms (128042 clock ticks): Satellite Control MON STARTS RUNNING!
@402.20000000000005ms (128704 clock ticks): Supervisor STOPS RUNNING!

@410.3625ms (131316 clock ticks): Satellite Control COM STOPS RUNNING!

@410.4375ms (131340 clock ticks): Satellite Control MON STOPS RUNNING!

@450.0ms (144000 clock ticks): Comparator STARTS RUNNING!
@451.20000000000005ms (144384 clock ticks): Comparator STOPS RUNNING!

@500.0ms (160000 clock ticks): Supervisor STARTS RUNNING!
@500.12187500000005ms (160039 clock ticks): Satellite Control COM STARTS RUNNING!
@500.16562500000003ms (160053 clock ticks): Satellite Control MON STARTS RUNNING!
@502.20000000000005ms (160704 clock ticks): Supervisor STOPS RUNNING!

@510.44687500000003ms (163343 clock ticks): Satellite Control COM STOPS RUNNING!

@510.471875ms (163351 clock ticks): Satellite Control MON STOPS RUNNING!

@550.0ms (176000 clock ticks): Comparator STARTS RUNNING!
@551.2ms (176384 clock ticks): Comparator STOPS RUNNING!

@565.6ms (180992 clock ticks): FFT1 STOPS RUNNING!

@600.0ms (192000 clock ticks): Supervisor STARTS RUNNING!
@600.196875ms (192063 clock ticks): Satellite Control COM STARTS RUNNING!
@600.215625ms (192069 clock ticks): Satellite Control MON STARTS RUNNING!
@602.2ms (192704 clock ticks): Supervisor STOPS RUNNING!

@610.490625ms (195357 clock ticks): Satellite Control COM STOPS RUNNING!

@610.553125ms (195377 clock ticks): Satellite Control MON STOPS RUNNING!

@645.3000000000001ms (206496 clock ticks): FFT2 STOPS RUNNING!

@650.0ms (208000 clock ticks): Comparator STARTS RUNNING!
@651.2ms (208384 clock ticks): Comparator STOPS RUNNING!

@700.0ms (224000 clock ticks): Supervisor STARTS RUNNING!
@700.234375ms (224075 clock ticks): Satellite Control COM STARTS RUNNING!
@700.271875ms (224087 clock ticks): Satellite Control MON STARTS RUNNING!
@702.2ms (224704 clock ticks): Supervisor STOPS RUNNING!

@710.54375ms (227374 clock ticks): Satellite Control COM STOPS RUNNING!

@710.584375ms (227387 clock ticks): Satellite Control MON STOPS RUNNING!

@750.0ms (240000 clock ticks): Comparator STARTS RUNNING!
@751.2ms (240384 clock ticks): Comparator STOPS RUNNING!

@800.0ms (256000 clock ticks): Supervisor STARTS RUNNING!
@800.29375ms (256094 clock ticks): Satellite Control COM STARTS RUNNING!
@800.31875ms (256102 clock ticks): Satellite Control MON STARTS RUNNING!
@802.2ms (256704 clock ticks): Supervisor STOPS RUNNING!

@810.584375ms (259387 clock ticks): Satellite Control COM STOPS RUNNING!

@810.640625ms (259405 clock ticks): Satellite Control MON STOPS RUNNING!

@850.0ms (272000 clock ticks): Comparator STARTS RUNNING!
@851.2ms (272384 clock ticks): Comparator STOPS RUNNING!

@900.0ms (288000 clock ticks): Supervisor STARTS RUNNING!
@900.0ms (288000 clock ticks): I2C_Storage1 STARTS RUNNING!
@900.3375000000001ms (288108 clock ticks): Satellite Control COM STARTS RUNNING!
@900.365625ms (288117 clock ticks): Satellite Control MON STARTS RUNNING!
@902.2ms (288704 clock ticks): Supervisor STOPS RUNNING!

@910.63125ms (291402 clock ticks): Satellite Control COM STOPS RUNNING!

@910.69375ms (291422 clock ticks): Satellite Control MON STOPS RUNNING!

@950.0ms (304000 clock ticks): Comparator STARTS RUNNING!
@951.2ms (304384 clock ticks): Comparator STOPS RUNNING!

@990.3000000000001ms (316896 clock ticks): I2C_Storage1 STOPS RUNNING!

@1000.0ms (320000 clock ticks): SPW_payload_driver STARTS RUNNING!
@1000.0ms (320000 clock ticks): Supervisor STARTS RUNNING!
@1000.0ms (320000 clock ticks): SPW_Acquisition1 STARTS RUNNING!
@1000.375ms (320120 clock ticks): Satellite Control COM STARTS RUNNING!
@1000.421875ms (320135 clock ticks): Satellite Control MON STARTS RUNNING!
@1001.3000000000001ms (320416 clock ticks): SPW_payload_driver STOPS RUNNING!

@1002.2843750000001ms (320731 clock ticks): Supervisor STOPS RUNNING!

@1010.715625ms (323429 clock ticks): Satellite Control COM STOPS RUNNING!

@1010.75ms (323440 clock ticks): Satellite Control MON STOPS RUNNING!

@1040.0ms (332800 clock ticks): SPW_Acquisition2 STARTS RUNNING!
@1050.0ms (336000 clock ticks): Comparator STARTS RUNNING!
@1051.2ms (336384 clock ticks): Comparator STOPS RUNNING!

@1100.0ms (352000 clock ticks): I2C_Storage2 STARTS RUNNING!
@1100.0ms (352000 clock ticks): Supervisor STARTS RUNNING!
@1100.440625ms (352141 clock ticks): Satellite Control COM STARTS RUNNING!
@1100.496875ms (352159 clock ticks): Satellite Control MON STARTS RUNNING!
@1102.2ms (352704 clock ticks): Supervisor STOPS RUNNING!

@1105.0ms (353600 clock ticks): SPW_Acquisition1 STOPS RUNNING!

