@0.0ms (0 clock ticks): SPW_Acquisition1 STARTS RUNNING!
@0.0ms (0 clock ticks): SPW_payload_driver STARTS RUNNING!
@1.2000000000000002ms (384 clock ticks): SPW_payload_driver STOPS RUNNING!

@100.0ms (32000 clock ticks): Satellite Control COM STARTS RUNNING!
@100.0ms (32000 clock ticks): Satellite Control MON STARTS RUNNING!
@105.0ms (33600 clock ticks): SPW_Acquisition1 STOPS RUNNING!

@110.353125ms (35313 clock ticks): Satellite Control COM STOPS RUNNING!

@110.37812500000001ms (35321 clock ticks): Satellite Control MON STOPS RUNNING!

@120.0ms (38400 clock ticks): SPW_Acquisition2 STARTS RUNNING!
@150.0ms (48000 clock ticks): Comparator STARTS RUNNING!
@151.20000000000002ms (48384 clock ticks): Comparator STOPS RUNNING!

@200.0ms (64000 clock ticks): FFT1 STARTS RUNNING!
@200.0ms (64000 clock ticks): Supervisor STARTS RUNNING!
@200.07500000000002ms (64024 clock ticks): Satellite Control COM STARTS RUNNING!
@200.07500000000002ms (64024 clock ticks): Satellite Control MON STARTS RUNNING!
@202.41250000000002ms (64772 clock ticks): Supervisor STOPS RUNNING!

@210.565625ms (67381 clock ticks): Satellite Control MON STOPS RUNNING!

@210.59375ms (67390 clock ticks): Satellite Control COM STOPS RUNNING!

@225.0ms (72000 clock ticks): SPW_Acquisition2 STOPS RUNNING!

@250.0ms (80000 clock ticks): Comparator STARTS RUNNING!
@251.20000000000002ms (80384 clock ticks): Comparator STOPS RUNNING!

@300.0ms (96000 clock ticks): Supervisor STARTS RUNNING!
@300.146875ms (96047 clock ticks): Satellite Control MON STARTS RUNNING!
@300.15625ms (96050 clock ticks): Satellite Control COM STARTS RUNNING!
@302.2ms (96704 clock ticks): Supervisor STOPS RUNNING!

@310.49375000000003ms (99358 clock ticks): Satellite Control MON STOPS RUNNING!

@310.52812500000005ms (99369 clock ticks): Satellite Control COM STOPS RUNNING!

@320.0ms (102400 clock ticks): FFT2 STARTS RUNNING!
@350.0ms (112000 clock ticks): Comparator STARTS RUNNING!
@351.20000000000005ms (112384 clock ticks): Comparator STOPS RUNNING!

@400.0ms (128000 clock ticks): Supervisor STARTS RUNNING!
@400.21250000000003ms (128068 clock ticks): Satellite Control MON STARTS RUNNING!
@400.23125000000005ms (128074 clock ticks): Satellite Control COM STARTS RUNNING!
@402.20000000000005ms (128704 clock ticks): Supervisor STOPS RUNNING!

@410.503125ms (131361 clock ticks): Satellite Control MON STOPS RUNNING!

@410.55937500000005ms (131379 clock ticks): Satellite Control COM STOPS RUNNING!

@450.0ms (144000 clock ticks): Comparator STARTS RUNNING!
@451.20000000000005ms (144384 clock ticks): Comparator STOPS RUNNING!

@500.0ms (160000 clock ticks): Supervisor STARTS RUNNING!
@500.25625ms (160082 clock ticks): Satellite Control MON STARTS RUNNING!
@500.26875ms (160086 clock ticks): Satellite Control COM STARTS RUNNING!
@502.20000000000005ms (160704 clock ticks): Supervisor STOPS RUNNING!

@510.63437500000003ms (163403 clock ticks): Satellite Control MON STOPS RUNNING!

@510.63750000000005ms (163404 clock ticks): Satellite Control COM STOPS RUNNING!

@550.0ms (176000 clock ticks): Comparator STARTS RUNNING!
@551.2ms (176384 clock ticks): Comparator STOPS RUNNING!

@565.6ms (180992 clock ticks): FFT1 STOPS RUNNING!

@600.0ms (192000 clock ticks): Supervisor STARTS RUNNING!
@600.35ms (192112 clock ticks): Satellite Control COM STARTS RUNNING!
@600.353125ms (192113 clock ticks): Satellite Control MON STARTS RUNNING!
@602.2ms (192704 clock ticks): Supervisor STOPS RUNNING!

@610.7ms (195424 clock ticks): Satellite Control MON STOPS RUNNING!

@610.715625ms (195429 clock ticks): Satellite Control COM STOPS RUNNING!

@650.0ms (208000 clock ticks): Comparator STARTS RUNNING!
@651.2ms (208384 clock ticks): Comparator STOPS RUNNING!

@685.3000000000001ms (219296 clock ticks): FFT2 STOPS RUNNING!

@700.0ms (224000 clock ticks): Supervisor STARTS RUNNING!
@700.4156250000001ms (224133 clock ticks): Satellite Control COM STARTS RUNNING!
@700.4375ms (224140 clock ticks): Satellite Control MON STARTS RUNNING!
@702.2ms (224704 clock ticks): Supervisor STOPS RUNNING!

@710.7625ms (227444 clock ticks): Satellite Control COM STOPS RUNNING!

@710.79375ms (227454 clock ticks): Satellite Control MON STOPS RUNNING!

@750.0ms (240000 clock ticks): Comparator STARTS RUNNING!
@751.2ms (240384 clock ticks): Comparator STOPS RUNNING!

@800.0ms (256000 clock ticks): Supervisor STARTS RUNNING!
@800.484375ms (256155 clock ticks): Satellite Control COM STARTS RUNNING!
@800.5125ms (256164 clock ticks): Satellite Control MON STARTS RUNNING!
@802.2ms (256704 clock ticks): Supervisor STOPS RUNNING!

@810.84375ms (259470 clock ticks): Satellite Control COM STOPS RUNNING!

@810.8687500000001ms (259478 clock ticks): Satellite Control MON STOPS RUNNING!

@850.0ms (272000 clock ticks): Comparator STARTS RUNNING!
@851.2ms (272384 clock ticks): Comparator STOPS RUNNING!

@900.0ms (288000 clock ticks): I2C_Storage1 STARTS RUNNING!
@900.0ms (288000 clock ticks): Supervisor STARTS RUNNING!
@900.559375ms (288179 clock ticks): Satellite Control COM STARTS RUNNING!
@900.584375ms (288187 clock ticks): Satellite Control MON STARTS RUNNING!
@902.2ms (288704 clock ticks): Supervisor STOPS RUNNING!

@910.8687500000001ms (291478 clock ticks): Satellite Control COM STOPS RUNNING!

@910.9250000000001ms (291496 clock ticks): Satellite Control MON STOPS RUNNING!

@950.0ms (304000 clock ticks): Comparator STARTS RUNNING!
@951.2ms (304384 clock ticks): Comparator STOPS RUNNING!

@990.3000000000001ms (316896 clock ticks): I2C_Storage1 STOPS RUNNING!

@1000.0ms (320000 clock ticks): SPW_Acquisition1 STARTS RUNNING!
@1000.0ms (320000 clock ticks): SPW_payload_driver STARTS RUNNING!
@1000.0ms (320000 clock ticks): Supervisor STARTS RUNNING!
@1000.6031250000001ms (320193 clock ticks): Satellite Control COM STARTS RUNNING!
@1000.6500000000001ms (320208 clock ticks): Satellite Control MON STARTS RUNNING!
@1001.3000000000001ms (320416 clock ticks): SPW_payload_driver STOPS RUNNING!

@1002.2687500000001ms (320726 clock ticks): Supervisor STOPS RUNNING!

@1010.871875ms (323479 clock ticks): Satellite Control COM STOPS RUNNING!

@1010.9406250000001ms (323501 clock ticks): Satellite Control MON STOPS RUNNING!

@1050.0ms (336000 clock ticks): Comparator STARTS RUNNING!
@1051.2ms (336384 clock ticks): Comparator STOPS RUNNING!

@1100.0ms (352000 clock ticks): I2C_Storage2 STARTS RUNNING!
@1100.0ms (352000 clock ticks): Supervisor STARTS RUNNING!
@1100.634375ms (352203 clock ticks): Satellite Control COM STARTS RUNNING!
@1100.68125ms (352218 clock ticks): Satellite Control MON STARTS RUNNING!
@1102.2ms (352704 clock ticks): Supervisor STOPS RUNNING!

@1105.0ms (353600 clock ticks): SPW_Acquisition1 STOPS RUNNING!

@1110.9593750000001ms (355507 clock ticks): Satellite Control COM STOPS RUNNING!

@1110.996875ms (355519 clock ticks): Satellite Control MON STOPS RUNNING!

@1120.0ms (358400 clock ticks): SPW_Acquisition2 STARTS RUNNING!
@1150.0ms (368000 clock ticks): Comparator STARTS RUNNING!
@1151.2ms (368384 clock ticks): Comparator STOPS RUNNING!

@1190.3ms (380896 clock ticks): I2C_Storage2 STOPS RUNNING!

@1200.0ms (384000 clock ticks): FFT1 STARTS RUNNING!
@1200.0ms (384000 clock ticks): Supervisor STARTS RUNNING!
@1200.696875ms (384223 clock ticks): Satellite Control COM STARTS RUNNING!
@1200.74375ms (384238 clock ticks): Satellite Control MON STARTS RUNNING!
@1202.3343750000001ms (384747 clock ticks): Supervisor STOPS RUNNING!

@1211.16875ms (387574 clock ticks): Satellite Control COM STOPS RUNNING!

@1211.190625ms (387581 clock ticks): Satellite Control MON STOPS RUNNING!

@1225.0ms (392000 clock ticks): SPW_Acquisition2 STOPS RUNNING!


/**********************

*     simulation ends      *

**********************/

