@0.0ms (0 clock ticks): SPW_Acquisition1 STARTS RUNNING!
@0.0ms (0 clock ticks): SPW_payload_driver STARTS RUNNING!
@1.2000000000000002ms (384 clock ticks): SPW_payload_driver STOPS RUNNING!

@40.0ms (12800 clock ticks): SPW_Acquisition2 STARTS RUNNING!
@100.0ms (32000 clock ticks): Satellite Control COM STARTS RUNNING!
@100.0ms (32000 clock ticks): Satellite Control MON STARTS RUNNING!
@105.0ms (33600 clock ticks): SPW_Acquisition1 STOPS RUNNING!

@110.36250000000001ms (35316 clock ticks): Satellite Control COM STOPS RUNNING!

@110.37812500000001ms (35321 clock ticks): Satellite Control MON STOPS RUNNING!

@145.0ms (46400 clock ticks): SPW_Acquisition2 STOPS RUNNING!

@150.0ms (48000 clock ticks): Comparator STARTS RUNNING!
@151.20000000000002ms (48384 clock ticks): Comparator STOPS RUNNING!

@200.0ms (64000 clock ticks): Supervisor STARTS RUNNING!
@200.0ms (64000 clock ticks): FFT2 STARTS RUNNING!
@200.0ms (64000 clock ticks): FFT1 STARTS RUNNING!
@200.078125ms (64025 clock ticks): Satellite Control MON STARTS RUNNING!
@200.08437500000002ms (64027 clock ticks): Satellite Control COM STARTS RUNNING!
@202.565625ms (64821 clock ticks): Supervisor STOPS RUNNING!

@210.628125ms (67401 clock ticks): Satellite Control COM STOPS RUNNING!

@210.671875ms (67415 clock ticks): Satellite Control MON STOPS RUNNING!

@250.0ms (80000 clock ticks): Comparator STARTS RUNNING!
@251.20000000000002ms (80384 clock ticks): Comparator STOPS RUNNING!

@300.0ms (96000 clock ticks): Supervisor STARTS RUNNING!
@300.078125ms (96025 clock ticks): Satellite Control MON STARTS RUNNING!
@300.084375ms (96027 clock ticks): Satellite Control COM STARTS RUNNING!
@302.240625ms (96717 clock ticks): Supervisor STOPS RUNNING!

@310.4875ms (99356 clock ticks): Satellite Control MON STOPS RUNNING!

@310.49687500000005ms (99359 clock ticks): Satellite Control COM STOPS RUNNING!

@350.0ms (112000 clock ticks): Comparator STARTS RUNNING!
@351.20000000000005ms (112384 clock ticks): Comparator STOPS RUNNING!

@400.0ms (128000 clock ticks): Supervisor STARTS RUNNING!
@400.16875000000005ms (128054 clock ticks): Satellite Control MON STARTS RUNNING!
@400.178125ms (128057 clock ticks): Satellite Control COM STARTS RUNNING!
@402.20000000000005ms (128704 clock ticks): Supervisor STOPS RUNNING!

@410.5ms (131360 clock ticks): Satellite Control MON STOPS RUNNING!

@410.54375000000005ms (131374 clock ticks): Satellite Control COM STOPS RUNNING!

@450.0ms (144000 clock ticks): Comparator STARTS RUNNING!
@451.20000000000005ms (144384 clock ticks): Comparator STOPS RUNNING!

@500.0ms (160000 clock ticks): Supervisor STARTS RUNNING!
@500.225ms (160072 clock ticks): Satellite Control MON STARTS RUNNING!
@500.253125ms (160081 clock ticks): Satellite Control COM STARTS RUNNING!
@502.20000000000005ms (160704 clock ticks): Supervisor STOPS RUNNING!

@510.57187500000003ms (163383 clock ticks): Satellite Control MON STOPS RUNNING!

@510.609375ms (163395 clock ticks): Satellite Control COM STOPS RUNNING!

@550.0ms (176000 clock ticks): Comparator STARTS RUNNING!
@551.2ms (176384 clock ticks): Comparator STOPS RUNNING!

@580.35625ms (185714 clock ticks): FFT1 STOPS RUNNING!

@580.625ms (185800 clock ticks): FFT2 STOPS RUNNING!

@600.0ms (192000 clock ticks): Supervisor STARTS RUNNING!
@600.2875ms (192092 clock ticks): Satellite Control MON STARTS RUNNING!
@600.325ms (192104 clock ticks): Satellite Control COM STARTS RUNNING!
@602.2ms (192704 clock ticks): Supervisor STOPS RUNNING!

@610.603125ms (195393 clock ticks): Satellite Control MON STOPS RUNNING!

@610.6437500000001ms (195406 clock ticks): Satellite Control COM STOPS RUNNING!

@650.0ms (208000 clock ticks): Comparator STARTS RUNNING!
@651.2ms (208384 clock ticks): Comparator STOPS RUNNING!

@700.0ms (224000 clock ticks): Supervisor STARTS RUNNING!
@700.3468750000001ms (224111 clock ticks): Satellite Control MON STARTS RUNNING!
@700.38125ms (224122 clock ticks): Satellite Control COM STARTS RUNNING!
@702.2ms (224704 clock ticks): Supervisor STOPS RUNNING!

@710.684375ms (227419 clock ticks): Satellite Control MON STOPS RUNNING!

@710.7218750000001ms (227431 clock ticks): Satellite Control COM STOPS RUNNING!

@750.0ms (240000 clock ticks): Comparator STARTS RUNNING!
@751.2ms (240384 clock ticks): Comparator STOPS RUNNING!

@800.0ms (256000 clock ticks): Supervisor STARTS RUNNING!
@800.4093750000001ms (256131 clock ticks): Satellite Control MON STARTS RUNNING!
@800.4562500000001ms (256146 clock ticks): Satellite Control COM STARTS RUNNING!
@802.2ms (256704 clock ticks): Supervisor STOPS RUNNING!

@810.7375000000001ms (259436 clock ticks): Satellite Control MON STOPS RUNNING!

@810.765625ms (259445 clock ticks): Satellite Control COM STOPS RUNNING!

@850.0ms (272000 clock ticks): Comparator STARTS RUNNING!
@851.2ms (272384 clock ticks): Comparator STOPS RUNNING!

@900.0ms (288000 clock ticks): Supervisor STARTS RUNNING!
@900.0ms (288000 clock ticks): I2C_Storage1 STARTS RUNNING!
@900.48125ms (288154 clock ticks): Satellite Control MON STARTS RUNNING!
@900.5093750000001ms (288163 clock ticks): Satellite Control COM STARTS RUNNING!
@902.2ms (288704 clock ticks): Supervisor STOPS RUNNING!

@910.725ms (291432 clock ticks): Satellite Control MON STOPS RUNNING!

@910.809375ms (291459 clock ticks): Satellite Control COM STOPS RUNNING!

@950.0ms (304000 clock ticks): Comparator STARTS RUNNING!
@951.2ms (304384 clock ticks): Comparator STOPS RUNNING!

@990.3000000000001ms (316896 clock ticks): I2C_Storage1 STOPS RUNNING!

@1000.0ms (320000 clock ticks): Supervisor STARTS RUNNING!
@1000.0ms (320000 clock ticks): SPW_Acquisition1 STARTS RUNNING!
@1000.0ms (320000 clock ticks): SPW_payload_driver STARTS RUNNING!
@1000.496875ms (320159 clock ticks): Satellite Control MON STARTS RUNNING!
@1000.5375ms (320172 clock ticks): Satellite Control COM STARTS RUNNING!
@1001.3000000000001ms (320416 clock ticks): SPW_payload_driver STOPS RUNNING!

@1002.2875ms (320732 clock ticks): Supervisor STOPS RUNNING!

@1010.8156250000001ms (323461 clock ticks): Satellite Control MON STOPS RUNNING!

@1010.84375ms (323470 clock ticks): Satellite Control COM STOPS RUNNING!

@1040.0ms (332800 clock ticks): SPW_Acquisition2 STARTS RUNNING!
@1050.0ms (336000 clock ticks): Comparator STARTS RUNNING!
@1051.2ms (336384 clock ticks): Comparator STOPS RUNNING!

@1100.0ms (352000 clock ticks): Supervisor STARTS RUNNING!
@1100.0ms (352000 clock ticks): I2C_Storage2 STARTS RUNNING!
@1100.5687500000001ms (352182 clock ticks): Satellite Control MON STARTS RUNNING!
@1100.5843750000001ms (352187 clock ticks): Satellite Control COM STARTS RUNNING!
@1102.2ms (352704 clock ticks): Supervisor STOPS RUNNING!

@1105.0ms (353600 clock ticks): SPW_Acquisition1 STOPS RUNNING!

@1110.925ms (355496 clock ticks): Satellite Control MON STOPS RUNNING!

@1110.93125ms (355498 clock ticks): Satellite Control COM STOPS RUNNING!

@1145.0ms (366400 clock ticks): SPW_Acquisition2 STOPS RUNNING!

@1150.0ms (368000 clock ticks): Comparator STARTS RUNNING!
@1151.2ms (368384 clock ticks): Comparator STOPS RUNNING!

@1190.3ms (380896 clock ticks): I2C_Storage2 STOPS RUNNING!

@1200.0ms (384000 clock ticks): Supervisor STARTS RUNNING!
@1200.025ms (384008 clock ticks): FFT2 STARTS RUNNING!
@1200.03125ms (384010 clock ticks): FFT1 STARTS RUNNING!
@1200.6468750000001ms (384207 clock ticks): Satellite Control COM STARTS RUNNING!
@1200.6625000000001ms (384212 clock ticks): Satellite Control MON STARTS RUNNING!
@1202.3500000000001ms (384752 clock ticks): Supervisor STOPS RUNNING!

@1211.234375ms (387595 clock ticks): Satellite Control COM STOPS RUNNING!

@1211.2375ms (387596 clock ticks): Satellite Control MON STOPS RUNNING!


/**********************

*     simulation ends      *

**********************/

