@0.0ms (0 clock ticks): SPW_Acquisition1 STARTS RUNNING!
@0.0ms (0 clock ticks): SPW_payload_driver STARTS RUNNING!
@1.2000000000000002ms (384 clock ticks): SPW_payload_driver STOPS RUNNING!

@60.0ms (19200 clock ticks): SPW_Acquisition2 STARTS RUNNING!
@100.0ms (32000 clock ticks): Satellite Control MON STARTS RUNNING!
@100.0ms (32000 clock ticks): Satellite Control COM STARTS RUNNING!
@105.0ms (33600 clock ticks): SPW_Acquisition1 STOPS RUNNING!

@110.37812500000001ms (35321 clock ticks): Satellite Control COM STOPS RUNNING!

@110.3875ms (35324 clock ticks): Satellite Control MON STOPS RUNNING!

@150.0ms (48000 clock ticks): Comparator STARTS RUNNING!
@151.20000000000002ms (48384 clock ticks): Comparator STOPS RUNNING!

@165.0ms (52800 clock ticks): SPW_Acquisition2 STOPS RUNNING!

@200.0ms (64000 clock ticks): FFT1 STARTS RUNNING!
@200.0ms (64000 clock ticks): Supervisor STARTS RUNNING!
@200.071875ms (64023 clock ticks): Satellite Control COM STARTS RUNNING!
@200.10000000000002ms (64032 clock ticks): Satellite Control MON STARTS RUNNING!
@202.33437500000002ms (64747 clock ticks): Supervisor STOPS RUNNING!

@210.4875ms (67356 clock ticks): Satellite Control COM STOPS RUNNING!

@210.57500000000002ms (67384 clock ticks): Satellite Control MON STOPS RUNNING!

@220.0ms (70400 clock ticks): FFT2 STARTS RUNNING!
@250.0ms (80000 clock ticks): Comparator STARTS RUNNING!
@251.20000000000002ms (80384 clock ticks): Comparator STOPS RUNNING!

@300.0ms (96000 clock ticks): Supervisor STARTS RUNNING!
@300.084375ms (96027 clock ticks): Satellite Control COM STARTS RUNNING!
@300.13437500000003ms (96043 clock ticks): Satellite Control MON STARTS RUNNING!
@302.209375ms (96707 clock ticks): Supervisor STOPS RUNNING!

@310.38750000000005ms (99324 clock ticks): Satellite Control COM STOPS RUNNING!

@310.453125ms (99345 clock ticks): Satellite Control MON STOPS RUNNING!

@350.0ms (112000 clock ticks): Comparator STARTS RUNNING!
@351.20000000000005ms (112384 clock ticks): Comparator STOPS RUNNING!

@400.0ms (128000 clock ticks): Supervisor STARTS RUNNING!
@400.11875000000003ms (128038 clock ticks): Satellite Control COM STARTS RUNNING!
@400.1875ms (128060 clock ticks): Satellite Control MON STARTS RUNNING!
@402.20000000000005ms (128704 clock ticks): Supervisor STOPS RUNNING!

@410.36875000000003ms (131318 clock ticks): Satellite Control COM STOPS RUNNING!

@410.45000000000005ms (131344 clock ticks): Satellite Control MON STOPS RUNNING!

@450.0ms (144000 clock ticks): Comparator STARTS RUNNING!
@451.20000000000005ms (144384 clock ticks): Comparator STOPS RUNNING!

@500.0ms (160000 clock ticks): Supervisor STARTS RUNNING!
@500.13750000000005ms (160044 clock ticks): Satellite Control COM STARTS RUNNING!
@500.21562500000005ms (160069 clock ticks): Satellite Control MON STARTS RUNNING!
@502.20000000000005ms (160704 clock ticks): Supervisor STOPS RUNNING!

@510.34062500000005ms (163309 clock ticks): Satellite Control COM STOPS RUNNING!

@510.440625ms (163341 clock ticks): Satellite Control MON STOPS RUNNING!

@550.0ms (176000 clock ticks): Comparator STARTS RUNNING!
@551.2ms (176384 clock ticks): Comparator STOPS RUNNING!

@565.6ms (180992 clock ticks): FFT1 STOPS RUNNING!

@585.3000000000001ms (187296 clock ticks): FFT2 STOPS RUNNING!

@600.0ms (192000 clock ticks): Supervisor STARTS RUNNING!
@600.1375ms (192044 clock ticks): Satellite Control COM STARTS RUNNING!
@600.215625ms (192069 clock ticks): Satellite Control MON STARTS RUNNING!
@602.2ms (192704 clock ticks): Supervisor STOPS RUNNING!

@610.41875ms (195334 clock ticks): Satellite Control COM STOPS RUNNING!

@610.478125ms (195353 clock ticks): Satellite Control MON STOPS RUNNING!

@650.0ms (208000 clock ticks): Comparator STARTS RUNNING!
@651.2ms (208384 clock ticks): Comparator STOPS RUNNING!

@700.0ms (224000 clock ticks): Supervisor STARTS RUNNING!
@700.178125ms (224057 clock ticks): Satellite Control COM STARTS RUNNING!
@700.2437500000001ms (224078 clock ticks): Satellite Control MON STARTS RUNNING!
@702.2ms (224704 clock ticks): Supervisor STOPS RUNNING!

@710.5093750000001ms (227363 clock ticks): Satellite Control COM STOPS RUNNING!

@710.546875ms (227375 clock ticks): Satellite Control MON STOPS RUNNING!

@750.0ms (240000 clock ticks): Comparator STARTS RUNNING!
@751.2ms (240384 clock ticks): Comparator STOPS RUNNING!

@800.0ms (256000 clock ticks): Supervisor STARTS RUNNING!
@800.240625ms (256077 clock ticks): Satellite Control COM STARTS RUNNING!
@800.3125ms (256100 clock ticks): Satellite Control MON STARTS RUNNING!
@802.2ms (256704 clock ticks): Supervisor STOPS RUNNING!

@810.4406250000001ms (259341 clock ticks): Satellite Control COM STOPS RUNNING!

@810.5406250000001ms (259373 clock ticks): Satellite Control MON STOPS RUNNING!

@850.0ms (272000 clock ticks): Comparator STARTS RUNNING!
@851.2ms (272384 clock ticks): Comparator STOPS RUNNING!

@900.0ms (288000 clock ticks): I2C_Storage1 STARTS RUNNING!
@900.0ms (288000 clock ticks): Supervisor STARTS RUNNING!
@900.240625ms (288077 clock ticks): Satellite Control COM STARTS RUNNING!
@900.3125ms (288100 clock ticks): Satellite Control MON STARTS RUNNING!
@902.2ms (288704 clock ticks): Supervisor STOPS RUNNING!

@910.5ms (291360 clock ticks): Satellite Control COM STOPS RUNNING!

@910.559375ms (291379 clock ticks): Satellite Control MON STOPS RUNNING!

@950.0ms (304000 clock ticks): Comparator STARTS RUNNING!
@951.2ms (304384 clock ticks): Comparator STOPS RUNNING!

@990.3000000000001ms (316896 clock ticks): I2C_Storage1 STOPS RUNNING!

@1000.0ms (320000 clock ticks): SPW_Acquisition1 STARTS RUNNING!
@1000.0ms (320000 clock ticks): Supervisor STARTS RUNNING!
@1000.0ms (320000 clock ticks): SPW_payload_driver STARTS RUNNING!
@1000.28125ms (320090 clock ticks): Satellite Control COM STARTS RUNNING!
@1000.325ms (320104 clock ticks): Satellite Control MON STARTS RUNNING!
@1001.2687500000001ms (320406 clock ticks): SPW_payload_driver STOPS RUNNING!

@1002.3000000000001ms (320736 clock ticks): Supervisor STOPS RUNNING!

@1010.5406250000001ms (323373 clock ticks): Satellite Control COM STOPS RUNNING!

@1010.6125000000001ms (323396 clock ticks): Satellite Control MON STOPS RUNNING!

@1050.0ms (336000 clock ticks): Comparator STARTS RUNNING!
@1051.2ms (336384 clock ticks): Comparator STOPS RUNNING!

@1060.0ms (339200 clock ticks): SPW_Acquisition2 STARTS RUNNING!
@1100.0ms (352000 clock ticks): Supervisor STARTS RUNNING!
@1100.0ms (352000 clock ticks): I2C_Storage2 STARTS RUNNING!
@1100.309375ms (352099 clock ticks): Satellite Control COM STARTS RUNNING!
@1100.35625ms (352114 clock ticks): Satellite Control MON STARTS RUNNING!
@1102.2ms (352704 clock ticks): Supervisor STOPS RUNNING!

@1105.0ms (353600 clock ticks): SPW_Acquisition1 STOPS RUNNING!

@1110.64375ms (355406 clock ticks): Satellite Control COM STOPS RUNNING!

@1110.68125ms (355418 clock ticks): Satellite Control MON STOPS RUNNING!

@1150.0ms (368000 clock ticks): Comparator STARTS RUNNING!
@1151.2ms (368384 clock ticks): Comparator STOPS RUNNING!

@1165.0ms (372800 clock ticks): SPW_Acquisition2 STOPS RUNNING!

@1190.3ms (380896 clock ticks): I2C_Storage2 STOPS RUNNING!

@1200.0ms (384000 clock ticks): FFT1 STARTS RUNNING!
@1200.0ms (384000 clock ticks): Supervisor STARTS RUNNING!
@1200.371875ms (384119 clock ticks): Satellite Control COM STARTS RUNNING!
@1200.4281250000001ms (384137 clock ticks): Satellite Control MON STARTS RUNNING!
@1202.315625ms (384741 clock ticks): Supervisor STOPS RUNNING!

@1210.775ms (387448 clock ticks): Satellite Control COM STOPS RUNNING!

@1210.821875ms (387463 clock ticks): Satellite Control MON STOPS RUNNING!

@1220.0ms (390400 clock ticks): FFT2 STARTS RUNNING!

/**********************

*     simulation ends      *

**********************/

