@0.0ms (0 clock ticks): SPW_payload_driver STARTS RUNNING!
@0.0ms (0 clock ticks): SPW_Acquisition1 STARTS RUNNING!
@1.2000000000000002ms (384 clock ticks): SPW_payload_driver STOPS RUNNING!

@60.0ms (19200 clock ticks): SPW_Acquisition2 STARTS RUNNING!
@100.0ms (32000 clock ticks): Satellite Control COM STARTS RUNNING!
@100.0ms (32000 clock ticks): Satellite Control MON STARTS RUNNING!
@105.0ms (33600 clock ticks): SPW_Acquisition1 STOPS RUNNING!

@110.36250000000001ms (35316 clock ticks): Satellite Control MON STOPS RUNNING!

@110.3875ms (35324 clock ticks): Satellite Control COM STOPS RUNNING!

@150.0ms (48000 clock ticks): Comparator STARTS RUNNING!
@151.20000000000002ms (48384 clock ticks): Comparator STOPS RUNNING!

@165.0ms (52800 clock ticks): SPW_Acquisition2 STOPS RUNNING!

@200.0ms (64000 clock ticks): Supervisor STARTS RUNNING!
@200.0ms (64000 clock ticks): FFT1 STARTS RUNNING!
@200.07500000000002ms (64024 clock ticks): Satellite Control MON STARTS RUNNING!
@200.08437500000002ms (64027 clock ticks): Satellite Control COM STARTS RUNNING!
@202.3625ms (64756 clock ticks): Supervisor STOPS RUNNING!

@210.509375ms (67363 clock ticks): Satellite Control MON STOPS RUNNING!

@210.58125ms (67386 clock ticks): Satellite Control COM STOPS RUNNING!

@250.0ms (80000 clock ticks): Comparator STARTS RUNNING!
@251.20000000000002ms (80384 clock ticks): Comparator STOPS RUNNING!

@260.0ms (83200 clock ticks): FFT2 STARTS RUNNING!
@300.0ms (96000 clock ticks): Supervisor STARTS RUNNING!
@300.10312500000003ms (96033 clock ticks): Satellite Control MON STARTS RUNNING!
@300.140625ms (96045 clock ticks): Satellite Control COM STARTS RUNNING!
@302.2ms (96704 clock ticks): Supervisor STOPS RUNNING!

@310.428125ms (99337 clock ticks): Satellite Control MON STOPS RUNNING!

@310.471875ms (99351 clock ticks): Satellite Control COM STOPS RUNNING!

@350.0ms (112000 clock ticks): Comparator STARTS RUNNING!
@351.20000000000005ms (112384 clock ticks): Comparator STOPS RUNNING!

@400.0ms (128000 clock ticks): Supervisor STARTS RUNNING!
@400.159375ms (128051 clock ticks): Satellite Control MON STARTS RUNNING!
@400.20625ms (128066 clock ticks): Satellite Control COM STARTS RUNNING!
@402.20000000000005ms (128704 clock ticks): Supervisor STOPS RUNNING!

@410.409375ms (131331 clock ticks): Satellite Control MON STOPS RUNNING!

@410.484375ms (131355 clock ticks): Satellite Control COM STOPS RUNNING!

@450.0ms (144000 clock ticks): Comparator STARTS RUNNING!
@451.20000000000005ms (144384 clock ticks): Comparator STOPS RUNNING!

@500.0ms (160000 clock ticks): Supervisor STARTS RUNNING!
@500.18437500000005ms (160059 clock ticks): Satellite Control MON STARTS RUNNING!
@500.23125000000005ms (160074 clock ticks): Satellite Control COM STARTS RUNNING!
@502.20000000000005ms (160704 clock ticks): Supervisor STOPS RUNNING!

@510.471875ms (163351 clock ticks): Satellite Control MON STOPS RUNNING!

@510.521875ms (163367 clock ticks): Satellite Control COM STOPS RUNNING!

@550.0ms (176000 clock ticks): Comparator STARTS RUNNING!
@551.2ms (176384 clock ticks): Comparator STOPS RUNNING!

@565.6ms (180992 clock ticks): FFT1 STOPS RUNNING!

@600.0ms (192000 clock ticks): Supervisor STARTS RUNNING!
@600.234375ms (192075 clock ticks): Satellite Control MON STARTS RUNNING!
@600.2687500000001ms (192086 clock ticks): Satellite Control COM STARTS RUNNING!
@602.2ms (192704 clock ticks): Supervisor STOPS RUNNING!

@610.540625ms (195373 clock ticks): Satellite Control MON STOPS RUNNING!

@610.5968750000001ms (195391 clock ticks): Satellite Control COM STOPS RUNNING!

@625.3000000000001ms (200096 clock ticks): FFT2 STOPS RUNNING!

@650.0ms (208000 clock ticks): Comparator STARTS RUNNING!
@651.2ms (208384 clock ticks): Comparator STOPS RUNNING!

@700.0ms (224000 clock ticks): Supervisor STARTS RUNNING!
@700.278125ms (224089 clock ticks): Satellite Control MON STARTS RUNNING!
@700.325ms (224104 clock ticks): Satellite Control COM STARTS RUNNING!
@702.2ms (224704 clock ticks): Supervisor STOPS RUNNING!

@710.553125ms (227377 clock ticks): Satellite Control MON STOPS RUNNING!

@710.621875ms (227399 clock ticks): Satellite Control COM STOPS RUNNING!

@750.0ms (240000 clock ticks): Comparator STARTS RUNNING!
@751.2ms (240384 clock ticks): Comparator STOPS RUNNING!

@800.0ms (256000 clock ticks): Supervisor STARTS RUNNING!
@800.309375ms (256099 clock ticks): Satellite Control MON STARTS RUNNING!
@800.365625ms (256117 clock ticks): Satellite Control COM STARTS RUNNING!
@802.2ms (256704 clock ticks): Supervisor STOPS RUNNING!

@810.6031250000001ms (259393 clock ticks): Satellite Control MON STOPS RUNNING!

@810.66875ms (259414 clock ticks): Satellite Control COM STOPS RUNNING!

@850.0ms (272000 clock ticks): Comparator STARTS RUNNING!
@851.2ms (272384 clock ticks): Comparator STOPS RUNNING!

@900.0ms (288000 clock ticks): I2C_Storage1 STARTS RUNNING!
@900.0ms (288000 clock ticks): Supervisor STARTS RUNNING!
@900.34375ms (288110 clock ticks): Satellite Control MON STARTS RUNNING!
@900.4250000000001ms (288136 clock ticks): Satellite Control COM STARTS RUNNING!
@902.2ms (288704 clock ticks): Supervisor STOPS RUNNING!

@910.5656250000001ms (291381 clock ticks): Satellite Control MON STOPS RUNNING!

@910.6593750000001ms (291411 clock ticks): Satellite Control COM STOPS RUNNING!

@950.0ms (304000 clock ticks): Comparator STARTS RUNNING!
@951.2ms (304384 clock ticks): Comparator STOPS RUNNING!

@990.3000000000001ms (316896 clock ticks): I2C_Storage1 STOPS RUNNING!

@1000.0ms (320000 clock ticks): SPW_payload_driver STARTS RUNNING!
@1000.0ms (320000 clock ticks): Supervisor STARTS RUNNING!
@1000.0ms (320000 clock ticks): SPW_Acquisition1 STARTS RUNNING!
@1000.35ms (320112 clock ticks): Satellite Control MON STARTS RUNNING!
@1000.4375ms (320140 clock ticks): Satellite Control COM STARTS RUNNING!
@1001.29375ms (320414 clock ticks): SPW_payload_driver STOPS RUNNING!

@1002.3000000000001ms (320736 clock ticks): Supervisor STOPS RUNNING!

@1010.6ms (323392 clock ticks): Satellite Control MON STOPS RUNNING!

@1010.671875ms (323415 clock ticks): Satellite Control COM STOPS RUNNING!

@1050.0ms (336000 clock ticks): Comparator STARTS RUNNING!
@1051.2ms (336384 clock ticks): Comparator STOPS RUNNING!

@1060.0ms (339200 clock ticks): SPW_Acquisition2 STARTS RUNNING!
@1100.0ms (352000 clock ticks): Supervisor STARTS RUNNING!
@1100.0ms (352000 clock ticks): I2C_Storage2 STARTS RUNNING!
@1100.378125ms (352121 clock ticks): Satellite Control MON STARTS RUNNING!
@1100.45625ms (352146 clock ticks): Satellite Control COM STARTS RUNNING!
@1102.2ms (352704 clock ticks): Supervisor STOPS RUNNING!

@1105.0ms (353600 clock ticks): SPW_Acquisition1 STOPS RUNNING!

@1110.58125ms (355386 clock ticks): Satellite Control MON STOPS RUNNING!

@1110.68125ms (355418 clock ticks): Satellite Control COM STOPS RUNNING!

@1150.0ms (368000 clock ticks): Comparator STARTS RUNNING!
@1151.2ms (368384 clock ticks): Comparator STOPS RUNNING!

@1165.0ms (372800 clock ticks): SPW_Acquisition2 STOPS RUNNING!

@1190.3ms (380896 clock ticks): I2C_Storage2 STOPS RUNNING!

@1200.0ms (384000 clock ticks): Supervisor STARTS RUNNING!
@1200.0ms (384000 clock ticks): FFT1 STARTS RUNNING!
@1200.378125ms (384121 clock ticks): Satellite Control MON STARTS RUNNING!
@1200.45625ms (384146 clock ticks): Satellite Control COM STARTS RUNNING!
@1202.25ms (384720 clock ticks): Supervisor STOPS RUNNING!

@1210.759375ms (387443 clock ticks): Satellite Control MON STOPS RUNNING!

@1210.85625ms (387474 clock ticks): Satellite Control COM STOPS RUNNING!


/**********************

*     simulation ends      *

**********************/

