@0.0ms (0 clock ticks): SPW_payload_driver STARTS RUNNING!
@0.0ms (0 clock ticks): SPW_Acquisition1 STARTS RUNNING!
@1.2000000000000002ms (384 clock ticks): SPW_payload_driver STOPS RUNNING!

@10.0ms (3200 clock ticks): SPW_Acquisition2 STARTS RUNNING!
@100.0ms (32000 clock ticks): Satellite Control MON STARTS RUNNING!
@100.0ms (32000 clock ticks): Satellite Control COM STARTS RUNNING!
@110.08437500000001ms (35227 clock ticks): SPW_Acquisition1 STOPS RUNNING!

@110.246875ms (35279 clock ticks): Satellite Control COM STOPS RUNNING!

@110.33125000000001ms (35306 clock ticks): Satellite Control MON STOPS RUNNING!

@120.0ms (38400 clock ticks): SPW_Acquisition2 STOPS RUNNING!

@150.0ms (48000 clock ticks): Comparator STARTS RUNNING!
@151.20000000000002ms (48384 clock ticks): Comparator STOPS RUNNING!

@200.0ms (64000 clock ticks): Supervisor STARTS RUNNING!
@200.0ms (64000 clock ticks): FFT1 STARTS RUNNING!
@200.015625ms (64005 clock ticks): Satellite Control COM STARTS RUNNING!
@200.02812500000002ms (64009 clock ticks): Satellite Control MON STARTS RUNNING!
@202.48125000000002ms (64794 clock ticks): Supervisor STOPS RUNNING!

@210.55625ms (67378 clock ticks): Satellite Control MON STOPS RUNNING!

@210.60625000000002ms (67394 clock ticks): Satellite Control COM STOPS RUNNING!

@240.0ms (76800 clock ticks): FFT2 STARTS RUNNING!
@250.0ms (80000 clock ticks): Comparator STARTS RUNNING!
@251.296875ms (80415 clock ticks): Comparator STOPS RUNNING!

@300.0ms (96000 clock ticks): Supervisor STARTS RUNNING!
@300.075ms (96024 clock ticks): Satellite Control MON STARTS RUNNING!
@300.115625ms (96037 clock ticks): Satellite Control COM STARTS RUNNING!
@302.234375ms (96715 clock ticks): Supervisor STOPS RUNNING!

@310.45625ms (99346 clock ticks): Satellite Control MON STOPS RUNNING!

@310.47812500000003ms (99353 clock ticks): Satellite Control COM STOPS RUNNING!

@350.0ms (112000 clock ticks): Comparator STARTS RUNNING!
@351.20000000000005ms (112384 clock ticks): Comparator STOPS RUNNING!

@400.0ms (128000 clock ticks): Supervisor STARTS RUNNING!
@400.15312500000005ms (128049 clock ticks): Satellite Control MON STARTS RUNNING!
@400.19375ms (128062 clock ticks): Satellite Control COM STARTS RUNNING!
@402.20000000000005ms (128704 clock ticks): Supervisor STOPS RUNNING!

@410.471875ms (131351 clock ticks): Satellite Control MON STOPS RUNNING!

@410.51250000000005ms (131364 clock ticks): Satellite Control COM STOPS RUNNING!

@450.0ms (144000 clock ticks): Comparator STARTS RUNNING!
@451.20000000000005ms (144384 clock ticks): Comparator STOPS RUNNING!

@500.0ms (160000 clock ticks): Supervisor STARTS RUNNING!
@500.21250000000003ms (160068 clock ticks): Satellite Control MON STARTS RUNNING!
@500.253125ms (160081 clock ticks): Satellite Control COM STARTS RUNNING!
@502.20000000000005ms (160704 clock ticks): Supervisor STOPS RUNNING!

@510.53125ms (163370 clock ticks): Satellite Control MON STOPS RUNNING!

@510.57187500000003ms (163383 clock ticks): Satellite Control COM STOPS RUNNING!

@550.0ms (176000 clock ticks): Comparator STARTS RUNNING!
@551.2ms (176384 clock ticks): Comparator STOPS RUNNING!

@565.6ms (180992 clock ticks): FFT1 STOPS RUNNING!

@600.0ms (192000 clock ticks): Supervisor STARTS RUNNING!
@600.271875ms (192087 clock ticks): Satellite Control MON STARTS RUNNING!
@600.3125ms (192100 clock ticks): Satellite Control COM STARTS RUNNING!
@602.2ms (192704 clock ticks): Supervisor STOPS RUNNING!

@605.4ms (193728 clock ticks): FFT2 STOPS RUNNING!

@610.590625ms (195389 clock ticks): Satellite Control MON STOPS RUNNING!

@610.63125ms (195402 clock ticks): Satellite Control COM STOPS RUNNING!

@650.0ms (208000 clock ticks): Comparator STARTS RUNNING!
@651.2ms (208384 clock ticks): Comparator STOPS RUNNING!

@700.0ms (224000 clock ticks): Supervisor STARTS RUNNING!
@700.3312500000001ms (224106 clock ticks): Satellite Control MON STARTS RUNNING!
@700.371875ms (224119 clock ticks): Satellite Control COM STARTS RUNNING!
@702.2ms (224704 clock ticks): Supervisor STOPS RUNNING!

@710.6500000000001ms (227408 clock ticks): Satellite Control MON STOPS RUNNING!

@710.6906250000001ms (227421 clock ticks): Satellite Control COM STOPS RUNNING!

@750.0ms (240000 clock ticks): Comparator STARTS RUNNING!
@751.2ms (240384 clock ticks): Comparator STOPS RUNNING!

@800.0ms (256000 clock ticks): Supervisor STARTS RUNNING!
@800.390625ms (256125 clock ticks): Satellite Control MON STARTS RUNNING!
@800.4312500000001ms (256138 clock ticks): Satellite Control COM STARTS RUNNING!
@802.2ms (256704 clock ticks): Supervisor STOPS RUNNING!

@810.709375ms (259427 clock ticks): Satellite Control MON STOPS RUNNING!

@810.75ms (259440 clock ticks): Satellite Control COM STOPS RUNNING!

@850.0ms (272000 clock ticks): Comparator STARTS RUNNING!
@851.2ms (272384 clock ticks): Comparator STOPS RUNNING!

@900.0ms (288000 clock ticks): Supervisor STARTS RUNNING!
@900.0ms (288000 clock ticks): I2C_Storage1 STARTS RUNNING!
@900.45ms (288144 clock ticks): Satellite Control MON STARTS RUNNING!
@900.490625ms (288157 clock ticks): Satellite Control COM STARTS RUNNING!
@902.2ms (288704 clock ticks): Supervisor STOPS RUNNING!

@910.7687500000001ms (291446 clock ticks): Satellite Control MON STOPS RUNNING!

@910.809375ms (291459 clock ticks): Satellite Control COM STOPS RUNNING!

@950.0ms (304000 clock ticks): Comparator STARTS RUNNING!
@951.2ms (304384 clock ticks): Comparator STOPS RUNNING!

@990.3000000000001ms (316896 clock ticks): I2C_Storage1 STOPS RUNNING!

@1000.0ms (320000 clock ticks): Supervisor STARTS RUNNING!
@1000.0ms (320000 clock ticks): SPW_payload_driver STARTS RUNNING!
@1000.0ms (320000 clock ticks): SPW_Acquisition1 STARTS RUNNING!
@1000.5093750000001ms (320163 clock ticks): Satellite Control MON STARTS RUNNING!
@1000.5500000000001ms (320176 clock ticks): Satellite Control COM STARTS RUNNING!
@1001.296875ms (320415 clock ticks): SPW_payload_driver STOPS RUNNING!

@1002.3000000000001ms (320736 clock ticks): Supervisor STOPS RUNNING!

@1010.0ms (323200 clock ticks): SPW_Acquisition2 STARTS RUNNING!
@1010.828125ms (323465 clock ticks): Satellite Control MON STOPS RUNNING!

@1010.8687500000001ms (323478 clock ticks): Satellite Control COM STOPS RUNNING!

@1050.0ms (336000 clock ticks): Comparator STARTS RUNNING!
@1051.2ms (336384 clock ticks): Comparator STOPS RUNNING!

@1100.0ms (352000 clock ticks): Supervisor STARTS RUNNING!
@1100.0ms (352000 clock ticks): I2C_Storage2 STARTS RUNNING!
@1100.5687500000001ms (352182 clock ticks): Satellite Control MON STARTS RUNNING!
@1100.609375ms (352195 clock ticks): Satellite Control COM STARTS RUNNING!
@1102.2ms (352704 clock ticks): Supervisor STOPS RUNNING!

@1110.159375ms (355251 clock ticks): SPW_Acquisition1 STOPS RUNNING!

@1110.915625ms (355493 clock ticks): Satellite Control MON STOPS RUNNING!

@1110.940625ms (355501 clock ticks): Satellite Control COM STOPS RUNNING!

@1120.0ms (358400 clock ticks): SPW_Acquisition2 STOPS RUNNING!

@1150.0ms (368000 clock ticks): Comparator STARTS RUNNING!
@1151.2ms (368384 clock ticks): Comparator STOPS RUNNING!

@1190.3ms (380896 clock ticks): I2C_Storage2 STOPS RUNNING!

@1200.0ms (384000 clock ticks): Supervisor STARTS RUNNING!
@1200.0ms (384000 clock ticks): FFT1 STARTS RUNNING!
@1200.6156250000001ms (384197 clock ticks): Satellite Control MON STARTS RUNNING!
@1200.7093750000001ms (384227 clock ticks): Satellite Control COM STARTS RUNNING!
@1202.3ms (384736 clock ticks): Supervisor STOPS RUNNING!

