@0.0ms (0 clock ticks): SPW_Acquisition1 STARTS RUNNING!
@0.0ms (0 clock ticks): SPW_payload_driver STARTS RUNNING!
@0.0ms (0 clock ticks): SPW_Acquisition2 STARTS RUNNING!
@1.2000000000000002ms (384 clock ticks): SPW_payload_driver STOPS RUNNING!

@100.0ms (32000 clock ticks): Satellite Control MON STARTS RUNNING!
@100.0ms (32000 clock ticks): Satellite Control COM STARTS RUNNING!
@110.33437500000001ms (35307 clock ticks): Satellite Control MON STOPS RUNNING!

@110.371875ms (35319 clock ticks): Satellite Control COM STOPS RUNNING!

@119.84375ms (38350 clock ticks): SPW_Acquisition2 STOPS RUNNING!

@120.0ms (38400 clock ticks): SPW_Acquisition1 STOPS RUNNING!

@150.0ms (48000 clock ticks): Comparator STARTS RUNNING!
@151.20000000000002ms (48384 clock ticks): Comparator STOPS RUNNING!

@200.0ms (64000 clock ticks): FFT1 STARTS RUNNING!
@200.0ms (64000 clock ticks): Supervisor STARTS RUNNING!
@200.0625ms (64020 clock ticks): Satellite Control MON STARTS RUNNING!
@200.0625ms (64020 clock ticks): Satellite Control COM STARTS RUNNING!
@202.49687500000002ms (64799 clock ticks): Supervisor STOPS RUNNING!

@210.57500000000002ms (67384 clock ticks): Satellite Control COM STOPS RUNNING!

@210.58125ms (67386 clock ticks): Satellite Control MON STOPS RUNNING!

@250.0ms (80000 clock ticks): Comparator STARTS RUNNING!
@251.20000000000002ms (80384 clock ticks): Comparator STOPS RUNNING!

@300.0ms (96000 clock ticks): Supervisor STARTS RUNNING!
@300.13125ms (96042 clock ticks): Satellite Control MON STARTS RUNNING!
@300.15625ms (96050 clock ticks): Satellite Control COM STARTS RUNNING!
@302.2ms (96704 clock ticks): Supervisor STOPS RUNNING!

@310.44375ms (99342 clock ticks): Satellite Control MON STOPS RUNNING!

@310.49375000000003ms (99358 clock ticks): Satellite Control COM STOPS RUNNING!

@350.0ms (112000 clock ticks): Comparator STARTS RUNNING!
@351.20000000000005ms (112384 clock ticks): Comparator STOPS RUNNING!

@360.0ms (115200 clock ticks): FFT2 STARTS RUNNING!
@400.0ms (128000 clock ticks): Supervisor STARTS RUNNING!
@400.18125000000003ms (128058 clock ticks): Satellite Control MON STARTS RUNNING!
@400.21250000000003ms (128068 clock ticks): Satellite Control COM STARTS RUNNING!
@402.20000000000005ms (128704 clock ticks): Supervisor STOPS RUNNING!

@410.475ms (131352 clock ticks): Satellite Control MON STOPS RUNNING!

@410.52812500000005ms (131369 clock ticks): Satellite Control COM STOPS RUNNING!

@450.0ms (144000 clock ticks): Comparator STARTS RUNNING!
@451.20000000000005ms (144384 clock ticks): Comparator STOPS RUNNING!

@500.0ms (160000 clock ticks): Supervisor STARTS RUNNING!
@500.22812500000003ms (160073 clock ticks): Satellite Control MON STARTS RUNNING!
@500.25937500000003ms (160083 clock ticks): Satellite Control COM STARTS RUNNING!
@502.20000000000005ms (160704 clock ticks): Supervisor STOPS RUNNING!

@510.553125ms (163377 clock ticks): Satellite Control MON STOPS RUNNING!

@510.59375ms (163390 clock ticks): Satellite Control COM STOPS RUNNING!

@550.0ms (176000 clock ticks): Comparator STARTS RUNNING!
@551.2ms (176384 clock ticks): Comparator STOPS RUNNING!

@565.6ms (180992 clock ticks): FFT1 STOPS RUNNING!

@600.0ms (192000 clock ticks): Supervisor STARTS RUNNING!
@600.2875ms (192092 clock ticks): Satellite Control MON STARTS RUNNING!
@600.321875ms (192103 clock ticks): Satellite Control COM STARTS RUNNING!
@602.2ms (192704 clock ticks): Supervisor STOPS RUNNING!

@610.60625ms (195394 clock ticks): Satellite Control MON STOPS RUNNING!

@610.653125ms (195409 clock ticks): Satellite Control COM STOPS RUNNING!

@650.0ms (208000 clock ticks): Comparator STARTS RUNNING!
@651.2ms (208384 clock ticks): Comparator STOPS RUNNING!

@700.0ms (224000 clock ticks): Supervisor STARTS RUNNING!
@700.340625ms (224109 clock ticks): Satellite Control MON STARTS RUNNING!
@700.3875ms (224124 clock ticks): Satellite Control COM STARTS RUNNING!
@702.2ms (224704 clock ticks): Supervisor STOPS RUNNING!

@710.6343750000001ms (227403 clock ticks): Satellite Control MON STOPS RUNNING!

@710.6875ms (227420 clock ticks): Satellite Control COM STOPS RUNNING!

@725.3000000000001ms (232096 clock ticks): FFT2 STOPS RUNNING!

@750.0ms (240000 clock ticks): Comparator STARTS RUNNING!
@751.2ms (240384 clock ticks): Comparator STOPS RUNNING!

@800.0ms (256000 clock ticks): Supervisor STARTS RUNNING!
@800.3875ms (256124 clock ticks): Satellite Control MON STARTS RUNNING!
@800.434375ms (256139 clock ticks): Satellite Control COM STARTS RUNNING!
@802.2ms (256704 clock ticks): Supervisor STOPS RUNNING!

@810.63125ms (259402 clock ticks): Satellite Control MON STOPS RUNNING!

@810.7062500000001ms (259426 clock ticks): Satellite Control COM STOPS RUNNING!

@850.0ms (272000 clock ticks): Comparator STARTS RUNNING!
@851.2ms (272384 clock ticks): Comparator STOPS RUNNING!

@900.0ms (288000 clock ticks): I2C_Storage1 STARTS RUNNING!
@900.0ms (288000 clock ticks): Supervisor STARTS RUNNING!
@900.4125ms (288132 clock ticks): Satellite Control MON STARTS RUNNING!
@900.45ms (288144 clock ticks): Satellite Control COM STARTS RUNNING!
@902.2ms (288704 clock ticks): Supervisor STOPS RUNNING!

@910.740625ms (291437 clock ticks): Satellite Control MON STOPS RUNNING!

@910.78125ms (291450 clock ticks): Satellite Control COM STOPS RUNNING!

@950.0ms (304000 clock ticks): Comparator STARTS RUNNING!
@951.2ms (304384 clock ticks): Comparator STOPS RUNNING!

@990.3000000000001ms (316896 clock ticks): I2C_Storage1 STOPS RUNNING!

@1000.0ms (320000 clock ticks): SPW_Acquisition1 STARTS RUNNING!
@1000.0ms (320000 clock ticks): Supervisor STARTS RUNNING!
@1000.0ms (320000 clock ticks): SPW_payload_driver STARTS RUNNING!
@1000.0ms (320000 clock ticks): SPW_Acquisition2 STARTS RUNNING!
@1000.4718750000001ms (320151 clock ticks): Satellite Control MON STARTS RUNNING!
@1000.5187500000001ms (320166 clock ticks): Satellite Control COM STARTS RUNNING!
@1001.3000000000001ms (320416 clock ticks): SPW_payload_driver STOPS RUNNING!

@1002.2843750000001ms (320731 clock ticks): Supervisor STOPS RUNNING!

@1010.709375ms (323427 clock ticks): Satellite Control MON STOPS RUNNING!

@1010.796875ms (323455 clock ticks): Satellite Control COM STOPS RUNNING!

@1050.0ms (336000 clock ticks): Comparator STARTS RUNNING!
@1051.2ms (336384 clock ticks): Comparator STOPS RUNNING!

@1100.0ms (352000 clock ticks): I2C_Storage2 STARTS RUNNING!
@1100.0ms (352000 clock ticks): Supervisor STARTS RUNNING!
@1100.484375ms (352155 clock ticks): Satellite Control MON STARTS RUNNING!
@1100.54375ms (352174 clock ticks): Satellite Control COM STARTS RUNNING!
@1102.2ms (352704 clock ticks): Supervisor STOPS RUNNING!

@1110.753125ms (355441 clock ticks): Satellite Control MON STOPS RUNNING!

@1110.821875ms (355463 clock ticks): Satellite Control COM STOPS RUNNING!

@1119.525ms (358248 clock ticks): SPW_Acquisition2 STOPS RUNNING!

@1120.0ms (358400 clock ticks): SPW_Acquisition1 STOPS RUNNING!

@1150.0ms (368000 clock ticks): Comparator STARTS RUNNING!
@1151.2ms (368384 clock ticks): Comparator STOPS RUNNING!

@1190.3ms (380896 clock ticks): I2C_Storage2 STOPS RUNNING!

@1200.0ms (384000 clock ticks): FFT1 STARTS RUNNING!
@1200.0ms (384000 clock ticks): Supervisor STARTS RUNNING!
@1200.515625ms (384165 clock ticks): Satellite Control MON STARTS RUNNING!
@1200.58125ms (384186 clock ticks): Satellite Control COM STARTS RUNNING!
@1202.290625ms (384733 clock ticks): Supervisor STOPS RUNNING!

@1211.0125ms (387524 clock ticks): Satellite Control MON STOPS RUNNING!

@1211.046875ms (387535 clock ticks): Satellite Control COM STOPS RUNNING!


/**********************

*     simulation ends      *

**********************/

