@0.0ms (0 clock ticks): SPW_Acquisition1 STARTS RUNNING!
@49.99872ms (2400 clock ticks): SPW_Acquisition2 STARTS RUNNING!
@99.99744ms (4800 clock ticks): FFT1 STARTS RUNNING!
@99.99744ms (4800 clock ticks): I2C_Storage2 STARTS RUNNING!
@99.99744ms (4800 clock ticks): Supervisor STARTS RUNNING!
@103.76817679999999ms (4981 clock ticks): Supervisor STOPS RUNNING!

@149.99616ms (7200 clock ticks): FFT2 STARTS RUNNING!
@190.0159688ms (9121 clock ticks): SPW_Acquisition1 STOPS RUNNING!

@192.0159176ms (9217 clock ticks): I2C_Storage2 STOPS RUNNING!

@199.99488ms (9600 clock ticks): Supervisor STARTS RUNNING!
@204.59892879999998ms (9821 clock ticks): Supervisor STOPS RUNNING!

@299.99232ms (14400 clock ticks): Supervisor STARTS RUNNING!
@303.95055199999996ms (14590 clock ticks): Supervisor STOPS RUNNING!

@399.98976ms (19200 clock ticks): Supervisor STARTS RUNNING!
@403.34384079999995ms (19361 clock ticks): Supervisor STOPS RUNNING!

@499.9872ms (24000 clock ticks): Supervisor STARTS RUNNING!
@500.00803279999997ms (24001 clock ticks): SPW_Acquisition2 STOPS RUNNING!

@503.3412808ms (24161 clock ticks): Supervisor STOPS RUNNING!

@599.98464ms (28800 clock ticks): Supervisor STARTS RUNNING!
@604.4636919999999ms (29015 clock ticks): Supervisor STOPS RUNNING!

@605.1511744ms (29048 clock ticks): FFT1 STOPS RUNNING!

@654.0040904ms (31393 clock ticks): FFT2 STOPS RUNNING!

@701.1070512ms (33654 clock ticks): Supervisor STARTS RUNNING!
@704.4611319999999ms (33815 clock ticks): Supervisor STOPS RUNNING!

@801.1044912ms (38454 clock ticks): Supervisor STARTS RUNNING!
@804.4585719999999ms (38615 clock ticks): Supervisor STOPS RUNNING!

@899.9977928ms (43201 clock ticks): I2C_Storage1 STARTS RUNNING!
@901.1019312ms (43254 clock ticks): Supervisor STARTS RUNNING!
@904.456012ms (43415 clock ticks): Supervisor STOPS RUNNING!

@992.0162703999999ms (47618 clock ticks): I2C_Storage1 STOPS RUNNING!

@999.9952327999999ms (48001 clock ticks): SPW_Acquisition1 STARTS RUNNING!
@1001.0993712ms (48054 clock ticks): Supervisor STARTS RUNNING!
@1004.453452ms (48215 clock ticks): Supervisor STOPS RUNNING!

@1049.9939528ms (50401 clock ticks): SPW_Acquisition2 STARTS RUNNING!
@1099.9926728ms (52801 clock ticks): I2C_Storage2 STARTS RUNNING!
@1100.6593223999998ms (52833 clock ticks): FFT1 STARTS RUNNING!
@1101.0968111999998ms (52854 clock ticks): Supervisor STARTS RUNNING!
@1105.18004ms (53050 clock ticks): Supervisor STOPS RUNNING!

@1149.9913927999999ms (55201 clock ticks): FFT2 STARTS RUNNING!
@1190.0112015999998ms (57122 clock ticks): SPW_Acquisition1 STOPS RUNNING!

@1192.0111504ms (57218 clock ticks): I2C_Storage2 STOPS RUNNING!

@1201.0942512ms (57654 clock ticks): Supervisor STARTS RUNNING!
@1205.8232968ms (57881 clock ticks): Supervisor STOPS RUNNING!

@1301.0916912ms (62454 clock ticks): Supervisor STARTS RUNNING!
@1305.2582512ms (62654 clock ticks): Supervisor STOPS RUNNING!

@1401.0891311999999ms (67254 clock ticks): Supervisor STARTS RUNNING!
@1404.443212ms (67415 clock ticks): Supervisor STOPS RUNNING!

@1500.0032655999998ms (72002 clock ticks): SPW_Acquisition2 STOPS RUNNING!

@1501.0865712ms (72054 clock ticks): Supervisor STARTS RUNNING!
@1504.440652ms (72215 clock ticks): Supervisor STOPS RUNNING!

@1601.0840111999998ms (76854 clock ticks): Supervisor STARTS RUNNING!
@1604.4380919999999ms (77015 clock ticks): Supervisor STOPS RUNNING!

@1607.7296743999998ms (77173 clock ticks): FFT1 STOPS RUNNING!

@1654.6659728ms (79426 clock ticks): FFT2 STOPS RUNNING!

@1701.0814512ms (81654 clock ticks): Supervisor STARTS RUNNING!
@1704.435532ms (81815 clock ticks): Supervisor STOPS RUNNING!

@1801.0788911999998ms (86454 clock ticks): Supervisor STARTS RUNNING!
@1804.4329719999998ms (86615 clock ticks): Supervisor STOPS RUNNING!

@1899.9930255999998ms (91202 clock ticks): I2C_Storage1 STARTS RUNNING!
@1901.0763312ms (91254 clock ticks): Supervisor STARTS RUNNING!
@1904.430412ms (91415 clock ticks): Supervisor STOPS RUNNING!

@1992.0115031999999ms (95619 clock ticks): I2C_Storage1 STOPS RUNNING!

@1999.9904655999999ms (96002 clock ticks): SPW_Acquisition1 STARTS RUNNING!
@2001.0737711999998ms (96054 clock ticks): Supervisor STARTS RUNNING!
@2004.4278519999998ms (96215 clock ticks): Supervisor STOPS RUNNING!

@2049.9891856ms (98402 clock ticks): SPW_Acquisition2 STARTS RUNNING!
@2099.9879056ms (100802 clock ticks): I2C_Storage2 STARTS RUNNING!
@2100.6545552ms (100834 clock ticks): FFT1 STARTS RUNNING!
@2101.0712111999997ms (100854 clock ticks): Supervisor STARTS RUNNING!
@2104.8836136ms (101037 clock ticks): Supervisor STOPS RUNNING!

@2149.9866256ms (103202 clock ticks): FFT2 STARTS RUNNING!
@2190.0064343999998ms (105123 clock ticks): SPW_Acquisition1 STOPS RUNNING!

@2192.0063832ms (105219 clock ticks): I2C_Storage2 STOPS RUNNING!

@2201.0686511999997ms (105654 clock ticks): Supervisor STARTS RUNNING!
@2206.089356ms (105895 clock ticks): Supervisor STOPS RUNNING!

@2301.0660912ms (110454 clock ticks): Supervisor STARTS RUNNING!
@2305.0659888ms (110646 clock ticks): Supervisor STOPS RUNNING!

@2401.0635312ms (115254 clock ticks): Supervisor STARTS RUNNING!
@2404.4176119999997ms (115415 clock ticks): Supervisor STOPS RUNNING!

@2499.9984984ms (120003 clock ticks): SPW_Acquisition2 STOPS RUNNING!

@2501.0609712ms (120054 clock ticks): Supervisor STARTS RUNNING!
@2504.415052ms (120215 clock ticks): Supervisor STOPS RUNNING!

@2601.0584111999997ms (124854 clock ticks): Supervisor STARTS RUNNING!
@2604.412492ms (125015 clock ticks): Supervisor STOPS RUNNING!

@2608.0998975999996ms (125192 clock ticks): FFT1 STOPS RUNNING!

@2654.6612056ms (127427 clock ticks): FFT2 STOPS RUNNING!

@2701.0558512ms (129654 clock ticks): Supervisor STARTS RUNNING!
@2704.409932ms (129815 clock ticks): Supervisor STOPS RUNNING!

@2801.0532912ms (134454 clock ticks): Supervisor STARTS RUNNING!
@2804.4073719999997ms (134615 clock ticks): Supervisor STOPS RUNNING!

@2899.9882583999997ms (139203 clock ticks): I2C_Storage1 STARTS RUNNING!
@2901.0507312ms (139254 clock ticks): Supervisor STARTS RUNNING!
@2904.4048119999998ms (139415 clock ticks): Supervisor STOPS RUNNING!

@2992.006736ms (143620 clock ticks): I2C_Storage1 STOPS RUNNING!

@2999.9856984ms (144003 clock ticks): SPW_Acquisition1 STARTS RUNNING!
@3001.0481711999996ms (144054 clock ticks): Supervisor STARTS RUNNING!
@3004.402252ms (144215 clock ticks): Supervisor STOPS RUNNING!

@3049.9844184ms (146403 clock ticks): SPW_Acquisition2 STARTS RUNNING!
@3099.9831384ms (148803 clock ticks): I2C_Storage2 STARTS RUNNING!
@3100.6497879999997ms (148835 clock ticks): FFT1 STARTS RUNNING!
@3101.0456111999997ms (148854 clock ticks): Supervisor STARTS RUNNING!
@3104.9205119999997ms (149040 clock ticks): Supervisor STOPS RUNNING!


/**********************

*     simulation ends      *

**********************/

