@0.0ms (0 clock ticks): SPW_Acquisition2 STARTS RUNNING!
@0.0ms (0 clock ticks): SPW_Acquisition1 STARTS RUNNING!
@0.0ms (0 clock ticks): SPW_payload_driver STARTS RUNNING!
@1.2000000000000002ms (384 clock ticks): SPW_payload_driver STOPS RUNNING!

@100.0ms (32000 clock ticks): Satellite Control MON STARTS RUNNING!
@100.0ms (32000 clock ticks): Satellite Control COM STARTS RUNNING!
@110.375ms (35320 clock ticks): Satellite Control COM STOPS RUNNING!

@110.384375ms (35323 clock ticks): Satellite Control MON STOPS RUNNING!

@119.921875ms (38375 clock ticks): SPW_Acquisition2 STOPS RUNNING!

@120.0ms (38400 clock ticks): SPW_Acquisition1 STOPS RUNNING!

@150.0ms (48000 clock ticks): Comparator STARTS RUNNING!
@151.20000000000002ms (48384 clock ticks): Comparator STOPS RUNNING!

@200.0ms (64000 clock ticks): Supervisor STARTS RUNNING!
@200.0ms (64000 clock ticks): FFT1 STARTS RUNNING!
@200.08437500000002ms (64027 clock ticks): Satellite Control MON STARTS RUNNING!
@200.09062500000002ms (64029 clock ticks): Satellite Control COM STARTS RUNNING!
@202.33125ms (64746 clock ticks): Supervisor STOPS RUNNING!

@210.628125ms (67401 clock ticks): Satellite Control MON STOPS RUNNING!

@210.671875ms (67415 clock ticks): Satellite Control COM STOPS RUNNING!

@250.0ms (80000 clock ticks): Comparator STARTS RUNNING!
@251.20000000000002ms (80384 clock ticks): Comparator STOPS RUNNING!

@300.0ms (96000 clock ticks): Supervisor STARTS RUNNING!
@300.140625ms (96045 clock ticks): Satellite Control MON STARTS RUNNING!
@300.171875ms (96055 clock ticks): Satellite Control COM STARTS RUNNING!
@302.2ms (96704 clock ticks): Supervisor STOPS RUNNING!

@310.51250000000005ms (99364 clock ticks): Satellite Control MON STOPS RUNNING!

@310.52500000000003ms (99368 clock ticks): Satellite Control COM STOPS RUNNING!

@340.0ms (108800 clock ticks): FFT2 STARTS RUNNING!
@350.0ms (112000 clock ticks): Comparator STARTS RUNNING!
@351.271875ms (112407 clock ticks): Comparator STOPS RUNNING!

@400.0ms (128000 clock ticks): Supervisor STARTS RUNNING!
@400.22812500000003ms (128073 clock ticks): Satellite Control MON STARTS RUNNING!
@400.25625ms (128082 clock ticks): Satellite Control COM STARTS RUNNING!
@402.20000000000005ms (128704 clock ticks): Supervisor STOPS RUNNING!

@410.55937500000005ms (131379 clock ticks): Satellite Control MON STOPS RUNNING!

@410.59375ms (131390 clock ticks): Satellite Control COM STOPS RUNNING!

@450.0ms (144000 clock ticks): Comparator STARTS RUNNING!
@451.20000000000005ms (144384 clock ticks): Comparator STOPS RUNNING!

@500.0ms (160000 clock ticks): Supervisor STARTS RUNNING!
@500.29375000000005ms (160094 clock ticks): Satellite Control MON STARTS RUNNING!
@500.315625ms (160101 clock ticks): Satellite Control COM STARTS RUNNING!
@502.20000000000005ms (160704 clock ticks): Supervisor STOPS RUNNING!

@510.675ms (163416 clock ticks): Satellite Control COM STOPS RUNNING!

@510.6875ms (163420 clock ticks): Satellite Control MON STOPS RUNNING!

@550.0ms (176000 clock ticks): Comparator STARTS RUNNING!
@551.2ms (176384 clock ticks): Comparator STOPS RUNNING!

@565.6ms (180992 clock ticks): FFT1 STOPS RUNNING!

@600.0ms (192000 clock ticks): Supervisor STARTS RUNNING!
@600.3937500000001ms (192126 clock ticks): Satellite Control MON STARTS RUNNING!
@600.396875ms (192127 clock ticks): Satellite Control COM STARTS RUNNING!
@602.2ms (192704 clock ticks): Supervisor STOPS RUNNING!

@610.765625ms (195445 clock ticks): Satellite Control MON STOPS RUNNING!

@610.7687500000001ms (195446 clock ticks): Satellite Control COM STOPS RUNNING!

@650.0ms (208000 clock ticks): Comparator STARTS RUNNING!
@651.2ms (208384 clock ticks): Comparator STOPS RUNNING!

@700.0ms (224000 clock ticks): Supervisor STARTS RUNNING!
@700.4718750000001ms (224151 clock ticks): Satellite Control COM STARTS RUNNING!
@700.490625ms (224157 clock ticks): Satellite Control MON STARTS RUNNING!
@702.2ms (224704 clock ticks): Supervisor STOPS RUNNING!

@705.4000000000001ms (225728 clock ticks): FFT2 STOPS RUNNING!

@710.8312500000001ms (227466 clock ticks): Satellite Control MON STOPS RUNNING!

@710.865625ms (227477 clock ticks): Satellite Control COM STOPS RUNNING!

@750.0ms (240000 clock ticks): Comparator STARTS RUNNING!
@751.2ms (240384 clock ticks): Comparator STOPS RUNNING!

@800.0ms (256000 clock ticks): Supervisor STARTS RUNNING!
@800.5562500000001ms (256178 clock ticks): Satellite Control MON STARTS RUNNING!
@800.5625ms (256180 clock ticks): Satellite Control COM STARTS RUNNING!
@802.2ms (256704 clock ticks): Supervisor STOPS RUNNING!

@810.9156250000001ms (259493 clock ticks): Satellite Control MON STOPS RUNNING!

@810.9468750000001ms (259503 clock ticks): Satellite Control COM STOPS RUNNING!

@850.0ms (272000 clock ticks): Comparator STARTS RUNNING!
@851.2ms (272384 clock ticks): Comparator STOPS RUNNING!

@900.0ms (288000 clock ticks): Supervisor STARTS RUNNING!
@900.0ms (288000 clock ticks): I2C_Storage1 STARTS RUNNING!
@900.625ms (288200 clock ticks): Satellite Control MON STARTS RUNNING!
@900.653125ms (288209 clock ticks): Satellite Control COM STARTS RUNNING!
@902.2ms (288704 clock ticks): Supervisor STOPS RUNNING!

@910.9718750000001ms (291511 clock ticks): Satellite Control MON STOPS RUNNING!

@910.9937500000001ms (291518 clock ticks): Satellite Control COM STOPS RUNNING!

@950.0ms (304000 clock ticks): Comparator STARTS RUNNING!
@951.2ms (304384 clock ticks): Comparator STOPS RUNNING!

@990.3000000000001ms (316896 clock ticks): I2C_Storage1 STOPS RUNNING!

@1000.0ms (320000 clock ticks): Supervisor STARTS RUNNING!
@1000.0ms (320000 clock ticks): SPW_Acquisition2 STARTS RUNNING!
@1000.0ms (320000 clock ticks): SPW_Acquisition1 STARTS RUNNING!
@1000.0ms (320000 clock ticks): SPW_payload_driver STARTS RUNNING!
@1000.703125ms (320225 clock ticks): Satellite Control MON STARTS RUNNING!
@1000.7218750000001ms (320231 clock ticks): Satellite Control COM STARTS RUNNING!
@1001.3000000000001ms (320416 clock ticks): SPW_payload_driver STOPS RUNNING!

@1002.265625ms (320725 clock ticks): Supervisor STOPS RUNNING!

@1011.0093750000001ms (323523 clock ticks): Satellite Control MON STOPS RUNNING!

@1011.0562500000001ms (323538 clock ticks): Satellite Control COM STOPS RUNNING!

@1050.0ms (336000 clock ticks): Comparator STARTS RUNNING!
@1051.2ms (336384 clock ticks): Comparator STOPS RUNNING!

@1100.0ms (352000 clock ticks): I2C_Storage2 STARTS RUNNING!
@1100.0ms (352000 clock ticks): Supervisor STARTS RUNNING!
@1100.7562500000001ms (352242 clock ticks): Satellite Control MON STARTS RUNNING!
@1100.7718750000001ms (352247 clock ticks): Satellite Control COM STARTS RUNNING!
@1102.2ms (352704 clock ticks): Supervisor STOPS RUNNING!

@1111.140625ms (355565 clock ticks): Satellite Control MON STOPS RUNNING!

@1111.1468750000001ms (355567 clock ticks): Satellite Control COM STOPS RUNNING!

@1119.98125ms (358394 clock ticks): SPW_Acquisition2 STOPS RUNNING!

@1120.0ms (358400 clock ticks): SPW_Acquisition1 STOPS RUNNING!

@1150.0ms (368000 clock ticks): Comparator STARTS RUNNING!
@1151.2ms (368384 clock ticks): Comparator STOPS RUNNING!

@1190.3ms (380896 clock ticks): I2C_Storage2 STOPS RUNNING!

@1200.0ms (384000 clock ticks): Supervisor STARTS RUNNING!
@1200.0ms (384000 clock ticks): FFT1 STARTS RUNNING!
@1200.840625ms (384269 clock ticks): Satellite Control MON STARTS RUNNING!
@1200.871875ms (384279 clock ticks): Satellite Control COM STARTS RUNNING!
@1202.259375ms (384723 clock ticks): Supervisor STOPS RUNNING!

@1211.23125ms (387594 clock ticks): Satellite Control COM STOPS RUNNING!

@1211.3187500000001ms (387622 clock ticks): Satellite Control MON STOPS RUNNING!


/**********************

*     simulation ends      *

**********************/

