@0.0ms (0 clock ticks): SPW_Acquisition1 STARTS RUNNING!
@0.0ms (0 clock ticks): SPW_payload_driver STARTS RUNNING!
@1.2000000000000002ms (384 clock ticks): SPW_payload_driver STOPS RUNNING!

@60.0ms (19200 clock ticks): SPW_Acquisition2 STARTS RUNNING!
@100.0ms (32000 clock ticks): Satellite Control MON STARTS RUNNING!
@100.0ms (32000 clock ticks): Satellite Control COM STARTS RUNNING!
@105.0ms (33600 clock ticks): SPW_Acquisition1 STOPS RUNNING!

@110.35000000000001ms (35312 clock ticks): Satellite Control MON STOPS RUNNING!

@110.36875ms (35318 clock ticks): Satellite Control COM STOPS RUNNING!

@150.0ms (48000 clock ticks): Comparator STARTS RUNNING!
@151.20000000000002ms (48384 clock ticks): Comparator STOPS RUNNING!

@165.0ms (52800 clock ticks): SPW_Acquisition2 STOPS RUNNING!

@200.0ms (64000 clock ticks): FFT1 STARTS RUNNING!
@200.0ms (64000 clock ticks): Supervisor STARTS RUNNING!
@200.06875000000002ms (64022 clock ticks): Satellite Control COM STARTS RUNNING!
@200.08125ms (64026 clock ticks): Satellite Control MON STARTS RUNNING!
@202.4ms (64768 clock ticks): Supervisor STOPS RUNNING!

@210.63125000000002ms (67402 clock ticks): Satellite Control COM STOPS RUNNING!

@210.68125ms (67418 clock ticks): Satellite Control MON STOPS RUNNING!

@250.0ms (80000 clock ticks): Comparator STARTS RUNNING!
@251.20000000000002ms (80384 clock ticks): Comparator STOPS RUNNING!

@300.0ms (96000 clock ticks): Supervisor STARTS RUNNING!
@300.11875000000003ms (96038 clock ticks): Satellite Control COM STARTS RUNNING!
@300.125ms (96040 clock ticks): Satellite Control MON STARTS RUNNING!
@302.2ms (96704 clock ticks): Supervisor STOPS RUNNING!

@310.47812500000003ms (99353 clock ticks): Satellite Control COM STOPS RUNNING!

@310.49375000000003ms (99358 clock ticks): Satellite Control MON STOPS RUNNING!

@350.0ms (112000 clock ticks): Comparator STARTS RUNNING!
@351.20000000000005ms (112384 clock ticks): Comparator STOPS RUNNING!

@360.0ms (115200 clock ticks): FFT2 STARTS RUNNING!
@400.0ms (128000 clock ticks): Supervisor STARTS RUNNING!
@400.20000000000005ms (128064 clock ticks): Satellite Control MON STARTS RUNNING!
@400.203125ms (128065 clock ticks): Satellite Control COM STARTS RUNNING!
@402.20000000000005ms (128704 clock ticks): Supervisor STOPS RUNNING!

@410.515625ms (131365 clock ticks): Satellite Control MON STOPS RUNNING!

@410.565625ms (131381 clock ticks): Satellite Control COM STOPS RUNNING!

@450.0ms (144000 clock ticks): Comparator STARTS RUNNING!
@451.20000000000005ms (144384 clock ticks): Comparator STOPS RUNNING!

@500.0ms (160000 clock ticks): Supervisor STARTS RUNNING!
@500.25ms (160080 clock ticks): Satellite Control MON STARTS RUNNING!
@500.26875ms (160086 clock ticks): Satellite Control COM STARTS RUNNING!
@502.20000000000005ms (160704 clock ticks): Supervisor STOPS RUNNING!

@510.615625ms (163397 clock ticks): Satellite Control COM STOPS RUNNING!

@510.61875000000003ms (163398 clock ticks): Satellite Control MON STOPS RUNNING!

@550.0ms (176000 clock ticks): Comparator STARTS RUNNING!
@551.2ms (176384 clock ticks): Comparator STOPS RUNNING!

@565.6ms (180992 clock ticks): FFT1 STOPS RUNNING!

@600.0ms (192000 clock ticks): Supervisor STARTS RUNNING!
@600.334375ms (192107 clock ticks): Satellite Control COM STARTS RUNNING!
@600.35ms (192112 clock ticks): Satellite Control MON STARTS RUNNING!
@602.2ms (192704 clock ticks): Supervisor STOPS RUNNING!

@610.678125ms (195417 clock ticks): Satellite Control MON STOPS RUNNING!

@610.7125ms (195428 clock ticks): Satellite Control COM STOPS RUNNING!

@650.0ms (208000 clock ticks): Comparator STARTS RUNNING!
@651.2ms (208384 clock ticks): Comparator STOPS RUNNING!

@700.0ms (224000 clock ticks): Supervisor STARTS RUNNING!
@700.4000000000001ms (224128 clock ticks): Satellite Control COM STARTS RUNNING!
@700.4156250000001ms (224133 clock ticks): Satellite Control MON STARTS RUNNING!
@702.2ms (224704 clock ticks): Supervisor STOPS RUNNING!

@710.7437500000001ms (227438 clock ticks): Satellite Control MON STOPS RUNNING!

@710.778125ms (227449 clock ticks): Satellite Control COM STOPS RUNNING!

@725.3000000000001ms (232096 clock ticks): FFT2 STOPS RUNNING!

@750.0ms (240000 clock ticks): Comparator STARTS RUNNING!
@751.2ms (240384 clock ticks): Comparator STOPS RUNNING!

@800.0ms (256000 clock ticks): Supervisor STARTS RUNNING!
@800.453125ms (256145 clock ticks): Satellite Control MON STARTS RUNNING!
@800.5ms (256160 clock ticks): Satellite Control COM STARTS RUNNING!
@802.2ms (256704 clock ticks): Supervisor STOPS RUNNING!

@810.7375000000001ms (259436 clock ticks): Satellite Control MON STOPS RUNNING!

@810.8062500000001ms (259458 clock ticks): Satellite Control COM STOPS RUNNING!

@850.0ms (272000 clock ticks): Comparator STARTS RUNNING!
@851.2ms (272384 clock ticks): Comparator STOPS RUNNING!

@900.0ms (288000 clock ticks): I2C_Storage1 STARTS RUNNING!
@900.0ms (288000 clock ticks): Supervisor STARTS RUNNING!
@900.484375ms (288155 clock ticks): Satellite Control MON STARTS RUNNING!
@900.553125ms (288177 clock ticks): Satellite Control COM STARTS RUNNING!
@902.2ms (288704 clock ticks): Supervisor STOPS RUNNING!

@910.8156250000001ms (291461 clock ticks): Satellite Control MON STOPS RUNNING!

@910.8468750000001ms (291471 clock ticks): Satellite Control COM STOPS RUNNING!

@950.0ms (304000 clock ticks): Comparator STARTS RUNNING!
@951.2ms (304384 clock ticks): Comparator STOPS RUNNING!

@990.3000000000001ms (316896 clock ticks): I2C_Storage1 STOPS RUNNING!

@1000.0ms (320000 clock ticks): SPW_Acquisition1 STARTS RUNNING!
@1000.0ms (320000 clock ticks): SPW_payload_driver STARTS RUNNING!
@1000.0ms (320000 clock ticks): Supervisor STARTS RUNNING!
@1000.553125ms (320177 clock ticks): Satellite Control MON STARTS RUNNING!
@1000.615625ms (320197 clock ticks): Satellite Control COM STARTS RUNNING!
@1001.2906250000001ms (320413 clock ticks): SPW_payload_driver STOPS RUNNING!

@1002.3000000000001ms (320736 clock ticks): Supervisor STOPS RUNNING!

@1010.8000000000001ms (323456 clock ticks): Satellite Control MON STOPS RUNNING!

@1010.8781250000001ms (323481 clock ticks): Satellite Control COM STOPS RUNNING!

@1050.0ms (336000 clock ticks): Comparator STARTS RUNNING!
@1051.2ms (336384 clock ticks): Comparator STOPS RUNNING!

@1060.0ms (339200 clock ticks): SPW_Acquisition2 STARTS RUNNING!
@1100.0ms (352000 clock ticks): I2C_Storage2 STARTS RUNNING!
@1100.0ms (352000 clock ticks): Supervisor STARTS RUNNING!
@1100.575ms (352184 clock ticks): Satellite Control MON STARTS RUNNING!
@1100.640625ms (352205 clock ticks): Satellite Control COM STARTS RUNNING!
@1102.2ms (352704 clock ticks): Supervisor STOPS RUNNING!

@1105.0ms (353600 clock ticks): SPW_Acquisition1 STOPS RUNNING!

@1110.809375ms (355459 clock ticks): Satellite Control MON STOPS RUNNING!

@1110.8968750000001ms (355487 clock ticks): Satellite Control COM STOPS RUNNING!

@1150.0ms (368000 clock ticks): Comparator STARTS RUNNING!
@1151.2ms (368384 clock ticks): Comparator STOPS RUNNING!

@1165.0ms (372800 clock ticks): SPW_Acquisition2 STOPS RUNNING!

@1190.3ms (380896 clock ticks): I2C_Storage2 STOPS RUNNING!

@1200.0ms (384000 clock ticks): FFT1 STARTS RUNNING!
@1200.0ms (384000 clock ticks): Supervisor STARTS RUNNING!
@1200.5875ms (384188 clock ticks): Satellite Control MON STARTS RUNNING!
@1200.6625000000001ms (384212 clock ticks): Satellite Control COM STARTS RUNNING!
@1202.3031250000001ms (384737 clock ticks): Supervisor STOPS RUNNING!

@1210.940625ms (387501 clock ticks): Satellite Control MON STOPS RUNNING!

@1211.0531250000001ms (387537 clock ticks): Satellite Control COM STOPS RUNNING!


/**********************

*     simulation ends      *

**********************/

