@0.0ms (0 clock ticks): SPW_Acquisition1 STARTS RUNNING!
@0.0ms (0 clock ticks): SPW_payload_driver STARTS RUNNING!
@1.2000000000000002ms (384 clock ticks): SPW_payload_driver STOPS RUNNING!

@100.0ms (32000 clock ticks): Satellite Control COM STARTS RUNNING!
@100.0ms (32000 clock ticks): SPW_Acquisition2 STARTS RUNNING!
@100.0ms (32000 clock ticks): Satellite Control MON STARTS RUNNING!
@105.0ms (33600 clock ticks): SPW_Acquisition1 STOPS RUNNING!

@110.38125000000001ms (35322 clock ticks): Satellite Control COM STOPS RUNNING!

@110.3875ms (35324 clock ticks): Satellite Control MON STOPS RUNNING!

@150.0ms (48000 clock ticks): Comparator STARTS RUNNING!
@151.20000000000002ms (48384 clock ticks): Comparator STOPS RUNNING!

@200.0ms (64000 clock ticks): FFT1 STARTS RUNNING!
@200.0ms (64000 clock ticks): Supervisor STARTS RUNNING!
@200.08125ms (64026 clock ticks): Satellite Control COM STARTS RUNNING!
@200.10000000000002ms (64032 clock ticks): Satellite Control MON STARTS RUNNING!
@202.41250000000002ms (64772 clock ticks): Supervisor STOPS RUNNING!

@205.0ms (65600 clock ticks): SPW_Acquisition2 STOPS RUNNING!

@210.578125ms (67385 clock ticks): Satellite Control MON STOPS RUNNING!

@210.63750000000002ms (67404 clock ticks): Satellite Control COM STOPS RUNNING!

@250.0ms (80000 clock ticks): Comparator STARTS RUNNING!
@251.20000000000002ms (80384 clock ticks): Comparator STOPS RUNNING!

@300.0ms (96000 clock ticks): FFT2 STARTS RUNNING!
@300.0ms (96000 clock ticks): Supervisor STARTS RUNNING!
@300.140625ms (96045 clock ticks): Satellite Control COM STARTS RUNNING!
@300.140625ms (96045 clock ticks): Satellite Control MON STARTS RUNNING!
@302.3875ms (96764 clock ticks): Supervisor STOPS RUNNING!

@310.521875ms (99367 clock ticks): Satellite Control MON STOPS RUNNING!

@310.61875000000003ms (99398 clock ticks): Satellite Control COM STOPS RUNNING!

@350.0ms (112000 clock ticks): Comparator STARTS RUNNING!
@351.20000000000005ms (112384 clock ticks): Comparator STOPS RUNNING!

@400.0ms (128000 clock ticks): Supervisor STARTS RUNNING!
@400.14375ms (128046 clock ticks): Satellite Control COM STARTS RUNNING!
@400.14375ms (128046 clock ticks): Satellite Control MON STARTS RUNNING!
@402.20000000000005ms (128704 clock ticks): Supervisor STOPS RUNNING!

@410.51250000000005ms (131364 clock ticks): Satellite Control COM STOPS RUNNING!

@410.54062500000003ms (131373 clock ticks): Satellite Control MON STOPS RUNNING!

@450.0ms (144000 clock ticks): Comparator STARTS RUNNING!
@451.20000000000005ms (144384 clock ticks): Comparator STOPS RUNNING!

@500.0ms (160000 clock ticks): Supervisor STARTS RUNNING!
@500.21562500000005ms (160069 clock ticks): Satellite Control COM STARTS RUNNING!
@500.240625ms (160077 clock ticks): Satellite Control MON STARTS RUNNING!
@502.20000000000005ms (160704 clock ticks): Supervisor STOPS RUNNING!

@510.58125ms (163386 clock ticks): Satellite Control COM STOPS RUNNING!

@510.6ms (163392 clock ticks): Satellite Control MON STOPS RUNNING!

@550.0ms (176000 clock ticks): Comparator STARTS RUNNING!
@551.2ms (176384 clock ticks): Comparator STOPS RUNNING!

@565.6ms (180992 clock ticks): FFT1 STOPS RUNNING!

@600.0ms (192000 clock ticks): Supervisor STARTS RUNNING!
@600.296875ms (192095 clock ticks): Satellite Control COM STARTS RUNNING!
@600.321875ms (192103 clock ticks): Satellite Control MON STARTS RUNNING!
@602.2ms (192704 clock ticks): Supervisor STOPS RUNNING!

@610.653125ms (195409 clock ticks): Satellite Control MON STOPS RUNNING!

@610.6906250000001ms (195421 clock ticks): Satellite Control COM STOPS RUNNING!

@650.0ms (208000 clock ticks): Comparator STARTS RUNNING!
@651.2ms (208384 clock ticks): Comparator STOPS RUNNING!

@665.6ms (212992 clock ticks): FFT2 STOPS RUNNING!

@700.0ms (224000 clock ticks): Supervisor STARTS RUNNING!
@700.3843750000001ms (224123 clock ticks): Satellite Control COM STARTS RUNNING!
@700.3843750000001ms (224123 clock ticks): Satellite Control MON STARTS RUNNING!
@702.2ms (224704 clock ticks): Supervisor STOPS RUNNING!

@710.75625ms (227442 clock ticks): Satellite Control MON STOPS RUNNING!

@710.7625ms (227444 clock ticks): Satellite Control COM STOPS RUNNING!

@750.0ms (240000 clock ticks): Comparator STARTS RUNNING!
@751.2ms (240384 clock ticks): Comparator STOPS RUNNING!

@800.0ms (256000 clock ticks): Supervisor STARTS RUNNING!
@800.459375ms (256147 clock ticks): Satellite Control COM STARTS RUNNING!
@800.4781250000001ms (256153 clock ticks): Satellite Control MON STARTS RUNNING!
@802.2ms (256704 clock ticks): Supervisor STOPS RUNNING!

@810.8312500000001ms (259466 clock ticks): Satellite Control MON STOPS RUNNING!

@810.8531250000001ms (259473 clock ticks): Satellite Control COM STOPS RUNNING!

@850.0ms (272000 clock ticks): Comparator STARTS RUNNING!
@851.2ms (272384 clock ticks): Comparator STOPS RUNNING!

@900.0ms (288000 clock ticks): I2C_Storage1 STARTS RUNNING!
@900.0ms (288000 clock ticks): Supervisor STARTS RUNNING!
@900.5500000000001ms (288176 clock ticks): Satellite Control MON STARTS RUNNING!
@900.559375ms (288179 clock ticks): Satellite Control COM STARTS RUNNING!
@902.2ms (288704 clock ticks): Supervisor STOPS RUNNING!

@910.91875ms (291494 clock ticks): Satellite Control COM STOPS RUNNING!

@910.928125ms (291497 clock ticks): Satellite Control MON STOPS RUNNING!

@950.0ms (304000 clock ticks): Comparator STARTS RUNNING!
@951.2ms (304384 clock ticks): Comparator STOPS RUNNING!

@990.3000000000001ms (316896 clock ticks): I2C_Storage1 STOPS RUNNING!

@1000.0ms (320000 clock ticks): SPW_Acquisition1 STARTS RUNNING!
@1000.0ms (320000 clock ticks): SPW_payload_driver STARTS RUNNING!
@1000.0ms (320000 clock ticks): Supervisor STARTS RUNNING!
@1000.6281250000001ms (320201 clock ticks): Satellite Control COM STARTS RUNNING!
@1000.6500000000001ms (320208 clock ticks): Satellite Control MON STARTS RUNNING!
@1001.3000000000001ms (320416 clock ticks): SPW_payload_driver STOPS RUNNING!

@1002.278125ms (320729 clock ticks): Supervisor STOPS RUNNING!

@1010.9312500000001ms (323498 clock ticks): Satellite Control COM STOPS RUNNING!

@1010.984375ms (323515 clock ticks): Satellite Control MON STOPS RUNNING!

@1050.0ms (336000 clock ticks): Comparator STARTS RUNNING!
@1051.2ms (336384 clock ticks): Comparator STOPS RUNNING!

@1100.0ms (352000 clock ticks): I2C_Storage2 STARTS RUNNING!
@1100.0ms (352000 clock ticks): Supervisor STARTS RUNNING!
@1100.0ms (352000 clock ticks): SPW_Acquisition2 STARTS RUNNING!
@1100.675ms (352216 clock ticks): Satellite Control COM STARTS RUNNING!
@1100.70625ms (352226 clock ticks): Satellite Control MON STARTS RUNNING!
@1102.2ms (352704 clock ticks): Supervisor STOPS RUNNING!

@1105.0ms (353600 clock ticks): SPW_Acquisition1 STOPS RUNNING!

@1111.034375ms (355531 clock ticks): Satellite Control COM STOPS RUNNING!

@1111.05625ms (355538 clock ticks): Satellite Control MON STOPS RUNNING!

@1150.0ms (368000 clock ticks): Comparator STARTS RUNNING!
@1151.2ms (368384 clock ticks): Comparator STOPS RUNNING!

@1190.3ms (380896 clock ticks): I2C_Storage2 STOPS RUNNING!

@1200.0ms (384000 clock ticks): FFT1 STARTS RUNNING!
@1200.0ms (384000 clock ticks): Supervisor STARTS RUNNING!
@1200.753125ms (384241 clock ticks): Satellite Control COM STARTS RUNNING!
@1200.78125ms (384250 clock ticks): Satellite Control MON STARTS RUNNING!
@1202.309375ms (384739 clock ticks): Supervisor STOPS RUNNING!

@1205.0ms (385600 clock ticks): SPW_Acquisition2 STOPS RUNNING!

@1211.196875ms (387583 clock ticks): Satellite Control COM STOPS RUNNING!

@1211.246875ms (387599 clock ticks): Satellite Control MON STOPS RUNNING!


/**********************

*     simulation ends      *

**********************/

