@0.0ms (0 clock ticks): SPW_Acquisition1 STARTS RUNNING!
@0.0ms (0 clock ticks): SPW_payload_driver STARTS RUNNING!
@1.2000000000000002ms (384 clock ticks): SPW_payload_driver STOPS RUNNING!

@100.0ms (32000 clock ticks): Satellite Control MON STARTS RUNNING!
@100.0ms (32000 clock ticks): Satellite Control COM STARTS RUNNING!
@105.0ms (33600 clock ticks): SPW_Acquisition1 STOPS RUNNING!

@110.390625ms (35325 clock ticks): Satellite Control MON STOPS RUNNING!

@110.39375000000001ms (35326 clock ticks): Satellite Control COM STOPS RUNNING!

@120.0ms (38400 clock ticks): SPW_Acquisition2 STARTS RUNNING!
@150.0ms (48000 clock ticks): Comparator STARTS RUNNING!
@151.20000000000002ms (48384 clock ticks): Comparator STOPS RUNNING!

@200.0ms (64000 clock ticks): Supervisor STARTS RUNNING!
@200.0ms (64000 clock ticks): FFT1 STARTS RUNNING!
@200.09062500000002ms (64029 clock ticks): Satellite Control MON STARTS RUNNING!
@200.10000000000002ms (64032 clock ticks): Satellite Control COM STARTS RUNNING!
@202.378125ms (64761 clock ticks): Supervisor STOPS RUNNING!

@210.65625ms (67410 clock ticks): Satellite Control COM STOPS RUNNING!

@210.66250000000002ms (67412 clock ticks): Satellite Control MON STOPS RUNNING!

@225.0ms (72000 clock ticks): SPW_Acquisition2 STOPS RUNNING!

@250.0ms (80000 clock ticks): Comparator STARTS RUNNING!
@251.20000000000002ms (80384 clock ticks): Comparator STOPS RUNNING!

@280.0ms (89600 clock ticks): FFT2 STARTS RUNNING!
@300.0ms (96000 clock ticks): Supervisor STARTS RUNNING!
@300.16875ms (96054 clock ticks): Satellite Control COM STARTS RUNNING!
@300.190625ms (96061 clock ticks): Satellite Control MON STARTS RUNNING!
@302.2ms (96704 clock ticks): Supervisor STOPS RUNNING!

@310.515625ms (99365 clock ticks): Satellite Control MON STOPS RUNNING!

@310.534375ms (99371 clock ticks): Satellite Control COM STOPS RUNNING!

@350.0ms (112000 clock ticks): Comparator STARTS RUNNING!
@351.20000000000005ms (112384 clock ticks): Comparator STOPS RUNNING!

@400.0ms (128000 clock ticks): Supervisor STARTS RUNNING!
@400.2375ms (128076 clock ticks): Satellite Control MON STARTS RUNNING!
@400.26875ms (128086 clock ticks): Satellite Control COM STARTS RUNNING!
@402.20000000000005ms (128704 clock ticks): Supervisor STOPS RUNNING!

@410.55ms (131376 clock ticks): Satellite Control MON STOPS RUNNING!

@410.58750000000003ms (131388 clock ticks): Satellite Control COM STOPS RUNNING!

@450.0ms (144000 clock ticks): Comparator STARTS RUNNING!
@451.20000000000005ms (144384 clock ticks): Comparator STOPS RUNNING!

@500.0ms (160000 clock ticks): Supervisor STARTS RUNNING!
@500.3ms (160096 clock ticks): Satellite Control MON STARTS RUNNING!
@500.31875ms (160102 clock ticks): Satellite Control COM STARTS RUNNING!
@502.20000000000005ms (160704 clock ticks): Supervisor STOPS RUNNING!

@510.646875ms (163407 clock ticks): Satellite Control MON STOPS RUNNING!

@510.675ms (163416 clock ticks): Satellite Control COM STOPS RUNNING!

@550.0ms (176000 clock ticks): Comparator STARTS RUNNING!
@551.2ms (176384 clock ticks): Comparator STOPS RUNNING!

@565.6ms (180992 clock ticks): FFT1 STOPS RUNNING!

@600.0ms (192000 clock ticks): Supervisor STARTS RUNNING!
@600.371875ms (192119 clock ticks): Satellite Control MON STARTS RUNNING!
@600.3875ms (192124 clock ticks): Satellite Control COM STARTS RUNNING!
@602.2ms (192704 clock ticks): Supervisor STOPS RUNNING!

@610.746875ms (195439 clock ticks): Satellite Control COM STOPS RUNNING!

@610.7531250000001ms (195441 clock ticks): Satellite Control MON STOPS RUNNING!

@645.3000000000001ms (206496 clock ticks): FFT2 STOPS RUNNING!

@650.0ms (208000 clock ticks): Comparator STARTS RUNNING!
@651.2ms (208384 clock ticks): Comparator STOPS RUNNING!

@700.0ms (224000 clock ticks): Supervisor STARTS RUNNING!
@700.45ms (224144 clock ticks): Satellite Control MON STARTS RUNNING!
@700.48125ms (224154 clock ticks): Satellite Control COM STARTS RUNNING!
@702.2ms (224704 clock ticks): Supervisor STOPS RUNNING!

@710.771875ms (227447 clock ticks): Satellite Control MON STOPS RUNNING!

@710.8375000000001ms (227468 clock ticks): Satellite Control COM STOPS RUNNING!

@750.0ms (240000 clock ticks): Comparator STARTS RUNNING!
@751.2ms (240384 clock ticks): Comparator STOPS RUNNING!

@800.0ms (256000 clock ticks): Supervisor STARTS RUNNING!
@800.484375ms (256155 clock ticks): Satellite Control MON STARTS RUNNING!
@800.559375ms (256179 clock ticks): Satellite Control COM STARTS RUNNING!
@802.2ms (256704 clock ticks): Supervisor STOPS RUNNING!

@810.7281250000001ms (259433 clock ticks): Satellite Control MON STOPS RUNNING!

@810.8000000000001ms (259456 clock ticks): Satellite Control COM STOPS RUNNING!

@850.0ms (272000 clock ticks): Comparator STARTS RUNNING!
@851.2ms (272384 clock ticks): Comparator STOPS RUNNING!

@900.0ms (288000 clock ticks): I2C_Storage1 STARTS RUNNING!
@900.0ms (288000 clock ticks): Supervisor STARTS RUNNING!
@900.5125ms (288164 clock ticks): Satellite Control MON STARTS RUNNING!
@900.575ms (288184 clock ticks): Satellite Control COM STARTS RUNNING!
@902.2ms (288704 clock ticks): Supervisor STOPS RUNNING!

@910.8375000000001ms (291468 clock ticks): Satellite Control MON STOPS RUNNING!

@910.8781250000001ms (291481 clock ticks): Satellite Control COM STOPS RUNNING!

@950.0ms (304000 clock ticks): Comparator STARTS RUNNING!
@951.2ms (304384 clock ticks): Comparator STOPS RUNNING!

@990.3000000000001ms (316896 clock ticks): I2C_Storage1 STOPS RUNNING!

@1000.0ms (320000 clock ticks): SPW_Acquisition1 STARTS RUNNING!
@1000.0ms (320000 clock ticks): SPW_payload_driver STARTS RUNNING!
@1000.0ms (320000 clock ticks): Supervisor STARTS RUNNING!
@1000.5718750000001ms (320183 clock ticks): Satellite Control MON STARTS RUNNING!
@1000.6343750000001ms (320203 clock ticks): Satellite Control COM STARTS RUNNING!
@1001.3000000000001ms (320416 clock ticks): SPW_payload_driver STOPS RUNNING!

@1002.2906250000001ms (320733 clock ticks): Supervisor STOPS RUNNING!

@1010.78125ms (323450 clock ticks): Satellite Control MON STOPS RUNNING!

@1010.8781250000001ms (323481 clock ticks): Satellite Control COM STOPS RUNNING!

@1050.0ms (336000 clock ticks): Comparator STARTS RUNNING!
@1051.2ms (336384 clock ticks): Comparator STOPS RUNNING!

@1100.0ms (352000 clock ticks): Supervisor STARTS RUNNING!
@1100.0ms (352000 clock ticks): I2C_Storage2 STARTS RUNNING!
@1100.575ms (352184 clock ticks): Satellite Control MON STARTS RUNNING!
@1100.6375ms (352204 clock ticks): Satellite Control COM STARTS RUNNING!
@1102.2ms (352704 clock ticks): Supervisor STOPS RUNNING!

@1105.0ms (353600 clock ticks): SPW_Acquisition1 STOPS RUNNING!

@1110.84375ms (355470 clock ticks): Satellite Control MON STOPS RUNNING!

@1110.91875ms (355494 clock ticks): Satellite Control COM STOPS RUNNING!

@1120.0ms (358400 clock ticks): SPW_Acquisition2 STARTS RUNNING!
@1150.0ms (368000 clock ticks): Comparator STARTS RUNNING!
@1151.2ms (368384 clock ticks): Comparator STOPS RUNNING!

@1190.3ms (380896 clock ticks): I2C_Storage2 STOPS RUNNING!

@1200.0ms (384000 clock ticks): Supervisor STARTS RUNNING!
@1200.0ms (384000 clock ticks): FFT1 STARTS RUNNING!
@1200.6000000000001ms (384192 clock ticks): Satellite Control MON STARTS RUNNING!
@1200.671875ms (384215 clock ticks): Satellite Control COM STARTS RUNNING!
@1202.3ms (384736 clock ticks): Supervisor STOPS RUNNING!

@1210.9875ms (387516 clock ticks): Satellite Control MON STOPS RUNNING!

@1211.071875ms (387543 clock ticks): Satellite Control COM STOPS RUNNING!

@1225.0ms (392000 clock ticks): SPW_Acquisition2 STOPS RUNNING!


/**********************

*     simulation ends      *

**********************/

