@0.0ms (0 clock ticks): SPW_Acquisition1 STARTS RUNNING!
@0.0ms (0 clock ticks): SPW_payload_driver STARTS RUNNING!
@1.2000000000000002ms (384 clock ticks): SPW_payload_driver STOPS RUNNING!

@40.0ms (12800 clock ticks): SPW_Acquisition2 STARTS RUNNING!
@100.0ms (32000 clock ticks): Satellite Control COM STARTS RUNNING!
@100.0ms (32000 clock ticks): Satellite Control MON STARTS RUNNING!
@105.0ms (33600 clock ticks): SPW_Acquisition1 STOPS RUNNING!

@110.38125000000001ms (35322 clock ticks): Satellite Control COM STOPS RUNNING!

@110.390625ms (35325 clock ticks): Satellite Control MON STOPS RUNNING!

@145.0ms (46400 clock ticks): SPW_Acquisition2 STOPS RUNNING!

@150.0ms (48000 clock ticks): Comparator STARTS RUNNING!
@151.20000000000002ms (48384 clock ticks): Comparator STOPS RUNNING!

@200.0ms (64000 clock ticks): FFT1 STARTS RUNNING!
@200.0ms (64000 clock ticks): Supervisor STARTS RUNNING!
@200.08437500000002ms (64027 clock ticks): Satellite Control MON STARTS RUNNING!
@200.09062500000002ms (64029 clock ticks): Satellite Control COM STARTS RUNNING!
@202.425ms (64776 clock ticks): Supervisor STOPS RUNNING!

@210.509375ms (67363 clock ticks): Satellite Control COM STOPS RUNNING!

@210.60000000000002ms (67392 clock ticks): Satellite Control MON STOPS RUNNING!

@250.0ms (80000 clock ticks): Comparator STARTS RUNNING!
@251.20000000000002ms (80384 clock ticks): Comparator STOPS RUNNING!

@260.0ms (83200 clock ticks): FFT2 STARTS RUNNING!
@300.0ms (96000 clock ticks): Supervisor STARTS RUNNING!
@300.090625ms (96029 clock ticks): Satellite Control MON STARTS RUNNING!
@300.1ms (96032 clock ticks): Satellite Control COM STARTS RUNNING!
@302.23125ms (96714 clock ticks): Supervisor STOPS RUNNING!

@310.46562500000005ms (99349 clock ticks): Satellite Control MON STOPS RUNNING!

@310.471875ms (99351 clock ticks): Satellite Control COM STOPS RUNNING!

@350.0ms (112000 clock ticks): Comparator STARTS RUNNING!
@351.20000000000005ms (112384 clock ticks): Comparator STOPS RUNNING!

@400.0ms (128000 clock ticks): Supervisor STARTS RUNNING!
@400.171875ms (128055 clock ticks): Satellite Control COM STARTS RUNNING!
@400.18437500000005ms (128059 clock ticks): Satellite Control MON STARTS RUNNING!
@402.20000000000005ms (128704 clock ticks): Supervisor STOPS RUNNING!

@410.521875ms (131367 clock ticks): Satellite Control COM STOPS RUNNING!

@410.55ms (131376 clock ticks): Satellite Control MON STOPS RUNNING!

@450.0ms (144000 clock ticks): Comparator STARTS RUNNING!
@451.20000000000005ms (144384 clock ticks): Comparator STOPS RUNNING!

@500.0ms (160000 clock ticks): Supervisor STARTS RUNNING!
@500.24375000000003ms (160078 clock ticks): Satellite Control COM STARTS RUNNING!
@500.25937500000003ms (160083 clock ticks): Satellite Control MON STARTS RUNNING!
@502.20000000000005ms (160704 clock ticks): Supervisor STOPS RUNNING!

@510.57187500000003ms (163383 clock ticks): Satellite Control COM STOPS RUNNING!

@510.60625000000005ms (163394 clock ticks): Satellite Control MON STOPS RUNNING!

@550.0ms (176000 clock ticks): Comparator STARTS RUNNING!
@551.2ms (176384 clock ticks): Comparator STOPS RUNNING!

@565.6ms (180992 clock ticks): FFT1 STOPS RUNNING!

@600.0ms (192000 clock ticks): Supervisor STARTS RUNNING!
@600.309375ms (192099 clock ticks): Satellite Control COM STARTS RUNNING!
@600.321875ms (192103 clock ticks): Satellite Control MON STARTS RUNNING!
@602.2ms (192704 clock ticks): Supervisor STOPS RUNNING!

@610.6281250000001ms (195401 clock ticks): Satellite Control COM STOPS RUNNING!

@610.671875ms (195415 clock ticks): Satellite Control MON STOPS RUNNING!

@625.3000000000001ms (200096 clock ticks): FFT2 STOPS RUNNING!

@650.0ms (208000 clock ticks): Comparator STARTS RUNNING!
@651.2ms (208384 clock ticks): Comparator STOPS RUNNING!

@700.0ms (224000 clock ticks): Supervisor STARTS RUNNING!
@700.365625ms (224117 clock ticks): Satellite Control COM STARTS RUNNING!
@700.38125ms (224122 clock ticks): Satellite Control MON STARTS RUNNING!
@702.2ms (224704 clock ticks): Supervisor STOPS RUNNING!

@710.6906250000001ms (227421 clock ticks): Satellite Control MON STOPS RUNNING!

@710.7437500000001ms (227438 clock ticks): Satellite Control COM STOPS RUNNING!

@750.0ms (240000 clock ticks): Comparator STARTS RUNNING!
@751.2ms (240384 clock ticks): Comparator STOPS RUNNING!

@800.0ms (256000 clock ticks): Supervisor STARTS RUNNING!
@800.428125ms (256137 clock ticks): Satellite Control MON STARTS RUNNING!
@800.4375ms (256140 clock ticks): Satellite Control COM STARTS RUNNING!
@802.2ms (256704 clock ticks): Supervisor STOPS RUNNING!

@810.79375ms (259454 clock ticks): Satellite Control MON STOPS RUNNING!

@810.8125ms (259460 clock ticks): Satellite Control COM STOPS RUNNING!

@850.0ms (272000 clock ticks): Comparator STARTS RUNNING!
@851.2ms (272384 clock ticks): Comparator STOPS RUNNING!

@900.0ms (288000 clock ticks): I2C_Storage1 STARTS RUNNING!
@900.0ms (288000 clock ticks): Supervisor STARTS RUNNING!
@900.5093750000001ms (288163 clock ticks): Satellite Control COM STARTS RUNNING!
@900.5093750000001ms (288163 clock ticks): Satellite Control MON STARTS RUNNING!
@902.2ms (288704 clock ticks): Supervisor STOPS RUNNING!

@910.8781250000001ms (291481 clock ticks): Satellite Control COM STOPS RUNNING!

@910.903125ms (291489 clock ticks): Satellite Control MON STOPS RUNNING!

@950.0ms (304000 clock ticks): Comparator STARTS RUNNING!
@951.2ms (304384 clock ticks): Comparator STOPS RUNNING!

@990.3000000000001ms (316896 clock ticks): I2C_Storage1 STOPS RUNNING!

@1000.0ms (320000 clock ticks): SPW_Acquisition1 STARTS RUNNING!
@1000.0ms (320000 clock ticks): SPW_payload_driver STARTS RUNNING!
@1000.0ms (320000 clock ticks): Supervisor STARTS RUNNING!
@1000.575ms (320184 clock ticks): Satellite Control COM STARTS RUNNING!
@1000.609375ms (320195 clock ticks): Satellite Control MON STARTS RUNNING!
@1001.2750000000001ms (320408 clock ticks): SPW_payload_driver STOPS RUNNING!

@1002.3000000000001ms (320736 clock ticks): Supervisor STOPS RUNNING!

@1010.88125ms (323482 clock ticks): Satellite Control COM STOPS RUNNING!

@1010.9156250000001ms (323493 clock ticks): Satellite Control MON STOPS RUNNING!

@1040.0ms (332800 clock ticks): SPW_Acquisition2 STARTS RUNNING!
@1050.0ms (336000 clock ticks): Comparator STARTS RUNNING!
@1051.2ms (336384 clock ticks): Comparator STOPS RUNNING!

@1100.0ms (352000 clock ticks): I2C_Storage2 STARTS RUNNING!
@1100.0ms (352000 clock ticks): Supervisor STARTS RUNNING!
@1100.640625ms (352205 clock ticks): Satellite Control COM STARTS RUNNING!
@1100.65ms (352208 clock ticks): Satellite Control MON STARTS RUNNING!
@1102.2ms (352704 clock ticks): Supervisor STOPS RUNNING!

@1105.0ms (353600 clock ticks): SPW_Acquisition1 STOPS RUNNING!

@1111.003125ms (355521 clock ticks): Satellite Control COM STOPS RUNNING!

@1111.01875ms (355526 clock ticks): Satellite Control MON STOPS RUNNING!

@1145.0ms (366400 clock ticks): SPW_Acquisition2 STOPS RUNNING!

@1150.0ms (368000 clock ticks): Comparator STARTS RUNNING!
@1151.2ms (368384 clock ticks): Comparator STOPS RUNNING!

@1190.3ms (380896 clock ticks): I2C_Storage2 STOPS RUNNING!

@1200.0ms (384000 clock ticks): FFT1 STARTS RUNNING!
@1200.0ms (384000 clock ticks): Supervisor STARTS RUNNING!
@1200.721875ms (384231 clock ticks): Satellite Control MON STARTS RUNNING!
@1200.7250000000001ms (384232 clock ticks): Satellite Control COM STARTS RUNNING!
@1202.3031250000001ms (384737 clock ticks): Supervisor STOPS RUNNING!

@1211.165625ms (387573 clock ticks): Satellite Control MON STOPS RUNNING!

@1211.184375ms (387579 clock ticks): Satellite Control COM STOPS RUNNING!


/**********************

*     simulation ends      *

**********************/

