@0.0ms (0 clock ticks): SPW_Acquisition1 STARTS RUNNING!
@0.0ms (0 clock ticks): SPW_Acquisition2 STARTS RUNNING!
@0.0ms (0 clock ticks): SPW_payload_driver STARTS RUNNING!
@1.2000000000000002ms (384 clock ticks): SPW_payload_driver STOPS RUNNING!

@100.0ms (32000 clock ticks): Satellite Control MON STARTS RUNNING!
@100.0ms (32000 clock ticks): Satellite Control COM STARTS RUNNING!
@110.384375ms (35323 clock ticks): Satellite Control COM STOPS RUNNING!

@110.390625ms (35325 clock ticks): Satellite Control MON STOPS RUNNING!

@119.65937500000001ms (38291 clock ticks): SPW_Acquisition2 STOPS RUNNING!

@120.0ms (38400 clock ticks): SPW_Acquisition1 STOPS RUNNING!

@150.0ms (48000 clock ticks): Comparator STARTS RUNNING!
@151.20000000000002ms (48384 clock ticks): Comparator STOPS RUNNING!

@200.0ms (64000 clock ticks): Supervisor STARTS RUNNING!
@200.0ms (64000 clock ticks): FFT1 STARTS RUNNING!
@200.08437500000002ms (64027 clock ticks): Satellite Control COM STARTS RUNNING!
@200.10000000000002ms (64032 clock ticks): Satellite Control MON STARTS RUNNING!
@202.565625ms (64821 clock ticks): Supervisor STOPS RUNNING!

@210.525ms (67368 clock ticks): Satellite Control COM STOPS RUNNING!

@210.603125ms (67393 clock ticks): Satellite Control MON STOPS RUNNING!

@250.0ms (80000 clock ticks): Comparator STARTS RUNNING!
@251.20000000000002ms (80384 clock ticks): Comparator STOPS RUNNING!

@300.0ms (96000 clock ticks): FFT2 STARTS RUNNING!
@300.0ms (96000 clock ticks): Supervisor STARTS RUNNING!
@300.10625ms (96034 clock ticks): Satellite Control COM STARTS RUNNING!
@300.11875000000003ms (96038 clock ticks): Satellite Control MON STARTS RUNNING!
@302.41562500000003ms (96773 clock ticks): Supervisor STOPS RUNNING!

@310.546875ms (99375 clock ticks): Satellite Control MON STOPS RUNNING!

@310.6ms (99392 clock ticks): Satellite Control COM STOPS RUNNING!

@350.0ms (112000 clock ticks): Comparator STARTS RUNNING!
@351.20000000000005ms (112384 clock ticks): Comparator STOPS RUNNING!

@400.0ms (128000 clock ticks): Supervisor STARTS RUNNING!
@400.1625ms (128052 clock ticks): Satellite Control COM STARTS RUNNING!
@400.16562500000003ms (128053 clock ticks): Satellite Control MON STARTS RUNNING!
@402.20000000000005ms (128704 clock ticks): Supervisor STOPS RUNNING!

@410.46875ms (131350 clock ticks): Satellite Control MON STOPS RUNNING!

@410.5375ms (131372 clock ticks): Satellite Control COM STOPS RUNNING!

@450.0ms (144000 clock ticks): Comparator STARTS RUNNING!
@451.20000000000005ms (144384 clock ticks): Comparator STOPS RUNNING!

@500.0ms (160000 clock ticks): Supervisor STARTS RUNNING!
@500.19687500000003ms (160063 clock ticks): Satellite Control MON STARTS RUNNING!
@500.2375ms (160076 clock ticks): Satellite Control COM STARTS RUNNING!
@502.20000000000005ms (160704 clock ticks): Supervisor STOPS RUNNING!

@510.47812500000003ms (163353 clock ticks): Satellite Control MON STOPS RUNNING!

@510.521875ms (163367 clock ticks): Satellite Control COM STOPS RUNNING!

@550.0ms (176000 clock ticks): Comparator STARTS RUNNING!
@551.2ms (176384 clock ticks): Comparator STOPS RUNNING!

@565.6ms (180992 clock ticks): FFT1 STOPS RUNNING!

@600.0ms (192000 clock ticks): Supervisor STARTS RUNNING!
@600.2531250000001ms (192081 clock ticks): Satellite Control MON STARTS RUNNING!
@600.2625ms (192084 clock ticks): Satellite Control COM STARTS RUNNING!
@602.2ms (192704 clock ticks): Supervisor STOPS RUNNING!

@610.6125000000001ms (195396 clock ticks): Satellite Control MON STOPS RUNNING!

@610.621875ms (195399 clock ticks): Satellite Control COM STOPS RUNNING!

@650.0ms (208000 clock ticks): Comparator STARTS RUNNING!
@651.2ms (208384 clock ticks): Comparator STOPS RUNNING!

@665.6ms (212992 clock ticks): FFT2 STOPS RUNNING!

@700.0ms (224000 clock ticks): Supervisor STARTS RUNNING!
@700.328125ms (224105 clock ticks): Satellite Control COM STARTS RUNNING!
@700.34375ms (224110 clock ticks): Satellite Control MON STARTS RUNNING!
@702.2ms (224704 clock ticks): Supervisor STOPS RUNNING!

@710.6593750000001ms (227411 clock ticks): Satellite Control COM STOPS RUNNING!

@710.71875ms (227430 clock ticks): Satellite Control MON STOPS RUNNING!

@750.0ms (240000 clock ticks): Comparator STARTS RUNNING!
@751.2ms (240384 clock ticks): Comparator STOPS RUNNING!

@800.0ms (256000 clock ticks): Supervisor STARTS RUNNING!
@800.3687500000001ms (256118 clock ticks): Satellite Control COM STARTS RUNNING!
@800.4312500000001ms (256138 clock ticks): Satellite Control MON STARTS RUNNING!
@802.2ms (256704 clock ticks): Supervisor STOPS RUNNING!

@810.6875ms (259420 clock ticks): Satellite Control COM STOPS RUNNING!

@810.725ms (259432 clock ticks): Satellite Control MON STOPS RUNNING!

@850.0ms (272000 clock ticks): Comparator STARTS RUNNING!
@851.2ms (272384 clock ticks): Comparator STOPS RUNNING!

@900.0ms (288000 clock ticks): I2C_Storage1 STARTS RUNNING!
@900.0ms (288000 clock ticks): Supervisor STARTS RUNNING!
@900.4312500000001ms (288138 clock ticks): Satellite Control COM STARTS RUNNING!
@900.48125ms (288154 clock ticks): Satellite Control MON STARTS RUNNING!
@902.2ms (288704 clock ticks): Supervisor STOPS RUNNING!

@910.71875ms (291430 clock ticks): Satellite Control COM STOPS RUNNING!

@910.78125ms (291450 clock ticks): Satellite Control MON STOPS RUNNING!

@950.0ms (304000 clock ticks): Comparator STARTS RUNNING!
@951.2ms (304384 clock ticks): Comparator STOPS RUNNING!

@990.3000000000001ms (316896 clock ticks): I2C_Storage1 STOPS RUNNING!

@1000.0ms (320000 clock ticks): SPW_Acquisition1 STARTS RUNNING!
@1000.0ms (320000 clock ticks): SPW_Acquisition2 STARTS RUNNING!
@1000.0ms (320000 clock ticks): Supervisor STARTS RUNNING!
@1000.0ms (320000 clock ticks): SPW_payload_driver STARTS RUNNING!
@1000.46875ms (320150 clock ticks): Satellite Control COM STARTS RUNNING!
@1000.53125ms (320170 clock ticks): Satellite Control MON STARTS RUNNING!
@1001.3000000000001ms (320416 clock ticks): SPW_payload_driver STOPS RUNNING!

@1002.265625ms (320725 clock ticks): Supervisor STOPS RUNNING!

@1010.709375ms (323427 clock ticks): Satellite Control COM STOPS RUNNING!

@1010.803125ms (323457 clock ticks): Satellite Control MON STOPS RUNNING!

@1050.0ms (336000 clock ticks): Comparator STARTS RUNNING!
@1051.2ms (336384 clock ticks): Comparator STOPS RUNNING!

@1100.0ms (352000 clock ticks): I2C_Storage2 STARTS RUNNING!
@1100.0ms (352000 clock ticks): Supervisor STARTS RUNNING!
@1100.4750000000001ms (352152 clock ticks): Satellite Control COM STARTS RUNNING!
@1100.565625ms (352181 clock ticks): Satellite Control MON STARTS RUNNING!
@1102.2ms (352704 clock ticks): Supervisor STOPS RUNNING!

@1110.684375ms (355419 clock ticks): Satellite Control COM STOPS RUNNING!

@1110.78125ms (355450 clock ticks): Satellite Control MON STOPS RUNNING!

@1119.5218750000001ms (358247 clock ticks): SPW_Acquisition1 STOPS RUNNING!

@1120.0ms (358400 clock ticks): SPW_Acquisition2 STOPS RUNNING!

@1150.0ms (368000 clock ticks): Comparator STARTS RUNNING!
@1151.2ms (368384 clock ticks): Comparator STOPS RUNNING!

@1190.3ms (380896 clock ticks): I2C_Storage2 STOPS RUNNING!

@1200.0ms (384000 clock ticks): Supervisor STARTS RUNNING!
@1200.0ms (384000 clock ticks): FFT1 STARTS RUNNING!
@1200.478125ms (384153 clock ticks): Satellite Control COM STARTS RUNNING!
@1200.571875ms (384183 clock ticks): Satellite Control MON STARTS RUNNING!
@1202.315625ms (384741 clock ticks): Supervisor STOPS RUNNING!

@1210.83125ms (387466 clock ticks): Satellite Control COM STOPS RUNNING!

@1210.903125ms (387489 clock ticks): Satellite Control MON STOPS RUNNING!


/**********************

*     simulation ends      *

**********************/

