@0.0ms (0 clock ticks): SPW_payload_driver STARTS RUNNING!
@0.0ms (0 clock ticks): SPW_Acquisition1 STARTS RUNNING!
@1.2000000000000002ms (384 clock ticks): SPW_payload_driver STOPS RUNNING!

@40.0ms (12800 clock ticks): SPW_Acquisition2 STARTS RUNNING!
@100.0ms (32000 clock ticks): Satellite Control COM STARTS RUNNING!
@100.0ms (32000 clock ticks): Satellite Control MON STARTS RUNNING!
@105.0ms (33600 clock ticks): SPW_Acquisition1 STOPS RUNNING!

@110.340625ms (35309 clock ticks): Satellite Control MON STOPS RUNNING!

@110.36875ms (35318 clock ticks): Satellite Control COM STOPS RUNNING!

@145.0ms (46400 clock ticks): SPW_Acquisition2 STOPS RUNNING!

@150.0ms (48000 clock ticks): Comparator STARTS RUNNING!
@151.20000000000002ms (48384 clock ticks): Comparator STOPS RUNNING!

@200.0ms (64000 clock ticks): FFT1 STARTS RUNNING!
@200.0ms (64000 clock ticks): Supervisor STARTS RUNNING!
@200.06875000000002ms (64022 clock ticks): Satellite Control COM STARTS RUNNING!
@200.071875ms (64023 clock ticks): Satellite Control MON STARTS RUNNING!
@202.36875ms (64758 clock ticks): Supervisor STOPS RUNNING!

@210.48125000000002ms (67354 clock ticks): Satellite Control MON STOPS RUNNING!

@210.571875ms (67383 clock ticks): Satellite Control COM STOPS RUNNING!

@250.0ms (80000 clock ticks): Comparator STARTS RUNNING!
@251.20000000000002ms (80384 clock ticks): Comparator STOPS RUNNING!

@300.0ms (96000 clock ticks): Supervisor STARTS RUNNING!
@300.08125ms (96026 clock ticks): Satellite Control COM STARTS RUNNING!
@300.08125ms (96026 clock ticks): Satellite Control MON STARTS RUNNING!
@302.25625ms (96722 clock ticks): Supervisor STOPS RUNNING!

@310.41875000000005ms (99334 clock ticks): Satellite Control MON STOPS RUNNING!

@310.47812500000003ms (99353 clock ticks): Satellite Control COM STOPS RUNNING!

@320.0ms (102400 clock ticks): FFT2 STARTS RUNNING!
@350.0ms (112000 clock ticks): Comparator STARTS RUNNING!
@351.20000000000005ms (112384 clock ticks): Comparator STOPS RUNNING!

@400.0ms (128000 clock ticks): Supervisor STARTS RUNNING!
@400.12187500000005ms (128039 clock ticks): Satellite Control MON STARTS RUNNING!
@400.159375ms (128051 clock ticks): Satellite Control COM STARTS RUNNING!
@402.20000000000005ms (128704 clock ticks): Supervisor STOPS RUNNING!

@410.421875ms (131335 clock ticks): Satellite Control MON STOPS RUNNING!

@410.475ms (131352 clock ticks): Satellite Control COM STOPS RUNNING!

@450.0ms (144000 clock ticks): Comparator STARTS RUNNING!
@451.20000000000005ms (144384 clock ticks): Comparator STOPS RUNNING!

@500.0ms (160000 clock ticks): Supervisor STARTS RUNNING!
@500.16875000000005ms (160054 clock ticks): Satellite Control MON STARTS RUNNING!
@500.209375ms (160067 clock ticks): Satellite Control COM STARTS RUNNING!
@502.20000000000005ms (160704 clock ticks): Supervisor STOPS RUNNING!

@510.440625ms (163341 clock ticks): Satellite Control MON STOPS RUNNING!

@510.503125ms (163361 clock ticks): Satellite Control COM STOPS RUNNING!

@550.0ms (176000 clock ticks): Comparator STARTS RUNNING!
@551.2ms (176384 clock ticks): Comparator STOPS RUNNING!

@565.6ms (180992 clock ticks): FFT1 STOPS RUNNING!

@600.0ms (192000 clock ticks): Supervisor STARTS RUNNING!
@600.2062500000001ms (192066 clock ticks): Satellite Control MON STARTS RUNNING!
@600.24375ms (192078 clock ticks): Satellite Control COM STARTS RUNNING!
@602.2ms (192704 clock ticks): Supervisor STOPS RUNNING!

@610.496875ms (195359 clock ticks): Satellite Control MON STOPS RUNNING!

@610.55625ms (195378 clock ticks): Satellite Control COM STOPS RUNNING!

@650.0ms (208000 clock ticks): Comparator STARTS RUNNING!
@651.2ms (208384 clock ticks): Comparator STOPS RUNNING!

@685.3000000000001ms (219296 clock ticks): FFT2 STOPS RUNNING!

@700.0ms (224000 clock ticks): Supervisor STARTS RUNNING!
@700.246875ms (224079 clock ticks): Satellite Control MON STARTS RUNNING!
@700.2906250000001ms (224093 clock ticks): Satellite Control COM STARTS RUNNING!
@702.2ms (224704 clock ticks): Supervisor STOPS RUNNING!

@710.5187500000001ms (227366 clock ticks): Satellite Control MON STOPS RUNNING!

@710.5812500000001ms (227386 clock ticks): Satellite Control COM STOPS RUNNING!

@750.0ms (240000 clock ticks): Comparator STARTS RUNNING!
@751.2ms (240384 clock ticks): Comparator STOPS RUNNING!

@800.0ms (256000 clock ticks): Supervisor STARTS RUNNING!
@800.2843750000001ms (256091 clock ticks): Satellite Control MON STARTS RUNNING!
@800.3218750000001ms (256103 clock ticks): Satellite Control COM STARTS RUNNING!
@802.2ms (256704 clock ticks): Supervisor STOPS RUNNING!

@810.5968750000001ms (259391 clock ticks): Satellite Control MON STOPS RUNNING!

@810.6500000000001ms (259408 clock ticks): Satellite Control COM STOPS RUNNING!

@850.0ms (272000 clock ticks): Comparator STARTS RUNNING!
@851.2ms (272384 clock ticks): Comparator STOPS RUNNING!

@900.0ms (288000 clock ticks): I2C_Storage1 STARTS RUNNING!
@900.0ms (288000 clock ticks): Supervisor STARTS RUNNING!
@900.3312500000001ms (288106 clock ticks): Satellite Control MON STARTS RUNNING!
@900.38125ms (288122 clock ticks): Satellite Control COM STARTS RUNNING!
@902.2ms (288704 clock ticks): Supervisor STOPS RUNNING!

@910.578125ms (291385 clock ticks): Satellite Control MON STOPS RUNNING!

@910.6625ms (291412 clock ticks): Satellite Control COM STOPS RUNNING!

@950.0ms (304000 clock ticks): Comparator STARTS RUNNING!
@951.2ms (304384 clock ticks): Comparator STOPS RUNNING!

@990.3000000000001ms (316896 clock ticks): I2C_Storage1 STOPS RUNNING!

@1000.0ms (320000 clock ticks): SPW_payload_driver STARTS RUNNING!
@1000.0ms (320000 clock ticks): SPW_Acquisition1 STARTS RUNNING!
@1000.0ms (320000 clock ticks): Supervisor STARTS RUNNING!
@1000.3468750000001ms (320111 clock ticks): Satellite Control MON STARTS RUNNING!
@1000.4125ms (320132 clock ticks): Satellite Control COM STARTS RUNNING!
@1001.3000000000001ms (320416 clock ticks): SPW_payload_driver STOPS RUNNING!

@1002.29375ms (320734 clock ticks): Supervisor STOPS RUNNING!

@1010.59375ms (323390 clock ticks): Satellite Control MON STOPS RUNNING!

@1010.6750000000001ms (323416 clock ticks): Satellite Control COM STOPS RUNNING!

@1040.0ms (332800 clock ticks): SPW_Acquisition2 STARTS RUNNING!
@1050.0ms (336000 clock ticks): Comparator STARTS RUNNING!
@1051.2ms (336384 clock ticks): Comparator STOPS RUNNING!

@1100.0ms (352000 clock ticks): I2C_Storage2 STARTS RUNNING!
@1100.0ms (352000 clock ticks): Supervisor STARTS RUNNING!
@1100.3656250000001ms (352117 clock ticks): Satellite Control MON STARTS RUNNING!
@1100.4375ms (352140 clock ticks): Satellite Control COM STARTS RUNNING!
@1102.2ms (352704 clock ticks): Supervisor STOPS RUNNING!

@1105.0ms (353600 clock ticks): SPW_Acquisition1 STOPS RUNNING!

@1110.6468750000001ms (355407 clock ticks): Satellite Control MON STOPS RUNNING!

@1110.70625ms (355426 clock ticks): Satellite Control COM STOPS RUNNING!

@1145.0ms (366400 clock ticks): SPW_Acquisition2 STOPS RUNNING!

@1150.0ms (368000 clock ticks): Comparator STARTS RUNNING!
@1151.2ms (368384 clock ticks): Comparator STOPS RUNNING!

@1190.3ms (380896 clock ticks): I2C_Storage2 STOPS RUNNING!

@1200.0ms (384000 clock ticks): FFT1 STARTS RUNNING!
@1200.0ms (384000 clock ticks): Supervisor STARTS RUNNING!
@1200.40625ms (384130 clock ticks): Satellite Control MON STARTS RUNNING!
@1200.471875ms (384151 clock ticks): Satellite Control COM STARTS RUNNING!
@1202.328125ms (384745 clock ticks): Supervisor STOPS RUNNING!

@1210.66875ms (387414 clock ticks): Satellite Control MON STOPS RUNNING!

@1210.83125ms (387466 clock ticks): Satellite Control COM STOPS RUNNING!


/**********************

*     simulation ends      *

**********************/

