@0.0ms (0 clock ticks): SPW_payload_driver STARTS RUNNING!
@0.0ms (0 clock ticks): SPW_Acquisition1 STARTS RUNNING!
@1.2000000000000002ms (384 clock ticks): SPW_payload_driver STOPS RUNNING!

@60.0ms (19200 clock ticks): SPW_Acquisition2 STARTS RUNNING!
@100.0ms (32000 clock ticks): Satellite Control COM STARTS RUNNING!
@100.0ms (32000 clock ticks): Satellite Control MON STARTS RUNNING!
@105.0ms (33600 clock ticks): SPW_Acquisition1 STOPS RUNNING!

@110.353125ms (35313 clock ticks): Satellite Control COM STOPS RUNNING!

@110.37812500000001ms (35321 clock ticks): Satellite Control MON STOPS RUNNING!

@150.0ms (48000 clock ticks): Comparator STARTS RUNNING!
@151.20000000000002ms (48384 clock ticks): Comparator STOPS RUNNING!

@165.0ms (52800 clock ticks): SPW_Acquisition2 STOPS RUNNING!

@200.0ms (64000 clock ticks): Supervisor STARTS RUNNING!
@200.0ms (64000 clock ticks): FFT1 STARTS RUNNING!
@200.07500000000002ms (64024 clock ticks): Satellite Control COM STARTS RUNNING!
@200.07500000000002ms (64024 clock ticks): Satellite Control MON STARTS RUNNING!
@202.409375ms (64771 clock ticks): Supervisor STOPS RUNNING!

@210.60000000000002ms (67392 clock ticks): Satellite Control MON STOPS RUNNING!

@210.61562500000002ms (67397 clock ticks): Satellite Control COM STOPS RUNNING!

@250.0ms (80000 clock ticks): Comparator STARTS RUNNING!
@251.20000000000002ms (80384 clock ticks): Comparator STOPS RUNNING!

@280.0ms (89600 clock ticks): FFT2 STARTS RUNNING!
@300.0ms (96000 clock ticks): Supervisor STARTS RUNNING!
@300.15000000000003ms (96048 clock ticks): Satellite Control MON STARTS RUNNING!
@300.175ms (96056 clock ticks): Satellite Control COM STARTS RUNNING!
@302.2ms (96704 clock ticks): Supervisor STOPS RUNNING!

@310.51875ms (99366 clock ticks): Satellite Control COM STOPS RUNNING!

@310.5375ms (99372 clock ticks): Satellite Control MON STOPS RUNNING!

@350.0ms (112000 clock ticks): Comparator STARTS RUNNING!
@351.20000000000005ms (112384 clock ticks): Comparator STOPS RUNNING!

@400.0ms (128000 clock ticks): Supervisor STARTS RUNNING!
@400.234375ms (128075 clock ticks): Satellite Control MON STARTS RUNNING!
@400.25625ms (128082 clock ticks): Satellite Control COM STARTS RUNNING!
@402.20000000000005ms (128704 clock ticks): Supervisor STOPS RUNNING!

@410.6125ms (131396 clock ticks): Satellite Control COM STOPS RUNNING!

@410.62187500000005ms (131399 clock ticks): Satellite Control MON STOPS RUNNING!

@450.0ms (144000 clock ticks): Comparator STARTS RUNNING!
@451.20000000000005ms (144384 clock ticks): Comparator STOPS RUNNING!

@500.0ms (160000 clock ticks): Supervisor STARTS RUNNING!
@500.334375ms (160107 clock ticks): Satellite Control COM STARTS RUNNING!
@500.334375ms (160107 clock ticks): Satellite Control MON STARTS RUNNING!
@502.20000000000005ms (160704 clock ticks): Supervisor STOPS RUNNING!

@510.66562500000003ms (163413 clock ticks): Satellite Control MON STOPS RUNNING!

@510.70625ms (163426 clock ticks): Satellite Control COM STOPS RUNNING!

@550.0ms (176000 clock ticks): Comparator STARTS RUNNING!
@551.2ms (176384 clock ticks): Comparator STOPS RUNNING!

@565.6ms (180992 clock ticks): FFT1 STOPS RUNNING!

@600.0ms (192000 clock ticks): Supervisor STARTS RUNNING!
@600.3937500000001ms (192126 clock ticks): Satellite Control MON STARTS RUNNING!
@600.40625ms (192130 clock ticks): Satellite Control COM STARTS RUNNING!
@602.2ms (192704 clock ticks): Supervisor STOPS RUNNING!

@610.66875ms (195414 clock ticks): Satellite Control MON STOPS RUNNING!

@610.734375ms (195435 clock ticks): Satellite Control COM STOPS RUNNING!

@645.3000000000001ms (206496 clock ticks): FFT2 STOPS RUNNING!

@650.0ms (208000 clock ticks): Comparator STARTS RUNNING!
@651.2ms (208384 clock ticks): Comparator STOPS RUNNING!

@700.0ms (224000 clock ticks): Supervisor STARTS RUNNING!
@700.428125ms (224137 clock ticks): Satellite Control MON STARTS RUNNING!
@700.4468750000001ms (224143 clock ticks): Satellite Control COM STARTS RUNNING!
@702.2ms (224704 clock ticks): Supervisor STOPS RUNNING!

@710.7531250000001ms (227441 clock ticks): Satellite Control MON STOPS RUNNING!

@710.796875ms (227455 clock ticks): Satellite Control COM STOPS RUNNING!

@750.0ms (240000 clock ticks): Comparator STARTS RUNNING!
@751.2ms (240384 clock ticks): Comparator STOPS RUNNING!

@800.0ms (256000 clock ticks): Supervisor STARTS RUNNING!
@800.484375ms (256155 clock ticks): Satellite Control MON STARTS RUNNING!
@800.5093750000001ms (256163 clock ticks): Satellite Control COM STARTS RUNNING!
@802.2ms (256704 clock ticks): Supervisor STOPS RUNNING!

@810.8062500000001ms (259458 clock ticks): Satellite Control MON STOPS RUNNING!

@810.8468750000001ms (259471 clock ticks): Satellite Control COM STOPS RUNNING!

@850.0ms (272000 clock ticks): Comparator STARTS RUNNING!
@851.2ms (272384 clock ticks): Comparator STOPS RUNNING!

@900.0ms (288000 clock ticks): Supervisor STARTS RUNNING!
@900.0ms (288000 clock ticks): I2C_Storage1 STARTS RUNNING!
@900.54375ms (288174 clock ticks): Satellite Control MON STARTS RUNNING!
@900.5718750000001ms (288183 clock ticks): Satellite Control COM STARTS RUNNING!
@902.2ms (288704 clock ticks): Supervisor STOPS RUNNING!

@910.79375ms (291454 clock ticks): Satellite Control MON STOPS RUNNING!

@910.871875ms (291479 clock ticks): Satellite Control COM STOPS RUNNING!

@950.0ms (304000 clock ticks): Comparator STARTS RUNNING!
@951.2ms (304384 clock ticks): Comparator STOPS RUNNING!

@990.3000000000001ms (316896 clock ticks): I2C_Storage1 STOPS RUNNING!

@1000.0ms (320000 clock ticks): SPW_payload_driver STARTS RUNNING!
@1000.0ms (320000 clock ticks): Supervisor STARTS RUNNING!
@1000.0ms (320000 clock ticks): SPW_Acquisition1 STARTS RUNNING!
@1000.5656250000001ms (320181 clock ticks): Satellite Control MON STARTS RUNNING!
@1000.6ms (320192 clock ticks): Satellite Control COM STARTS RUNNING!
@1001.3000000000001ms (320416 clock ticks): SPW_payload_driver STOPS RUNNING!

@1002.2750000000001ms (320728 clock ticks): Supervisor STOPS RUNNING!

@1010.85625ms (323474 clock ticks): Satellite Control MON STOPS RUNNING!

@1010.91875ms (323494 clock ticks): Satellite Control COM STOPS RUNNING!

@1050.0ms (336000 clock ticks): Comparator STARTS RUNNING!
@1051.2ms (336384 clock ticks): Comparator STOPS RUNNING!

@1060.0ms (339200 clock ticks): SPW_Acquisition2 STARTS RUNNING!
@1100.0ms (352000 clock ticks): I2C_Storage2 STARTS RUNNING!
@1100.0ms (352000 clock ticks): Supervisor STARTS RUNNING!
@1100.603125ms (352193 clock ticks): Satellite Control MON STARTS RUNNING!
@1100.640625ms (352205 clock ticks): Satellite Control COM STARTS RUNNING!
@1102.2ms (352704 clock ticks): Supervisor STOPS RUNNING!

@1105.0ms (353600 clock ticks): SPW_Acquisition1 STOPS RUNNING!

@1110.9437500000001ms (355502 clock ticks): Satellite Control MON STOPS RUNNING!

@1110.96875ms (355510 clock ticks): Satellite Control COM STOPS RUNNING!

@1150.0ms (368000 clock ticks): Comparator STARTS RUNNING!
@1151.2ms (368384 clock ticks): Comparator STOPS RUNNING!

@1165.0ms (372800 clock ticks): SPW_Acquisition2 STOPS RUNNING!

@1190.3ms (380896 clock ticks): I2C_Storage2 STOPS RUNNING!

@1200.0ms (384000 clock ticks): Supervisor STARTS RUNNING!
@1200.0ms (384000 clock ticks): FFT1 STARTS RUNNING!
@1200.6781250000001ms (384217 clock ticks): Satellite Control MON STARTS RUNNING!
@1200.70625ms (384226 clock ticks): Satellite Control COM STARTS RUNNING!
@1202.29375ms (384734 clock ticks): Supervisor STOPS RUNNING!

@1211.015625ms (387525 clock ticks): Satellite Control MON STOPS RUNNING!

@1211.1156250000001ms (387557 clock ticks): Satellite Control COM STOPS RUNNING!


/**********************

*     simulation ends      *

**********************/

