@0.0ms (0 clock ticks): SPW_payload_driver STARTS RUNNING!
@0.0ms (0 clock ticks): SPW_Acquisition1 STARTS RUNNING!
@1.2000000000000002ms (384 clock ticks): SPW_payload_driver STOPS RUNNING!

@40.0ms (12800 clock ticks): SPW_Acquisition2 STARTS RUNNING!
@100.0ms (32000 clock ticks): Satellite Control MON STARTS RUNNING!
@100.0ms (32000 clock ticks): Satellite Control COM STARTS RUNNING!
@105.0ms (33600 clock ticks): SPW_Acquisition1 STOPS RUNNING!

@110.35000000000001ms (35312 clock ticks): Satellite Control COM STOPS RUNNING!

@110.371875ms (35319 clock ticks): Satellite Control MON STOPS RUNNING!

@145.0ms (46400 clock ticks): SPW_Acquisition2 STOPS RUNNING!

@150.0ms (48000 clock ticks): Comparator STARTS RUNNING!
@151.20000000000002ms (48384 clock ticks): Comparator STOPS RUNNING!

@200.0ms (64000 clock ticks): Supervisor STARTS RUNNING!
@200.0ms (64000 clock ticks): FFT1 STARTS RUNNING!
@200.071875ms (64023 clock ticks): Satellite Control MON STARTS RUNNING!
@200.078125ms (64025 clock ticks): Satellite Control COM STARTS RUNNING!
@202.390625ms (64765 clock ticks): Supervisor STOPS RUNNING!

@210.5625ms (67380 clock ticks): Satellite Control MON STOPS RUNNING!

@210.628125ms (67401 clock ticks): Satellite Control COM STOPS RUNNING!

@240.0ms (76800 clock ticks): FFT2 STARTS RUNNING!
@250.0ms (80000 clock ticks): Comparator STARTS RUNNING!
@251.24375ms (80398 clock ticks): Comparator STOPS RUNNING!

@300.0ms (96000 clock ticks): Supervisor STARTS RUNNING!
@300.10625ms (96034 clock ticks): Satellite Control MON STARTS RUNNING!
@300.121875ms (96039 clock ticks): Satellite Control COM STARTS RUNNING!
@302.2ms (96704 clock ticks): Supervisor STOPS RUNNING!

@310.49375000000003ms (99358 clock ticks): Satellite Control COM STOPS RUNNING!

@310.5ms (99360 clock ticks): Satellite Control MON STOPS RUNNING!

@350.0ms (112000 clock ticks): Comparator STARTS RUNNING!
@351.20000000000005ms (112384 clock ticks): Comparator STOPS RUNNING!

@400.0ms (128000 clock ticks): Supervisor STARTS RUNNING!
@400.19375ms (128062 clock ticks): Satellite Control MON STARTS RUNNING!
@400.21562500000005ms (128069 clock ticks): Satellite Control COM STARTS RUNNING!
@402.20000000000005ms (128704 clock ticks): Supervisor STOPS RUNNING!

@410.51250000000005ms (131364 clock ticks): Satellite Control MON STOPS RUNNING!

@410.54375000000005ms (131374 clock ticks): Satellite Control COM STOPS RUNNING!

@450.0ms (144000 clock ticks): Comparator STARTS RUNNING!
@451.20000000000005ms (144384 clock ticks): Comparator STOPS RUNNING!

@500.0ms (160000 clock ticks): Supervisor STARTS RUNNING!
@500.26250000000005ms (160084 clock ticks): Satellite Control MON STARTS RUNNING!
@500.265625ms (160085 clock ticks): Satellite Control COM STARTS RUNNING!
@502.20000000000005ms (160704 clock ticks): Supervisor STOPS RUNNING!

@510.59375ms (163390 clock ticks): Satellite Control MON STOPS RUNNING!

@510.63125ms (163402 clock ticks): Satellite Control COM STOPS RUNNING!

@550.0ms (176000 clock ticks): Comparator STARTS RUNNING!
@551.2ms (176384 clock ticks): Comparator STOPS RUNNING!

@565.6ms (180992 clock ticks): FFT1 STOPS RUNNING!

@600.0ms (192000 clock ticks): Supervisor STARTS RUNNING!
@600.325ms (192104 clock ticks): Satellite Control MON STARTS RUNNING!
@600.328125ms (192105 clock ticks): Satellite Control COM STARTS RUNNING!
@602.2ms (192704 clock ticks): Supervisor STOPS RUNNING!

@605.4ms (193728 clock ticks): FFT2 STOPS RUNNING!

@610.6875ms (195420 clock ticks): Satellite Control MON STOPS RUNNING!

@610.7125ms (195428 clock ticks): Satellite Control COM STOPS RUNNING!

@650.0ms (208000 clock ticks): Comparator STARTS RUNNING!
@651.2ms (208384 clock ticks): Comparator STOPS RUNNING!

@700.0ms (224000 clock ticks): Supervisor STARTS RUNNING!
@700.3875ms (224124 clock ticks): Satellite Control MON STARTS RUNNING!
@700.428125ms (224137 clock ticks): Satellite Control COM STARTS RUNNING!
@702.2ms (224704 clock ticks): Supervisor STOPS RUNNING!

@710.740625ms (227437 clock ticks): Satellite Control MON STOPS RUNNING!

@710.7625ms (227444 clock ticks): Satellite Control COM STOPS RUNNING!

@750.0ms (240000 clock ticks): Comparator STARTS RUNNING!
@751.2ms (240384 clock ticks): Comparator STOPS RUNNING!

@800.0ms (256000 clock ticks): Supervisor STARTS RUNNING!
@800.465625ms (256149 clock ticks): Satellite Control MON STARTS RUNNING!
@800.5ms (256160 clock ticks): Satellite Control COM STARTS RUNNING!
@802.2ms (256704 clock ticks): Supervisor STOPS RUNNING!

@810.8000000000001ms (259456 clock ticks): Satellite Control MON STOPS RUNNING!

@810.8312500000001ms (259466 clock ticks): Satellite Control COM STOPS RUNNING!

@850.0ms (272000 clock ticks): Comparator STARTS RUNNING!
@851.2ms (272384 clock ticks): Comparator STOPS RUNNING!

@900.0ms (288000 clock ticks): I2C_Storage1 STARTS RUNNING!
@900.0ms (288000 clock ticks): Supervisor STARTS RUNNING!
@900.5343750000001ms (288171 clock ticks): Satellite Control MON STARTS RUNNING!
@900.5625ms (288180 clock ticks): Satellite Control COM STARTS RUNNING!
@902.2ms (288704 clock ticks): Supervisor STOPS RUNNING!

@910.8468750000001ms (291471 clock ticks): Satellite Control MON STOPS RUNNING!

@910.8875ms (291484 clock ticks): Satellite Control COM STOPS RUNNING!

@950.0ms (304000 clock ticks): Comparator STARTS RUNNING!
@951.2ms (304384 clock ticks): Comparator STOPS RUNNING!

@990.3000000000001ms (316896 clock ticks): I2C_Storage1 STOPS RUNNING!

@1000.0ms (320000 clock ticks): SPW_payload_driver STARTS RUNNING!
@1000.0ms (320000 clock ticks): SPW_Acquisition1 STARTS RUNNING!
@1000.0ms (320000 clock ticks): Supervisor STARTS RUNNING!
@1000.59375ms (320190 clock ticks): Satellite Control MON STARTS RUNNING!
@1000.6031250000001ms (320193 clock ticks): Satellite Control COM STARTS RUNNING!
@1001.2750000000001ms (320408 clock ticks): SPW_payload_driver STOPS RUNNING!

@1002.3000000000001ms (320736 clock ticks): Supervisor STOPS RUNNING!

@1010.95ms (323504 clock ticks): Satellite Control MON STOPS RUNNING!

@1010.984375ms (323515 clock ticks): Satellite Control COM STOPS RUNNING!

@1040.0ms (332800 clock ticks): SPW_Acquisition2 STARTS RUNNING!
@1050.0ms (336000 clock ticks): Comparator STARTS RUNNING!
@1051.2ms (336384 clock ticks): Comparator STOPS RUNNING!

@1100.0ms (352000 clock ticks): I2C_Storage2 STARTS RUNNING!
@1100.0ms (352000 clock ticks): Supervisor STARTS RUNNING!
@1100.659375ms (352211 clock ticks): Satellite Control MON STARTS RUNNING!
@1100.690625ms (352221 clock ticks): Satellite Control COM STARTS RUNNING!
@1102.2ms (352704 clock ticks): Supervisor STOPS RUNNING!

@1105.0ms (353600 clock ticks): SPW_Acquisition1 STOPS RUNNING!

@1110.95625ms (355506 clock ticks): Satellite Control MON STOPS RUNNING!

@1111.028125ms (355529 clock ticks): Satellite Control COM STOPS RUNNING!

@1145.0ms (366400 clock ticks): SPW_Acquisition2 STOPS RUNNING!

@1150.0ms (368000 clock ticks): Comparator STARTS RUNNING!
@1151.2ms (368384 clock ticks): Comparator STOPS RUNNING!

@1190.3ms (380896 clock ticks): I2C_Storage2 STOPS RUNNING!

@1200.0ms (384000 clock ticks): Supervisor STARTS RUNNING!
@1200.0ms (384000 clock ticks): FFT1 STARTS RUNNING!
@1200.6875ms (384220 clock ticks): Satellite Control MON STARTS RUNNING!
@1200.7406250000001ms (384237 clock ticks): Satellite Control COM STARTS RUNNING!
@1202.28125ms (384730 clock ticks): Supervisor STOPS RUNNING!

@1211.171875ms (387575 clock ticks): Satellite Control MON STOPS RUNNING!

@1211.18125ms (387578 clock ticks): Satellite Control COM STOPS RUNNING!

@1240.0ms (396800 clock ticks): FFT2 STARTS RUNNING!

/**********************

*     simulation ends      *

**********************/

