@0.0ms (0 clock ticks): SPW_Acquisition1 STARTS RUNNING!
@0.0ms (0 clock ticks): SPW_payload_driver STARTS RUNNING!
@1.2000000000000002ms (384 clock ticks): SPW_payload_driver STOPS RUNNING!

@20.0ms (6400 clock ticks): SPW_Acquisition2 STARTS RUNNING!
@100.0ms (32000 clock ticks): Satellite Control MON STARTS RUNNING!
@100.0ms (32000 clock ticks): Satellite Control COM STARTS RUNNING!
@105.0ms (33600 clock ticks): SPW_Acquisition1 STOPS RUNNING!

@110.31875000000001ms (35302 clock ticks): Satellite Control MON STOPS RUNNING!

@110.36250000000001ms (35316 clock ticks): Satellite Control COM STOPS RUNNING!

@125.0ms (40000 clock ticks): SPW_Acquisition2 STOPS RUNNING!

@150.0ms (48000 clock ticks): Comparator STARTS RUNNING!
@151.20000000000002ms (48384 clock ticks): Comparator STOPS RUNNING!

@200.0ms (64000 clock ticks): FFT1 STARTS RUNNING!
@200.0ms (64000 clock ticks): Supervisor STARTS RUNNING!
@200.05625ms (64018 clock ticks): Satellite Control MON STARTS RUNNING!
@200.0625ms (64020 clock ticks): Satellite Control COM STARTS RUNNING!
@202.478125ms (64793 clock ticks): Supervisor STOPS RUNNING!

@210.61875ms (67398 clock ticks): Satellite Control MON STOPS RUNNING!

@210.65ms (67408 clock ticks): Satellite Control COM STOPS RUNNING!

@220.0ms (70400 clock ticks): FFT2 STARTS RUNNING!
@250.0ms (80000 clock ticks): Comparator STARTS RUNNING!
@251.20000000000002ms (80384 clock ticks): Comparator STOPS RUNNING!

@300.0ms (96000 clock ticks): Supervisor STARTS RUNNING!
@300.125ms (96040 clock ticks): Satellite Control MON STARTS RUNNING!
@300.15625ms (96050 clock ticks): Satellite Control COM STARTS RUNNING!
@302.2ms (96704 clock ticks): Supervisor STOPS RUNNING!

@310.453125ms (99345 clock ticks): Satellite Control MON STOPS RUNNING!

@310.5ms (99360 clock ticks): Satellite Control COM STOPS RUNNING!

@350.0ms (112000 clock ticks): Comparator STARTS RUNNING!
@351.20000000000005ms (112384 clock ticks): Comparator STOPS RUNNING!

@400.0ms (128000 clock ticks): Supervisor STARTS RUNNING!
@400.178125ms (128057 clock ticks): Satellite Control MON STARTS RUNNING!
@400.22812500000003ms (128073 clock ticks): Satellite Control COM STARTS RUNNING!
@402.20000000000005ms (128704 clock ticks): Supervisor STOPS RUNNING!

@410.4125ms (131332 clock ticks): Satellite Control MON STOPS RUNNING!

@410.49375000000003ms (131358 clock ticks): Satellite Control COM STOPS RUNNING!

@450.0ms (144000 clock ticks): Comparator STARTS RUNNING!
@451.20000000000005ms (144384 clock ticks): Comparator STOPS RUNNING!

@500.0ms (160000 clock ticks): Supervisor STARTS RUNNING!
@500.19687500000003ms (160063 clock ticks): Satellite Control MON STARTS RUNNING!
@500.24375000000003ms (160078 clock ticks): Satellite Control COM STARTS RUNNING!
@502.20000000000005ms (160704 clock ticks): Supervisor STOPS RUNNING!

@510.50937500000003ms (163363 clock ticks): Satellite Control MON STOPS RUNNING!

@510.553125ms (163377 clock ticks): Satellite Control COM STOPS RUNNING!

@550.0ms (176000 clock ticks): Comparator STARTS RUNNING!
@551.2ms (176384 clock ticks): Comparator STOPS RUNNING!

@565.6ms (180992 clock ticks): FFT1 STOPS RUNNING!

@585.3000000000001ms (187296 clock ticks): FFT2 STOPS RUNNING!

@600.0ms (192000 clock ticks): Supervisor STARTS RUNNING!
@600.2531250000001ms (192081 clock ticks): Satellite Control MON STARTS RUNNING!
@600.296875ms (192095 clock ticks): Satellite Control COM STARTS RUNNING!
@602.2ms (192704 clock ticks): Supervisor STOPS RUNNING!

@610.525ms (195368 clock ticks): Satellite Control MON STOPS RUNNING!

@610.584375ms (195387 clock ticks): Satellite Control COM STOPS RUNNING!

@650.0ms (208000 clock ticks): Comparator STARTS RUNNING!
@651.2ms (208384 clock ticks): Comparator STOPS RUNNING!

@700.0ms (224000 clock ticks): Supervisor STARTS RUNNING!
@700.29375ms (224094 clock ticks): Satellite Control MON STARTS RUNNING!
@700.328125ms (224105 clock ticks): Satellite Control COM STARTS RUNNING!
@702.2ms (224704 clock ticks): Supervisor STOPS RUNNING!

@710.625ms (227400 clock ticks): Satellite Control MON STOPS RUNNING!

@710.6593750000001ms (227411 clock ticks): Satellite Control COM STOPS RUNNING!

@750.0ms (240000 clock ticks): Comparator STARTS RUNNING!
@751.2ms (240384 clock ticks): Comparator STOPS RUNNING!

@800.0ms (256000 clock ticks): Supervisor STARTS RUNNING!
@800.359375ms (256115 clock ticks): Satellite Control MON STARTS RUNNING!
@800.390625ms (256125 clock ticks): Satellite Control COM STARTS RUNNING!
@802.2ms (256704 clock ticks): Supervisor STOPS RUNNING!

@810.6437500000001ms (259406 clock ticks): Satellite Control MON STOPS RUNNING!

@810.7062500000001ms (259426 clock ticks): Satellite Control COM STOPS RUNNING!

@850.0ms (272000 clock ticks): Comparator STARTS RUNNING!
@851.2ms (272384 clock ticks): Comparator STOPS RUNNING!

@900.0ms (288000 clock ticks): Supervisor STARTS RUNNING!
@900.0ms (288000 clock ticks): I2C_Storage1 STARTS RUNNING!
@900.396875ms (288127 clock ticks): Satellite Control MON STARTS RUNNING!
@900.4375ms (288140 clock ticks): Satellite Control COM STARTS RUNNING!
@902.2ms (288704 clock ticks): Supervisor STOPS RUNNING!

@910.7625ms (291444 clock ticks): Satellite Control MON STOPS RUNNING!

@910.771875ms (291447 clock ticks): Satellite Control COM STOPS RUNNING!

@950.0ms (304000 clock ticks): Comparator STARTS RUNNING!
@951.2ms (304384 clock ticks): Comparator STOPS RUNNING!

@990.3000000000001ms (316896 clock ticks): I2C_Storage1 STOPS RUNNING!

@1000.0ms (320000 clock ticks): SPW_Acquisition1 STARTS RUNNING!
@1000.0ms (320000 clock ticks): Supervisor STARTS RUNNING!
@1000.0ms (320000 clock ticks): SPW_payload_driver STARTS RUNNING!
@1000.4875000000001ms (320156 clock ticks): Satellite Control MON STARTS RUNNING!
@1000.50625ms (320162 clock ticks): Satellite Control COM STARTS RUNNING!
@1001.3000000000001ms (320416 clock ticks): SPW_payload_driver STOPS RUNNING!

@1002.29375ms (320734 clock ticks): Supervisor STOPS RUNNING!

@1010.825ms (323464 clock ticks): Satellite Control MON STOPS RUNNING!

@1010.85625ms (323474 clock ticks): Satellite Control COM STOPS RUNNING!

@1020.0ms (326400 clock ticks): SPW_Acquisition2 STARTS RUNNING!
@1050.0ms (336000 clock ticks): Comparator STARTS RUNNING!
@1051.2ms (336384 clock ticks): Comparator STOPS RUNNING!

@1100.0ms (352000 clock ticks): I2C_Storage2 STARTS RUNNING!
@1100.0ms (352000 clock ticks): Supervisor STARTS RUNNING!
@1100.55625ms (352178 clock ticks): Satellite Control MON STARTS RUNNING!
@1100.571875ms (352183 clock ticks): Satellite Control COM STARTS RUNNING!
@1102.2ms (352704 clock ticks): Supervisor STOPS RUNNING!

@1105.0ms (353600 clock ticks): SPW_Acquisition1 STOPS RUNNING!

@1110.8875ms (355484 clock ticks): Satellite Control MON STOPS RUNNING!

@1110.934375ms (355499 clock ticks): Satellite Control COM STOPS RUNNING!

@1125.0ms (360000 clock ticks): SPW_Acquisition2 STOPS RUNNING!

@1150.0ms (368000 clock ticks): Comparator STARTS RUNNING!
@1151.2ms (368384 clock ticks): Comparator STOPS RUNNING!

@1190.3ms (380896 clock ticks): I2C_Storage2 STOPS RUNNING!

@1200.0ms (384000 clock ticks): FFT1 STARTS RUNNING!
@1200.0ms (384000 clock ticks): Supervisor STARTS RUNNING!
@1200.609375ms (384195 clock ticks): Satellite Control MON STARTS RUNNING!
@1200.65ms (384208 clock ticks): Satellite Control COM STARTS RUNNING!
@1202.2625ms (384724 clock ticks): Supervisor STOPS RUNNING!

@1210.996875ms (387519 clock ticks): Satellite Control MON STOPS RUNNING!

@1211.04375ms (387534 clock ticks): Satellite Control COM STOPS RUNNING!

@1220.0ms (390400 clock ticks): FFT2 STARTS RUNNING!

/**********************

*     simulation ends      *

**********************/

