@0.0ms (0 clock ticks): SPW_Acquisition1 STARTS RUNNING!
@0.0ms (0 clock ticks): SPW_payload_driver STARTS RUNNING!
@1.2000000000000002ms (384 clock ticks): SPW_payload_driver STOPS RUNNING!

@20.0ms (6400 clock ticks): SPW_Acquisition2 STARTS RUNNING!
@100.0ms (32000 clock ticks): Satellite Control COM STARTS RUNNING!
@100.0ms (32000 clock ticks): Satellite Control MON STARTS RUNNING!
@105.0ms (33600 clock ticks): SPW_Acquisition1 STOPS RUNNING!

@110.340625ms (35309 clock ticks): Satellite Control MON STOPS RUNNING!

@110.390625ms (35325 clock ticks): Satellite Control COM STOPS RUNNING!

@125.0ms (40000 clock ticks): SPW_Acquisition2 STOPS RUNNING!

@150.0ms (48000 clock ticks): Comparator STARTS RUNNING!
@151.20000000000002ms (48384 clock ticks): Comparator STOPS RUNNING!

@200.0ms (64000 clock ticks): Supervisor STARTS RUNNING!
@200.0ms (64000 clock ticks): FFT1 STARTS RUNNING!
@200.05ms (64016 clock ticks): Satellite Control MON STARTS RUNNING!
@200.09062500000002ms (64029 clock ticks): Satellite Control COM STARTS RUNNING!
@202.421875ms (64775 clock ticks): Supervisor STOPS RUNNING!

@210.5ms (67360 clock ticks): Satellite Control MON STOPS RUNNING!

@210.58437500000002ms (67387 clock ticks): Satellite Control COM STOPS RUNNING!

@250.0ms (80000 clock ticks): Comparator STARTS RUNNING!
@251.20000000000002ms (80384 clock ticks): Comparator STOPS RUNNING!

@280.0ms (89600 clock ticks): FFT2 STARTS RUNNING!
@300.0ms (96000 clock ticks): Supervisor STARTS RUNNING!
@300.065625ms (96021 clock ticks): Satellite Control MON STARTS RUNNING!
@300.10312500000003ms (96033 clock ticks): Satellite Control COM STARTS RUNNING!
@302.25ms (96720 clock ticks): Supervisor STOPS RUNNING!

@310.47812500000003ms (99353 clock ticks): Satellite Control COM STOPS RUNNING!

@310.49687500000005ms (99359 clock ticks): Satellite Control MON STOPS RUNNING!

@350.0ms (112000 clock ticks): Comparator STARTS RUNNING!
@351.20000000000005ms (112384 clock ticks): Comparator STOPS RUNNING!

@400.0ms (128000 clock ticks): Supervisor STARTS RUNNING!
@400.16562500000003ms (128053 clock ticks): Satellite Control MON STARTS RUNNING!
@400.18125000000003ms (128058 clock ticks): Satellite Control COM STARTS RUNNING!
@402.20000000000005ms (128704 clock ticks): Supervisor STOPS RUNNING!

@410.55625000000003ms (131378 clock ticks): Satellite Control COM STOPS RUNNING!

@410.55937500000005ms (131379 clock ticks): Satellite Control MON STOPS RUNNING!

@450.0ms (144000 clock ticks): Comparator STARTS RUNNING!
@451.20000000000005ms (144384 clock ticks): Comparator STOPS RUNNING!

@500.0ms (160000 clock ticks): Supervisor STARTS RUNNING!
@500.25937500000003ms (160083 clock ticks): Satellite Control MON STARTS RUNNING!
@500.27812500000005ms (160089 clock ticks): Satellite Control COM STARTS RUNNING!
@502.20000000000005ms (160704 clock ticks): Supervisor STOPS RUNNING!

@510.61875000000003ms (163398 clock ticks): Satellite Control MON STOPS RUNNING!

@510.646875ms (163407 clock ticks): Satellite Control COM STOPS RUNNING!

@550.0ms (176000 clock ticks): Comparator STARTS RUNNING!
@551.2ms (176384 clock ticks): Comparator STOPS RUNNING!

@565.6ms (180992 clock ticks): FFT1 STOPS RUNNING!

@600.0ms (192000 clock ticks): Supervisor STARTS RUNNING!
@600.3312500000001ms (192106 clock ticks): Satellite Control MON STARTS RUNNING!
@600.365625ms (192117 clock ticks): Satellite Control COM STARTS RUNNING!
@602.2ms (192704 clock ticks): Supervisor STOPS RUNNING!

@610.609375ms (195395 clock ticks): Satellite Control MON STOPS RUNNING!

@610.678125ms (195417 clock ticks): Satellite Control COM STOPS RUNNING!

@645.3000000000001ms (206496 clock ticks): FFT2 STOPS RUNNING!

@650.0ms (208000 clock ticks): Comparator STARTS RUNNING!
@651.2ms (208384 clock ticks): Comparator STOPS RUNNING!

@700.0ms (224000 clock ticks): Supervisor STARTS RUNNING!
@700.3625000000001ms (224116 clock ticks): Satellite Control MON STARTS RUNNING!
@700.403125ms (224129 clock ticks): Satellite Control COM STARTS RUNNING!
@702.2ms (224704 clock ticks): Supervisor STOPS RUNNING!

@710.6281250000001ms (227401 clock ticks): Satellite Control MON STOPS RUNNING!

@710.69375ms (227422 clock ticks): Satellite Control COM STOPS RUNNING!

@750.0ms (240000 clock ticks): Comparator STARTS RUNNING!
@751.2ms (240384 clock ticks): Comparator STOPS RUNNING!

@800.0ms (256000 clock ticks): Supervisor STARTS RUNNING!
@800.396875ms (256127 clock ticks): Satellite Control MON STARTS RUNNING!
@800.4312500000001ms (256138 clock ticks): Satellite Control COM STARTS RUNNING!
@802.2ms (256704 clock ticks): Supervisor STOPS RUNNING!

@810.78125ms (259450 clock ticks): Satellite Control MON STOPS RUNNING!

@810.79375ms (259454 clock ticks): Satellite Control COM STOPS RUNNING!

@850.0ms (272000 clock ticks): Comparator STARTS RUNNING!
@851.2ms (272384 clock ticks): Comparator STOPS RUNNING!

@900.0ms (288000 clock ticks): I2C_Storage1 STARTS RUNNING!
@900.0ms (288000 clock ticks): Supervisor STARTS RUNNING!
@900.48125ms (288154 clock ticks): Satellite Control MON STARTS RUNNING!
@900.53125ms (288170 clock ticks): Satellite Control COM STARTS RUNNING!
@902.2ms (288704 clock ticks): Supervisor STOPS RUNNING!

@910.8125ms (291460 clock ticks): Satellite Control MON STOPS RUNNING!

@910.84375ms (291470 clock ticks): Satellite Control COM STOPS RUNNING!

@950.0ms (304000 clock ticks): Comparator STARTS RUNNING!
@951.2ms (304384 clock ticks): Comparator STOPS RUNNING!

@990.3000000000001ms (316896 clock ticks): I2C_Storage1 STOPS RUNNING!

@1000.0ms (320000 clock ticks): Supervisor STARTS RUNNING!
@1000.0ms (320000 clock ticks): SPW_Acquisition1 STARTS RUNNING!
@1000.0ms (320000 clock ticks): SPW_payload_driver STARTS RUNNING!
@1000.5500000000001ms (320176 clock ticks): Satellite Control MON STARTS RUNNING!
@1000.59375ms (320190 clock ticks): Satellite Control COM STARTS RUNNING!
@1001.2531250000001ms (320401 clock ticks): SPW_payload_driver STOPS RUNNING!

@1002.3000000000001ms (320736 clock ticks): Supervisor STOPS RUNNING!

@1010.9312500000001ms (323498 clock ticks): Satellite Control MON STOPS RUNNING!

@1010.9375ms (323500 clock ticks): Satellite Control COM STOPS RUNNING!

@1020.0ms (326400 clock ticks): SPW_Acquisition2 STARTS RUNNING!
@1050.0ms (336000 clock ticks): Comparator STARTS RUNNING!
@1051.2ms (336384 clock ticks): Comparator STOPS RUNNING!

@1100.0ms (352000 clock ticks): I2C_Storage2 STARTS RUNNING!
@1100.0ms (352000 clock ticks): Supervisor STARTS RUNNING!
@1100.64375ms (352206 clock ticks): Satellite Control MON STARTS RUNNING!
@1100.6781250000001ms (352217 clock ticks): Satellite Control COM STARTS RUNNING!
@1102.2ms (352704 clock ticks): Supervisor STOPS RUNNING!

@1105.0ms (353600 clock ticks): SPW_Acquisition1 STOPS RUNNING!

@1110.925ms (355496 clock ticks): Satellite Control MON STOPS RUNNING!

@1110.984375ms (355515 clock ticks): Satellite Control COM STOPS RUNNING!

@1125.0ms (360000 clock ticks): SPW_Acquisition2 STOPS RUNNING!

@1150.0ms (368000 clock ticks): Comparator STARTS RUNNING!
@1151.2ms (368384 clock ticks): Comparator STOPS RUNNING!

@1190.3ms (380896 clock ticks): I2C_Storage2 STOPS RUNNING!

@1200.0ms (384000 clock ticks): Supervisor STARTS RUNNING!
@1200.0ms (384000 clock ticks): FFT1 STARTS RUNNING!
@1200.684375ms (384219 clock ticks): Satellite Control MON STARTS RUNNING!
@1200.715625ms (384229 clock ticks): Satellite Control COM STARTS RUNNING!
@1202.2562500000001ms (384722 clock ticks): Supervisor STOPS RUNNING!

@1211.103125ms (387553 clock ticks): Satellite Control MON STOPS RUNNING!

@1211.125ms (387560 clock ticks): Satellite Control COM STOPS RUNNING!


/**********************

*     simulation ends      *

**********************/

