@0.0ms (0 clock ticks): SPW_payload_driver STARTS RUNNING!
@0.0ms (0 clock ticks): SPW_Acquisition2 STARTS RUNNING!
@0.0ms (0 clock ticks): SPW_Acquisition1 STARTS RUNNING!
@1.2000000000000002ms (384 clock ticks): SPW_payload_driver STOPS RUNNING!

@100.0ms (32000 clock ticks): SPW_payload_driver STARTS RUNNING!
@100.0ms (32000 clock ticks): Satellite Control COM STARTS RUNNING!
@101.2ms (32384 clock ticks): SPW_payload_driver STOPS RUNNING!

@109.759375ms (35123 clock ticks): SPW_Acquisition1 STOPS RUNNING!

@110.0ms (35200 clock ticks): SPW_Acquisition2 STOPS RUNNING!

@110.30000000000001ms (35296 clock ticks): Satellite Control COM STOPS RUNNING!

@200.0ms (64000 clock ticks): SPW_payload_driver STARTS RUNNING!
@200.0ms (64000 clock ticks): FFT1 STARTS RUNNING!
@200.0ms (64000 clock ticks): Satellite Control COM STARTS RUNNING!
@216.20000000000002ms (69184 clock ticks): SPW_payload_driver STOPS RUNNING!

@225.3ms (72096 clock ticks): Satellite Control COM STOPS RUNNING!

@260.0ms (83200 clock ticks): FFT2 STARTS RUNNING!
@300.0ms (96000 clock ticks): SPW_payload_driver STARTS RUNNING!
@300.0ms (96000 clock ticks): Satellite Control COM STARTS RUNNING!
@301.2ms (96384 clock ticks): SPW_payload_driver STOPS RUNNING!

@310.3ms (99296 clock ticks): Satellite Control COM STOPS RUNNING!

@400.0ms (128000 clock ticks): SPW_payload_driver STARTS RUNNING!
@400.0ms (128000 clock ticks): Satellite Control COM STARTS RUNNING!
@401.20000000000005ms (128384 clock ticks): SPW_payload_driver STOPS RUNNING!

@410.303125ms (131297 clock ticks): Satellite Control COM STOPS RUNNING!

@500.0ms (160000 clock ticks): SPW_payload_driver STARTS RUNNING!
@500.0ms (160000 clock ticks): Satellite Control COM STARTS RUNNING!
@501.20000000000005ms (160384 clock ticks): SPW_payload_driver STOPS RUNNING!

@510.3ms (163296 clock ticks): Satellite Control COM STOPS RUNNING!

@565.3000000000001ms (180896 clock ticks): FFT1 STOPS RUNNING!

@600.0ms (192000 clock ticks): SPW_payload_driver STARTS RUNNING!
@600.0ms (192000 clock ticks): Satellite Control COM STARTS RUNNING!
@601.2ms (192384 clock ticks): SPW_payload_driver STOPS RUNNING!

@610.3000000000001ms (195296 clock ticks): Satellite Control COM STOPS RUNNING!

@625.3000000000001ms (200096 clock ticks): FFT2 STOPS RUNNING!

@700.0ms (224000 clock ticks): SPW_payload_driver STARTS RUNNING!
@700.0ms (224000 clock ticks): Satellite Control COM STARTS RUNNING!
@701.2ms (224384 clock ticks): SPW_payload_driver STOPS RUNNING!

@710.3000000000001ms (227296 clock ticks): Satellite Control COM STOPS RUNNING!

@800.0ms (256000 clock ticks): SPW_payload_driver STARTS RUNNING!
@800.0ms (256000 clock ticks): Satellite Control COM STARTS RUNNING!
@801.2ms (256384 clock ticks): SPW_payload_driver STOPS RUNNING!

@810.3000000000001ms (259296 clock ticks): Satellite Control COM STOPS RUNNING!

@900.0ms (288000 clock ticks): I2C_Storage1 STARTS RUNNING!
@900.0ms (288000 clock ticks): SPW_payload_driver STARTS RUNNING!
@900.0ms (288000 clock ticks): Satellite Control COM STARTS RUNNING!
@901.2ms (288384 clock ticks): SPW_payload_driver STOPS RUNNING!

@910.3000000000001ms (291296 clock ticks): Satellite Control COM STOPS RUNNING!

@990.3000000000001ms (316896 clock ticks): I2C_Storage1 STOPS RUNNING!

@1000.0ms (320000 clock ticks): SPW_payload_driver STARTS RUNNING!
@1000.0ms (320000 clock ticks): SPW_Acquisition2 STARTS RUNNING!
@1000.0ms (320000 clock ticks): SPW_Acquisition1 STARTS RUNNING!
@1000.0ms (320000 clock ticks): Satellite Control COM STARTS RUNNING!
@1001.2ms (320384 clock ticks): SPW_payload_driver STOPS RUNNING!

@1010.3000000000001ms (323296 clock ticks): Satellite Control COM STOPS RUNNING!

@1100.0ms (352000 clock ticks): SPW_payload_driver STARTS RUNNING!
@1100.0ms (352000 clock ticks): I2C_Storage2 STARTS RUNNING!
@1100.0ms (352000 clock ticks): Satellite Control COM STARTS RUNNING!
@1101.2ms (352384 clock ticks): SPW_payload_driver STOPS RUNNING!

@1109.74375ms (355118 clock ticks): SPW_Acquisition2 STOPS RUNNING!

@1110.0ms (355200 clock ticks): SPW_Acquisition1 STOPS RUNNING!

@1110.3ms (355296 clock ticks): Satellite Control COM STOPS RUNNING!

@1190.3ms (380896 clock ticks): I2C_Storage2 STOPS RUNNING!

@1200.0ms (384000 clock ticks): SPW_payload_driver STARTS RUNNING!
@1200.0ms (384000 clock ticks): FFT1 STARTS RUNNING!
@1200.0ms (384000 clock ticks): Satellite Control COM STARTS RUNNING!
@1216.2ms (389184 clock ticks): SPW_payload_driver STOPS RUNNING!

@1225.3ms (392096 clock ticks): Satellite Control COM STOPS RUNNING!


/**********************

*     simulation ends      *

**********************/

