@0.0ms (0 clock ticks): SPW_payload_driver STARTS RUNNING!
@0.0ms (0 clock ticks): SPW_Acquisition1 STARTS RUNNING!
@1.2000000000000002ms (384 clock ticks): SPW_payload_driver STOPS RUNNING!

@80.0ms (25600 clock ticks): SPW_Acquisition2 STARTS RUNNING!
@100.0ms (32000 clock ticks): Satellite Control MON STARTS RUNNING!
@100.0ms (32000 clock ticks): Satellite Control COM STARTS RUNNING!
@105.0ms (33600 clock ticks): SPW_Acquisition1 STOPS RUNNING!

@110.33437500000001ms (35307 clock ticks): Satellite Control COM STOPS RUNNING!

@110.384375ms (35323 clock ticks): Satellite Control MON STOPS RUNNING!

@150.0ms (48000 clock ticks): Comparator STARTS RUNNING!
@151.20000000000002ms (48384 clock ticks): Comparator STOPS RUNNING!

@185.0ms (59200 clock ticks): SPW_Acquisition2 STOPS RUNNING!

@200.0ms (64000 clock ticks): Supervisor STARTS RUNNING!
@200.0ms (64000 clock ticks): FFT1 STARTS RUNNING!
@200.05ms (64016 clock ticks): Satellite Control COM STARTS RUNNING!
@200.08437500000002ms (64027 clock ticks): Satellite Control MON STARTS RUNNING!
@202.36875ms (64758 clock ticks): Supervisor STOPS RUNNING!

@210.60000000000002ms (67392 clock ticks): Satellite Control MON STOPS RUNNING!

@210.61875ms (67398 clock ticks): Satellite Control COM STOPS RUNNING!

@250.0ms (80000 clock ticks): Comparator STARTS RUNNING!
@251.20000000000002ms (80384 clock ticks): Comparator STOPS RUNNING!

@300.0ms (96000 clock ticks): Supervisor STARTS RUNNING!
@300.146875ms (96047 clock ticks): Satellite Control MON STARTS RUNNING!
@300.15000000000003ms (96048 clock ticks): Satellite Control COM STARTS RUNNING!
@302.2ms (96704 clock ticks): Supervisor STOPS RUNNING!

@310.52500000000003ms (99368 clock ticks): Satellite Control MON STOPS RUNNING!

@310.53125ms (99370 clock ticks): Satellite Control COM STOPS RUNNING!

@320.0ms (102400 clock ticks): FFT2 STARTS RUNNING!
@350.0ms (112000 clock ticks): Comparator STARTS RUNNING!
@351.20000000000005ms (112384 clock ticks): Comparator STOPS RUNNING!

@400.0ms (128000 clock ticks): Supervisor STARTS RUNNING!
@400.225ms (128072 clock ticks): Satellite Control MON STARTS RUNNING!
@400.25ms (128080 clock ticks): Satellite Control COM STARTS RUNNING!
@402.20000000000005ms (128704 clock ticks): Supervisor STOPS RUNNING!

@410.50937500000003ms (131363 clock ticks): Satellite Control MON STOPS RUNNING!

@410.57500000000005ms (131384 clock ticks): Satellite Control COM STOPS RUNNING!

@450.0ms (144000 clock ticks): Comparator STARTS RUNNING!
@451.20000000000005ms (144384 clock ticks): Comparator STOPS RUNNING!

@500.0ms (160000 clock ticks): Supervisor STARTS RUNNING!
@500.25937500000003ms (160083 clock ticks): Satellite Control MON STARTS RUNNING!
@500.284375ms (160091 clock ticks): Satellite Control COM STARTS RUNNING!
@502.20000000000005ms (160704 clock ticks): Supervisor STOPS RUNNING!

@510.646875ms (163407 clock ticks): Satellite Control COM STOPS RUNNING!

@510.65312500000005ms (163409 clock ticks): Satellite Control MON STOPS RUNNING!

@550.0ms (176000 clock ticks): Comparator STARTS RUNNING!
@551.2ms (176384 clock ticks): Comparator STOPS RUNNING!

@565.6ms (180992 clock ticks): FFT1 STOPS RUNNING!

@600.0ms (192000 clock ticks): Supervisor STARTS RUNNING!
@600.359375ms (192115 clock ticks): Satellite Control MON STARTS RUNNING!
@600.365625ms (192117 clock ticks): Satellite Control COM STARTS RUNNING!
@602.2ms (192704 clock ticks): Supervisor STOPS RUNNING!

@610.740625ms (195437 clock ticks): Satellite Control MON STOPS RUNNING!

@610.75ms (195440 clock ticks): Satellite Control COM STOPS RUNNING!

@650.0ms (208000 clock ticks): Comparator STARTS RUNNING!
@651.2ms (208384 clock ticks): Comparator STOPS RUNNING!

@685.3000000000001ms (219296 clock ticks): FFT2 STOPS RUNNING!

@700.0ms (224000 clock ticks): Supervisor STARTS RUNNING!
@700.4406250000001ms (224141 clock ticks): Satellite Control MON STARTS RUNNING!
@700.465625ms (224149 clock ticks): Satellite Control COM STARTS RUNNING!
@702.2ms (224704 clock ticks): Supervisor STOPS RUNNING!

@710.7843750000001ms (227451 clock ticks): Satellite Control MON STOPS RUNNING!

@710.8156250000001ms (227461 clock ticks): Satellite Control COM STOPS RUNNING!

@750.0ms (240000 clock ticks): Comparator STARTS RUNNING!
@751.2ms (240384 clock ticks): Comparator STOPS RUNNING!

@800.0ms (256000 clock ticks): Supervisor STARTS RUNNING!
@800.5093750000001ms (256163 clock ticks): Satellite Control MON STARTS RUNNING!
@800.5343750000001ms (256171 clock ticks): Satellite Control COM STARTS RUNNING!
@802.2ms (256704 clock ticks): Supervisor STOPS RUNNING!

@810.871875ms (259479 clock ticks): Satellite Control MON STOPS RUNNING!

@810.8937500000001ms (259486 clock ticks): Satellite Control COM STOPS RUNNING!

@850.0ms (272000 clock ticks): Comparator STARTS RUNNING!
@851.2ms (272384 clock ticks): Comparator STOPS RUNNING!

@900.0ms (288000 clock ticks): Supervisor STARTS RUNNING!
@900.0ms (288000 clock ticks): I2C_Storage1 STARTS RUNNING!
@900.5875000000001ms (288188 clock ticks): Satellite Control MON STARTS RUNNING!
@900.6187500000001ms (288198 clock ticks): Satellite Control COM STARTS RUNNING!
@902.2ms (288704 clock ticks): Supervisor STOPS RUNNING!

@910.859375ms (291475 clock ticks): Satellite Control MON STOPS RUNNING!

@910.9250000000001ms (291496 clock ticks): Satellite Control COM STOPS RUNNING!

@950.0ms (304000 clock ticks): Comparator STARTS RUNNING!
@951.2ms (304384 clock ticks): Comparator STOPS RUNNING!

@990.3000000000001ms (316896 clock ticks): I2C_Storage1 STOPS RUNNING!

@1000.0ms (320000 clock ticks): Supervisor STARTS RUNNING!
@1000.0ms (320000 clock ticks): SPW_payload_driver STARTS RUNNING!
@1000.0ms (320000 clock ticks): SPW_Acquisition1 STARTS RUNNING!
@1000.621875ms (320199 clock ticks): Satellite Control MON STARTS RUNNING!
@1000.65625ms (320210 clock ticks): Satellite Control COM STARTS RUNNING!
@1001.3000000000001ms (320416 clock ticks): SPW_payload_driver STOPS RUNNING!

@1002.2750000000001ms (320728 clock ticks): Supervisor STOPS RUNNING!

@1010.9125ms (323492 clock ticks): Satellite Control MON STOPS RUNNING!

@1010.975ms (323512 clock ticks): Satellite Control COM STOPS RUNNING!

@1050.0ms (336000 clock ticks): Comparator STARTS RUNNING!
@1051.2ms (336384 clock ticks): Comparator STOPS RUNNING!

@1080.0ms (345600 clock ticks): SPW_Acquisition2 STARTS RUNNING!
@1100.0ms (352000 clock ticks): Supervisor STARTS RUNNING!
@1100.0ms (352000 clock ticks): I2C_Storage2 STARTS RUNNING!
@1100.659375ms (352211 clock ticks): Satellite Control MON STARTS RUNNING!
@1100.703125ms (352225 clock ticks): Satellite Control COM STARTS RUNNING!
@1102.2ms (352704 clock ticks): Supervisor STOPS RUNNING!

@1105.0ms (353600 clock ticks): SPW_Acquisition1 STOPS RUNNING!

@1110.903125ms (355489 clock ticks): Satellite Control MON STOPS RUNNING!

@1110.9875ms (355516 clock ticks): Satellite Control COM STOPS RUNNING!

@1150.0ms (368000 clock ticks): Comparator STARTS RUNNING!
@1151.2ms (368384 clock ticks): Comparator STOPS RUNNING!

@1185.0ms (379200 clock ticks): SPW_Acquisition2 STOPS RUNNING!

@1190.3ms (380896 clock ticks): I2C_Storage2 STOPS RUNNING!

@1200.0ms (384000 clock ticks): Supervisor STARTS RUNNING!
@1200.0ms (384000 clock ticks): FFT1 STARTS RUNNING!
@1200.675ms (384216 clock ticks): Satellite Control MON STARTS RUNNING!
@1200.721875ms (384231 clock ticks): Satellite Control COM STARTS RUNNING!
@1202.278125ms (384729 clock ticks): Supervisor STOPS RUNNING!

@1211.003125ms (387521 clock ticks): Satellite Control MON STOPS RUNNING!

@1211.096875ms (387551 clock ticks): Satellite Control COM STOPS RUNNING!


/**********************

*     simulation ends      *

**********************/

