@0.0ms (0 clock ticks): SPW_payload_driver STARTS RUNNING!
@0.0ms (0 clock ticks): SPW_Acquisition1 STARTS RUNNING!
@1.2000000000000002ms (384 clock ticks): SPW_payload_driver STOPS RUNNING!

@20.0ms (6400 clock ticks): SPW_Acquisition2 STARTS RUNNING!
@95.0ms (30400 clock ticks): SPW_Acquisition1 STOPS RUNNING!

@100.0ms (32000 clock ticks): SPW_payload_driver STARTS RUNNING!
@100.0ms (32000 clock ticks): Satellite Control COM STARTS RUNNING!
@101.25ms (32400 clock ticks): SPW_payload_driver STOPS RUNNING!

@110.30000000000001ms (35296 clock ticks): Satellite Control COM STOPS RUNNING!

@115.0ms (36800 clock ticks): SPW_Acquisition2 STOPS RUNNING!

@200.0ms (64000 clock ticks): SPW_payload_driver STARTS RUNNING!
@200.0ms (64000 clock ticks): Satellite Control COM STARTS RUNNING!
@200.0ms (64000 clock ticks): FFT1 STARTS RUNNING!
@201.39375ms (64446 clock ticks): SPW_payload_driver STOPS RUNNING!

@210.4ms (67328 clock ticks): Satellite Control COM STOPS RUNNING!

@250.0ms (80000 clock ticks): FFT2 STARTS RUNNING!
@300.0ms (96000 clock ticks): SPW_payload_driver STARTS RUNNING!
@300.0ms (96000 clock ticks): Satellite Control COM STARTS RUNNING!
@301.3ms (96416 clock ticks): SPW_payload_driver STOPS RUNNING!

@310.296875ms (99295 clock ticks): Satellite Control COM STOPS RUNNING!

@400.0ms (128000 clock ticks): SPW_payload_driver STARTS RUNNING!
@400.0ms (128000 clock ticks): Satellite Control COM STARTS RUNNING!
@401.3ms (128416 clock ticks): SPW_payload_driver STOPS RUNNING!

@410.296875ms (131295 clock ticks): Satellite Control COM STOPS RUNNING!

@500.0ms (160000 clock ticks): SPW_payload_driver STARTS RUNNING!
@500.0ms (160000 clock ticks): Satellite Control COM STARTS RUNNING!
@501.3ms (160416 clock ticks): SPW_payload_driver STOPS RUNNING!

@510.296875ms (163295 clock ticks): Satellite Control COM STOPS RUNNING!

@565.5ms (180960 clock ticks): FFT1 STOPS RUNNING!

@600.0ms (192000 clock ticks): SPW_payload_driver STARTS RUNNING!
@600.0ms (192000 clock ticks): Satellite Control COM STARTS RUNNING!
@601.3000000000001ms (192416 clock ticks): SPW_payload_driver STOPS RUNNING!

@610.296875ms (195295 clock ticks): Satellite Control COM STOPS RUNNING!

@615.3000000000001ms (196896 clock ticks): FFT2 STOPS RUNNING!

@700.0ms (224000 clock ticks): SPW_payload_driver STARTS RUNNING!
@700.0ms (224000 clock ticks): Satellite Control COM STARTS RUNNING!
@701.3000000000001ms (224416 clock ticks): SPW_payload_driver STOPS RUNNING!

@710.296875ms (227295 clock ticks): Satellite Control COM STOPS RUNNING!

@800.0ms (256000 clock ticks): SPW_payload_driver STARTS RUNNING!
@800.0ms (256000 clock ticks): Satellite Control COM STARTS RUNNING!
@801.3000000000001ms (256416 clock ticks): SPW_payload_driver STOPS RUNNING!

@810.296875ms (259295 clock ticks): Satellite Control COM STOPS RUNNING!

@900.0ms (288000 clock ticks): SPW_payload_driver STARTS RUNNING!
@900.0ms (288000 clock ticks): Satellite Control COM STARTS RUNNING!
@900.0ms (288000 clock ticks): I2C_Storage1 STARTS RUNNING!
@901.25ms (288400 clock ticks): SPW_payload_driver STOPS RUNNING!

@910.3000000000001ms (291296 clock ticks): Satellite Control COM STOPS RUNNING!

@990.3000000000001ms (316896 clock ticks): I2C_Storage1 STOPS RUNNING!

@1000.0ms (320000 clock ticks): SPW_payload_driver STARTS RUNNING!
@1000.0ms (320000 clock ticks): Satellite Control COM STARTS RUNNING!
@1000.0ms (320000 clock ticks): SPW_Acquisition1 STARTS RUNNING!
@1001.3000000000001ms (320416 clock ticks): SPW_payload_driver STOPS RUNNING!

@1010.296875ms (323295 clock ticks): Satellite Control COM STOPS RUNNING!

@1020.0ms (326400 clock ticks): SPW_Acquisition2 STARTS RUNNING!
@1095.0ms (350400 clock ticks): SPW_Acquisition1 STOPS RUNNING!

@1100.0ms (352000 clock ticks): I2C_Storage2 STARTS RUNNING!
@1100.0ms (352000 clock ticks): SPW_payload_driver STARTS RUNNING!
@1100.0ms (352000 clock ticks): Satellite Control COM STARTS RUNNING!
@1101.3ms (352416 clock ticks): SPW_payload_driver STOPS RUNNING!

@1110.296875ms (355295 clock ticks): Satellite Control COM STOPS RUNNING!

@1115.0ms (356800 clock ticks): SPW_Acquisition2 STOPS RUNNING!

@1190.3ms (380896 clock ticks): I2C_Storage2 STOPS RUNNING!

@1200.0ms (384000 clock ticks): SPW_payload_driver STARTS RUNNING!
@1200.0ms (384000 clock ticks): Satellite Control COM STARTS RUNNING!
@1200.0ms (384000 clock ticks): FFT1 STARTS RUNNING!
@1201.39375ms (384446 clock ticks): SPW_payload_driver STOPS RUNNING!

@1210.4ms (387328 clock ticks): Satellite Control COM STOPS RUNNING!


/**********************

*     simulation ends      *

**********************/

