@0.0ms (0 clock ticks): SPW_payload_driver STARTS RUNNING!
@0.0ms (0 clock ticks): SPW_Acquisition1 STARTS RUNNING!
@1.2000000000000002ms (384 clock ticks): SPW_payload_driver STOPS RUNNING!

@20.0ms (6400 clock ticks): SPW_Acquisition2 STARTS RUNNING!
@100.0ms (32000 clock ticks): Satellite Control MON STARTS RUNNING!
@100.0ms (32000 clock ticks): Satellite Control COM STARTS RUNNING!
@105.0ms (33600 clock ticks): SPW_Acquisition1 STOPS RUNNING!

@110.275ms (35288 clock ticks): Satellite Control COM STOPS RUNNING!

@110.35000000000001ms (35312 clock ticks): Satellite Control MON STOPS RUNNING!

@125.0ms (40000 clock ticks): SPW_Acquisition2 STOPS RUNNING!

@150.0ms (48000 clock ticks): Comparator STARTS RUNNING!
@151.20000000000002ms (48384 clock ticks): Comparator STOPS RUNNING!

@200.0ms (64000 clock ticks): Supervisor STARTS RUNNING!
@200.0ms (64000 clock ticks): FFT1 STARTS RUNNING!
@200.025ms (64008 clock ticks): Satellite Control COM STARTS RUNNING!
@200.046875ms (64015 clock ticks): Satellite Control MON STARTS RUNNING!
@202.453125ms (64785 clock ticks): Supervisor STOPS RUNNING!

@210.565625ms (67381 clock ticks): Satellite Control MON STOPS RUNNING!

@210.603125ms (67393 clock ticks): Satellite Control COM STOPS RUNNING!

@250.0ms (80000 clock ticks): Comparator STARTS RUNNING!
@251.20000000000002ms (80384 clock ticks): Comparator STOPS RUNNING!

@300.0ms (96000 clock ticks): Supervisor STARTS RUNNING!
@300.0ms (96000 clock ticks): FFT2 STARTS RUNNING!
@300.09375ms (96030 clock ticks): Satellite Control MON STARTS RUNNING!
@300.125ms (96040 clock ticks): Satellite Control COM STARTS RUNNING!
@302.38125ms (96762 clock ticks): Supervisor STOPS RUNNING!

@310.60312500000003ms (99393 clock ticks): Satellite Control COM STOPS RUNNING!

@310.63437500000003ms (99403 clock ticks): Satellite Control MON STOPS RUNNING!

@350.0ms (112000 clock ticks): Comparator STARTS RUNNING!
@351.20000000000005ms (112384 clock ticks): Comparator STOPS RUNNING!

@400.0ms (128000 clock ticks): Supervisor STARTS RUNNING!
@400.171875ms (128055 clock ticks): Satellite Control COM STARTS RUNNING!
@400.19375ms (128062 clock ticks): Satellite Control MON STARTS RUNNING!
@402.20000000000005ms (128704 clock ticks): Supervisor STOPS RUNNING!

@410.52812500000005ms (131369 clock ticks): Satellite Control COM STOPS RUNNING!

@410.55ms (131376 clock ticks): Satellite Control MON STOPS RUNNING!

@450.0ms (144000 clock ticks): Comparator STARTS RUNNING!
@451.20000000000005ms (144384 clock ticks): Comparator STOPS RUNNING!

@500.0ms (160000 clock ticks): Supervisor STARTS RUNNING!
@500.25ms (160080 clock ticks): Satellite Control COM STARTS RUNNING!
@500.271875ms (160087 clock ticks): Satellite Control MON STARTS RUNNING!
@502.20000000000005ms (160704 clock ticks): Supervisor STOPS RUNNING!

@510.60625000000005ms (163394 clock ticks): Satellite Control COM STOPS RUNNING!

@510.628125ms (163401 clock ticks): Satellite Control MON STOPS RUNNING!

@550.0ms (176000 clock ticks): Comparator STARTS RUNNING!
@551.2ms (176384 clock ticks): Comparator STOPS RUNNING!

@565.6ms (180992 clock ticks): FFT1 STOPS RUNNING!

@600.0ms (192000 clock ticks): Supervisor STARTS RUNNING!
@600.328125ms (192105 clock ticks): Satellite Control COM STARTS RUNNING!
@600.35ms (192112 clock ticks): Satellite Control MON STARTS RUNNING!
@602.2ms (192704 clock ticks): Supervisor STOPS RUNNING!

@610.684375ms (195419 clock ticks): Satellite Control COM STOPS RUNNING!

@610.7062500000001ms (195426 clock ticks): Satellite Control MON STOPS RUNNING!

@650.0ms (208000 clock ticks): Comparator STARTS RUNNING!
@651.2ms (208384 clock ticks): Comparator STOPS RUNNING!

@665.6ms (212992 clock ticks): FFT2 STOPS RUNNING!

@700.0ms (224000 clock ticks): Supervisor STARTS RUNNING!
@700.40625ms (224130 clock ticks): Satellite Control COM STARTS RUNNING!
@700.428125ms (224137 clock ticks): Satellite Control MON STARTS RUNNING!
@702.2ms (224704 clock ticks): Supervisor STOPS RUNNING!

@710.7625ms (227444 clock ticks): Satellite Control COM STOPS RUNNING!

@710.7843750000001ms (227451 clock ticks): Satellite Control MON STOPS RUNNING!

@750.0ms (240000 clock ticks): Comparator STARTS RUNNING!
@751.2ms (240384 clock ticks): Comparator STOPS RUNNING!

@800.0ms (256000 clock ticks): Supervisor STARTS RUNNING!
@800.484375ms (256155 clock ticks): Satellite Control COM STARTS RUNNING!
@800.50625ms (256162 clock ticks): Satellite Control MON STARTS RUNNING!
@802.2ms (256704 clock ticks): Supervisor STOPS RUNNING!

@810.840625ms (259469 clock ticks): Satellite Control COM STOPS RUNNING!

@810.8625000000001ms (259476 clock ticks): Satellite Control MON STOPS RUNNING!

@850.0ms (272000 clock ticks): Comparator STARTS RUNNING!
@851.2ms (272384 clock ticks): Comparator STOPS RUNNING!

@900.0ms (288000 clock ticks): Supervisor STARTS RUNNING!
@900.0ms (288000 clock ticks): I2C_Storage1 STARTS RUNNING!
@900.5625ms (288180 clock ticks): Satellite Control COM STARTS RUNNING!
@900.584375ms (288187 clock ticks): Satellite Control MON STARTS RUNNING!
@902.2ms (288704 clock ticks): Supervisor STOPS RUNNING!

@910.91875ms (291494 clock ticks): Satellite Control COM STOPS RUNNING!

@910.9406250000001ms (291501 clock ticks): Satellite Control MON STOPS RUNNING!

@950.0ms (304000 clock ticks): Comparator STARTS RUNNING!
@951.2ms (304384 clock ticks): Comparator STOPS RUNNING!

@990.3000000000001ms (316896 clock ticks): I2C_Storage1 STOPS RUNNING!

@1000.0ms (320000 clock ticks): Supervisor STARTS RUNNING!
@1000.0ms (320000 clock ticks): SPW_payload_driver STARTS RUNNING!
@1000.0ms (320000 clock ticks): SPW_Acquisition1 STARTS RUNNING!
@1000.640625ms (320205 clock ticks): Satellite Control COM STARTS RUNNING!
@1000.6625ms (320212 clock ticks): Satellite Control MON STARTS RUNNING!
@1001.296875ms (320415 clock ticks): SPW_payload_driver STOPS RUNNING!

@1002.3000000000001ms (320736 clock ticks): Supervisor STOPS RUNNING!

@1010.996875ms (323519 clock ticks): Satellite Control COM STOPS RUNNING!

@1011.0187500000001ms (323526 clock ticks): Satellite Control MON STOPS RUNNING!

@1020.0ms (326400 clock ticks): SPW_Acquisition2 STARTS RUNNING!
@1050.0ms (336000 clock ticks): Comparator STARTS RUNNING!
@1051.2ms (336384 clock ticks): Comparator STOPS RUNNING!

@1100.0ms (352000 clock ticks): Supervisor STARTS RUNNING!
@1100.0ms (352000 clock ticks): I2C_Storage2 STARTS RUNNING!
@1100.71875ms (352230 clock ticks): Satellite Control COM STARTS RUNNING!
@1100.7406250000001ms (352237 clock ticks): Satellite Control MON STARTS RUNNING!
@1102.2ms (352704 clock ticks): Supervisor STOPS RUNNING!

@1105.0ms (353600 clock ticks): SPW_Acquisition1 STOPS RUNNING!

@1110.9750000000001ms (355512 clock ticks): Satellite Control COM STOPS RUNNING!

@1111.05625ms (355538 clock ticks): Satellite Control MON STOPS RUNNING!

@1125.0ms (360000 clock ticks): SPW_Acquisition2 STOPS RUNNING!

@1150.0ms (368000 clock ticks): Comparator STARTS RUNNING!
@1151.2ms (368384 clock ticks): Comparator STOPS RUNNING!

@1190.3ms (380896 clock ticks): I2C_Storage2 STOPS RUNNING!

@1200.0ms (384000 clock ticks): Supervisor STARTS RUNNING!
@1200.0ms (384000 clock ticks): FFT1 STARTS RUNNING!
@1200.7375ms (384236 clock ticks): Satellite Control COM STARTS RUNNING!
@1200.775ms (384248 clock ticks): Satellite Control MON STARTS RUNNING!
@1202.3ms (384736 clock ticks): Supervisor STOPS RUNNING!

@1211.2ms (387584 clock ticks): Satellite Control MON STOPS RUNNING!

@1211.21875ms (387590 clock ticks): Satellite Control COM STOPS RUNNING!


/**********************

*     simulation ends      *

**********************/

