@0.0ms (0 clock ticks): SPW_payload_driver STARTS RUNNING!
@0.0ms (0 clock ticks): SPW_Acquisition1 STARTS RUNNING!
@1.2000000000000002ms (384 clock ticks): SPW_payload_driver STOPS RUNNING!

@10.0ms (3200 clock ticks): SPW_Acquisition2 STARTS RUNNING!
@100.0ms (32000 clock ticks): Satellite Control MON STARTS RUNNING!
@100.0ms (32000 clock ticks): Satellite Control COM STARTS RUNNING!
@100.0ms (32000 clock ticks): FFT2 STARTS RUNNING!
@110.27187500000001ms (35287 clock ticks): Satellite Control COM STOPS RUNNING!

@110.36250000000001ms (35316 clock ticks): Satellite Control MON STOPS RUNNING!

@115.059375ms (36819 clock ticks): SPW_Acquisition1 STOPS RUNNING!

@120.0ms (38400 clock ticks): SPW_Acquisition2 STOPS RUNNING!

@150.0ms (48000 clock ticks): Comparator STARTS RUNNING!
@151.20000000000002ms (48384 clock ticks): Comparator STOPS RUNNING!

@200.0ms (64000 clock ticks): Supervisor STARTS RUNNING!
@200.0ms (64000 clock ticks): FFT1 STARTS RUNNING!
@200.003125ms (64001 clock ticks): Satellite Control MON STARTS RUNNING!
@200.009375ms (64003 clock ticks): Satellite Control COM STARTS RUNNING!
@202.503125ms (64801 clock ticks): Supervisor STOPS RUNNING!

@210.55312500000002ms (67377 clock ticks): Satellite Control COM STOPS RUNNING!

@210.59062500000002ms (67389 clock ticks): Satellite Control MON STOPS RUNNING!

@250.0ms (80000 clock ticks): Comparator STARTS RUNNING!
@251.20000000000002ms (80384 clock ticks): Comparator STOPS RUNNING!

@300.0ms (96000 clock ticks): Supervisor STARTS RUNNING!
@300.05625000000003ms (96018 clock ticks): Satellite Control COM STARTS RUNNING!
@300.10312500000003ms (96033 clock ticks): Satellite Control MON STARTS RUNNING!
@302.26875ms (96726 clock ticks): Supervisor STOPS RUNNING!

@310.45000000000005ms (99344 clock ticks): Satellite Control COM STOPS RUNNING!

@310.475ms (99352 clock ticks): Satellite Control MON STOPS RUNNING!

@350.0ms (112000 clock ticks): Comparator STARTS RUNNING!
@351.20000000000005ms (112384 clock ticks): Comparator STOPS RUNNING!

@400.0ms (128000 clock ticks): Supervisor STARTS RUNNING!
@400.13125ms (128042 clock ticks): Satellite Control COM STARTS RUNNING!
@400.178125ms (128057 clock ticks): Satellite Control MON STARTS RUNNING!
@402.20000000000005ms (128704 clock ticks): Supervisor STOPS RUNNING!

@410.4375ms (131340 clock ticks): Satellite Control COM STOPS RUNNING!

@410.484375ms (131355 clock ticks): Satellite Control MON STOPS RUNNING!

@450.0ms (144000 clock ticks): Comparator STARTS RUNNING!
@451.20000000000005ms (144384 clock ticks): Comparator STOPS RUNNING!

@465.5ms (148960 clock ticks): FFT2 STOPS RUNNING!

@500.0ms (160000 clock ticks): Supervisor STARTS RUNNING!
@500.18437500000005ms (160059 clock ticks): Satellite Control COM STARTS RUNNING!
@500.23125000000005ms (160074 clock ticks): Satellite Control MON STARTS RUNNING!
@502.20000000000005ms (160704 clock ticks): Supervisor STOPS RUNNING!

@510.490625ms (163357 clock ticks): Satellite Control COM STOPS RUNNING!

@510.5375ms (163372 clock ticks): Satellite Control MON STOPS RUNNING!

@550.0ms (176000 clock ticks): Comparator STARTS RUNNING!
@551.2ms (176384 clock ticks): Comparator STOPS RUNNING!

@565.6ms (180992 clock ticks): FFT1 STOPS RUNNING!

@600.0ms (192000 clock ticks): Supervisor STARTS RUNNING!
@600.2375000000001ms (192076 clock ticks): Satellite Control COM STARTS RUNNING!
@600.2843750000001ms (192091 clock ticks): Satellite Control MON STARTS RUNNING!
@602.2ms (192704 clock ticks): Supervisor STOPS RUNNING!

@610.54375ms (195374 clock ticks): Satellite Control COM STOPS RUNNING!

@610.590625ms (195389 clock ticks): Satellite Control MON STOPS RUNNING!

@650.0ms (208000 clock ticks): Comparator STARTS RUNNING!
@651.2ms (208384 clock ticks): Comparator STOPS RUNNING!

@700.0ms (224000 clock ticks): Supervisor STARTS RUNNING!
@700.2906250000001ms (224093 clock ticks): Satellite Control COM STARTS RUNNING!
@700.3375000000001ms (224108 clock ticks): Satellite Control MON STARTS RUNNING!
@702.2ms (224704 clock ticks): Supervisor STOPS RUNNING!

@710.5968750000001ms (227391 clock ticks): Satellite Control COM STOPS RUNNING!

@710.6437500000001ms (227406 clock ticks): Satellite Control MON STOPS RUNNING!

@750.0ms (240000 clock ticks): Comparator STARTS RUNNING!
@751.2ms (240384 clock ticks): Comparator STOPS RUNNING!

@800.0ms (256000 clock ticks): Supervisor STARTS RUNNING!
@800.34375ms (256110 clock ticks): Satellite Control COM STARTS RUNNING!
@800.390625ms (256125 clock ticks): Satellite Control MON STARTS RUNNING!
@802.2ms (256704 clock ticks): Supervisor STOPS RUNNING!

@810.6500000000001ms (259408 clock ticks): Satellite Control COM STOPS RUNNING!

@810.6968750000001ms (259423 clock ticks): Satellite Control MON STOPS RUNNING!

@850.0ms (272000 clock ticks): Comparator STARTS RUNNING!
@851.2ms (272384 clock ticks): Comparator STOPS RUNNING!

@900.0ms (288000 clock ticks): Supervisor STARTS RUNNING!
@900.0ms (288000 clock ticks): I2C_Storage1 STARTS RUNNING!
@900.396875ms (288127 clock ticks): Satellite Control COM STARTS RUNNING!
@900.44375ms (288142 clock ticks): Satellite Control MON STARTS RUNNING!
@902.2ms (288704 clock ticks): Supervisor STOPS RUNNING!

@910.703125ms (291425 clock ticks): Satellite Control COM STOPS RUNNING!

@910.75ms (291440 clock ticks): Satellite Control MON STOPS RUNNING!

@950.0ms (304000 clock ticks): Comparator STARTS RUNNING!
@951.2ms (304384 clock ticks): Comparator STOPS RUNNING!

@990.3000000000001ms (316896 clock ticks): I2C_Storage1 STOPS RUNNING!

@1000.0ms (320000 clock ticks): Supervisor STARTS RUNNING!
@1000.0ms (320000 clock ticks): SPW_payload_driver STARTS RUNNING!
@1000.0ms (320000 clock ticks): SPW_Acquisition1 STARTS RUNNING!
@1000.45ms (320144 clock ticks): Satellite Control COM STARTS RUNNING!
@1000.496875ms (320159 clock ticks): Satellite Control MON STARTS RUNNING!
@1001.296875ms (320415 clock ticks): SPW_payload_driver STOPS RUNNING!

@1002.3000000000001ms (320736 clock ticks): Supervisor STOPS RUNNING!

@1010.0ms (323200 clock ticks): SPW_Acquisition2 STARTS RUNNING!
@1010.75625ms (323442 clock ticks): Satellite Control COM STOPS RUNNING!

@1010.803125ms (323457 clock ticks): Satellite Control MON STOPS RUNNING!

@1050.0ms (336000 clock ticks): Comparator STARTS RUNNING!
@1051.2ms (336384 clock ticks): Comparator STOPS RUNNING!

@1100.0ms (352000 clock ticks): Supervisor STARTS RUNNING!
@1100.0ms (352000 clock ticks): I2C_Storage2 STARTS RUNNING!
@1100.0ms (352000 clock ticks): FFT2 STARTS RUNNING!
@1100.503125ms (352161 clock ticks): Satellite Control COM STARTS RUNNING!
@1100.55ms (352176 clock ticks): Satellite Control MON STARTS RUNNING!
@1102.2625ms (352724 clock ticks): Supervisor STOPS RUNNING!

@1110.75ms (355440 clock ticks): Satellite Control COM STOPS RUNNING!

@1110.859375ms (355475 clock ticks): Satellite Control MON STOPS RUNNING!

@1115.2375ms (356876 clock ticks): SPW_Acquisition1 STOPS RUNNING!

@1120.0ms (358400 clock ticks): SPW_Acquisition2 STOPS RUNNING!

@1150.0ms (368000 clock ticks): Comparator STARTS RUNNING!
@1151.2ms (368384 clock ticks): Comparator STOPS RUNNING!

@1190.3ms (380896 clock ticks): I2C_Storage2 STOPS RUNNING!

@1200.0ms (384000 clock ticks): Supervisor STARTS RUNNING!
@1200.0ms (384000 clock ticks): FFT1 STARTS RUNNING!
@1200.503125ms (384161 clock ticks): Satellite Control COM STARTS RUNNING!
@1200.55ms (384176 clock ticks): Satellite Control MON STARTS RUNNING!
@1202.3ms (384736 clock ticks): Supervisor STOPS RUNNING!

@1210.890625ms (387485 clock ticks): Satellite Control COM STOPS RUNNING!

@1210.96875ms (387510 clock ticks): Satellite Control MON STOPS RUNNING!


/**********************

*     simulation ends      *

**********************/

