@0.0ms (0 clock ticks): SPW_Acquisition1 STARTS RUNNING!
@0.0ms (0 clock ticks): SPW_payload_driver STARTS RUNNING!
@1.2000000000000002ms (384 clock ticks): SPW_payload_driver STOPS RUNNING!

@100.0ms (32000 clock ticks): Satellite Control COM STARTS RUNNING!
@100.0ms (32000 clock ticks): Satellite Control MON STARTS RUNNING!
@105.0ms (33600 clock ticks): SPW_Acquisition1 STOPS RUNNING!

@110.36562500000001ms (35317 clock ticks): Satellite Control COM STOPS RUNNING!

@110.3875ms (35324 clock ticks): Satellite Control MON STOPS RUNNING!

@120.0ms (38400 clock ticks): SPW_Acquisition2 STARTS RUNNING!
@150.0ms (48000 clock ticks): Comparator STARTS RUNNING!
@151.20000000000002ms (48384 clock ticks): Comparator STOPS RUNNING!

@200.0ms (64000 clock ticks): FFT1 STARTS RUNNING!
@200.0ms (64000 clock ticks): Supervisor STARTS RUNNING!
@200.065625ms (64021 clock ticks): Satellite Control COM STARTS RUNNING!
@200.10000000000002ms (64032 clock ticks): Satellite Control MON STARTS RUNNING!
@202.49062500000002ms (64797 clock ticks): Supervisor STOPS RUNNING!

@210.65625ms (67410 clock ticks): Satellite Control COM STOPS RUNNING!

@210.696875ms (67423 clock ticks): Satellite Control MON STOPS RUNNING!

@225.0ms (72000 clock ticks): SPW_Acquisition2 STOPS RUNNING!

@250.0ms (80000 clock ticks): Comparator STARTS RUNNING!
@251.20000000000002ms (80384 clock ticks): Comparator STOPS RUNNING!

@300.0ms (96000 clock ticks): Supervisor STARTS RUNNING!
@300.125ms (96040 clock ticks): Satellite Control COM STARTS RUNNING!
@300.175ms (96056 clock ticks): Satellite Control MON STARTS RUNNING!
@302.2ms (96704 clock ticks): Supervisor STOPS RUNNING!

@310.38125ms (99322 clock ticks): Satellite Control COM STOPS RUNNING!

@310.453125ms (99345 clock ticks): Satellite Control MON STOPS RUNNING!

@340.0ms (108800 clock ticks): FFT2 STARTS RUNNING!
@350.0ms (112000 clock ticks): Comparator STARTS RUNNING!
@351.303125ms (112417 clock ticks): Comparator STOPS RUNNING!

@400.0ms (128000 clock ticks): Supervisor STARTS RUNNING!
@400.15312500000005ms (128049 clock ticks): Satellite Control COM STARTS RUNNING!
@400.203125ms (128065 clock ticks): Satellite Control MON STARTS RUNNING!
@402.20000000000005ms (128704 clock ticks): Supervisor STOPS RUNNING!

@410.40625ms (131330 clock ticks): Satellite Control COM STOPS RUNNING!

@410.48125000000005ms (131354 clock ticks): Satellite Control MON STOPS RUNNING!

@450.0ms (144000 clock ticks): Comparator STARTS RUNNING!
@451.20000000000005ms (144384 clock ticks): Comparator STOPS RUNNING!

@500.0ms (160000 clock ticks): Supervisor STARTS RUNNING!
@500.178125ms (160057 clock ticks): Satellite Control COM STARTS RUNNING!
@500.22812500000003ms (160073 clock ticks): Satellite Control MON STARTS RUNNING!
@502.20000000000005ms (160704 clock ticks): Supervisor STOPS RUNNING!

@510.440625ms (163341 clock ticks): Satellite Control COM STOPS RUNNING!

@510.521875ms (163367 clock ticks): Satellite Control MON STOPS RUNNING!

@550.0ms (176000 clock ticks): Comparator STARTS RUNNING!
@551.2ms (176384 clock ticks): Comparator STOPS RUNNING!

@565.6ms (180992 clock ticks): FFT1 STOPS RUNNING!

@600.0ms (192000 clock ticks): Supervisor STARTS RUNNING!
@600.196875ms (192063 clock ticks): Satellite Control COM STARTS RUNNING!
@600.2687500000001ms (192086 clock ticks): Satellite Control MON STARTS RUNNING!
@602.2ms (192704 clock ticks): Supervisor STOPS RUNNING!

@610.46875ms (195350 clock ticks): Satellite Control COM STOPS RUNNING!

@610.525ms (195368 clock ticks): Satellite Control MON STOPS RUNNING!

@650.0ms (208000 clock ticks): Comparator STARTS RUNNING!
@651.2ms (208384 clock ticks): Comparator STOPS RUNNING!

@700.0ms (224000 clock ticks): Supervisor STARTS RUNNING!
@700.240625ms (224077 clock ticks): Satellite Control COM STARTS RUNNING!
@700.29375ms (224094 clock ticks): Satellite Control MON STARTS RUNNING!
@702.2ms (224704 clock ticks): Supervisor STOPS RUNNING!

@705.4000000000001ms (225728 clock ticks): FFT2 STOPS RUNNING!

@710.50625ms (227362 clock ticks): Satellite Control COM STOPS RUNNING!

@710.578125ms (227385 clock ticks): Satellite Control MON STOPS RUNNING!

@750.0ms (240000 clock ticks): Comparator STARTS RUNNING!
@751.2ms (240384 clock ticks): Comparator STOPS RUNNING!

@800.0ms (256000 clock ticks): Supervisor STARTS RUNNING!
@800.2687500000001ms (256086 clock ticks): Satellite Control COM STARTS RUNNING!
@800.3312500000001ms (256106 clock ticks): Satellite Control MON STARTS RUNNING!
@802.2ms (256704 clock ticks): Supervisor STOPS RUNNING!

@810.5ms (259360 clock ticks): Satellite Control COM STOPS RUNNING!

@810.5875000000001ms (259388 clock ticks): Satellite Control MON STOPS RUNNING!

@850.0ms (272000 clock ticks): Comparator STARTS RUNNING!
@851.2ms (272384 clock ticks): Comparator STOPS RUNNING!

@900.0ms (288000 clock ticks): Supervisor STARTS RUNNING!
@900.0ms (288000 clock ticks): I2C_Storage1 STARTS RUNNING!
@900.28125ms (288090 clock ticks): Satellite Control COM STARTS RUNNING!
@900.340625ms (288109 clock ticks): Satellite Control MON STARTS RUNNING!
@902.2ms (288704 clock ticks): Supervisor STOPS RUNNING!

@910.56875ms (291382 clock ticks): Satellite Control COM STOPS RUNNING!

@910.6343750000001ms (291403 clock ticks): Satellite Control MON STOPS RUNNING!

@950.0ms (304000 clock ticks): Comparator STARTS RUNNING!
@951.2ms (304384 clock ticks): Comparator STOPS RUNNING!

@990.3000000000001ms (316896 clock ticks): I2C_Storage1 STOPS RUNNING!

@1000.0ms (320000 clock ticks): SPW_Acquisition1 STARTS RUNNING!
@1000.0ms (320000 clock ticks): SPW_payload_driver STARTS RUNNING!
@1000.0ms (320000 clock ticks): Supervisor STARTS RUNNING!
@1000.3156250000001ms (320101 clock ticks): Satellite Control COM STARTS RUNNING!
@1000.3875ms (320124 clock ticks): Satellite Control MON STARTS RUNNING!
@1001.2750000000001ms (320408 clock ticks): SPW_payload_driver STOPS RUNNING!

@1002.3000000000001ms (320736 clock ticks): Supervisor STOPS RUNNING!

@1010.63125ms (323402 clock ticks): Satellite Control COM STOPS RUNNING!

@1010.6656250000001ms (323413 clock ticks): Satellite Control MON STOPS RUNNING!

@1050.0ms (336000 clock ticks): Comparator STARTS RUNNING!
@1051.2ms (336384 clock ticks): Comparator STOPS RUNNING!

@1100.0ms (352000 clock ticks): Supervisor STARTS RUNNING!
@1100.0ms (352000 clock ticks): I2C_Storage2 STARTS RUNNING!
@1100.3812500000001ms (352122 clock ticks): Satellite Control COM STARTS RUNNING!
@1100.4375ms (352140 clock ticks): Satellite Control MON STARTS RUNNING!
@1102.2ms (352704 clock ticks): Supervisor STOPS RUNNING!

@1105.0ms (353600 clock ticks): SPW_Acquisition1 STOPS RUNNING!

@1110.68125ms (355418 clock ticks): Satellite Control COM STOPS RUNNING!

@1110.7406250000001ms (355437 clock ticks): Satellite Control MON STOPS RUNNING!

@1120.0ms (358400 clock ticks): SPW_Acquisition2 STARTS RUNNING!
@1150.0ms (368000 clock ticks): Comparator STARTS RUNNING!
@1151.2ms (368384 clock ticks): Comparator STOPS RUNNING!

@1190.3ms (380896 clock ticks): I2C_Storage2 STOPS RUNNING!

@1200.0ms (384000 clock ticks): FFT1 STARTS RUNNING!
@1200.0ms (384000 clock ticks): Supervisor STARTS RUNNING!
@1200.421875ms (384135 clock ticks): Satellite Control COM STARTS RUNNING!
@1200.4906250000001ms (384157 clock ticks): Satellite Control MON STARTS RUNNING!
@1202.284375ms (384731 clock ticks): Supervisor STOPS RUNNING!

@1210.875ms (387480 clock ticks): Satellite Control COM STOPS RUNNING!

@1210.909375ms (387491 clock ticks): Satellite Control MON STOPS RUNNING!

@1225.0ms (392000 clock ticks): SPW_Acquisition2 STOPS RUNNING!


/**********************

*     simulation ends      *

**********************/

