@0.0ms (0 clock ticks): SPW_payload_driver STARTS RUNNING!
@0.0ms (0 clock ticks): SPW_Acquisition1 STARTS RUNNING!
@1.2000000000000002ms (384 clock ticks): SPW_payload_driver STOPS RUNNING!

@20.0ms (6400 clock ticks): SPW_Acquisition2 STARTS RUNNING!
@100.0ms (32000 clock ticks): Satellite Control MON STARTS RUNNING!
@100.0ms (32000 clock ticks): Satellite Control COM STARTS RUNNING!
@105.0ms (33600 clock ticks): SPW_Acquisition1 STOPS RUNNING!

@110.275ms (35288 clock ticks): Satellite Control COM STOPS RUNNING!

@110.35000000000001ms (35312 clock ticks): Satellite Control MON STOPS RUNNING!

@125.0ms (40000 clock ticks): SPW_Acquisition2 STOPS RUNNING!

@150.0ms (48000 clock ticks): Comparator STARTS RUNNING!
@151.20000000000002ms (48384 clock ticks): Comparator STOPS RUNNING!

@200.0ms (64000 clock ticks): Supervisor STARTS RUNNING!
@200.0ms (64000 clock ticks): FFT1 STARTS RUNNING!
@200.025ms (64008 clock ticks): Satellite Control COM STARTS RUNNING!
@200.046875ms (64015 clock ticks): Satellite Control MON STARTS RUNNING!
@202.453125ms (64785 clock ticks): Supervisor STOPS RUNNING!

@210.565625ms (67381 clock ticks): Satellite Control MON STOPS RUNNING!

@210.603125ms (67393 clock ticks): Satellite Control COM STOPS RUNNING!

@250.0ms (80000 clock ticks): Comparator STARTS RUNNING!
@251.20000000000002ms (80384 clock ticks): Comparator STOPS RUNNING!

@290.0ms (92800 clock ticks): FFT2 STARTS RUNNING!
@300.0ms (96000 clock ticks): Supervisor STARTS RUNNING!
@300.09375ms (96030 clock ticks): Satellite Control MON STARTS RUNNING!
@300.125ms (96040 clock ticks): Satellite Control COM STARTS RUNNING!
@302.390625ms (96765 clock ticks): Supervisor STOPS RUNNING!

@310.62187500000005ms (99399 clock ticks): Satellite Control MON STOPS RUNNING!

@310.63750000000005ms (99404 clock ticks): Satellite Control COM STOPS RUNNING!

@350.0ms (112000 clock ticks): Comparator STARTS RUNNING!
@351.20000000000005ms (112384 clock ticks): Comparator STOPS RUNNING!

@400.0ms (128000 clock ticks): Supervisor STARTS RUNNING!
@400.178125ms (128057 clock ticks): Satellite Control MON STARTS RUNNING!
@400.209375ms (128067 clock ticks): Satellite Control COM STARTS RUNNING!
@402.20000000000005ms (128704 clock ticks): Supervisor STOPS RUNNING!

@410.515625ms (131365 clock ticks): Satellite Control MON STOPS RUNNING!

@410.546875ms (131375 clock ticks): Satellite Control COM STOPS RUNNING!

@450.0ms (144000 clock ticks): Comparator STARTS RUNNING!
@451.20000000000005ms (144384 clock ticks): Comparator STOPS RUNNING!

@500.0ms (160000 clock ticks): Supervisor STARTS RUNNING!
@500.24687500000005ms (160079 clock ticks): Satellite Control MON STARTS RUNNING!
@500.27812500000005ms (160089 clock ticks): Satellite Control COM STARTS RUNNING!
@502.20000000000005ms (160704 clock ticks): Supervisor STOPS RUNNING!

@510.584375ms (163387 clock ticks): Satellite Control MON STOPS RUNNING!

@510.615625ms (163397 clock ticks): Satellite Control COM STOPS RUNNING!

@550.0ms (176000 clock ticks): Comparator STARTS RUNNING!
@551.2ms (176384 clock ticks): Comparator STOPS RUNNING!

@565.6ms (180992 clock ticks): FFT1 STOPS RUNNING!

@600.0ms (192000 clock ticks): Supervisor STARTS RUNNING!
@600.3156250000001ms (192101 clock ticks): Satellite Control MON STARTS RUNNING!
@600.3468750000001ms (192111 clock ticks): Satellite Control COM STARTS RUNNING!
@602.2ms (192704 clock ticks): Supervisor STOPS RUNNING!

@610.653125ms (195409 clock ticks): Satellite Control MON STOPS RUNNING!

@610.684375ms (195419 clock ticks): Satellite Control COM STOPS RUNNING!

@650.0ms (208000 clock ticks): Comparator STARTS RUNNING!
@651.2ms (208384 clock ticks): Comparator STOPS RUNNING!

@655.6ms (209792 clock ticks): FFT2 STOPS RUNNING!

@700.0ms (224000 clock ticks): Supervisor STARTS RUNNING!
@700.3843750000001ms (224123 clock ticks): Satellite Control MON STARTS RUNNING!
@700.4156250000001ms (224133 clock ticks): Satellite Control COM STARTS RUNNING!
@702.2ms (224704 clock ticks): Supervisor STOPS RUNNING!

@710.7218750000001ms (227431 clock ticks): Satellite Control MON STOPS RUNNING!

@710.7531250000001ms (227441 clock ticks): Satellite Control COM STOPS RUNNING!

@750.0ms (240000 clock ticks): Comparator STARTS RUNNING!
@751.2ms (240384 clock ticks): Comparator STOPS RUNNING!

@800.0ms (256000 clock ticks): Supervisor STARTS RUNNING!
@800.453125ms (256145 clock ticks): Satellite Control MON STARTS RUNNING!
@800.484375ms (256155 clock ticks): Satellite Control COM STARTS RUNNING!
@802.2ms (256704 clock ticks): Supervisor STOPS RUNNING!

@810.7906250000001ms (259453 clock ticks): Satellite Control MON STOPS RUNNING!

@810.8218750000001ms (259463 clock ticks): Satellite Control COM STOPS RUNNING!

@850.0ms (272000 clock ticks): Comparator STARTS RUNNING!
@851.2ms (272384 clock ticks): Comparator STOPS RUNNING!

@900.0ms (288000 clock ticks): Supervisor STARTS RUNNING!
@900.0ms (288000 clock ticks): I2C_Storage1 STARTS RUNNING!
@900.521875ms (288167 clock ticks): Satellite Control MON STARTS RUNNING!
@900.553125ms (288177 clock ticks): Satellite Control COM STARTS RUNNING!
@902.2ms (288704 clock ticks): Supervisor STOPS RUNNING!

@910.859375ms (291475 clock ticks): Satellite Control MON STOPS RUNNING!

@910.890625ms (291485 clock ticks): Satellite Control COM STOPS RUNNING!

@950.0ms (304000 clock ticks): Comparator STARTS RUNNING!
@951.2ms (304384 clock ticks): Comparator STOPS RUNNING!

@990.3000000000001ms (316896 clock ticks): I2C_Storage1 STOPS RUNNING!

@1000.0ms (320000 clock ticks): Supervisor STARTS RUNNING!
@1000.0ms (320000 clock ticks): SPW_payload_driver STARTS RUNNING!
@1000.0ms (320000 clock ticks): SPW_Acquisition1 STARTS RUNNING!
@1000.590625ms (320189 clock ticks): Satellite Control MON STARTS RUNNING!
@1000.621875ms (320199 clock ticks): Satellite Control COM STARTS RUNNING!
@1001.296875ms (320415 clock ticks): SPW_payload_driver STOPS RUNNING!

@1002.3000000000001ms (320736 clock ticks): Supervisor STOPS RUNNING!

@1010.928125ms (323497 clock ticks): Satellite Control MON STOPS RUNNING!

@1010.959375ms (323507 clock ticks): Satellite Control COM STOPS RUNNING!

@1020.0ms (326400 clock ticks): SPW_Acquisition2 STARTS RUNNING!
@1050.0ms (336000 clock ticks): Comparator STARTS RUNNING!
@1051.2ms (336384 clock ticks): Comparator STOPS RUNNING!

@1100.0ms (352000 clock ticks): Supervisor STARTS RUNNING!
@1100.0ms (352000 clock ticks): I2C_Storage2 STARTS RUNNING!
@1100.659375ms (352211 clock ticks): Satellite Control MON STARTS RUNNING!
@1100.690625ms (352221 clock ticks): Satellite Control COM STARTS RUNNING!
@1102.2ms (352704 clock ticks): Supervisor STOPS RUNNING!

@1105.0ms (353600 clock ticks): SPW_Acquisition1 STOPS RUNNING!

@1111.0062500000001ms (355522 clock ticks): Satellite Control MON STOPS RUNNING!

@1111.0375000000001ms (355532 clock ticks): Satellite Control COM STOPS RUNNING!

@1125.0ms (360000 clock ticks): SPW_Acquisition2 STOPS RUNNING!

@1150.0ms (368000 clock ticks): Comparator STARTS RUNNING!
@1151.2ms (368384 clock ticks): Comparator STOPS RUNNING!

@1190.3ms (380896 clock ticks): I2C_Storage2 STOPS RUNNING!

@1200.0ms (384000 clock ticks): Supervisor STARTS RUNNING!
@1200.0ms (384000 clock ticks): FFT1 STARTS RUNNING!
@1200.70625ms (384226 clock ticks): Satellite Control MON STARTS RUNNING!
@1200.790625ms (384253 clock ticks): Satellite Control COM STARTS RUNNING!
@1202.3ms (384736 clock ticks): Supervisor STOPS RUNNING!

@1211.05625ms (387538 clock ticks): Satellite Control MON STOPS RUNNING!

@1211.153125ms (387569 clock ticks): Satellite Control COM STOPS RUNNING!


/**********************

*     simulation ends      *

**********************/

