@0.0ms (0 clock ticks): SPW_payload_driver STARTS RUNNING!
@0.0ms (0 clock ticks): SPW_Acquisition1 STARTS RUNNING!
@1.2000000000000002ms (384 clock ticks): SPW_payload_driver STOPS RUNNING!

@10.0ms (3200 clock ticks): SPW_Acquisition2 STARTS RUNNING!
@100.0ms (32000 clock ticks): Satellite Control MON STARTS RUNNING!
@100.0ms (32000 clock ticks): Satellite Control COM STARTS RUNNING!
@110.08437500000001ms (35227 clock ticks): SPW_Acquisition1 STOPS RUNNING!

@110.246875ms (35279 clock ticks): Satellite Control COM STOPS RUNNING!

@110.33125000000001ms (35306 clock ticks): Satellite Control MON STOPS RUNNING!

@120.0ms (38400 clock ticks): SPW_Acquisition2 STOPS RUNNING!

@150.0ms (48000 clock ticks): Comparator STARTS RUNNING!
@151.20000000000002ms (48384 clock ticks): Comparator STOPS RUNNING!

@200.0ms (64000 clock ticks): Supervisor STARTS RUNNING!
@200.0ms (64000 clock ticks): FFT2 STARTS RUNNING!
@200.0ms (64000 clock ticks): FFT1 STARTS RUNNING!
@200.015625ms (64005 clock ticks): Satellite Control COM STARTS RUNNING!
@200.02812500000002ms (64009 clock ticks): Satellite Control MON STARTS RUNNING!
@202.59062500000002ms (64829 clock ticks): Supervisor STOPS RUNNING!

@210.62187500000002ms (67399 clock ticks): Satellite Control COM STOPS RUNNING!

@210.70000000000002ms (67424 clock ticks): Satellite Control MON STOPS RUNNING!

@250.0ms (80000 clock ticks): Comparator STARTS RUNNING!
@251.20000000000002ms (80384 clock ticks): Comparator STOPS RUNNING!

@300.0ms (96000 clock ticks): Supervisor STARTS RUNNING!
@300.015625ms (96005 clock ticks): Satellite Control COM STARTS RUNNING!
@300.028125ms (96009 clock ticks): Satellite Control MON STARTS RUNNING!
@302.35625ms (96754 clock ticks): Supervisor STOPS RUNNING!

@310.48125000000005ms (99354 clock ticks): Satellite Control COM STOPS RUNNING!

@310.490625ms (99357 clock ticks): Satellite Control MON STOPS RUNNING!

@350.0ms (112000 clock ticks): Comparator STARTS RUNNING!
@351.20000000000005ms (112384 clock ticks): Comparator STOPS RUNNING!

@400.0ms (128000 clock ticks): Supervisor STARTS RUNNING!
@400.10625000000005ms (128034 clock ticks): Satellite Control COM STARTS RUNNING!
@400.11875000000003ms (128038 clock ticks): Satellite Control MON STARTS RUNNING!
@402.20000000000005ms (128704 clock ticks): Supervisor STOPS RUNNING!

@410.48125000000005ms (131354 clock ticks): Satellite Control COM STOPS RUNNING!

@410.49375000000003ms (131358 clock ticks): Satellite Control MON STOPS RUNNING!

@450.0ms (144000 clock ticks): Comparator STARTS RUNNING!
@451.20000000000005ms (144384 clock ticks): Comparator STOPS RUNNING!

@500.0ms (160000 clock ticks): Supervisor STARTS RUNNING!
@500.19375ms (160062 clock ticks): Satellite Control COM STARTS RUNNING!
@500.20625ms (160066 clock ticks): Satellite Control MON STARTS RUNNING!
@502.20000000000005ms (160704 clock ticks): Supervisor STOPS RUNNING!

@510.56875ms (163382 clock ticks): Satellite Control COM STOPS RUNNING!

@510.58125ms (163386 clock ticks): Satellite Control MON STOPS RUNNING!

@550.0ms (176000 clock ticks): Comparator STARTS RUNNING!
@551.2ms (176384 clock ticks): Comparator STOPS RUNNING!

@580.6875ms (185820 clock ticks): FFT1 STOPS RUNNING!

@580.79375ms (185854 clock ticks): FFT2 STOPS RUNNING!

@600.0ms (192000 clock ticks): Supervisor STARTS RUNNING!
@600.28125ms (192090 clock ticks): Satellite Control COM STARTS RUNNING!
@600.29375ms (192094 clock ticks): Satellite Control MON STARTS RUNNING!
@602.2ms (192704 clock ticks): Supervisor STOPS RUNNING!

@610.65625ms (195410 clock ticks): Satellite Control COM STOPS RUNNING!

@610.66875ms (195414 clock ticks): Satellite Control MON STOPS RUNNING!

@650.0ms (208000 clock ticks): Comparator STARTS RUNNING!
@651.2ms (208384 clock ticks): Comparator STOPS RUNNING!

@700.0ms (224000 clock ticks): Supervisor STARTS RUNNING!
@700.3687500000001ms (224118 clock ticks): Satellite Control COM STARTS RUNNING!
@700.38125ms (224122 clock ticks): Satellite Control MON STARTS RUNNING!
@702.2ms (224704 clock ticks): Supervisor STOPS RUNNING!

@710.7437500000001ms (227438 clock ticks): Satellite Control COM STOPS RUNNING!

@710.75625ms (227442 clock ticks): Satellite Control MON STOPS RUNNING!

@750.0ms (240000 clock ticks): Comparator STARTS RUNNING!
@751.2ms (240384 clock ticks): Comparator STOPS RUNNING!

@800.0ms (256000 clock ticks): Supervisor STARTS RUNNING!
@800.4562500000001ms (256146 clock ticks): Satellite Control COM STARTS RUNNING!
@800.46875ms (256150 clock ticks): Satellite Control MON STARTS RUNNING!
@802.2ms (256704 clock ticks): Supervisor STOPS RUNNING!

@810.8312500000001ms (259466 clock ticks): Satellite Control COM STOPS RUNNING!

@810.84375ms (259470 clock ticks): Satellite Control MON STOPS RUNNING!

@850.0ms (272000 clock ticks): Comparator STARTS RUNNING!
@851.2ms (272384 clock ticks): Comparator STOPS RUNNING!

@900.0ms (288000 clock ticks): Supervisor STARTS RUNNING!
@900.0ms (288000 clock ticks): I2C_Storage1 STARTS RUNNING!
@900.54375ms (288174 clock ticks): Satellite Control COM STARTS RUNNING!
@900.5562500000001ms (288178 clock ticks): Satellite Control MON STARTS RUNNING!
@902.2ms (288704 clock ticks): Supervisor STOPS RUNNING!

@910.91875ms (291494 clock ticks): Satellite Control COM STOPS RUNNING!

@910.9312500000001ms (291498 clock ticks): Satellite Control MON STOPS RUNNING!

@950.0ms (304000 clock ticks): Comparator STARTS RUNNING!
@951.2ms (304384 clock ticks): Comparator STOPS RUNNING!

@990.3000000000001ms (316896 clock ticks): I2C_Storage1 STOPS RUNNING!

@1000.0ms (320000 clock ticks): Supervisor STARTS RUNNING!
@1000.0ms (320000 clock ticks): SPW_payload_driver STARTS RUNNING!
@1000.0ms (320000 clock ticks): SPW_Acquisition1 STARTS RUNNING!
@1000.63125ms (320202 clock ticks): Satellite Control COM STARTS RUNNING!
@1000.6437500000001ms (320206 clock ticks): Satellite Control MON STARTS RUNNING!
@1001.296875ms (320415 clock ticks): SPW_payload_driver STOPS RUNNING!

@1002.3000000000001ms (320736 clock ticks): Supervisor STOPS RUNNING!

@1010.0ms (323200 clock ticks): SPW_Acquisition2 STARTS RUNNING!
@1011.00625ms (323522 clock ticks): Satellite Control COM STOPS RUNNING!

@1011.0187500000001ms (323526 clock ticks): Satellite Control MON STOPS RUNNING!

@1050.0ms (336000 clock ticks): Comparator STARTS RUNNING!
@1051.2ms (336384 clock ticks): Comparator STOPS RUNNING!

@1100.0ms (352000 clock ticks): Supervisor STARTS RUNNING!
@1100.0ms (352000 clock ticks): I2C_Storage2 STARTS RUNNING!
@1100.71875ms (352230 clock ticks): Satellite Control COM STARTS RUNNING!
@1100.73125ms (352234 clock ticks): Satellite Control MON STARTS RUNNING!
@1102.2ms (352704 clock ticks): Supervisor STOPS RUNNING!

@1110.159375ms (355251 clock ticks): SPW_Acquisition1 STOPS RUNNING!

@1110.984375ms (355515 clock ticks): Satellite Control MON STOPS RUNNING!

@1111.0625ms (355540 clock ticks): Satellite Control COM STOPS RUNNING!

@1120.0ms (358400 clock ticks): SPW_Acquisition2 STOPS RUNNING!

