@0.0ms (0 clock ticks): SPW_Acquisition2 STARTS RUNNING!
@0.0ms (0 clock ticks): SPW_payload_driver STARTS RUNNING!
@0.0ms (0 clock ticks): SPW_Acquisition1 STARTS RUNNING!
@1.2000000000000002ms (384 clock ticks): SPW_payload_driver STOPS RUNNING!

@100.0ms (32000 clock ticks): Satellite Control MON STARTS RUNNING!
@100.0ms (32000 clock ticks): Satellite Control COM STARTS RUNNING!
@110.2625ms (35284 clock ticks): Satellite Control COM STOPS RUNNING!

@110.33125000000001ms (35306 clock ticks): Satellite Control MON STOPS RUNNING!

@119.91875ms (38374 clock ticks): SPW_Acquisition2 STOPS RUNNING!

@120.0ms (38400 clock ticks): SPW_Acquisition1 STOPS RUNNING!

@150.0ms (48000 clock ticks): Comparator STARTS RUNNING!
@151.20000000000002ms (48384 clock ticks): Comparator STOPS RUNNING!

@190.0ms (60800 clock ticks): FFT2 STARTS RUNNING!
@200.0ms (64000 clock ticks): Supervisor STARTS RUNNING!
@200.0ms (64000 clock ticks): FFT1 STARTS RUNNING!
@200.02812500000002ms (64009 clock ticks): Satellite Control MON STARTS RUNNING!
@200.03125ms (64010 clock ticks): Satellite Control COM STARTS RUNNING!
@202.57500000000002ms (64824 clock ticks): Supervisor STOPS RUNNING!

@210.659375ms (67411 clock ticks): Satellite Control COM STOPS RUNNING!

@210.70937500000002ms (67427 clock ticks): Satellite Control MON STOPS RUNNING!

@250.0ms (80000 clock ticks): Comparator STARTS RUNNING!
@251.20000000000002ms (80384 clock ticks): Comparator STOPS RUNNING!

@300.0ms (96000 clock ticks): Supervisor STARTS RUNNING!
@300.078125ms (96025 clock ticks): Satellite Control COM STARTS RUNNING!
@300.128125ms (96041 clock ticks): Satellite Control MON STARTS RUNNING!
@302.221875ms (96711 clock ticks): Supervisor STOPS RUNNING!

@310.44375ms (99342 clock ticks): Satellite Control COM STOPS RUNNING!

@310.471875ms (99351 clock ticks): Satellite Control MON STOPS RUNNING!

@350.0ms (112000 clock ticks): Comparator STARTS RUNNING!
@351.20000000000005ms (112384 clock ticks): Comparator STOPS RUNNING!

@400.0ms (128000 clock ticks): Supervisor STARTS RUNNING!
@400.15000000000003ms (128048 clock ticks): Satellite Control COM STARTS RUNNING!
@400.20000000000005ms (128064 clock ticks): Satellite Control MON STARTS RUNNING!
@402.20000000000005ms (128704 clock ticks): Supervisor STOPS RUNNING!

@410.45000000000005ms (131344 clock ticks): Satellite Control COM STOPS RUNNING!

@410.5ms (131360 clock ticks): Satellite Control MON STOPS RUNNING!

@450.0ms (144000 clock ticks): Comparator STARTS RUNNING!
@451.20000000000005ms (144384 clock ticks): Comparator STOPS RUNNING!

@500.0ms (160000 clock ticks): Supervisor STARTS RUNNING!
@500.20000000000005ms (160064 clock ticks): Satellite Control COM STARTS RUNNING!
@500.25ms (160080 clock ticks): Satellite Control MON STARTS RUNNING!
@502.20000000000005ms (160704 clock ticks): Supervisor STOPS RUNNING!

@510.5ms (163360 clock ticks): Satellite Control COM STOPS RUNNING!

@510.55ms (163376 clock ticks): Satellite Control MON STOPS RUNNING!

@550.0ms (176000 clock ticks): Comparator STARTS RUNNING!
@551.2ms (176384 clock ticks): Comparator STOPS RUNNING!

@560.5656250000001ms (179381 clock ticks): FFT2 STOPS RUNNING!

@570.6ms (182592 clock ticks): FFT1 STOPS RUNNING!

@600.0ms (192000 clock ticks): Supervisor STARTS RUNNING!
@600.25ms (192080 clock ticks): Satellite Control COM STARTS RUNNING!
@600.3000000000001ms (192096 clock ticks): Satellite Control MON STARTS RUNNING!
@602.2ms (192704 clock ticks): Supervisor STOPS RUNNING!

@610.5500000000001ms (195376 clock ticks): Satellite Control COM STOPS RUNNING!

@610.6ms (195392 clock ticks): Satellite Control MON STOPS RUNNING!

@650.0ms (208000 clock ticks): Comparator STARTS RUNNING!
@651.2ms (208384 clock ticks): Comparator STOPS RUNNING!

@700.0ms (224000 clock ticks): Supervisor STARTS RUNNING!
@700.3000000000001ms (224096 clock ticks): Satellite Control COM STARTS RUNNING!
@700.35ms (224112 clock ticks): Satellite Control MON STARTS RUNNING!
@702.2ms (224704 clock ticks): Supervisor STOPS RUNNING!

@710.6ms (227392 clock ticks): Satellite Control COM STOPS RUNNING!

@710.6500000000001ms (227408 clock ticks): Satellite Control MON STOPS RUNNING!

@750.0ms (240000 clock ticks): Comparator STARTS RUNNING!
@751.2ms (240384 clock ticks): Comparator STOPS RUNNING!

@800.0ms (256000 clock ticks): Supervisor STARTS RUNNING!
@800.35ms (256112 clock ticks): Satellite Control COM STARTS RUNNING!
@800.4000000000001ms (256128 clock ticks): Satellite Control MON STARTS RUNNING!
@802.2ms (256704 clock ticks): Supervisor STOPS RUNNING!

@810.6500000000001ms (259408 clock ticks): Satellite Control COM STOPS RUNNING!

@810.7ms (259424 clock ticks): Satellite Control MON STOPS RUNNING!

@850.0ms (272000 clock ticks): Comparator STARTS RUNNING!
@851.2ms (272384 clock ticks): Comparator STOPS RUNNING!

@900.0ms (288000 clock ticks): Supervisor STARTS RUNNING!
@900.0ms (288000 clock ticks): I2C_Storage1 STARTS RUNNING!
@900.4000000000001ms (288128 clock ticks): Satellite Control COM STARTS RUNNING!
@900.45ms (288144 clock ticks): Satellite Control MON STARTS RUNNING!
@902.2ms (288704 clock ticks): Supervisor STOPS RUNNING!

@910.7ms (291424 clock ticks): Satellite Control COM STOPS RUNNING!

@910.75ms (291440 clock ticks): Satellite Control MON STOPS RUNNING!

@950.0ms (304000 clock ticks): Comparator STARTS RUNNING!
@951.2ms (304384 clock ticks): Comparator STOPS RUNNING!

@990.3000000000001ms (316896 clock ticks): I2C_Storage1 STOPS RUNNING!

@1000.0ms (320000 clock ticks): Supervisor STARTS RUNNING!
@1000.0ms (320000 clock ticks): SPW_Acquisition2 STARTS RUNNING!
@1000.0ms (320000 clock ticks): SPW_payload_driver STARTS RUNNING!
@1000.0ms (320000 clock ticks): SPW_Acquisition1 STARTS RUNNING!
@1000.45ms (320144 clock ticks): Satellite Control COM STARTS RUNNING!
@1000.5ms (320160 clock ticks): Satellite Control MON STARTS RUNNING!
@1001.296875ms (320415 clock ticks): SPW_payload_driver STOPS RUNNING!

@1002.3000000000001ms (320736 clock ticks): Supervisor STOPS RUNNING!

@1010.75ms (323440 clock ticks): Satellite Control COM STOPS RUNNING!

@1010.8000000000001ms (323456 clock ticks): Satellite Control MON STOPS RUNNING!

