@0.0ms (0 clock ticks): SPW_Acquisition1 STARTS RUNNING!
@0.0ms (0 clock ticks): SPW_payload_driver STARTS RUNNING!
@1.2000000000000002ms (384 clock ticks): SPW_payload_driver STOPS RUNNING!

@100.0ms (32000 clock ticks): SPW_Acquisition2 STARTS RUNNING!
@100.0ms (32000 clock ticks): Satellite Control COM STARTS RUNNING!
@100.0ms (32000 clock ticks): Satellite Control MON STARTS RUNNING!
@105.0ms (33600 clock ticks): SPW_Acquisition1 STOPS RUNNING!

@110.371875ms (35319 clock ticks): Satellite Control COM STOPS RUNNING!

@110.384375ms (35323 clock ticks): Satellite Control MON STOPS RUNNING!

@150.0ms (48000 clock ticks): Comparator STARTS RUNNING!
@151.20000000000002ms (48384 clock ticks): Comparator STOPS RUNNING!

@200.0ms (64000 clock ticks): Supervisor STARTS RUNNING!
@200.0ms (64000 clock ticks): FFT1 STARTS RUNNING!
@200.071875ms (64023 clock ticks): Satellite Control COM STARTS RUNNING!
@200.10000000000002ms (64032 clock ticks): Satellite Control MON STARTS RUNNING!
@202.375ms (64760 clock ticks): Supervisor STOPS RUNNING!

@205.0ms (65600 clock ticks): SPW_Acquisition2 STOPS RUNNING!

@210.49375ms (67358 clock ticks): Satellite Control COM STOPS RUNNING!

@210.55937500000002ms (67379 clock ticks): Satellite Control MON STOPS RUNNING!

@250.0ms (80000 clock ticks): Comparator STARTS RUNNING!
@251.20000000000002ms (80384 clock ticks): Comparator STOPS RUNNING!

@300.0ms (96000 clock ticks): Supervisor STARTS RUNNING!
@300.10625ms (96034 clock ticks): Satellite Control COM STARTS RUNNING!
@300.11875000000003ms (96038 clock ticks): Satellite Control MON STARTS RUNNING!
@302.2ms (96704 clock ticks): Supervisor STOPS RUNNING!

@310.390625ms (99325 clock ticks): Satellite Control COM STOPS RUNNING!

@310.45000000000005ms (99344 clock ticks): Satellite Control MON STOPS RUNNING!

@350.0ms (112000 clock ticks): Comparator STARTS RUNNING!
@351.20000000000005ms (112384 clock ticks): Comparator STOPS RUNNING!

@360.0ms (115200 clock ticks): FFT2 STARTS RUNNING!
@400.0ms (128000 clock ticks): Supervisor STARTS RUNNING!
@400.146875ms (128047 clock ticks): Satellite Control COM STARTS RUNNING!
@400.1625ms (128052 clock ticks): Satellite Control MON STARTS RUNNING!
@402.20000000000005ms (128704 clock ticks): Supervisor STOPS RUNNING!

@410.51875ms (131366 clock ticks): Satellite Control COM STOPS RUNNING!

@410.54062500000003ms (131373 clock ticks): Satellite Control MON STOPS RUNNING!

@450.0ms (144000 clock ticks): Comparator STARTS RUNNING!
@451.20000000000005ms (144384 clock ticks): Comparator STOPS RUNNING!

@500.0ms (160000 clock ticks): Supervisor STARTS RUNNING!
@500.225ms (160072 clock ticks): Satellite Control COM STARTS RUNNING!
@500.25ms (160080 clock ticks): Satellite Control MON STARTS RUNNING!
@502.20000000000005ms (160704 clock ticks): Supervisor STOPS RUNNING!

@510.57187500000003ms (163383 clock ticks): Satellite Control COM STOPS RUNNING!

@510.596875ms (163391 clock ticks): Satellite Control MON STOPS RUNNING!

@550.0ms (176000 clock ticks): Comparator STARTS RUNNING!
@551.2ms (176384 clock ticks): Comparator STOPS RUNNING!

@565.6ms (180992 clock ticks): FFT1 STOPS RUNNING!

@600.0ms (192000 clock ticks): Supervisor STARTS RUNNING!
@600.3000000000001ms (192096 clock ticks): Satellite Control COM STARTS RUNNING!
@600.3156250000001ms (192101 clock ticks): Satellite Control MON STARTS RUNNING!
@602.2ms (192704 clock ticks): Supervisor STOPS RUNNING!

@610.6593750000001ms (195411 clock ticks): Satellite Control COM STOPS RUNNING!

@610.6875ms (195420 clock ticks): Satellite Control MON STOPS RUNNING!

@650.0ms (208000 clock ticks): Comparator STARTS RUNNING!
@651.2ms (208384 clock ticks): Comparator STOPS RUNNING!

@700.0ms (224000 clock ticks): Supervisor STARTS RUNNING!
@700.371875ms (224119 clock ticks): Satellite Control COM STARTS RUNNING!
@700.403125ms (224129 clock ticks): Satellite Control MON STARTS RUNNING!
@702.2ms (224704 clock ticks): Supervisor STOPS RUNNING!

@710.7281250000001ms (227433 clock ticks): Satellite Control COM STOPS RUNNING!

@710.75ms (227440 clock ticks): Satellite Control MON STOPS RUNNING!

@725.3000000000001ms (232096 clock ticks): FFT2 STOPS RUNNING!

@750.0ms (240000 clock ticks): Comparator STARTS RUNNING!
@751.2ms (240384 clock ticks): Comparator STOPS RUNNING!

@800.0ms (256000 clock ticks): Supervisor STARTS RUNNING!
@800.45ms (256144 clock ticks): Satellite Control COM STARTS RUNNING!
@800.48125ms (256154 clock ticks): Satellite Control MON STARTS RUNNING!
@802.2ms (256704 clock ticks): Supervisor STOPS RUNNING!

@810.73125ms (259434 clock ticks): Satellite Control COM STOPS RUNNING!

@810.7906250000001ms (259453 clock ticks): Satellite Control MON STOPS RUNNING!

@850.0ms (272000 clock ticks): Comparator STARTS RUNNING!
@851.2ms (272384 clock ticks): Comparator STOPS RUNNING!

@900.0ms (288000 clock ticks): Supervisor STARTS RUNNING!
@900.0ms (288000 clock ticks): I2C_Storage1 STARTS RUNNING!
@900.490625ms (288157 clock ticks): Satellite Control COM STARTS RUNNING!
@900.515625ms (288165 clock ticks): Satellite Control MON STARTS RUNNING!
@902.2ms (288704 clock ticks): Supervisor STOPS RUNNING!

@910.859375ms (291475 clock ticks): Satellite Control MON STOPS RUNNING!

@910.871875ms (291479 clock ticks): Satellite Control COM STOPS RUNNING!

@950.0ms (304000 clock ticks): Comparator STARTS RUNNING!
@951.2ms (304384 clock ticks): Comparator STOPS RUNNING!

@990.3000000000001ms (316896 clock ticks): I2C_Storage1 STOPS RUNNING!

@1000.0ms (320000 clock ticks): Supervisor STARTS RUNNING!
@1000.0ms (320000 clock ticks): SPW_Acquisition1 STARTS RUNNING!
@1000.0ms (320000 clock ticks): SPW_payload_driver STARTS RUNNING!
@1000.56875ms (320182 clock ticks): Satellite Control COM STARTS RUNNING!
@1000.6031250000001ms (320193 clock ticks): Satellite Control MON STARTS RUNNING!
@1001.3000000000001ms (320416 clock ticks): SPW_payload_driver STOPS RUNNING!

@1002.29375ms (320734 clock ticks): Supervisor STOPS RUNNING!

@1010.928125ms (323497 clock ticks): Satellite Control COM STOPS RUNNING!

@1010.959375ms (323507 clock ticks): Satellite Control MON STOPS RUNNING!

@1050.0ms (336000 clock ticks): Comparator STARTS RUNNING!
@1051.2ms (336384 clock ticks): Comparator STOPS RUNNING!

@1100.0ms (352000 clock ticks): SPW_Acquisition2 STARTS RUNNING!
@1100.0ms (352000 clock ticks): I2C_Storage2 STARTS RUNNING!
@1100.0ms (352000 clock ticks): Supervisor STARTS RUNNING!
@1100.6375ms (352204 clock ticks): Satellite Control COM STARTS RUNNING!
@1100.6937500000001ms (352222 clock ticks): Satellite Control MON STARTS RUNNING!
@1102.2ms (352704 clock ticks): Supervisor STOPS RUNNING!

@1105.0ms (353600 clock ticks): SPW_Acquisition1 STOPS RUNNING!

@1110.9125000000001ms (355492 clock ticks): Satellite Control COM STOPS RUNNING!

@1110.96875ms (355510 clock ticks): Satellite Control MON STOPS RUNNING!

@1150.0ms (368000 clock ticks): Comparator STARTS RUNNING!
@1151.2ms (368384 clock ticks): Comparator STOPS RUNNING!

@1190.3ms (380896 clock ticks): I2C_Storage2 STOPS RUNNING!

@1200.0ms (384000 clock ticks): Supervisor STARTS RUNNING!
@1200.0ms (384000 clock ticks): FFT1 STARTS RUNNING!
@1200.68125ms (384218 clock ticks): Satellite Control COM STARTS RUNNING!
@1200.7250000000001ms (384232 clock ticks): Satellite Control MON STARTS RUNNING!
@1202.2718750000001ms (384727 clock ticks): Supervisor STOPS RUNNING!

@1205.0ms (385600 clock ticks): SPW_Acquisition2 STOPS RUNNING!

@1211.1125ms (387556 clock ticks): Satellite Control COM STOPS RUNNING!

@1211.171875ms (387575 clock ticks): Satellite Control MON STOPS RUNNING!


/**********************

*     simulation ends      *

**********************/

