@0.0ms (0 clock ticks): SPW_payload_driver STARTS RUNNING!
@0.0ms (0 clock ticks): SPW_Acquisition1 STARTS RUNNING!
@1.2000000000000002ms (384 clock ticks): SPW_payload_driver STOPS RUNNING!

@100.0ms (32000 clock ticks): Satellite Control MON STARTS RUNNING!
@100.0ms (32000 clock ticks): Satellite Control COM STARTS RUNNING!
@105.0ms (33600 clock ticks): SPW_Acquisition1 STOPS RUNNING!

@110.390625ms (35325 clock ticks): Satellite Control COM STOPS RUNNING!

@110.39375000000001ms (35326 clock ticks): Satellite Control MON STOPS RUNNING!

@120.0ms (38400 clock ticks): SPW_Acquisition2 STARTS RUNNING!
@150.0ms (48000 clock ticks): Comparator STARTS RUNNING!
@151.20000000000002ms (48384 clock ticks): Comparator STOPS RUNNING!

@200.0ms (64000 clock ticks): FFT1 STARTS RUNNING!
@200.0ms (64000 clock ticks): Supervisor STARTS RUNNING!
@200.09062500000002ms (64029 clock ticks): Satellite Control MON STARTS RUNNING!
@200.096875ms (64031 clock ticks): Satellite Control COM STARTS RUNNING!
@202.37187500000002ms (64759 clock ticks): Supervisor STOPS RUNNING!

@210.603125ms (67393 clock ticks): Satellite Control MON STOPS RUNNING!

@210.628125ms (67401 clock ticks): Satellite Control COM STOPS RUNNING!

@225.0ms (72000 clock ticks): SPW_Acquisition2 STOPS RUNNING!

@240.0ms (76800 clock ticks): FFT2 STARTS RUNNING!
@250.0ms (80000 clock ticks): Comparator STARTS RUNNING!
@251.26250000000002ms (80404 clock ticks): Comparator STOPS RUNNING!

@300.0ms (96000 clock ticks): Supervisor STARTS RUNNING!
@300.140625ms (96045 clock ticks): Satellite Control MON STARTS RUNNING!
@300.19687500000003ms (96063 clock ticks): Satellite Control COM STARTS RUNNING!
@302.2ms (96704 clock ticks): Supervisor STOPS RUNNING!

@310.4125ms (99332 clock ticks): Satellite Control MON STOPS RUNNING!

@310.46875ms (99350 clock ticks): Satellite Control COM STOPS RUNNING!

@350.0ms (112000 clock ticks): Comparator STARTS RUNNING!
@351.20000000000005ms (112384 clock ticks): Comparator STOPS RUNNING!

@400.0ms (128000 clock ticks): Supervisor STARTS RUNNING!
@400.18437500000005ms (128059 clock ticks): Satellite Control MON STARTS RUNNING!
@400.225ms (128072 clock ticks): Satellite Control COM STARTS RUNNING!
@402.20000000000005ms (128704 clock ticks): Supervisor STOPS RUNNING!

@410.45000000000005ms (131344 clock ticks): Satellite Control MON STOPS RUNNING!

@410.52500000000003ms (131368 clock ticks): Satellite Control COM STOPS RUNNING!

@450.0ms (144000 clock ticks): Comparator STARTS RUNNING!
@451.20000000000005ms (144384 clock ticks): Comparator STOPS RUNNING!

@500.0ms (160000 clock ticks): Supervisor STARTS RUNNING!
@500.209375ms (160067 clock ticks): Satellite Control MON STARTS RUNNING!
@500.26250000000005ms (160084 clock ticks): Satellite Control COM STARTS RUNNING!
@502.20000000000005ms (160704 clock ticks): Supervisor STOPS RUNNING!

@510.49687500000005ms (163359 clock ticks): Satellite Control MON STOPS RUNNING!

@510.54375000000005ms (163374 clock ticks): Satellite Control COM STOPS RUNNING!

@550.0ms (176000 clock ticks): Comparator STARTS RUNNING!
@551.2ms (176384 clock ticks): Comparator STOPS RUNNING!

@565.6ms (180992 clock ticks): FFT1 STOPS RUNNING!

@600.0ms (192000 clock ticks): Supervisor STARTS RUNNING!
@600.2625ms (192084 clock ticks): Satellite Control MON STARTS RUNNING!
@600.296875ms (192095 clock ticks): Satellite Control COM STARTS RUNNING!
@602.2ms (192704 clock ticks): Supervisor STOPS RUNNING!

@605.4ms (193728 clock ticks): FFT2 STOPS RUNNING!

@610.603125ms (195393 clock ticks): Satellite Control MON STOPS RUNNING!

@610.63125ms (195402 clock ticks): Satellite Control COM STOPS RUNNING!

@650.0ms (208000 clock ticks): Comparator STARTS RUNNING!
@651.2ms (208384 clock ticks): Comparator STOPS RUNNING!

@700.0ms (224000 clock ticks): Supervisor STARTS RUNNING!
@700.334375ms (224107 clock ticks): Satellite Control MON STARTS RUNNING!
@700.3625000000001ms (224116 clock ticks): Satellite Control COM STARTS RUNNING!
@702.2ms (224704 clock ticks): Supervisor STOPS RUNNING!

@710.6437500000001ms (227406 clock ticks): Satellite Control MON STOPS RUNNING!

@710.6875ms (227420 clock ticks): Satellite Control COM STOPS RUNNING!

@750.0ms (240000 clock ticks): Comparator STARTS RUNNING!
@751.2ms (240384 clock ticks): Comparator STOPS RUNNING!

@800.0ms (256000 clock ticks): Supervisor STARTS RUNNING!
@800.390625ms (256125 clock ticks): Satellite Control MON STARTS RUNNING!
@800.4125ms (256132 clock ticks): Satellite Control COM STARTS RUNNING!
@802.2ms (256704 clock ticks): Supervisor STOPS RUNNING!

@810.69375ms (259422 clock ticks): Satellite Control MON STOPS RUNNING!

@810.740625ms (259437 clock ticks): Satellite Control COM STOPS RUNNING!

@850.0ms (272000 clock ticks): Comparator STARTS RUNNING!
@851.2ms (272384 clock ticks): Comparator STOPS RUNNING!

@900.0ms (288000 clock ticks): I2C_Storage1 STARTS RUNNING!
@900.0ms (288000 clock ticks): Supervisor STARTS RUNNING!
@900.44375ms (288142 clock ticks): Satellite Control MON STARTS RUNNING!
@900.459375ms (288147 clock ticks): Satellite Control COM STARTS RUNNING!
@902.2ms (288704 clock ticks): Supervisor STOPS RUNNING!

@910.7843750000001ms (291451 clock ticks): Satellite Control MON STOPS RUNNING!

@910.8218750000001ms (291463 clock ticks): Satellite Control COM STOPS RUNNING!

@950.0ms (304000 clock ticks): Comparator STARTS RUNNING!
@951.2ms (304384 clock ticks): Comparator STOPS RUNNING!

@990.3000000000001ms (316896 clock ticks): I2C_Storage1 STOPS RUNNING!

@1000.0ms (320000 clock ticks): SPW_payload_driver STARTS RUNNING!
@1000.0ms (320000 clock ticks): SPW_Acquisition1 STARTS RUNNING!
@1000.0ms (320000 clock ticks): Supervisor STARTS RUNNING!
@1000.50625ms (320162 clock ticks): Satellite Control MON STARTS RUNNING!
@1000.5375ms (320172 clock ticks): Satellite Control COM STARTS RUNNING!
@1001.2906250000001ms (320413 clock ticks): SPW_payload_driver STOPS RUNNING!

@1002.3000000000001ms (320736 clock ticks): Supervisor STOPS RUNNING!

@1010.834375ms (323467 clock ticks): Satellite Control MON STOPS RUNNING!

@1010.865625ms (323477 clock ticks): Satellite Control COM STOPS RUNNING!

@1050.0ms (336000 clock ticks): Comparator STARTS RUNNING!
@1051.2ms (336384 clock ticks): Comparator STOPS RUNNING!

@1100.0ms (352000 clock ticks): Supervisor STARTS RUNNING!
@1100.0ms (352000 clock ticks): I2C_Storage2 STARTS RUNNING!
@1100.575ms (352184 clock ticks): Satellite Control MON STARTS RUNNING!
@1100.596875ms (352191 clock ticks): Satellite Control COM STARTS RUNNING!
@1102.2ms (352704 clock ticks): Supervisor STOPS RUNNING!

@1105.0ms (353600 clock ticks): SPW_Acquisition1 STOPS RUNNING!

@1110.940625ms (355501 clock ticks): Satellite Control MON STOPS RUNNING!

@1110.96875ms (355510 clock ticks): Satellite Control COM STOPS RUNNING!

@1120.0ms (358400 clock ticks): SPW_Acquisition2 STARTS RUNNING!
@1150.0ms (368000 clock ticks): Comparator STARTS RUNNING!
@1151.2ms (368384 clock ticks): Comparator STOPS RUNNING!

@1190.3ms (380896 clock ticks): I2C_Storage2 STOPS RUNNING!

@1200.0ms (384000 clock ticks): FFT1 STARTS RUNNING!
@1200.0ms (384000 clock ticks): Supervisor STARTS RUNNING!
@1200.6468750000001ms (384207 clock ticks): Satellite Control MON STARTS RUNNING!
@1200.6875ms (384220 clock ticks): Satellite Control COM STARTS RUNNING!
@1202.284375ms (384731 clock ticks): Supervisor STOPS RUNNING!

@1211.075ms (387544 clock ticks): Satellite Control COM STOPS RUNNING!

@1211.140625ms (387565 clock ticks): Satellite Control MON STOPS RUNNING!

@1225.0ms (392000 clock ticks): SPW_Acquisition2 STOPS RUNNING!

@1240.0ms (396800 clock ticks): FFT2 STARTS RUNNING!

/**********************

*     simulation ends      *

**********************/

