@0.0ms (0 clock ticks): SPW_Acquisition1 STARTS RUNNING!
@0.0ms (0 clock ticks): SPW_payload_driver STARTS RUNNING!
@1.2000000000000002ms (384 clock ticks): SPW_payload_driver STOPS RUNNING!

@100.0ms (32000 clock ticks): Satellite Control MON STARTS RUNNING!
@100.0ms (32000 clock ticks): Satellite Control COM STARTS RUNNING!
@105.0ms (33600 clock ticks): SPW_Acquisition1 STOPS RUNNING!

@110.2ms (35264 clock ticks): Satellite Control MON STOPS RUNNING!

@110.30000000000001ms (35296 clock ticks): Satellite Control COM STOPS RUNNING!

@120.0ms (38400 clock ticks): SPW_Acquisition2 STARTS RUNNING!
@150.0ms (48000 clock ticks): Comparator STARTS RUNNING!
@151.20000000000002ms (48384 clock ticks): Comparator STOPS RUNNING!

@200.0ms (64000 clock ticks): Satellite Control MON STARTS RUNNING!
@200.0ms (64000 clock ticks): Supervisor STARTS RUNNING!
@200.0ms (64000 clock ticks): Satellite Control COM STARTS RUNNING!
@200.0ms (64000 clock ticks): FFT1 STARTS RUNNING!
@217.4ms (69568 clock ticks): Supervisor STOPS RUNNING!

@225.0ms (72000 clock ticks): SPW_Acquisition2 STOPS RUNNING!

@225.20000000000002ms (72064 clock ticks): Satellite Control MON STOPS RUNNING!

@225.3ms (72096 clock ticks): Satellite Control COM STOPS RUNNING!

@250.0ms (80000 clock ticks): Comparator STARTS RUNNING!
@251.20000000000002ms (80384 clock ticks): Comparator STOPS RUNNING!

@280.0ms (89600 clock ticks): FFT2 STARTS RUNNING!
@300.0ms (96000 clock ticks): Satellite Control MON STARTS RUNNING!
@300.0ms (96000 clock ticks): Supervisor STARTS RUNNING!
@300.0ms (96000 clock ticks): Satellite Control COM STARTS RUNNING!
@302.40000000000003ms (96768 clock ticks): Supervisor STOPS RUNNING!

@310.20000000000005ms (99264 clock ticks): Satellite Control MON STOPS RUNNING!

@310.3ms (99296 clock ticks): Satellite Control COM STOPS RUNNING!

@350.0ms (112000 clock ticks): Comparator STARTS RUNNING!
@351.20000000000005ms (112384 clock ticks): Comparator STOPS RUNNING!

@400.0ms (128000 clock ticks): Satellite Control MON STARTS RUNNING!
@400.0ms (128000 clock ticks): Supervisor STARTS RUNNING!
@400.0ms (128000 clock ticks): Satellite Control COM STARTS RUNNING!
@402.40312500000005ms (128769 clock ticks): Supervisor STOPS RUNNING!

@410.20000000000005ms (131264 clock ticks): Satellite Control MON STOPS RUNNING!

@410.3ms (131296 clock ticks): Satellite Control COM STOPS RUNNING!

@450.0ms (144000 clock ticks): Comparator STARTS RUNNING!
@451.20000000000005ms (144384 clock ticks): Comparator STOPS RUNNING!

@500.0ms (160000 clock ticks): Satellite Control MON STARTS RUNNING!
@500.0ms (160000 clock ticks): Supervisor STARTS RUNNING!
@500.0ms (160000 clock ticks): Satellite Control COM STARTS RUNNING!
@502.40000000000003ms (160768 clock ticks): Supervisor STOPS RUNNING!

@510.20000000000005ms (163264 clock ticks): Satellite Control MON STOPS RUNNING!

@510.3ms (163296 clock ticks): Satellite Control COM STOPS RUNNING!

@550.0ms (176000 clock ticks): Comparator STARTS RUNNING!
@551.2ms (176384 clock ticks): Comparator STOPS RUNNING!

@565.3000000000001ms (180896 clock ticks): FFT1 STOPS RUNNING!

@600.0ms (192000 clock ticks): Satellite Control MON STARTS RUNNING!
@600.0ms (192000 clock ticks): Supervisor STARTS RUNNING!
@600.0ms (192000 clock ticks): Satellite Control COM STARTS RUNNING!
@602.4ms (192768 clock ticks): Supervisor STOPS RUNNING!

@610.2ms (195264 clock ticks): Satellite Control MON STOPS RUNNING!

@610.3000000000001ms (195296 clock ticks): Satellite Control COM STOPS RUNNING!

@645.3000000000001ms (206496 clock ticks): FFT2 STOPS RUNNING!

@650.0ms (208000 clock ticks): Comparator STARTS RUNNING!
@651.2ms (208384 clock ticks): Comparator STOPS RUNNING!

@700.0ms (224000 clock ticks): Satellite Control MON STARTS RUNNING!
@700.0ms (224000 clock ticks): Supervisor STARTS RUNNING!
@700.0ms (224000 clock ticks): Satellite Control COM STARTS RUNNING!
@702.4000000000001ms (224768 clock ticks): Supervisor STOPS RUNNING!

@710.2ms (227264 clock ticks): Satellite Control MON STOPS RUNNING!

@710.3000000000001ms (227296 clock ticks): Satellite Control COM STOPS RUNNING!

@750.0ms (240000 clock ticks): Comparator STARTS RUNNING!
@751.2ms (240384 clock ticks): Comparator STOPS RUNNING!

@800.0ms (256000 clock ticks): Satellite Control MON STARTS RUNNING!
@800.0ms (256000 clock ticks): Supervisor STARTS RUNNING!
@800.0ms (256000 clock ticks): Satellite Control COM STARTS RUNNING!
@802.403125ms (256769 clock ticks): Supervisor STOPS RUNNING!

@810.2ms (259264 clock ticks): Satellite Control MON STOPS RUNNING!

@810.3000000000001ms (259296 clock ticks): Satellite Control COM STOPS RUNNING!

@850.0ms (272000 clock ticks): Comparator STARTS RUNNING!
@851.2ms (272384 clock ticks): Comparator STOPS RUNNING!

@900.0ms (288000 clock ticks): I2C_Storage1 STARTS RUNNING!
@900.0ms (288000 clock ticks): Satellite Control MON STARTS RUNNING!
@900.0ms (288000 clock ticks): Supervisor STARTS RUNNING!
@900.0ms (288000 clock ticks): Satellite Control COM STARTS RUNNING!
@902.4000000000001ms (288768 clock ticks): Supervisor STOPS RUNNING!

@910.2ms (291264 clock ticks): Satellite Control MON STOPS RUNNING!

@910.3000000000001ms (291296 clock ticks): Satellite Control COM STOPS RUNNING!

@950.0ms (304000 clock ticks): Comparator STARTS RUNNING!
@951.2ms (304384 clock ticks): Comparator STOPS RUNNING!

@990.3000000000001ms (316896 clock ticks): I2C_Storage1 STOPS RUNNING!

@1000.0ms (320000 clock ticks): Satellite Control MON STARTS RUNNING!
@1000.0ms (320000 clock ticks): Supervisor STARTS RUNNING!
@1000.0ms (320000 clock ticks): SPW_Acquisition1 STARTS RUNNING!
@1000.0ms (320000 clock ticks): SPW_payload_driver STARTS RUNNING!
@1000.0ms (320000 clock ticks): Satellite Control COM STARTS RUNNING!
@1001.2ms (320384 clock ticks): SPW_payload_driver STOPS RUNNING!

@1002.5ms (320800 clock ticks): Supervisor STOPS RUNNING!

@1010.3000000000001ms (323296 clock ticks): Satellite Control MON STOPS RUNNING!

@1010.4000000000001ms (323328 clock ticks): Satellite Control COM STOPS RUNNING!

@1050.0ms (336000 clock ticks): Comparator STARTS RUNNING!
@1051.2ms (336384 clock ticks): Comparator STOPS RUNNING!

@1100.0ms (352000 clock ticks): Satellite Control MON STARTS RUNNING!
@1100.0ms (352000 clock ticks): Supervisor STARTS RUNNING!
@1100.0ms (352000 clock ticks): I2C_Storage2 STARTS RUNNING!
@1100.0ms (352000 clock ticks): Satellite Control COM STARTS RUNNING!
@1102.4ms (352768 clock ticks): Supervisor STOPS RUNNING!

@1105.0ms (353600 clock ticks): SPW_Acquisition1 STOPS RUNNING!

@1110.2ms (355264 clock ticks): Satellite Control MON STOPS RUNNING!

@1110.3ms (355296 clock ticks): Satellite Control COM STOPS RUNNING!

@1120.0ms (358400 clock ticks): SPW_Acquisition2 STARTS RUNNING!
@1150.0ms (368000 clock ticks): Comparator STARTS RUNNING!
@1151.2ms (368384 clock ticks): Comparator STOPS RUNNING!

@1190.3ms (380896 clock ticks): I2C_Storage2 STOPS RUNNING!

@1200.0ms (384000 clock ticks): Satellite Control MON STARTS RUNNING!
@1200.0ms (384000 clock ticks): Supervisor STARTS RUNNING!
@1200.0ms (384000 clock ticks): Satellite Control COM STARTS RUNNING!
@1200.0ms (384000 clock ticks): FFT1 STARTS RUNNING!
@1217.4ms (389568 clock ticks): Supervisor STOPS RUNNING!

@1225.0ms (392000 clock ticks): SPW_Acquisition2 STOPS RUNNING!

@1225.2ms (392064 clock ticks): Satellite Control MON STOPS RUNNING!

@1225.3ms (392096 clock ticks): Satellite Control COM STOPS RUNNING!


/**********************

*     simulation ends      *

**********************/

