@0.0ms (0 clock ticks): SPW_payload_driver STARTS RUNNING!
@0.0ms (0 clock ticks): SPW_Acquisition1 STARTS RUNNING!
@1.2000000000000002ms (384 clock ticks): SPW_payload_driver STOPS RUNNING!

@40.0ms (12800 clock ticks): SPW_Acquisition2 STARTS RUNNING!
@100.0ms (32000 clock ticks): Satellite Control COM STARTS RUNNING!
@100.0ms (32000 clock ticks): Satellite Control MON STARTS RUNNING!
@105.0ms (33600 clock ticks): SPW_Acquisition1 STOPS RUNNING!

@110.35000000000001ms (35312 clock ticks): Satellite Control MON STOPS RUNNING!

@110.37812500000001ms (35321 clock ticks): Satellite Control COM STOPS RUNNING!

@145.0ms (46400 clock ticks): SPW_Acquisition2 STOPS RUNNING!

@150.0ms (48000 clock ticks): Comparator STARTS RUNNING!
@151.20000000000002ms (48384 clock ticks): Comparator STOPS RUNNING!

@200.0ms (64000 clock ticks): Supervisor STARTS RUNNING!
@200.0ms (64000 clock ticks): FFT1 STARTS RUNNING!
@200.071875ms (64023 clock ticks): Satellite Control MON STARTS RUNNING!
@200.078125ms (64025 clock ticks): Satellite Control COM STARTS RUNNING!
@202.37187500000002ms (64759 clock ticks): Supervisor STOPS RUNNING!

@210.546875ms (67375 clock ticks): Satellite Control MON STOPS RUNNING!

@210.59375ms (67390 clock ticks): Satellite Control COM STOPS RUNNING!

@250.0ms (80000 clock ticks): Comparator STARTS RUNNING!
@251.20000000000002ms (80384 clock ticks): Comparator STOPS RUNNING!

@300.0ms (96000 clock ticks): Supervisor STARTS RUNNING!
@300.125ms (96040 clock ticks): Satellite Control MON STARTS RUNNING!
@300.140625ms (96045 clock ticks): Satellite Control COM STARTS RUNNING!
@302.2ms (96704 clock ticks): Supervisor STOPS RUNNING!

@310.503125ms (99361 clock ticks): Satellite Control MON STOPS RUNNING!

@310.50625ms (99362 clock ticks): Satellite Control COM STOPS RUNNING!

@350.0ms (112000 clock ticks): Comparator STARTS RUNNING!
@351.20000000000005ms (112384 clock ticks): Comparator STOPS RUNNING!

@360.0ms (115200 clock ticks): FFT2 STARTS RUNNING!
@400.0ms (128000 clock ticks): Supervisor STARTS RUNNING!
@400.221875ms (128071 clock ticks): Satellite Control COM STARTS RUNNING!
@400.221875ms (128071 clock ticks): Satellite Control MON STARTS RUNNING!
@402.20000000000005ms (128704 clock ticks): Supervisor STOPS RUNNING!

@410.6ms (131392 clock ticks): Satellite Control MON STOPS RUNNING!

@410.60312500000003ms (131393 clock ticks): Satellite Control COM STOPS RUNNING!

@450.0ms (144000 clock ticks): Comparator STARTS RUNNING!
@451.20000000000005ms (144384 clock ticks): Comparator STOPS RUNNING!

@500.0ms (160000 clock ticks): Supervisor STARTS RUNNING!
@500.29375000000005ms (160094 clock ticks): Satellite Control COM STARTS RUNNING!
@500.31875ms (160102 clock ticks): Satellite Control MON STARTS RUNNING!
@502.20000000000005ms (160704 clock ticks): Supervisor STOPS RUNNING!

@510.678125ms (163417 clock ticks): Satellite Control COM STOPS RUNNING!

@510.690625ms (163421 clock ticks): Satellite Control MON STOPS RUNNING!

@550.0ms (176000 clock ticks): Comparator STARTS RUNNING!
@551.2ms (176384 clock ticks): Comparator STOPS RUNNING!

@565.6ms (180992 clock ticks): FFT1 STOPS RUNNING!

@600.0ms (192000 clock ticks): Supervisor STARTS RUNNING!
@600.3781250000001ms (192121 clock ticks): Satellite Control COM STARTS RUNNING!
@600.41875ms (192134 clock ticks): Satellite Control MON STARTS RUNNING!
@602.2ms (192704 clock ticks): Supervisor STOPS RUNNING!

@610.73125ms (195434 clock ticks): Satellite Control COM STOPS RUNNING!

@610.7531250000001ms (195441 clock ticks): Satellite Control MON STOPS RUNNING!

@650.0ms (208000 clock ticks): Comparator STARTS RUNNING!
@651.2ms (208384 clock ticks): Comparator STOPS RUNNING!

@700.0ms (224000 clock ticks): Supervisor STARTS RUNNING!
@700.4562500000001ms (224146 clock ticks): Satellite Control COM STARTS RUNNING!
@700.4937500000001ms (224158 clock ticks): Satellite Control MON STARTS RUNNING!
@702.2ms (224704 clock ticks): Supervisor STOPS RUNNING!

@710.7281250000001ms (227433 clock ticks): Satellite Control COM STOPS RUNNING!

@710.809375ms (227459 clock ticks): Satellite Control MON STOPS RUNNING!

@725.3000000000001ms (232096 clock ticks): FFT2 STOPS RUNNING!

@750.0ms (240000 clock ticks): Comparator STARTS RUNNING!
@751.2ms (240384 clock ticks): Comparator STOPS RUNNING!

@800.0ms (256000 clock ticks): Supervisor STARTS RUNNING!
@800.475ms (256152 clock ticks): Satellite Control COM STARTS RUNNING!
@800.546875ms (256175 clock ticks): Satellite Control MON STARTS RUNNING!
@802.2ms (256704 clock ticks): Supervisor STOPS RUNNING!

@810.740625ms (259437 clock ticks): Satellite Control COM STOPS RUNNING!

@810.8062500000001ms (259458 clock ticks): Satellite Control MON STOPS RUNNING!

@850.0ms (272000 clock ticks): Comparator STARTS RUNNING!
@851.2ms (272384 clock ticks): Comparator STOPS RUNNING!

@900.0ms (288000 clock ticks): Supervisor STARTS RUNNING!
@900.0ms (288000 clock ticks): I2C_Storage1 STARTS RUNNING!
@900.5093750000001ms (288163 clock ticks): Satellite Control COM STARTS RUNNING!
@900.5718750000001ms (288183 clock ticks): Satellite Control MON STARTS RUNNING!
@902.2ms (288704 clock ticks): Supervisor STOPS RUNNING!

@910.809375ms (291459 clock ticks): Satellite Control COM STOPS RUNNING!

@910.85625ms (291474 clock ticks): Satellite Control MON STOPS RUNNING!

@950.0ms (304000 clock ticks): Comparator STARTS RUNNING!
@951.2ms (304384 clock ticks): Comparator STOPS RUNNING!

@990.3000000000001ms (316896 clock ticks): I2C_Storage1 STOPS RUNNING!

@1000.0ms (320000 clock ticks): Supervisor STARTS RUNNING!
@1000.0ms (320000 clock ticks): SPW_payload_driver STARTS RUNNING!
@1000.0ms (320000 clock ticks): SPW_Acquisition1 STARTS RUNNING!
@1000.5625ms (320180 clock ticks): Satellite Control COM STARTS RUNNING!
@1000.6187500000001ms (320198 clock ticks): Satellite Control MON STARTS RUNNING!
@1001.2906250000001ms (320413 clock ticks): SPW_payload_driver STOPS RUNNING!

@1002.3000000000001ms (320736 clock ticks): Supervisor STOPS RUNNING!

@1010.8062500000001ms (323458 clock ticks): Satellite Control COM STOPS RUNNING!

@1010.88125ms (323482 clock ticks): Satellite Control MON STOPS RUNNING!

@1040.0ms (332800 clock ticks): SPW_Acquisition2 STARTS RUNNING!
@1050.0ms (336000 clock ticks): Comparator STARTS RUNNING!
@1051.2ms (336384 clock ticks): Comparator STOPS RUNNING!

@1100.0ms (352000 clock ticks): Supervisor STARTS RUNNING!
@1100.0ms (352000 clock ticks): I2C_Storage2 STARTS RUNNING!
@1100.5875ms (352188 clock ticks): Satellite Control COM STARTS RUNNING!
@1100.6375ms (352204 clock ticks): Satellite Control MON STARTS RUNNING!
@1102.2ms (352704 clock ticks): Supervisor STOPS RUNNING!

@1105.0ms (353600 clock ticks): SPW_Acquisition1 STOPS RUNNING!

@1110.909375ms (355491 clock ticks): Satellite Control COM STOPS RUNNING!

@1110.934375ms (355499 clock ticks): Satellite Control MON STOPS RUNNING!

@1145.0ms (366400 clock ticks): SPW_Acquisition2 STOPS RUNNING!

@1150.0ms (368000 clock ticks): Comparator STARTS RUNNING!
@1151.2ms (368384 clock ticks): Comparator STOPS RUNNING!

@1190.3ms (380896 clock ticks): I2C_Storage2 STOPS RUNNING!

@1200.0ms (384000 clock ticks): Supervisor STARTS RUNNING!
@1200.0ms (384000 clock ticks): FFT1 STARTS RUNNING!
@1200.6625000000001ms (384212 clock ticks): Satellite Control COM STARTS RUNNING!
@1200.684375ms (384219 clock ticks): Satellite Control MON STARTS RUNNING!
@1202.3343750000001ms (384747 clock ticks): Supervisor STOPS RUNNING!

@1211.040625ms (387533 clock ticks): Satellite Control COM STOPS RUNNING!

@1211.11875ms (387558 clock ticks): Satellite Control MON STOPS RUNNING!


/**********************

*     simulation ends      *

**********************/

