@0.0ms (0 clock ticks): SPW_Acquisition1 STARTS RUNNING!
@0.0ms (0 clock ticks): SPW_payload_driver STARTS RUNNING!
@1.2000000000000002ms (384 clock ticks): SPW_payload_driver STOPS RUNNING!

@20.0ms (6400 clock ticks): SPW_Acquisition2 STARTS RUNNING!
@100.0ms (32000 clock ticks): Satellite Control COM STARTS RUNNING!
@100.0ms (32000 clock ticks): Satellite Control MON STARTS RUNNING!
@105.0ms (33600 clock ticks): SPW_Acquisition1 STOPS RUNNING!

@110.39375000000001ms (35326 clock ticks): Satellite Control COM STOPS RUNNING!

@110.39687500000001ms (35327 clock ticks): Satellite Control MON STOPS RUNNING!

@125.0ms (40000 clock ticks): SPW_Acquisition2 STOPS RUNNING!

@150.0ms (48000 clock ticks): Comparator STARTS RUNNING!
@151.20000000000002ms (48384 clock ticks): Comparator STOPS RUNNING!

@200.0ms (64000 clock ticks): Supervisor STARTS RUNNING!
@200.0ms (64000 clock ticks): FFT1 STARTS RUNNING!
@200.09375ms (64030 clock ticks): Satellite Control COM STARTS RUNNING!
@200.10000000000002ms (64032 clock ticks): Satellite Control MON STARTS RUNNING!
@202.45937500000002ms (64787 clock ticks): Supervisor STOPS RUNNING!

@210.6125ms (67396 clock ticks): Satellite Control COM STOPS RUNNING!

@210.659375ms (67411 clock ticks): Satellite Control MON STOPS RUNNING!

@250.0ms (80000 clock ticks): Comparator STARTS RUNNING!
@251.20000000000002ms (80384 clock ticks): Comparator STOPS RUNNING!

@300.0ms (96000 clock ticks): Supervisor STARTS RUNNING!
@300.0ms (96000 clock ticks): FFT2 STARTS RUNNING!
@300.146875ms (96047 clock ticks): Satellite Control COM STARTS RUNNING!
@300.16562500000003ms (96053 clock ticks): Satellite Control MON STARTS RUNNING!
@302.465625ms (96789 clock ticks): Supervisor STOPS RUNNING!

@310.640625ms (99405 clock ticks): Satellite Control COM STOPS RUNNING!

@310.68125000000003ms (99418 clock ticks): Satellite Control MON STOPS RUNNING!

@350.0ms (112000 clock ticks): Comparator STARTS RUNNING!
@351.20000000000005ms (112384 clock ticks): Comparator STOPS RUNNING!

@400.0ms (128000 clock ticks): Supervisor STARTS RUNNING!
@400.20625ms (128066 clock ticks): Satellite Control COM STARTS RUNNING!
@400.24375000000003ms (128078 clock ticks): Satellite Control MON STARTS RUNNING!
@402.20000000000005ms (128704 clock ticks): Supervisor STOPS RUNNING!

@410.50937500000003ms (131363 clock ticks): Satellite Control COM STOPS RUNNING!

@410.55625000000003ms (131378 clock ticks): Satellite Control MON STOPS RUNNING!

@450.0ms (144000 clock ticks): Comparator STARTS RUNNING!
@451.20000000000005ms (144384 clock ticks): Comparator STOPS RUNNING!

@500.0ms (160000 clock ticks): Supervisor STARTS RUNNING!
@500.25937500000003ms (160083 clock ticks): Satellite Control COM STARTS RUNNING!
@500.29375000000005ms (160094 clock ticks): Satellite Control MON STARTS RUNNING!
@502.20000000000005ms (160704 clock ticks): Supervisor STOPS RUNNING!

@510.64375ms (163406 clock ticks): Satellite Control COM STOPS RUNNING!

@510.65312500000005ms (163409 clock ticks): Satellite Control MON STOPS RUNNING!

@550.0ms (176000 clock ticks): Comparator STARTS RUNNING!
@551.2ms (176384 clock ticks): Comparator STOPS RUNNING!

@565.6ms (180992 clock ticks): FFT1 STOPS RUNNING!

@600.0ms (192000 clock ticks): Supervisor STARTS RUNNING!
@600.35ms (192112 clock ticks): Satellite Control COM STARTS RUNNING!
@600.38125ms (192122 clock ticks): Satellite Control MON STARTS RUNNING!
@602.2ms (192704 clock ticks): Supervisor STOPS RUNNING!

@610.7218750000001ms (195431 clock ticks): Satellite Control COM STOPS RUNNING!

@610.7375000000001ms (195436 clock ticks): Satellite Control MON STOPS RUNNING!

@650.0ms (208000 clock ticks): Comparator STARTS RUNNING!
@651.2ms (208384 clock ticks): Comparator STOPS RUNNING!

@665.6ms (212992 clock ticks): FFT2 STOPS RUNNING!

@700.0ms (224000 clock ticks): Supervisor STARTS RUNNING!
@700.434375ms (224139 clock ticks): Satellite Control COM STARTS RUNNING!
@700.46875ms (224150 clock ticks): Satellite Control MON STARTS RUNNING!
@702.2ms (224704 clock ticks): Supervisor STOPS RUNNING!

@710.709375ms (227427 clock ticks): Satellite Control COM STOPS RUNNING!

@710.78125ms (227450 clock ticks): Satellite Control MON STOPS RUNNING!

@750.0ms (240000 clock ticks): Comparator STARTS RUNNING!
@751.2ms (240384 clock ticks): Comparator STOPS RUNNING!

@800.0ms (256000 clock ticks): Supervisor STARTS RUNNING!
@800.4625000000001ms (256148 clock ticks): Satellite Control COM STARTS RUNNING!
@800.515625ms (256165 clock ticks): Satellite Control MON STARTS RUNNING!
@802.2ms (256704 clock ticks): Supervisor STOPS RUNNING!

@810.840625ms (259469 clock ticks): Satellite Control COM STOPS RUNNING!

@810.85ms (259472 clock ticks): Satellite Control MON STOPS RUNNING!

@850.0ms (272000 clock ticks): Comparator STARTS RUNNING!
@851.2ms (272384 clock ticks): Comparator STOPS RUNNING!

@900.0ms (288000 clock ticks): Supervisor STARTS RUNNING!
@900.0ms (288000 clock ticks): I2C_Storage1 STARTS RUNNING!
@900.553125ms (288177 clock ticks): Satellite Control COM STARTS RUNNING!
@900.590625ms (288189 clock ticks): Satellite Control MON STARTS RUNNING!
@902.2ms (288704 clock ticks): Supervisor STOPS RUNNING!

@910.809375ms (291459 clock ticks): Satellite Control COM STOPS RUNNING!

@910.8937500000001ms (291486 clock ticks): Satellite Control MON STOPS RUNNING!

@950.0ms (304000 clock ticks): Comparator STARTS RUNNING!
@951.2ms (304384 clock ticks): Comparator STOPS RUNNING!

@990.3000000000001ms (316896 clock ticks): I2C_Storage1 STOPS RUNNING!

@1000.0ms (320000 clock ticks): SPW_Acquisition1 STARTS RUNNING!
@1000.0ms (320000 clock ticks): Supervisor STARTS RUNNING!
@1000.0ms (320000 clock ticks): SPW_payload_driver STARTS RUNNING!
@1000.56875ms (320182 clock ticks): Satellite Control COM STARTS RUNNING!
@1000.621875ms (320199 clock ticks): Satellite Control MON STARTS RUNNING!
@1001.2843750000001ms (320411 clock ticks): SPW_payload_driver STOPS RUNNING!

@1002.3000000000001ms (320736 clock ticks): Supervisor STOPS RUNNING!

@1010.825ms (323464 clock ticks): Satellite Control COM STOPS RUNNING!

@1010.896875ms (323487 clock ticks): Satellite Control MON STOPS RUNNING!

@1020.0ms (326400 clock ticks): SPW_Acquisition2 STARTS RUNNING!
@1050.0ms (336000 clock ticks): Comparator STARTS RUNNING!
@1051.2ms (336384 clock ticks): Comparator STOPS RUNNING!

@1100.0ms (352000 clock ticks): Supervisor STARTS RUNNING!
@1100.0ms (352000 clock ticks): I2C_Storage2 STARTS RUNNING!
@1100.596875ms (352191 clock ticks): Satellite Control COM STARTS RUNNING!
@1100.64375ms (352206 clock ticks): Satellite Control MON STARTS RUNNING!
@1102.2ms (352704 clock ticks): Supervisor STOPS RUNNING!

@1105.0ms (353600 clock ticks): SPW_Acquisition1 STOPS RUNNING!

@1110.8625ms (355476 clock ticks): Satellite Control COM STOPS RUNNING!

@1110.925ms (355496 clock ticks): Satellite Control MON STOPS RUNNING!

@1125.0ms (360000 clock ticks): SPW_Acquisition2 STOPS RUNNING!

@1150.0ms (368000 clock ticks): Comparator STARTS RUNNING!
@1151.2ms (368384 clock ticks): Comparator STOPS RUNNING!

@1190.3ms (380896 clock ticks): I2C_Storage2 STOPS RUNNING!

@1200.0ms (384000 clock ticks): Supervisor STARTS RUNNING!
@1200.0ms (384000 clock ticks): FFT1 STARTS RUNNING!
@1200.634375ms (384203 clock ticks): Satellite Control COM STARTS RUNNING!
@1200.671875ms (384215 clock ticks): Satellite Control MON STARTS RUNNING!
@1202.309375ms (384739 clock ticks): Supervisor STOPS RUNNING!

@1210.978125ms (387513 clock ticks): Satellite Control COM STOPS RUNNING!

@1211.065625ms (387541 clock ticks): Satellite Control MON STOPS RUNNING!


/**********************

*     simulation ends      *

**********************/

