@0.0ms (0 clock ticks): SPW_Acquisition1 STARTS RUNNING!
@0.0ms (0 clock ticks): SPW_payload_driver STARTS RUNNING!
@1.2000000000000002ms (384 clock ticks): SPW_payload_driver STOPS RUNNING!

@20.0ms (6400 clock ticks): SPW_Acquisition2 STARTS RUNNING!
@100.0ms (32000 clock ticks): Satellite Control MON STARTS RUNNING!
@100.0ms (32000 clock ticks): Satellite Control COM STARTS RUNNING!
@105.0ms (33600 clock ticks): SPW_Acquisition1 STOPS RUNNING!

@110.321875ms (35303 clock ticks): Satellite Control MON STOPS RUNNING!

@110.371875ms (35319 clock ticks): Satellite Control COM STOPS RUNNING!

@125.0ms (40000 clock ticks): SPW_Acquisition2 STOPS RUNNING!

@150.0ms (48000 clock ticks): Comparator STARTS RUNNING!
@151.20000000000002ms (48384 clock ticks): Comparator STOPS RUNNING!

@200.0ms (64000 clock ticks): FFT1 STARTS RUNNING!
@200.0ms (64000 clock ticks): FFT2 STARTS RUNNING!
@200.0ms (64000 clock ticks): Supervisor STARTS RUNNING!
@200.05ms (64016 clock ticks): Satellite Control MON STARTS RUNNING!
@200.071875ms (64023 clock ticks): Satellite Control COM STARTS RUNNING!
@202.603125ms (64833 clock ticks): Supervisor STOPS RUNNING!

@210.5875ms (67388 clock ticks): Satellite Control MON STOPS RUNNING!

@210.68125ms (67418 clock ticks): Satellite Control COM STOPS RUNNING!

@250.0ms (80000 clock ticks): Comparator STARTS RUNNING!
@251.20000000000002ms (80384 clock ticks): Comparator STOPS RUNNING!

@300.0ms (96000 clock ticks): Supervisor STARTS RUNNING!
@300.05ms (96016 clock ticks): Satellite Control MON STARTS RUNNING!
@300.07187500000003ms (96023 clock ticks): Satellite Control COM STARTS RUNNING!
@302.265625ms (96725 clock ticks): Supervisor STOPS RUNNING!

@310.475ms (99352 clock ticks): Satellite Control MON STOPS RUNNING!

@310.490625ms (99357 clock ticks): Satellite Control COM STOPS RUNNING!

@350.0ms (112000 clock ticks): Comparator STARTS RUNNING!
@351.20000000000005ms (112384 clock ticks): Comparator STOPS RUNNING!

@400.0ms (128000 clock ticks): Supervisor STARTS RUNNING!
@400.13437500000003ms (128043 clock ticks): Satellite Control MON STARTS RUNNING!
@400.1625ms (128052 clock ticks): Satellite Control COM STARTS RUNNING!
@402.20000000000005ms (128704 clock ticks): Supervisor STOPS RUNNING!

@410.52500000000003ms (131368 clock ticks): Satellite Control MON STOPS RUNNING!

@410.52812500000005ms (131369 clock ticks): Satellite Control COM STOPS RUNNING!

@450.0ms (144000 clock ticks): Comparator STARTS RUNNING!
@451.20000000000005ms (144384 clock ticks): Comparator STOPS RUNNING!

@500.0ms (160000 clock ticks): Supervisor STARTS RUNNING!
@500.21250000000003ms (160068 clock ticks): Satellite Control MON STARTS RUNNING!
@500.26250000000005ms (160084 clock ticks): Satellite Control COM STARTS RUNNING!
@502.20000000000005ms (160704 clock ticks): Supervisor STOPS RUNNING!

@510.49375000000003ms (163358 clock ticks): Satellite Control MON STOPS RUNNING!

@510.565625ms (163381 clock ticks): Satellite Control COM STOPS RUNNING!

@550.0ms (176000 clock ticks): Comparator STARTS RUNNING!
@551.2ms (176384 clock ticks): Comparator STOPS RUNNING!

@580.3875ms (185724 clock ticks): FFT1 STOPS RUNNING!

@580.634375ms (185803 clock ticks): FFT2 STOPS RUNNING!

@600.0ms (192000 clock ticks): Supervisor STARTS RUNNING!
@600.240625ms (192077 clock ticks): Satellite Control MON STARTS RUNNING!
@600.3125ms (192100 clock ticks): Satellite Control COM STARTS RUNNING!
@602.2ms (192704 clock ticks): Supervisor STOPS RUNNING!

@610.55625ms (195378 clock ticks): Satellite Control MON STOPS RUNNING!

@610.603125ms (195393 clock ticks): Satellite Control COM STOPS RUNNING!

@650.0ms (208000 clock ticks): Comparator STARTS RUNNING!
@651.2ms (208384 clock ticks): Comparator STOPS RUNNING!

@700.0ms (224000 clock ticks): Supervisor STARTS RUNNING!
@700.29375ms (224094 clock ticks): Satellite Control MON STARTS RUNNING!
@700.371875ms (224119 clock ticks): Satellite Control COM STARTS RUNNING!
@702.2ms (224704 clock ticks): Supervisor STOPS RUNNING!

@710.515625ms (227365 clock ticks): Satellite Control MON STOPS RUNNING!

@710.6ms (227392 clock ticks): Satellite Control COM STOPS RUNNING!

@750.0ms (240000 clock ticks): Comparator STARTS RUNNING!
@751.2ms (240384 clock ticks): Comparator STOPS RUNNING!

@800.0ms (256000 clock ticks): Supervisor STARTS RUNNING!
@800.309375ms (256099 clock ticks): Satellite Control MON STARTS RUNNING!
@800.3781250000001ms (256121 clock ticks): Satellite Control COM STARTS RUNNING!
@802.2ms (256704 clock ticks): Supervisor STOPS RUNNING!

@810.5625ms (259380 clock ticks): Satellite Control MON STOPS RUNNING!

@810.63125ms (259402 clock ticks): Satellite Control COM STOPS RUNNING!

@850.0ms (272000 clock ticks): Comparator STARTS RUNNING!
@851.2ms (272384 clock ticks): Comparator STOPS RUNNING!

@900.0ms (288000 clock ticks): Supervisor STARTS RUNNING!
@900.0ms (288000 clock ticks): I2C_Storage1 STARTS RUNNING!
@900.340625ms (288109 clock ticks): Satellite Control MON STARTS RUNNING!
@900.4000000000001ms (288128 clock ticks): Satellite Control COM STARTS RUNNING!
@902.2ms (288704 clock ticks): Supervisor STOPS RUNNING!

@910.5875000000001ms (291388 clock ticks): Satellite Control MON STOPS RUNNING!

@910.66875ms (291414 clock ticks): Satellite Control COM STOPS RUNNING!

@950.0ms (304000 clock ticks): Comparator STARTS RUNNING!
@951.2ms (304384 clock ticks): Comparator STOPS RUNNING!

@990.3000000000001ms (316896 clock ticks): I2C_Storage1 STOPS RUNNING!

@1000.0ms (320000 clock ticks): Supervisor STARTS RUNNING!
@1000.0ms (320000 clock ticks): SPW_Acquisition1 STARTS RUNNING!
@1000.0ms (320000 clock ticks): SPW_payload_driver STARTS RUNNING!
@1000.359375ms (320115 clock ticks): Satellite Control MON STARTS RUNNING!
@1000.428125ms (320137 clock ticks): Satellite Control COM STARTS RUNNING!
@1001.265625ms (320405 clock ticks): SPW_payload_driver STOPS RUNNING!

@1002.3000000000001ms (320736 clock ticks): Supervisor STOPS RUNNING!

@1010.6187500000001ms (323398 clock ticks): Satellite Control MON STOPS RUNNING!

@1010.6875ms (323420 clock ticks): Satellite Control COM STOPS RUNNING!

@1020.0ms (326400 clock ticks): SPW_Acquisition2 STARTS RUNNING!
@1050.0ms (336000 clock ticks): Comparator STARTS RUNNING!
@1051.2ms (336384 clock ticks): Comparator STOPS RUNNING!

@1100.0ms (352000 clock ticks): Supervisor STARTS RUNNING!
@1100.0ms (352000 clock ticks): I2C_Storage2 STARTS RUNNING!
@1100.390625ms (352125 clock ticks): Satellite Control MON STARTS RUNNING!
@1100.446875ms (352143 clock ticks): Satellite Control COM STARTS RUNNING!
@1102.2ms (352704 clock ticks): Supervisor STOPS RUNNING!

@1105.0ms (353600 clock ticks): SPW_Acquisition1 STOPS RUNNING!

@1110.6625000000001ms (355412 clock ticks): Satellite Control MON STOPS RUNNING!

@1110.73125ms (355434 clock ticks): Satellite Control COM STOPS RUNNING!

@1125.0ms (360000 clock ticks): SPW_Acquisition2 STOPS RUNNING!

@1150.0ms (368000 clock ticks): Comparator STARTS RUNNING!
@1151.2ms (368384 clock ticks): Comparator STOPS RUNNING!

@1190.3ms (380896 clock ticks): I2C_Storage2 STOPS RUNNING!

@1200.0ms (384000 clock ticks): Supervisor STARTS RUNNING!
@1200.034375ms (384011 clock ticks): FFT2 STARTS RUNNING!
@1200.0531250000001ms (384017 clock ticks): FFT1 STARTS RUNNING!
@1200.421875ms (384135 clock ticks): Satellite Control MON STARTS RUNNING!
@1200.48125ms (384154 clock ticks): Satellite Control COM STARTS RUNNING!
@1202.290625ms (384733 clock ticks): Supervisor STOPS RUNNING!

@1211.0062500000001ms (387522 clock ticks): Satellite Control MON STOPS RUNNING!

@1211.034375ms (387531 clock ticks): Satellite Control COM STOPS RUNNING!


/**********************

*     simulation ends      *

**********************/

