@0.0ms (0 clock ticks): SPW_Acquisition1 STARTS RUNNING!
@0.0ms (0 clock ticks): SPW_payload_driver STARTS RUNNING!
@1.2000000000000002ms (384 clock ticks): SPW_payload_driver STOPS RUNNING!

@100.0ms (32000 clock ticks): SPW_Acquisition2 STARTS RUNNING!
@100.0ms (32000 clock ticks): Satellite Control COM STARTS RUNNING!
@100.0ms (32000 clock ticks): Satellite Control MON STARTS RUNNING!
@105.0ms (33600 clock ticks): SPW_Acquisition1 STOPS RUNNING!

@110.359375ms (35315 clock ticks): Satellite Control MON STOPS RUNNING!

@110.390625ms (35325 clock ticks): Satellite Control COM STOPS RUNNING!

@150.0ms (48000 clock ticks): Comparator STARTS RUNNING!
@151.20000000000002ms (48384 clock ticks): Comparator STOPS RUNNING!

@200.0ms (64000 clock ticks): FFT1 STARTS RUNNING!
@200.0ms (64000 clock ticks): Supervisor STARTS RUNNING!
@200.06875000000002ms (64022 clock ticks): Satellite Control MON STARTS RUNNING!
@200.0875ms (64028 clock ticks): Satellite Control COM STARTS RUNNING!
@202.409375ms (64771 clock ticks): Supervisor STOPS RUNNING!

@205.0ms (65600 clock ticks): SPW_Acquisition2 STOPS RUNNING!

@210.503125ms (67361 clock ticks): Satellite Control COM STOPS RUNNING!

@210.58437500000002ms (67387 clock ticks): Satellite Control MON STOPS RUNNING!

@250.0ms (80000 clock ticks): Comparator STARTS RUNNING!
@251.20000000000002ms (80384 clock ticks): Comparator STOPS RUNNING!

@260.0ms (83200 clock ticks): FFT2 STARTS RUNNING!
@300.0ms (96000 clock ticks): Supervisor STARTS RUNNING!
@300.078125ms (96025 clock ticks): Satellite Control MON STARTS RUNNING!
@300.10625ms (96034 clock ticks): Satellite Control COM STARTS RUNNING!
@302.225ms (96712 clock ticks): Supervisor STOPS RUNNING!

@310.453125ms (99345 clock ticks): Satellite Control MON STOPS RUNNING!

@310.48125000000005ms (99354 clock ticks): Satellite Control COM STOPS RUNNING!

@350.0ms (112000 clock ticks): Comparator STARTS RUNNING!
@351.20000000000005ms (112384 clock ticks): Comparator STOPS RUNNING!

@400.0ms (128000 clock ticks): Supervisor STARTS RUNNING!
@400.15000000000003ms (128048 clock ticks): Satellite Control MON STARTS RUNNING!
@400.175ms (128056 clock ticks): Satellite Control COM STARTS RUNNING!
@402.20000000000005ms (128704 clock ticks): Supervisor STOPS RUNNING!

@410.48125000000005ms (131354 clock ticks): Satellite Control MON STOPS RUNNING!

@410.515625ms (131365 clock ticks): Satellite Control COM STOPS RUNNING!

@450.0ms (144000 clock ticks): Comparator STARTS RUNNING!
@451.20000000000005ms (144384 clock ticks): Comparator STOPS RUNNING!

@500.0ms (160000 clock ticks): Supervisor STARTS RUNNING!
@500.21562500000005ms (160069 clock ticks): Satellite Control MON STARTS RUNNING!
@500.22812500000003ms (160073 clock ticks): Satellite Control COM STARTS RUNNING!
@502.20000000000005ms (160704 clock ticks): Supervisor STOPS RUNNING!

@510.55625000000003ms (163378 clock ticks): Satellite Control COM STOPS RUNNING!

@510.59375ms (163390 clock ticks): Satellite Control MON STOPS RUNNING!

@550.0ms (176000 clock ticks): Comparator STARTS RUNNING!
@551.2ms (176384 clock ticks): Comparator STOPS RUNNING!

@565.6ms (180992 clock ticks): FFT1 STOPS RUNNING!

@600.0ms (192000 clock ticks): Supervisor STARTS RUNNING!
@600.290625ms (192093 clock ticks): Satellite Control COM STARTS RUNNING!
@600.29375ms (192094 clock ticks): Satellite Control MON STARTS RUNNING!
@602.2ms (192704 clock ticks): Supervisor STOPS RUNNING!

@610.634375ms (195403 clock ticks): Satellite Control COM STOPS RUNNING!

@610.653125ms (195409 clock ticks): Satellite Control MON STOPS RUNNING!

@625.3000000000001ms (200096 clock ticks): FFT2 STOPS RUNNING!

@650.0ms (208000 clock ticks): Comparator STARTS RUNNING!
@651.2ms (208384 clock ticks): Comparator STOPS RUNNING!

@700.0ms (224000 clock ticks): Supervisor STARTS RUNNING!
@700.35625ms (224114 clock ticks): Satellite Control MON STARTS RUNNING!
@700.371875ms (224119 clock ticks): Satellite Control COM STARTS RUNNING!
@702.2ms (224704 clock ticks): Supervisor STOPS RUNNING!

@710.6500000000001ms (227408 clock ticks): Satellite Control MON STOPS RUNNING!

@710.7062500000001ms (227426 clock ticks): Satellite Control COM STOPS RUNNING!

@750.0ms (240000 clock ticks): Comparator STARTS RUNNING!
@751.2ms (240384 clock ticks): Comparator STOPS RUNNING!

@800.0ms (256000 clock ticks): Supervisor STARTS RUNNING!
@800.4000000000001ms (256128 clock ticks): Satellite Control MON STARTS RUNNING!
@800.4093750000001ms (256131 clock ticks): Satellite Control COM STARTS RUNNING!
@802.2ms (256704 clock ticks): Supervisor STOPS RUNNING!

@810.7843750000001ms (259451 clock ticks): Satellite Control COM STOPS RUNNING!

@810.7906250000001ms (259453 clock ticks): Satellite Control MON STOPS RUNNING!

@850.0ms (272000 clock ticks): Comparator STARTS RUNNING!
@851.2ms (272384 clock ticks): Comparator STOPS RUNNING!

@900.0ms (288000 clock ticks): Supervisor STARTS RUNNING!
@900.0ms (288000 clock ticks): I2C_Storage1 STARTS RUNNING!
@900.4875000000001ms (288156 clock ticks): Satellite Control MON STARTS RUNNING!
@900.5031250000001ms (288161 clock ticks): Satellite Control COM STARTS RUNNING!
@902.2ms (288704 clock ticks): Supervisor STOPS RUNNING!

@910.88125ms (291482 clock ticks): Satellite Control COM STOPS RUNNING!

@910.8843750000001ms (291483 clock ticks): Satellite Control MON STOPS RUNNING!

@950.0ms (304000 clock ticks): Comparator STARTS RUNNING!
@951.2ms (304384 clock ticks): Comparator STOPS RUNNING!

@990.3000000000001ms (316896 clock ticks): I2C_Storage1 STOPS RUNNING!

@1000.0ms (320000 clock ticks): Supervisor STARTS RUNNING!
@1000.0ms (320000 clock ticks): SPW_Acquisition1 STARTS RUNNING!
@1000.0ms (320000 clock ticks): SPW_payload_driver STARTS RUNNING!
@1000.584375ms (320187 clock ticks): Satellite Control MON STARTS RUNNING!
@1000.6ms (320192 clock ticks): Satellite Control COM STARTS RUNNING!
@1001.28125ms (320410 clock ticks): SPW_payload_driver STOPS RUNNING!

@1002.3000000000001ms (320736 clock ticks): Supervisor STOPS RUNNING!

@1010.896875ms (323487 clock ticks): Satellite Control COM STOPS RUNNING!

@1010.959375ms (323507 clock ticks): Satellite Control MON STOPS RUNNING!

@1050.0ms (336000 clock ticks): Comparator STARTS RUNNING!
@1051.2ms (336384 clock ticks): Comparator STOPS RUNNING!

@1100.0ms (352000 clock ticks): Supervisor STARTS RUNNING!
@1100.0ms (352000 clock ticks): SPW_Acquisition2 STARTS RUNNING!
@1100.0ms (352000 clock ticks): I2C_Storage2 STARTS RUNNING!
@1100.6375ms (352204 clock ticks): Satellite Control COM STARTS RUNNING!
@1100.653125ms (352209 clock ticks): Satellite Control MON STARTS RUNNING!
@1102.2ms (352704 clock ticks): Supervisor STOPS RUNNING!

@1105.0ms (353600 clock ticks): SPW_Acquisition1 STOPS RUNNING!

@1110.91875ms (355494 clock ticks): Satellite Control COM STOPS RUNNING!

@1110.9750000000001ms (355512 clock ticks): Satellite Control MON STOPS RUNNING!

@1150.0ms (368000 clock ticks): Comparator STARTS RUNNING!
@1151.2ms (368384 clock ticks): Comparator STOPS RUNNING!

@1190.3ms (380896 clock ticks): I2C_Storage2 STOPS RUNNING!

@1200.0ms (384000 clock ticks): FFT1 STARTS RUNNING!
@1200.0ms (384000 clock ticks): Supervisor STARTS RUNNING!
@1200.6781250000001ms (384217 clock ticks): Satellite Control MON STARTS RUNNING!
@1200.68125ms (384218 clock ticks): Satellite Control COM STARTS RUNNING!
@1202.359375ms (384755 clock ticks): Supervisor STOPS RUNNING!

@1205.0ms (385600 clock ticks): SPW_Acquisition2 STOPS RUNNING!

@1211.1468750000001ms (387567 clock ticks): Satellite Control COM STOPS RUNNING!

@1211.171875ms (387575 clock ticks): Satellite Control MON STOPS RUNNING!


/**********************

*     simulation ends      *

**********************/

