@0.0ms (0 clock ticks): SPW_Acquisition1 STARTS RUNNING!
@0.0ms (0 clock ticks): SPW_payload_driver STARTS RUNNING!
@1.2000000000000002ms (384 clock ticks): SPW_payload_driver STOPS RUNNING!

@100.0ms (32000 clock ticks): Satellite Control COM STARTS RUNNING!
@100.0ms (32000 clock ticks): Satellite Control MON STARTS RUNNING!
@100.0ms (32000 clock ticks): SPW_Acquisition2 STARTS RUNNING!
@105.0ms (33600 clock ticks): SPW_Acquisition1 STOPS RUNNING!

@110.384375ms (35323 clock ticks): Satellite Control COM STOPS RUNNING!

@110.390625ms (35325 clock ticks): Satellite Control MON STOPS RUNNING!

@150.0ms (48000 clock ticks): Comparator STARTS RUNNING!
@151.20000000000002ms (48384 clock ticks): Comparator STOPS RUNNING!

@200.0ms (64000 clock ticks): Supervisor STARTS RUNNING!
@200.0ms (64000 clock ticks): FFT1 STARTS RUNNING!
@200.09062500000002ms (64029 clock ticks): Satellite Control MON STARTS RUNNING!
@200.09375ms (64030 clock ticks): Satellite Control COM STARTS RUNNING!
@202.27812500000002ms (64729 clock ticks): Supervisor STOPS RUNNING!

@205.0ms (65600 clock ticks): SPW_Acquisition2 STOPS RUNNING!

@210.55312500000002ms (67377 clock ticks): Satellite Control MON STOPS RUNNING!

@210.578125ms (67385 clock ticks): Satellite Control COM STOPS RUNNING!

@250.0ms (80000 clock ticks): Comparator STARTS RUNNING!
@251.20000000000002ms (80384 clock ticks): Comparator STOPS RUNNING!

@300.0ms (96000 clock ticks): Supervisor STARTS RUNNING!
@300.16562500000003ms (96053 clock ticks): Satellite Control MON STARTS RUNNING!
@300.171875ms (96055 clock ticks): Satellite Control COM STARTS RUNNING!
@302.2ms (96704 clock ticks): Supervisor STOPS RUNNING!

@310.5ms (99360 clock ticks): Satellite Control MON STOPS RUNNING!

@310.54062500000003ms (99373 clock ticks): Satellite Control COM STOPS RUNNING!

@340.0ms (108800 clock ticks): FFT2 STARTS RUNNING!
@350.0ms (112000 clock ticks): Comparator STARTS RUNNING!
@351.34062500000005ms (112429 clock ticks): Comparator STOPS RUNNING!

@400.0ms (128000 clock ticks): Supervisor STARTS RUNNING!
@400.225ms (128072 clock ticks): Satellite Control MON STARTS RUNNING!
@400.240625ms (128077 clock ticks): Satellite Control COM STARTS RUNNING!
@402.20000000000005ms (128704 clock ticks): Supervisor STOPS RUNNING!

@410.546875ms (131375 clock ticks): Satellite Control MON STOPS RUNNING!

@410.59062500000005ms (131389 clock ticks): Satellite Control COM STOPS RUNNING!

@450.0ms (144000 clock ticks): Comparator STARTS RUNNING!
@451.20000000000005ms (144384 clock ticks): Comparator STOPS RUNNING!

@500.0ms (160000 clock ticks): Supervisor STARTS RUNNING!
@500.28125ms (160090 clock ticks): Satellite Control MON STARTS RUNNING!
@500.30625000000003ms (160098 clock ticks): Satellite Control COM STARTS RUNNING!
@502.20000000000005ms (160704 clock ticks): Supervisor STOPS RUNNING!

@510.61875000000003ms (163398 clock ticks): Satellite Control MON STOPS RUNNING!

@510.646875ms (163407 clock ticks): Satellite Control COM STOPS RUNNING!

@550.0ms (176000 clock ticks): Comparator STARTS RUNNING!
@551.2ms (176384 clock ticks): Comparator STOPS RUNNING!

@565.6ms (180992 clock ticks): FFT1 STOPS RUNNING!

@600.0ms (192000 clock ticks): Supervisor STARTS RUNNING!
@600.353125ms (192113 clock ticks): Satellite Control MON STARTS RUNNING!
@600.371875ms (192119 clock ticks): Satellite Control COM STARTS RUNNING!
@602.2ms (192704 clock ticks): Supervisor STOPS RUNNING!

@610.65625ms (195410 clock ticks): Satellite Control MON STOPS RUNNING!

@610.709375ms (195427 clock ticks): Satellite Control COM STOPS RUNNING!

@650.0ms (208000 clock ticks): Comparator STARTS RUNNING!
@651.2ms (208384 clock ticks): Comparator STOPS RUNNING!

@700.0ms (224000 clock ticks): Supervisor STARTS RUNNING!
@700.4000000000001ms (224128 clock ticks): Satellite Control MON STARTS RUNNING!
@700.4250000000001ms (224136 clock ticks): Satellite Control COM STARTS RUNNING!
@702.2ms (224704 clock ticks): Supervisor STOPS RUNNING!

@705.4000000000001ms (225728 clock ticks): FFT2 STOPS RUNNING!

@710.7062500000001ms (227426 clock ticks): Satellite Control MON STOPS RUNNING!

@710.7531250000001ms (227441 clock ticks): Satellite Control COM STOPS RUNNING!

@750.0ms (240000 clock ticks): Comparator STARTS RUNNING!
@751.2ms (240384 clock ticks): Comparator STOPS RUNNING!

@800.0ms (256000 clock ticks): Supervisor STARTS RUNNING!
@800.453125ms (256145 clock ticks): Satellite Control MON STARTS RUNNING!
@800.4718750000001ms (256151 clock ticks): Satellite Control COM STARTS RUNNING!
@802.2ms (256704 clock ticks): Supervisor STOPS RUNNING!

@810.81875ms (259462 clock ticks): Satellite Control COM STOPS RUNNING!

@810.840625ms (259469 clock ticks): Satellite Control MON STOPS RUNNING!

@850.0ms (272000 clock ticks): Comparator STARTS RUNNING!
@851.2ms (272384 clock ticks): Comparator STOPS RUNNING!

@900.0ms (288000 clock ticks): Supervisor STARTS RUNNING!
@900.0ms (288000 clock ticks): I2C_Storage1 STARTS RUNNING!
@900.5375ms (288172 clock ticks): Satellite Control MON STARTS RUNNING!
@900.5500000000001ms (288176 clock ticks): Satellite Control COM STARTS RUNNING!
@902.2ms (288704 clock ticks): Supervisor STOPS RUNNING!

@910.85625ms (291474 clock ticks): Satellite Control COM STOPS RUNNING!

@910.9125ms (291492 clock ticks): Satellite Control MON STOPS RUNNING!

@950.0ms (304000 clock ticks): Comparator STARTS RUNNING!
@951.2ms (304384 clock ticks): Comparator STOPS RUNNING!

@990.3000000000001ms (316896 clock ticks): I2C_Storage1 STOPS RUNNING!

@1000.0ms (320000 clock ticks): Supervisor STARTS RUNNING!
@1000.0ms (320000 clock ticks): SPW_Acquisition1 STARTS RUNNING!
@1000.0ms (320000 clock ticks): SPW_payload_driver STARTS RUNNING!
@1000.59375ms (320190 clock ticks): Satellite Control COM STARTS RUNNING!
@1000.609375ms (320195 clock ticks): Satellite Control MON STARTS RUNNING!
@1001.3000000000001ms (320416 clock ticks): SPW_payload_driver STOPS RUNNING!

@1002.2843750000001ms (320731 clock ticks): Supervisor STOPS RUNNING!

@1010.91875ms (323494 clock ticks): Satellite Control MON STOPS RUNNING!

@1010.9781250000001ms (323513 clock ticks): Satellite Control COM STOPS RUNNING!

@1050.0ms (336000 clock ticks): Comparator STARTS RUNNING!
@1051.2ms (336384 clock ticks): Comparator STOPS RUNNING!

@1100.0ms (352000 clock ticks): Supervisor STARTS RUNNING!
@1100.0ms (352000 clock ticks): I2C_Storage2 STARTS RUNNING!
@1100.0ms (352000 clock ticks): SPW_Acquisition2 STARTS RUNNING!
@1100.65ms (352208 clock ticks): Satellite Control MON STARTS RUNNING!
@1100.6625000000001ms (352212 clock ticks): Satellite Control COM STARTS RUNNING!
@1102.2ms (352704 clock ticks): Supervisor STOPS RUNNING!

@1105.0ms (353600 clock ticks): SPW_Acquisition1 STOPS RUNNING!

@1111.009375ms (355523 clock ticks): Satellite Control MON STOPS RUNNING!

@1111.0375000000001ms (355532 clock ticks): Satellite Control COM STOPS RUNNING!

@1150.0ms (368000 clock ticks): Comparator STARTS RUNNING!
@1151.2ms (368384 clock ticks): Comparator STOPS RUNNING!

@1190.3ms (380896 clock ticks): I2C_Storage2 STOPS RUNNING!

@1200.0ms (384000 clock ticks): Supervisor STARTS RUNNING!
@1200.0ms (384000 clock ticks): FFT1 STARTS RUNNING!
@1200.721875ms (384231 clock ticks): Satellite Control MON STARTS RUNNING!
@1200.7250000000001ms (384232 clock ticks): Satellite Control COM STARTS RUNNING!
@1202.259375ms (384723 clock ticks): Supervisor STOPS RUNNING!

@1205.0ms (385600 clock ticks): SPW_Acquisition2 STOPS RUNNING!

@1211.090625ms (387549 clock ticks): Satellite Control COM STOPS RUNNING!

@1211.1625000000001ms (387572 clock ticks): Satellite Control MON STOPS RUNNING!


/**********************

*     simulation ends      *

**********************/

