@0.0ms (0 clock ticks): SPW_Acquisition1 STARTS RUNNING!
@0.0ms (0 clock ticks): SPW_payload_driver STARTS RUNNING!
@1.2000000000000002ms (384 clock ticks): SPW_payload_driver STOPS RUNNING!

@80.0ms (25600 clock ticks): SPW_Acquisition2 STARTS RUNNING!
@100.0ms (32000 clock ticks): Satellite Control COM STARTS RUNNING!
@100.0ms (32000 clock ticks): Satellite Control MON STARTS RUNNING!
@105.0ms (33600 clock ticks): SPW_Acquisition1 STOPS RUNNING!

@110.375ms (35320 clock ticks): Satellite Control COM STOPS RUNNING!

@110.39375000000001ms (35326 clock ticks): Satellite Control MON STOPS RUNNING!

@150.0ms (48000 clock ticks): Comparator STARTS RUNNING!
@151.20000000000002ms (48384 clock ticks): Comparator STOPS RUNNING!

@185.0ms (59200 clock ticks): SPW_Acquisition2 STOPS RUNNING!

@200.0ms (64000 clock ticks): Supervisor STARTS RUNNING!
@200.0ms (64000 clock ticks): FFT1 STARTS RUNNING!
@200.08125ms (64026 clock ticks): Satellite Control COM STARTS RUNNING!
@200.09375ms (64030 clock ticks): Satellite Control MON STARTS RUNNING!
@202.39375ms (64766 clock ticks): Supervisor STOPS RUNNING!

@210.60625000000002ms (67394 clock ticks): Satellite Control MON STOPS RUNNING!

@210.62187500000002ms (67399 clock ticks): Satellite Control COM STOPS RUNNING!

@250.0ms (80000 clock ticks): Comparator STARTS RUNNING!
@251.20000000000002ms (80384 clock ticks): Comparator STOPS RUNNING!

@300.0ms (96000 clock ticks): Supervisor STARTS RUNNING!
@300.16875ms (96054 clock ticks): Satellite Control MON STARTS RUNNING!
@300.18125000000003ms (96058 clock ticks): Satellite Control COM STARTS RUNNING!
@302.2ms (96704 clock ticks): Supervisor STOPS RUNNING!

@310.51875ms (99366 clock ticks): Satellite Control MON STOPS RUNNING!

@310.553125ms (99377 clock ticks): Satellite Control COM STOPS RUNNING!

@340.0ms (108800 clock ticks): FFT2 STARTS RUNNING!
@350.0ms (112000 clock ticks): Comparator STARTS RUNNING!
@351.315625ms (112421 clock ticks): Comparator STOPS RUNNING!

@400.0ms (128000 clock ticks): Supervisor STARTS RUNNING!
@400.234375ms (128075 clock ticks): Satellite Control MON STARTS RUNNING!
@400.265625ms (128085 clock ticks): Satellite Control COM STARTS RUNNING!
@402.20000000000005ms (128704 clock ticks): Supervisor STOPS RUNNING!

@410.553125ms (131377 clock ticks): Satellite Control MON STOPS RUNNING!

@410.58750000000003ms (131388 clock ticks): Satellite Control COM STOPS RUNNING!

@450.0ms (144000 clock ticks): Comparator STARTS RUNNING!
@451.20000000000005ms (144384 clock ticks): Comparator STOPS RUNNING!

@500.0ms (160000 clock ticks): Supervisor STARTS RUNNING!
@500.3ms (160096 clock ticks): Satellite Control MON STARTS RUNNING!
@500.3125ms (160100 clock ticks): Satellite Control COM STARTS RUNNING!
@502.20000000000005ms (160704 clock ticks): Supervisor STOPS RUNNING!

@510.68437500000005ms (163419 clock ticks): Satellite Control COM STOPS RUNNING!

@510.690625ms (163421 clock ticks): Satellite Control MON STOPS RUNNING!

@550.0ms (176000 clock ticks): Comparator STARTS RUNNING!
@551.2ms (176384 clock ticks): Comparator STOPS RUNNING!

@565.6ms (180992 clock ticks): FFT1 STOPS RUNNING!

@600.0ms (192000 clock ticks): Supervisor STARTS RUNNING!
@600.390625ms (192125 clock ticks): Satellite Control MON STARTS RUNNING!
@600.40625ms (192130 clock ticks): Satellite Control COM STARTS RUNNING!
@602.2ms (192704 clock ticks): Supervisor STOPS RUNNING!

@610.7531250000001ms (195441 clock ticks): Satellite Control COM STOPS RUNNING!

@610.7687500000001ms (195446 clock ticks): Satellite Control MON STOPS RUNNING!

@650.0ms (208000 clock ticks): Comparator STARTS RUNNING!
@651.2ms (208384 clock ticks): Comparator STOPS RUNNING!

@700.0ms (224000 clock ticks): Supervisor STARTS RUNNING!
@700.46875ms (224150 clock ticks): Satellite Control MON STARTS RUNNING!
@700.490625ms (224157 clock ticks): Satellite Control COM STARTS RUNNING!
@702.2ms (224704 clock ticks): Supervisor STOPS RUNNING!

@705.4000000000001ms (225728 clock ticks): FFT2 STOPS RUNNING!

@710.8218750000001ms (227463 clock ticks): Satellite Control COM STOPS RUNNING!

@710.859375ms (227475 clock ticks): Satellite Control MON STOPS RUNNING!

@750.0ms (240000 clock ticks): Comparator STARTS RUNNING!
@751.2ms (240384 clock ticks): Comparator STOPS RUNNING!

@800.0ms (256000 clock ticks): Supervisor STARTS RUNNING!
@800.54375ms (256174 clock ticks): Satellite Control COM STARTS RUNNING!
@800.56875ms (256182 clock ticks): Satellite Control MON STARTS RUNNING!
@802.2ms (256704 clock ticks): Supervisor STOPS RUNNING!

@810.88125ms (259482 clock ticks): Satellite Control COM STOPS RUNNING!

@810.9312500000001ms (259498 clock ticks): Satellite Control MON STOPS RUNNING!

@850.0ms (272000 clock ticks): Comparator STARTS RUNNING!
@851.2ms (272384 clock ticks): Comparator STOPS RUNNING!

@900.0ms (288000 clock ticks): I2C_Storage1 STARTS RUNNING!
@900.0ms (288000 clock ticks): Supervisor STARTS RUNNING!
@900.59375ms (288190 clock ticks): Satellite Control COM STARTS RUNNING!
@900.65625ms (288210 clock ticks): Satellite Control MON STARTS RUNNING!
@902.2ms (288704 clock ticks): Supervisor STOPS RUNNING!

@910.8156250000001ms (291461 clock ticks): Satellite Control COM STOPS RUNNING!

@910.9093750000001ms (291491 clock ticks): Satellite Control MON STOPS RUNNING!

@950.0ms (304000 clock ticks): Comparator STARTS RUNNING!
@951.2ms (304384 clock ticks): Comparator STOPS RUNNING!

@990.3000000000001ms (316896 clock ticks): I2C_Storage1 STOPS RUNNING!

@1000.0ms (320000 clock ticks): Supervisor STARTS RUNNING!
@1000.0ms (320000 clock ticks): SPW_Acquisition1 STARTS RUNNING!
@1000.0ms (320000 clock ticks): SPW_payload_driver STARTS RUNNING!
@1000.6ms (320192 clock ticks): Satellite Control COM STARTS RUNNING!
@1000.671875ms (320215 clock ticks): Satellite Control MON STARTS RUNNING!
@1001.29375ms (320414 clock ticks): SPW_payload_driver STOPS RUNNING!

@1002.3000000000001ms (320736 clock ticks): Supervisor STOPS RUNNING!

@1010.8218750000001ms (323463 clock ticks): Satellite Control COM STOPS RUNNING!

@1010.9125ms (323492 clock ticks): Satellite Control MON STOPS RUNNING!

@1050.0ms (336000 clock ticks): Comparator STARTS RUNNING!
@1051.2ms (336384 clock ticks): Comparator STOPS RUNNING!

@1080.0ms (345600 clock ticks): SPW_Acquisition2 STARTS RUNNING!
@1100.0ms (352000 clock ticks): I2C_Storage2 STARTS RUNNING!
@1100.0ms (352000 clock ticks): Supervisor STARTS RUNNING!
@1100.609375ms (352195 clock ticks): Satellite Control COM STARTS RUNNING!
@1100.6781250000001ms (352217 clock ticks): Satellite Control MON STARTS RUNNING!
@1102.2ms (352704 clock ticks): Supervisor STOPS RUNNING!

@1105.0ms (353600 clock ticks): SPW_Acquisition1 STOPS RUNNING!

@1110.8812500000001ms (355482 clock ticks): Satellite Control COM STOPS RUNNING!

@1110.9437500000001ms (355502 clock ticks): Satellite Control MON STOPS RUNNING!

@1150.0ms (368000 clock ticks): Comparator STARTS RUNNING!
@1151.2ms (368384 clock ticks): Comparator STOPS RUNNING!

@1185.0ms (379200 clock ticks): SPW_Acquisition2 STOPS RUNNING!

@1190.3ms (380896 clock ticks): I2C_Storage2 STOPS RUNNING!

@1200.0ms (384000 clock ticks): Supervisor STARTS RUNNING!
@1200.0ms (384000 clock ticks): FFT1 STARTS RUNNING!
@1200.6468750000001ms (384207 clock ticks): Satellite Control COM STARTS RUNNING!
@1200.7125ms (384228 clock ticks): Satellite Control MON STARTS RUNNING!
@1202.33125ms (384746 clock ticks): Supervisor STOPS RUNNING!

@1211.0531250000001ms (387537 clock ticks): Satellite Control COM STOPS RUNNING!

@1211.134375ms (387563 clock ticks): Satellite Control MON STOPS RUNNING!


/**********************

*     simulation ends      *

**********************/

